[2025-01-15T01:23:54.364+0000] {local_task_job_runner.py:123} INFO - ::group::Pre task execution logs
[2025-01-15T01:23:54.378+0000] {taskinstance.py:2613} INFO - Dependencies all met for dep_context=non-requeueable deps ti=<TaskInstance: forex_ml_pipeline.pull_forex_data manual__2025-01-15T01:23:53.132952+00:00 [queued]>
[2025-01-15T01:23:54.386+0000] {taskinstance.py:2613} INFO - Dependencies all met for dep_context=requeueable deps ti=<TaskInstance: forex_ml_pipeline.pull_forex_data manual__2025-01-15T01:23:53.132952+00:00 [queued]>
[2025-01-15T01:23:54.388+0000] {taskinstance.py:2866} INFO - Starting attempt 1 of 6
[2025-01-15T01:23:54.402+0000] {taskinstance.py:2889} INFO - Executing <Task(PythonOperator): pull_forex_data> on 2025-01-15 01:23:53.132952+00:00
[2025-01-15T01:23:54.411+0000] {standard_task_runner.py:104} INFO - Running: ['***', 'tasks', 'run', 'forex_ml_pipeline', 'pull_forex_data', 'manual__2025-01-15T01:23:53.132952+00:00', '--job-id', '63', '--raw', '--subdir', 'DAGS_FOLDER/forex_ml_pipeline.py', '--cfg-path', '/tmp/tmprdm4e5sx']
[2025-01-15T01:23:54.414+0000] {standard_task_runner.py:105} INFO - Job 63: Subtask pull_forex_data
[2025-01-15T01:23:54.414+0000] {logging_mixin.py:190} WARNING - /home/***/.local/lib/python3.12/site-packages/***/task/task_runner/standard_task_runner.py:70 DeprecationWarning: This process (pid=324) is multi-threaded, use of fork() may lead to deadlocks in the child.
[2025-01-15T01:23:54.415+0000] {standard_task_runner.py:72} INFO - Started process 326 to run task
[2025-01-15T01:23:54.454+0000] {task_command.py:467} INFO - Running <TaskInstance: forex_ml_pipeline.pull_forex_data manual__2025-01-15T01:23:53.132952+00:00 [running]> on host 81d5d5f5f7ac
[2025-01-15T01:23:54.532+0000] {taskinstance.py:3132} INFO - Exporting env vars: AIRFLOW_CTX_DAG_OWNER='mikhail' AIRFLOW_CTX_DAG_ID='forex_ml_pipeline' AIRFLOW_CTX_TASK_ID='pull_forex_data' AIRFLOW_CTX_EXECUTION_DATE='2025-01-15T01:23:53.132952+00:00' AIRFLOW_CTX_TRY_NUMBER='1' AIRFLOW_CTX_DAG_RUN_ID='manual__2025-01-15T01:23:53.132952+00:00'
[2025-01-15T01:23:54.533+0000] {taskinstance.py:731} INFO - ::endgroup::
[2025-01-15T01:23:54.548+0000] {logging_mixin.py:190} INFO - https://api.polygon.io/v2/aggs/ticker/C:USDPHP/range/4/hour/2024-01-01/2025-01-01
[2025-01-15T01:23:54.549+0000] {logging_mixin.py:190} INFO - {'Authorization': 'Bearer None', 'Content-Type': 'application/json'}
[2025-01-15T01:23:54.549+0000] {python.py:240} INFO - Done. Returned value was: None
[2025-01-15T01:23:54.558+0000] {taskinstance.py:340} INFO - ::group::Post task execution logs
[2025-01-15T01:23:54.558+0000] {taskinstance.py:352} INFO - Marking task as SUCCESS. dag_id=forex_ml_pipeline, task_id=pull_forex_data, run_id=manual__2025-01-15T01:23:53.132952+00:00, execution_date=20250115T012353, start_date=20250115T012354, end_date=20250115T012354
[2025-01-15T01:23:54.592+0000] {local_task_job_runner.py:266} INFO - Task exited with return code 0
[2025-01-15T01:23:54.606+0000] {taskinstance.py:3895} INFO - 0 downstream tasks scheduled from follow-on schedule check
[2025-01-15T01:23:54.610+0000] {local_task_job_runner.py:245} INFO - ::endgroup::
