[2025-01-15T08:09:33.675+0000] {local_task_job_runner.py:123} INFO - ::group::Pre task execution logs
[2025-01-15T08:09:33.687+0000] {taskinstance.py:2613} INFO - Dependencies all met for dep_context=non-requeueable deps ti=<TaskInstance: forex_ml_pipeline.pull_forex_data manual__2025-01-15T08:09:32.141125+00:00 [queued]>
[2025-01-15T08:09:33.694+0000] {taskinstance.py:2613} INFO - Dependencies all met for dep_context=requeueable deps ti=<TaskInstance: forex_ml_pipeline.pull_forex_data manual__2025-01-15T08:09:32.141125+00:00 [queued]>
[2025-01-15T08:09:33.695+0000] {taskinstance.py:2866} INFO - Starting attempt 1 of 6
[2025-01-15T08:09:33.708+0000] {taskinstance.py:2889} INFO - Executing <Task(PythonOperator): pull_forex_data> on 2025-01-15 08:09:32.141125+00:00
[2025-01-15T08:09:33.731+0000] {standard_task_runner.py:104} INFO - Running: ['***', 'tasks', 'run', 'forex_ml_pipeline', 'pull_forex_data', 'manual__2025-01-15T08:09:32.141125+00:00', '--job-id', '205', '--raw', '--subdir', 'DAGS_FOLDER/forex_ml_pipeline.py', '--cfg-path', '/tmp/tmpzc0wiqk9']
[2025-01-15T08:09:33.734+0000] {logging_mixin.py:190} WARNING - /home/***/.local/lib/python3.12/site-packages/***/task/task_runner/standard_task_runner.py:70 DeprecationWarning: This process (pid=292) is multi-threaded, use of fork() may lead to deadlocks in the child.
[2025-01-15T08:09:33.747+0000] {standard_task_runner.py:105} INFO - Job 205: Subtask pull_forex_data
[2025-01-15T08:09:33.760+0000] {standard_task_runner.py:72} INFO - Started process 294 to run task
[2025-01-15T08:09:33.829+0000] {task_command.py:467} INFO - Running <TaskInstance: forex_ml_pipeline.pull_forex_data manual__2025-01-15T08:09:32.141125+00:00 [running]> on host fcdf57df22df
[2025-01-15T08:09:33.905+0000] {taskinstance.py:3132} INFO - Exporting env vars: AIRFLOW_CTX_DAG_OWNER='mikhail' AIRFLOW_CTX_DAG_ID='forex_ml_pipeline' AIRFLOW_CTX_TASK_ID='pull_forex_data' AIRFLOW_CTX_EXECUTION_DATE='2025-01-15T08:09:32.141125+00:00' AIRFLOW_CTX_TRY_NUMBER='1' AIRFLOW_CTX_DAG_RUN_ID='manual__2025-01-15T08:09:32.141125+00:00'
[2025-01-15T08:09:33.906+0000] {taskinstance.py:731} INFO - ::endgroup::
[2025-01-15T08:09:33.916+0000] {logging_mixin.py:190} INFO - https://api.polygon.io/v2/aggs/ticker/C:USDPHP/range/4/hour/2024-01-01/2025-01-01
[2025-01-15T08:09:33.917+0000] {logging_mixin.py:190} INFO - {'Authorization': 'Bearer ***', 'Content-Type': 'application/json'}
[2025-01-15T08:09:33.927+0000] {python.py:240} INFO - Done. Returned value was: None
[2025-01-15T08:09:33.933+0000] {taskinstance.py:340} INFO - ::group::Post task execution logs
[2025-01-15T08:09:33.934+0000] {taskinstance.py:352} INFO - Marking task as SUCCESS. dag_id=forex_ml_pipeline, task_id=pull_forex_data, run_id=manual__2025-01-15T08:09:32.141125+00:00, execution_date=20250115T080932, start_date=20250115T080933, end_date=20250115T080933
[2025-01-15T08:09:33.981+0000] {local_task_job_runner.py:266} INFO - Task exited with return code 0
[2025-01-15T08:09:33.992+0000] {taskinstance.py:3895} INFO - 0 downstream tasks scheduled from follow-on schedule check
[2025-01-15T08:09:33.995+0000] {local_task_job_runner.py:245} INFO - ::endgroup::
