[2025-01-14T02:21:11.551+0000] {processor.py:186} INFO - Started process (PID=390) to work on /home/airflow/.local/lib/python3.12/site-packages/airflow/example_dags/example_subdag_operator.py
[2025-01-14T02:21:11.552+0000] {processor.py:914} INFO - Processing file /home/airflow/.local/lib/python3.12/site-packages/airflow/example_dags/example_subdag_operator.py for tasks to queue
[2025-01-14T02:21:11.554+0000] {logging_mixin.py:190} INFO - [2025-01-14T02:21:11.554+0000] {dagbag.py:588} INFO - Filling up the DagBag from /home/airflow/.local/lib/python3.12/site-packages/airflow/example_dags/example_subdag_operator.py
[2025-01-14T02:21:11.576+0000] {processor.py:925} INFO - DAG(s) 'example_subdag_operator.section-1', 'example_subdag_operator.section-2', 'example_subdag_operator' retrieved from /home/airflow/.local/lib/python3.12/site-packages/airflow/example_dags/example_subdag_operator.py
[2025-01-14T02:21:11.655+0000] {logging_mixin.py:190} INFO - [2025-01-14T02:21:11.655+0000] {override.py:1911} INFO - Created Permission View: can read on DAG:example_subdag_operator
[2025-01-14T02:21:11.667+0000] {logging_mixin.py:190} INFO - [2025-01-14T02:21:11.666+0000] {override.py:1911} INFO - Created Permission View: can delete on DAG:example_subdag_operator
[2025-01-14T02:21:11.676+0000] {logging_mixin.py:190} INFO - [2025-01-14T02:21:11.676+0000] {override.py:1911} INFO - Created Permission View: can edit on DAG:example_subdag_operator
[2025-01-14T02:21:11.688+0000] {logging_mixin.py:190} INFO - [2025-01-14T02:21:11.688+0000] {override.py:1911} INFO - Created Permission View: can read on DAG Run:example_subdag_operator
[2025-01-14T02:21:11.696+0000] {logging_mixin.py:190} INFO - [2025-01-14T02:21:11.696+0000] {override.py:1911} INFO - Created Permission View: menu access on DAG Run:example_subdag_operator
[2025-01-14T02:21:11.705+0000] {logging_mixin.py:190} INFO - [2025-01-14T02:21:11.704+0000] {override.py:1911} INFO - Created Permission View: can create on DAG Run:example_subdag_operator
[2025-01-14T02:21:11.713+0000] {logging_mixin.py:190} INFO - [2025-01-14T02:21:11.713+0000] {override.py:1911} INFO - Created Permission View: can delete on DAG Run:example_subdag_operator
[2025-01-14T02:21:11.714+0000] {logging_mixin.py:190} INFO - [2025-01-14T02:21:11.714+0000] {dag.py:3239} INFO - Sync 3 DAGs
[2025-01-14T02:21:11.724+0000] {logging_mixin.py:190} INFO - [2025-01-14T02:21:11.724+0000] {dag.py:3262} INFO - Creating ORM DAG for example_subdag_operator.section-1
[2025-01-14T02:21:11.726+0000] {logging_mixin.py:190} INFO - [2025-01-14T02:21:11.726+0000] {dag.py:3262} INFO - Creating ORM DAG for example_subdag_operator.section-2
[2025-01-14T02:21:11.727+0000] {logging_mixin.py:190} INFO - [2025-01-14T02:21:11.727+0000] {dag.py:3262} INFO - Creating ORM DAG for example_subdag_operator
[2025-01-14T02:21:11.735+0000] {logging_mixin.py:190} INFO - [2025-01-14T02:21:11.735+0000] {dag.py:4180} INFO - Setting next_dagrun for example_subdag_operator to 2022-01-01 00:00:00+00:00, run_after=2022-01-01 00:00:00+00:00
[2025-01-14T02:21:11.736+0000] {logging_mixin.py:190} INFO - [2025-01-14T02:21:11.736+0000] {dag.py:4180} INFO - Setting next_dagrun for example_subdag_operator.section-1 to None, run_after=None
[2025-01-14T02:21:11.737+0000] {logging_mixin.py:190} INFO - [2025-01-14T02:21:11.737+0000] {dag.py:4180} INFO - Setting next_dagrun for example_subdag_operator.section-2 to None, run_after=None
[2025-01-14T02:21:11.746+0000] {logging_mixin.py:190} INFO - [2025-01-14T02:21:11.746+0000] {dag.py:3239} INFO - Sync 2 DAGs
[2025-01-14T02:21:11.753+0000] {logging_mixin.py:190} INFO - [2025-01-14T02:21:11.752+0000] {dag.py:4180} INFO - Setting next_dagrun for example_subdag_operator.section-1 to None, run_after=None
[2025-01-14T02:21:11.756+0000] {logging_mixin.py:190} INFO - [2025-01-14T02:21:11.755+0000] {dag.py:4180} INFO - Setting next_dagrun for example_subdag_operator.section-2 to None, run_after=None
[2025-01-14T02:21:11.769+0000] {processor.py:208} INFO - Processing /home/airflow/.local/lib/python3.12/site-packages/airflow/example_dags/example_subdag_operator.py took 0.222 seconds
[2025-01-14T02:21:42.743+0000] {processor.py:186} INFO - Started process (PID=681) to work on /home/airflow/.local/lib/python3.12/site-packages/airflow/example_dags/example_subdag_operator.py
[2025-01-14T02:21:42.744+0000] {processor.py:914} INFO - Processing file /home/airflow/.local/lib/python3.12/site-packages/airflow/example_dags/example_subdag_operator.py for tasks to queue
[2025-01-14T02:21:42.747+0000] {logging_mixin.py:190} INFO - [2025-01-14T02:21:42.746+0000] {dagbag.py:588} INFO - Filling up the DagBag from /home/airflow/.local/lib/python3.12/site-packages/airflow/example_dags/example_subdag_operator.py
[2025-01-14T02:21:42.769+0000] {processor.py:925} INFO - DAG(s) 'example_subdag_operator.section-1', 'example_subdag_operator.section-2', 'example_subdag_operator' retrieved from /home/airflow/.local/lib/python3.12/site-packages/airflow/example_dags/example_subdag_operator.py
[2025-01-14T02:21:42.782+0000] {logging_mixin.py:190} INFO - [2025-01-14T02:21:42.781+0000] {dag.py:3239} INFO - Sync 3 DAGs
[2025-01-14T02:21:42.799+0000] {logging_mixin.py:190} INFO - [2025-01-14T02:21:42.799+0000] {dag.py:4180} INFO - Setting next_dagrun for example_subdag_operator to 2022-01-01 00:00:00+00:00, run_after=2022-01-01 00:00:00+00:00
[2025-01-14T02:21:42.802+0000] {logging_mixin.py:190} INFO - [2025-01-14T02:21:42.802+0000] {dag.py:4180} INFO - Setting next_dagrun for example_subdag_operator.section-1 to None, run_after=None
[2025-01-14T02:21:42.804+0000] {logging_mixin.py:190} INFO - [2025-01-14T02:21:42.804+0000] {dag.py:4180} INFO - Setting next_dagrun for example_subdag_operator.section-2 to None, run_after=None
[2025-01-14T02:21:42.811+0000] {logging_mixin.py:190} INFO - [2025-01-14T02:21:42.810+0000] {dag.py:3239} INFO - Sync 2 DAGs
[2025-01-14T02:21:42.815+0000] {logging_mixin.py:190} INFO - [2025-01-14T02:21:42.815+0000] {dag.py:4180} INFO - Setting next_dagrun for example_subdag_operator.section-1 to None, run_after=None
[2025-01-14T02:21:42.816+0000] {logging_mixin.py:190} INFO - [2025-01-14T02:21:42.816+0000] {dag.py:4180} INFO - Setting next_dagrun for example_subdag_operator.section-2 to None, run_after=None
[2025-01-14T02:21:42.835+0000] {processor.py:208} INFO - Processing /home/airflow/.local/lib/python3.12/site-packages/airflow/example_dags/example_subdag_operator.py took 0.096 seconds
[2025-01-14T02:22:13.326+0000] {processor.py:186} INFO - Started process (PID=972) to work on /home/airflow/.local/lib/python3.12/site-packages/airflow/example_dags/example_subdag_operator.py
[2025-01-14T02:22:13.328+0000] {processor.py:914} INFO - Processing file /home/airflow/.local/lib/python3.12/site-packages/airflow/example_dags/example_subdag_operator.py for tasks to queue
[2025-01-14T02:22:13.330+0000] {logging_mixin.py:190} INFO - [2025-01-14T02:22:13.329+0000] {dagbag.py:588} INFO - Filling up the DagBag from /home/airflow/.local/lib/python3.12/site-packages/airflow/example_dags/example_subdag_operator.py
[2025-01-14T02:22:13.353+0000] {processor.py:925} INFO - DAG(s) 'example_subdag_operator.section-1', 'example_subdag_operator.section-2', 'example_subdag_operator' retrieved from /home/airflow/.local/lib/python3.12/site-packages/airflow/example_dags/example_subdag_operator.py
[2025-01-14T02:22:13.366+0000] {logging_mixin.py:190} INFO - [2025-01-14T02:22:13.366+0000] {dag.py:3239} INFO - Sync 3 DAGs
[2025-01-14T02:22:13.385+0000] {logging_mixin.py:190} INFO - [2025-01-14T02:22:13.385+0000] {dag.py:4180} INFO - Setting next_dagrun for example_subdag_operator to 2022-01-01 00:00:00+00:00, run_after=2022-01-01 00:00:00+00:00
[2025-01-14T02:22:13.388+0000] {logging_mixin.py:190} INFO - [2025-01-14T02:22:13.388+0000] {dag.py:4180} INFO - Setting next_dagrun for example_subdag_operator.section-1 to None, run_after=None
[2025-01-14T02:22:13.390+0000] {logging_mixin.py:190} INFO - [2025-01-14T02:22:13.389+0000] {dag.py:4180} INFO - Setting next_dagrun for example_subdag_operator.section-2 to None, run_after=None
[2025-01-14T02:22:13.396+0000] {logging_mixin.py:190} INFO - [2025-01-14T02:22:13.396+0000] {dag.py:3239} INFO - Sync 2 DAGs
[2025-01-14T02:22:13.401+0000] {logging_mixin.py:190} INFO - [2025-01-14T02:22:13.401+0000] {dag.py:4180} INFO - Setting next_dagrun for example_subdag_operator.section-1 to None, run_after=None
[2025-01-14T02:22:13.402+0000] {logging_mixin.py:190} INFO - [2025-01-14T02:22:13.402+0000] {dag.py:4180} INFO - Setting next_dagrun for example_subdag_operator.section-2 to None, run_after=None
[2025-01-14T02:22:13.413+0000] {processor.py:208} INFO - Processing /home/airflow/.local/lib/python3.12/site-packages/airflow/example_dags/example_subdag_operator.py took 0.092 seconds
[2025-01-14T02:22:44.045+0000] {processor.py:186} INFO - Started process (PID=1263) to work on /home/airflow/.local/lib/python3.12/site-packages/airflow/example_dags/example_subdag_operator.py
[2025-01-14T02:22:44.046+0000] {processor.py:914} INFO - Processing file /home/airflow/.local/lib/python3.12/site-packages/airflow/example_dags/example_subdag_operator.py for tasks to queue
[2025-01-14T02:22:44.055+0000] {logging_mixin.py:190} INFO - [2025-01-14T02:22:44.055+0000] {dagbag.py:588} INFO - Filling up the DagBag from /home/airflow/.local/lib/python3.12/site-packages/airflow/example_dags/example_subdag_operator.py
[2025-01-14T02:22:44.087+0000] {processor.py:925} INFO - DAG(s) 'example_subdag_operator.section-1', 'example_subdag_operator.section-2', 'example_subdag_operator' retrieved from /home/airflow/.local/lib/python3.12/site-packages/airflow/example_dags/example_subdag_operator.py
[2025-01-14T02:22:44.101+0000] {logging_mixin.py:190} INFO - [2025-01-14T02:22:44.101+0000] {dag.py:3239} INFO - Sync 3 DAGs
[2025-01-14T02:22:44.120+0000] {logging_mixin.py:190} INFO - [2025-01-14T02:22:44.120+0000] {dag.py:4180} INFO - Setting next_dagrun for example_subdag_operator to 2022-01-01 00:00:00+00:00, run_after=2022-01-01 00:00:00+00:00
[2025-01-14T02:22:44.124+0000] {logging_mixin.py:190} INFO - [2025-01-14T02:22:44.123+0000] {dag.py:4180} INFO - Setting next_dagrun for example_subdag_operator.section-1 to None, run_after=None
[2025-01-14T02:22:44.126+0000] {logging_mixin.py:190} INFO - [2025-01-14T02:22:44.125+0000] {dag.py:4180} INFO - Setting next_dagrun for example_subdag_operator.section-2 to None, run_after=None
[2025-01-14T02:22:44.132+0000] {logging_mixin.py:190} INFO - [2025-01-14T02:22:44.132+0000] {dag.py:3239} INFO - Sync 2 DAGs
[2025-01-14T02:22:44.138+0000] {logging_mixin.py:190} INFO - [2025-01-14T02:22:44.138+0000] {dag.py:4180} INFO - Setting next_dagrun for example_subdag_operator.section-1 to None, run_after=None
[2025-01-14T02:22:44.138+0000] {logging_mixin.py:190} INFO - [2025-01-14T02:22:44.138+0000] {dag.py:4180} INFO - Setting next_dagrun for example_subdag_operator.section-2 to None, run_after=None
[2025-01-14T02:22:44.162+0000] {processor.py:208} INFO - Processing /home/airflow/.local/lib/python3.12/site-packages/airflow/example_dags/example_subdag_operator.py took 0.125 seconds
[2025-01-14T02:23:14.466+0000] {processor.py:186} INFO - Started process (PID=1551) to work on /home/airflow/.local/lib/python3.12/site-packages/airflow/example_dags/example_subdag_operator.py
[2025-01-14T02:23:14.468+0000] {processor.py:914} INFO - Processing file /home/airflow/.local/lib/python3.12/site-packages/airflow/example_dags/example_subdag_operator.py for tasks to queue
[2025-01-14T02:23:14.470+0000] {logging_mixin.py:190} INFO - [2025-01-14T02:23:14.470+0000] {dagbag.py:588} INFO - Filling up the DagBag from /home/airflow/.local/lib/python3.12/site-packages/airflow/example_dags/example_subdag_operator.py
[2025-01-14T02:23:14.493+0000] {processor.py:925} INFO - DAG(s) 'example_subdag_operator.section-1', 'example_subdag_operator.section-2', 'example_subdag_operator' retrieved from /home/airflow/.local/lib/python3.12/site-packages/airflow/example_dags/example_subdag_operator.py
[2025-01-14T02:23:14.506+0000] {logging_mixin.py:190} INFO - [2025-01-14T02:23:14.505+0000] {dag.py:3239} INFO - Sync 3 DAGs
[2025-01-14T02:23:14.527+0000] {logging_mixin.py:190} INFO - [2025-01-14T02:23:14.527+0000] {dag.py:4180} INFO - Setting next_dagrun for example_subdag_operator to 2022-01-01 00:00:00+00:00, run_after=2022-01-01 00:00:00+00:00
[2025-01-14T02:23:14.534+0000] {logging_mixin.py:190} INFO - [2025-01-14T02:23:14.534+0000] {dag.py:4180} INFO - Setting next_dagrun for example_subdag_operator.section-1 to None, run_after=None
[2025-01-14T02:23:14.538+0000] {logging_mixin.py:190} INFO - [2025-01-14T02:23:14.537+0000] {dag.py:4180} INFO - Setting next_dagrun for example_subdag_operator.section-2 to None, run_after=None
[2025-01-14T02:23:14.547+0000] {logging_mixin.py:190} INFO - [2025-01-14T02:23:14.547+0000] {dag.py:3239} INFO - Sync 2 DAGs
[2025-01-14T02:23:14.557+0000] {logging_mixin.py:190} INFO - [2025-01-14T02:23:14.556+0000] {dag.py:4180} INFO - Setting next_dagrun for example_subdag_operator.section-1 to None, run_after=None
[2025-01-14T02:23:14.558+0000] {logging_mixin.py:190} INFO - [2025-01-14T02:23:14.557+0000] {dag.py:4180} INFO - Setting next_dagrun for example_subdag_operator.section-2 to None, run_after=None
[2025-01-14T02:23:14.576+0000] {processor.py:208} INFO - Processing /home/airflow/.local/lib/python3.12/site-packages/airflow/example_dags/example_subdag_operator.py took 0.115 seconds
[2025-01-14T02:23:45.150+0000] {processor.py:186} INFO - Started process (PID=1840) to work on /home/airflow/.local/lib/python3.12/site-packages/airflow/example_dags/example_subdag_operator.py
[2025-01-14T02:23:45.152+0000] {processor.py:914} INFO - Processing file /home/airflow/.local/lib/python3.12/site-packages/airflow/example_dags/example_subdag_operator.py for tasks to queue
[2025-01-14T02:23:45.155+0000] {logging_mixin.py:190} INFO - [2025-01-14T02:23:45.154+0000] {dagbag.py:588} INFO - Filling up the DagBag from /home/airflow/.local/lib/python3.12/site-packages/airflow/example_dags/example_subdag_operator.py
[2025-01-14T02:23:45.179+0000] {processor.py:925} INFO - DAG(s) 'example_subdag_operator.section-1', 'example_subdag_operator.section-2', 'example_subdag_operator' retrieved from /home/airflow/.local/lib/python3.12/site-packages/airflow/example_dags/example_subdag_operator.py
[2025-01-14T02:23:45.193+0000] {logging_mixin.py:190} INFO - [2025-01-14T02:23:45.193+0000] {dag.py:3239} INFO - Sync 3 DAGs
[2025-01-14T02:23:45.212+0000] {logging_mixin.py:190} INFO - [2025-01-14T02:23:45.211+0000] {dag.py:4180} INFO - Setting next_dagrun for example_subdag_operator to 2022-01-01 00:00:00+00:00, run_after=2022-01-01 00:00:00+00:00
[2025-01-14T02:23:45.215+0000] {logging_mixin.py:190} INFO - [2025-01-14T02:23:45.215+0000] {dag.py:4180} INFO - Setting next_dagrun for example_subdag_operator.section-1 to None, run_after=None
[2025-01-14T02:23:45.217+0000] {logging_mixin.py:190} INFO - [2025-01-14T02:23:45.217+0000] {dag.py:4180} INFO - Setting next_dagrun for example_subdag_operator.section-2 to None, run_after=None
[2025-01-14T02:23:45.225+0000] {logging_mixin.py:190} INFO - [2025-01-14T02:23:45.225+0000] {dag.py:3239} INFO - Sync 2 DAGs
[2025-01-14T02:23:45.232+0000] {logging_mixin.py:190} INFO - [2025-01-14T02:23:45.231+0000] {dag.py:4180} INFO - Setting next_dagrun for example_subdag_operator.section-1 to None, run_after=None
[2025-01-14T02:23:45.232+0000] {logging_mixin.py:190} INFO - [2025-01-14T02:23:45.232+0000] {dag.py:4180} INFO - Setting next_dagrun for example_subdag_operator.section-2 to None, run_after=None
[2025-01-14T02:23:45.246+0000] {processor.py:208} INFO - Processing /home/airflow/.local/lib/python3.12/site-packages/airflow/example_dags/example_subdag_operator.py took 0.104 seconds
[2025-01-14T02:24:18.962+0000] {processor.py:186} INFO - Started process (PID=2136) to work on /home/airflow/.local/lib/python3.12/site-packages/airflow/example_dags/example_subdag_operator.py
[2025-01-14T02:24:18.981+0000] {processor.py:914} INFO - Processing file /home/airflow/.local/lib/python3.12/site-packages/airflow/example_dags/example_subdag_operator.py for tasks to queue
[2025-01-14T02:24:18.986+0000] {logging_mixin.py:190} INFO - [2025-01-14T02:24:18.985+0000] {dagbag.py:588} INFO - Filling up the DagBag from /home/airflow/.local/lib/python3.12/site-packages/airflow/example_dags/example_subdag_operator.py
[2025-01-14T02:24:19.026+0000] {processor.py:925} INFO - DAG(s) 'example_subdag_operator.section-1', 'example_subdag_operator.section-2', 'example_subdag_operator' retrieved from /home/airflow/.local/lib/python3.12/site-packages/airflow/example_dags/example_subdag_operator.py
[2025-01-14T02:24:19.059+0000] {logging_mixin.py:190} INFO - [2025-01-14T02:24:19.059+0000] {dag.py:3239} INFO - Sync 3 DAGs
[2025-01-14T02:24:19.106+0000] {logging_mixin.py:190} INFO - [2025-01-14T02:24:19.105+0000] {dag.py:4180} INFO - Setting next_dagrun for example_subdag_operator to 2022-01-01 00:00:00+00:00, run_after=2022-01-01 00:00:00+00:00
[2025-01-14T02:24:19.138+0000] {logging_mixin.py:190} INFO - [2025-01-14T02:24:19.138+0000] {dag.py:4180} INFO - Setting next_dagrun for example_subdag_operator.section-1 to None, run_after=None
[2025-01-14T02:24:19.154+0000] {logging_mixin.py:190} INFO - [2025-01-14T02:24:19.154+0000] {dag.py:4180} INFO - Setting next_dagrun for example_subdag_operator.section-2 to None, run_after=None
[2025-01-14T02:24:19.198+0000] {logging_mixin.py:190} INFO - [2025-01-14T02:24:19.198+0000] {dag.py:3239} INFO - Sync 2 DAGs
[2025-01-14T02:24:19.225+0000] {logging_mixin.py:190} INFO - [2025-01-14T02:24:19.224+0000] {dag.py:4180} INFO - Setting next_dagrun for example_subdag_operator.section-1 to None, run_after=None
[2025-01-14T02:24:19.240+0000] {logging_mixin.py:190} INFO - [2025-01-14T02:24:19.240+0000] {dag.py:4180} INFO - Setting next_dagrun for example_subdag_operator.section-2 to None, run_after=None
[2025-01-14T02:24:19.283+0000] {processor.py:208} INFO - Processing /home/airflow/.local/lib/python3.12/site-packages/airflow/example_dags/example_subdag_operator.py took 0.330 seconds
[2025-01-14T02:24:50.020+0000] {processor.py:186} INFO - Started process (PID=2433) to work on /home/airflow/.local/lib/python3.12/site-packages/airflow/example_dags/example_subdag_operator.py
[2025-01-14T02:24:50.022+0000] {processor.py:914} INFO - Processing file /home/airflow/.local/lib/python3.12/site-packages/airflow/example_dags/example_subdag_operator.py for tasks to queue
[2025-01-14T02:24:50.026+0000] {logging_mixin.py:190} INFO - [2025-01-14T02:24:50.025+0000] {dagbag.py:588} INFO - Filling up the DagBag from /home/airflow/.local/lib/python3.12/site-packages/airflow/example_dags/example_subdag_operator.py
[2025-01-14T02:24:50.060+0000] {processor.py:925} INFO - DAG(s) 'example_subdag_operator.section-1', 'example_subdag_operator.section-2', 'example_subdag_operator' retrieved from /home/airflow/.local/lib/python3.12/site-packages/airflow/example_dags/example_subdag_operator.py
[2025-01-14T02:24:50.083+0000] {logging_mixin.py:190} INFO - [2025-01-14T02:24:50.083+0000] {dag.py:3239} INFO - Sync 3 DAGs
[2025-01-14T02:24:50.107+0000] {logging_mixin.py:190} INFO - [2025-01-14T02:24:50.106+0000] {dag.py:4180} INFO - Setting next_dagrun for example_subdag_operator to 2022-01-01 00:00:00+00:00, run_after=2022-01-01 00:00:00+00:00
[2025-01-14T02:24:50.111+0000] {logging_mixin.py:190} INFO - [2025-01-14T02:24:50.110+0000] {dag.py:4180} INFO - Setting next_dagrun for example_subdag_operator.section-1 to None, run_after=None
[2025-01-14T02:24:50.113+0000] {logging_mixin.py:190} INFO - [2025-01-14T02:24:50.113+0000] {dag.py:4180} INFO - Setting next_dagrun for example_subdag_operator.section-2 to None, run_after=None
[2025-01-14T02:24:50.120+0000] {logging_mixin.py:190} INFO - [2025-01-14T02:24:50.119+0000] {dag.py:3239} INFO - Sync 2 DAGs
[2025-01-14T02:24:50.126+0000] {logging_mixin.py:190} INFO - [2025-01-14T02:24:50.125+0000] {dag.py:4180} INFO - Setting next_dagrun for example_subdag_operator.section-1 to None, run_after=None
[2025-01-14T02:24:50.136+0000] {logging_mixin.py:190} INFO - [2025-01-14T02:24:50.136+0000] {dag.py:4180} INFO - Setting next_dagrun for example_subdag_operator.section-2 to None, run_after=None
[2025-01-14T02:24:50.158+0000] {processor.py:208} INFO - Processing /home/airflow/.local/lib/python3.12/site-packages/airflow/example_dags/example_subdag_operator.py took 0.143 seconds
[2025-01-14T02:25:21.512+0000] {processor.py:186} INFO - Started process (PID=2724) to work on /home/airflow/.local/lib/python3.12/site-packages/airflow/example_dags/example_subdag_operator.py
[2025-01-14T02:25:21.513+0000] {processor.py:914} INFO - Processing file /home/airflow/.local/lib/python3.12/site-packages/airflow/example_dags/example_subdag_operator.py for tasks to queue
[2025-01-14T02:25:21.515+0000] {logging_mixin.py:190} INFO - [2025-01-14T02:25:21.515+0000] {dagbag.py:588} INFO - Filling up the DagBag from /home/airflow/.local/lib/python3.12/site-packages/airflow/example_dags/example_subdag_operator.py
[2025-01-14T02:25:21.541+0000] {processor.py:925} INFO - DAG(s) 'example_subdag_operator.section-1', 'example_subdag_operator.section-2', 'example_subdag_operator' retrieved from /home/airflow/.local/lib/python3.12/site-packages/airflow/example_dags/example_subdag_operator.py
[2025-01-14T02:25:21.572+0000] {logging_mixin.py:190} INFO - [2025-01-14T02:25:21.571+0000] {dag.py:3239} INFO - Sync 3 DAGs
[2025-01-14T02:25:21.598+0000] {logging_mixin.py:190} INFO - [2025-01-14T02:25:21.598+0000] {dag.py:4180} INFO - Setting next_dagrun for example_subdag_operator to 2022-01-01 00:00:00+00:00, run_after=2022-01-01 00:00:00+00:00
[2025-01-14T02:25:21.602+0000] {logging_mixin.py:190} INFO - [2025-01-14T02:25:21.602+0000] {dag.py:4180} INFO - Setting next_dagrun for example_subdag_operator.section-1 to None, run_after=None
[2025-01-14T02:25:21.604+0000] {logging_mixin.py:190} INFO - [2025-01-14T02:25:21.604+0000] {dag.py:4180} INFO - Setting next_dagrun for example_subdag_operator.section-2 to None, run_after=None
[2025-01-14T02:25:21.611+0000] {logging_mixin.py:190} INFO - [2025-01-14T02:25:21.611+0000] {dag.py:3239} INFO - Sync 2 DAGs
[2025-01-14T02:25:21.616+0000] {logging_mixin.py:190} INFO - [2025-01-14T02:25:21.616+0000] {dag.py:4180} INFO - Setting next_dagrun for example_subdag_operator.section-1 to None, run_after=None
[2025-01-14T02:25:21.617+0000] {logging_mixin.py:190} INFO - [2025-01-14T02:25:21.616+0000] {dag.py:4180} INFO - Setting next_dagrun for example_subdag_operator.section-2 to None, run_after=None
[2025-01-14T02:25:21.628+0000] {processor.py:208} INFO - Processing /home/airflow/.local/lib/python3.12/site-packages/airflow/example_dags/example_subdag_operator.py took 0.123 seconds
[2025-01-14T02:25:52.607+0000] {processor.py:186} INFO - Started process (PID=3016) to work on /home/airflow/.local/lib/python3.12/site-packages/airflow/example_dags/example_subdag_operator.py
[2025-01-14T02:25:52.608+0000] {processor.py:914} INFO - Processing file /home/airflow/.local/lib/python3.12/site-packages/airflow/example_dags/example_subdag_operator.py for tasks to queue
[2025-01-14T02:25:52.611+0000] {logging_mixin.py:190} INFO - [2025-01-14T02:25:52.611+0000] {dagbag.py:588} INFO - Filling up the DagBag from /home/airflow/.local/lib/python3.12/site-packages/airflow/example_dags/example_subdag_operator.py
[2025-01-14T02:25:52.636+0000] {processor.py:925} INFO - DAG(s) 'example_subdag_operator.section-1', 'example_subdag_operator.section-2', 'example_subdag_operator' retrieved from /home/airflow/.local/lib/python3.12/site-packages/airflow/example_dags/example_subdag_operator.py
[2025-01-14T02:25:52.652+0000] {logging_mixin.py:190} INFO - [2025-01-14T02:25:52.652+0000] {dag.py:3239} INFO - Sync 3 DAGs
[2025-01-14T02:25:52.674+0000] {logging_mixin.py:190} INFO - [2025-01-14T02:25:52.674+0000] {dag.py:4180} INFO - Setting next_dagrun for example_subdag_operator to 2022-01-01 00:00:00+00:00, run_after=2022-01-01 00:00:00+00:00
[2025-01-14T02:25:52.679+0000] {logging_mixin.py:190} INFO - [2025-01-14T02:25:52.678+0000] {dag.py:4180} INFO - Setting next_dagrun for example_subdag_operator.section-1 to None, run_after=None
[2025-01-14T02:25:52.681+0000] {logging_mixin.py:190} INFO - [2025-01-14T02:25:52.681+0000] {dag.py:4180} INFO - Setting next_dagrun for example_subdag_operator.section-2 to None, run_after=None
[2025-01-14T02:25:52.689+0000] {logging_mixin.py:190} INFO - [2025-01-14T02:25:52.689+0000] {dag.py:3239} INFO - Sync 2 DAGs
[2025-01-14T02:25:52.695+0000] {logging_mixin.py:190} INFO - [2025-01-14T02:25:52.695+0000] {dag.py:4180} INFO - Setting next_dagrun for example_subdag_operator.section-1 to None, run_after=None
[2025-01-14T02:25:52.696+0000] {logging_mixin.py:190} INFO - [2025-01-14T02:25:52.695+0000] {dag.py:4180} INFO - Setting next_dagrun for example_subdag_operator.section-2 to None, run_after=None
[2025-01-14T02:25:52.710+0000] {processor.py:208} INFO - Processing /home/airflow/.local/lib/python3.12/site-packages/airflow/example_dags/example_subdag_operator.py took 0.111 seconds
[2025-01-14T02:27:13.883+0000] {processor.py:186} INFO - Started process (PID=3301) to work on /home/airflow/.local/lib/python3.12/site-packages/airflow/example_dags/example_subdag_operator.py
[2025-01-14T02:27:13.884+0000] {processor.py:914} INFO - Processing file /home/airflow/.local/lib/python3.12/site-packages/airflow/example_dags/example_subdag_operator.py for tasks to queue
[2025-01-14T02:27:13.888+0000] {logging_mixin.py:190} INFO - [2025-01-14T02:27:13.887+0000] {dagbag.py:588} INFO - Filling up the DagBag from /home/airflow/.local/lib/python3.12/site-packages/airflow/example_dags/example_subdag_operator.py
[2025-01-14T02:27:13.919+0000] {processor.py:925} INFO - DAG(s) 'example_subdag_operator.section-1', 'example_subdag_operator.section-2', 'example_subdag_operator' retrieved from /home/airflow/.local/lib/python3.12/site-packages/airflow/example_dags/example_subdag_operator.py
[2025-01-14T02:27:13.936+0000] {logging_mixin.py:190} INFO - [2025-01-14T02:27:13.936+0000] {dag.py:3239} INFO - Sync 3 DAGs
[2025-01-14T02:27:13.968+0000] {logging_mixin.py:190} INFO - [2025-01-14T02:27:13.968+0000] {dag.py:4180} INFO - Setting next_dagrun for example_subdag_operator to 2022-01-01 00:00:00+00:00, run_after=2022-01-01 00:00:00+00:00
[2025-01-14T02:27:13.974+0000] {logging_mixin.py:190} INFO - [2025-01-14T02:27:13.973+0000] {dag.py:4180} INFO - Setting next_dagrun for example_subdag_operator.section-1 to None, run_after=None
[2025-01-14T02:27:13.976+0000] {logging_mixin.py:190} INFO - [2025-01-14T02:27:13.976+0000] {dag.py:4180} INFO - Setting next_dagrun for example_subdag_operator.section-2 to None, run_after=None
[2025-01-14T02:27:13.985+0000] {logging_mixin.py:190} INFO - [2025-01-14T02:27:13.985+0000] {dag.py:3239} INFO - Sync 2 DAGs
[2025-01-14T02:27:13.993+0000] {logging_mixin.py:190} INFO - [2025-01-14T02:27:13.993+0000] {dag.py:4180} INFO - Setting next_dagrun for example_subdag_operator.section-1 to None, run_after=None
[2025-01-14T02:27:13.994+0000] {logging_mixin.py:190} INFO - [2025-01-14T02:27:13.994+0000] {dag.py:4180} INFO - Setting next_dagrun for example_subdag_operator.section-2 to None, run_after=None
[2025-01-14T02:27:14.009+0000] {processor.py:208} INFO - Processing /home/airflow/.local/lib/python3.12/site-packages/airflow/example_dags/example_subdag_operator.py took 0.132 seconds
[2025-01-14T02:27:44.343+0000] {processor.py:186} INFO - Started process (PID=3587) to work on /home/airflow/.local/lib/python3.12/site-packages/airflow/example_dags/example_subdag_operator.py
[2025-01-14T02:27:44.344+0000] {processor.py:914} INFO - Processing file /home/airflow/.local/lib/python3.12/site-packages/airflow/example_dags/example_subdag_operator.py for tasks to queue
[2025-01-14T02:27:44.347+0000] {logging_mixin.py:190} INFO - [2025-01-14T02:27:44.347+0000] {dagbag.py:588} INFO - Filling up the DagBag from /home/airflow/.local/lib/python3.12/site-packages/airflow/example_dags/example_subdag_operator.py
[2025-01-14T02:27:44.372+0000] {processor.py:925} INFO - DAG(s) 'example_subdag_operator.section-1', 'example_subdag_operator.section-2', 'example_subdag_operator' retrieved from /home/airflow/.local/lib/python3.12/site-packages/airflow/example_dags/example_subdag_operator.py
[2025-01-14T02:27:44.387+0000] {logging_mixin.py:190} INFO - [2025-01-14T02:27:44.386+0000] {dag.py:3239} INFO - Sync 3 DAGs
[2025-01-14T02:27:44.409+0000] {logging_mixin.py:190} INFO - [2025-01-14T02:27:44.408+0000] {dag.py:4180} INFO - Setting next_dagrun for example_subdag_operator to 2022-01-01 00:00:00+00:00, run_after=2022-01-01 00:00:00+00:00
[2025-01-14T02:27:44.413+0000] {logging_mixin.py:190} INFO - [2025-01-14T02:27:44.413+0000] {dag.py:4180} INFO - Setting next_dagrun for example_subdag_operator.section-1 to None, run_after=None
[2025-01-14T02:27:44.415+0000] {logging_mixin.py:190} INFO - [2025-01-14T02:27:44.415+0000] {dag.py:4180} INFO - Setting next_dagrun for example_subdag_operator.section-2 to None, run_after=None
[2025-01-14T02:27:44.424+0000] {logging_mixin.py:190} INFO - [2025-01-14T02:27:44.423+0000] {dag.py:3239} INFO - Sync 2 DAGs
[2025-01-14T02:27:44.430+0000] {logging_mixin.py:190} INFO - [2025-01-14T02:27:44.430+0000] {dag.py:4180} INFO - Setting next_dagrun for example_subdag_operator.section-1 to None, run_after=None
[2025-01-14T02:27:44.431+0000] {logging_mixin.py:190} INFO - [2025-01-14T02:27:44.431+0000] {dag.py:4180} INFO - Setting next_dagrun for example_subdag_operator.section-2 to None, run_after=None
[2025-01-14T02:27:44.445+0000] {processor.py:208} INFO - Processing /home/airflow/.local/lib/python3.12/site-packages/airflow/example_dags/example_subdag_operator.py took 0.109 seconds
[2025-01-14T02:28:15.337+0000] {processor.py:186} INFO - Started process (PID=3878) to work on /home/airflow/.local/lib/python3.12/site-packages/airflow/example_dags/example_subdag_operator.py
[2025-01-14T02:28:15.338+0000] {processor.py:914} INFO - Processing file /home/airflow/.local/lib/python3.12/site-packages/airflow/example_dags/example_subdag_operator.py for tasks to queue
[2025-01-14T02:28:15.341+0000] {logging_mixin.py:190} INFO - [2025-01-14T02:28:15.340+0000] {dagbag.py:588} INFO - Filling up the DagBag from /home/airflow/.local/lib/python3.12/site-packages/airflow/example_dags/example_subdag_operator.py
[2025-01-14T02:28:15.363+0000] {processor.py:925} INFO - DAG(s) 'example_subdag_operator.section-1', 'example_subdag_operator.section-2', 'example_subdag_operator' retrieved from /home/airflow/.local/lib/python3.12/site-packages/airflow/example_dags/example_subdag_operator.py
[2025-01-14T02:28:15.376+0000] {logging_mixin.py:190} INFO - [2025-01-14T02:28:15.376+0000] {dag.py:3239} INFO - Sync 3 DAGs
[2025-01-14T02:28:15.397+0000] {logging_mixin.py:190} INFO - [2025-01-14T02:28:15.396+0000] {dag.py:4180} INFO - Setting next_dagrun for example_subdag_operator to 2022-01-01 00:00:00+00:00, run_after=2022-01-01 00:00:00+00:00
[2025-01-14T02:28:15.400+0000] {logging_mixin.py:190} INFO - [2025-01-14T02:28:15.400+0000] {dag.py:4180} INFO - Setting next_dagrun for example_subdag_operator.section-1 to None, run_after=None
[2025-01-14T02:28:15.401+0000] {logging_mixin.py:190} INFO - [2025-01-14T02:28:15.401+0000] {dag.py:4180} INFO - Setting next_dagrun for example_subdag_operator.section-2 to None, run_after=None
[2025-01-14T02:28:15.407+0000] {logging_mixin.py:190} INFO - [2025-01-14T02:28:15.407+0000] {dag.py:3239} INFO - Sync 2 DAGs
[2025-01-14T02:28:15.412+0000] {logging_mixin.py:190} INFO - [2025-01-14T02:28:15.412+0000] {dag.py:4180} INFO - Setting next_dagrun for example_subdag_operator.section-1 to None, run_after=None
[2025-01-14T02:28:15.413+0000] {logging_mixin.py:190} INFO - [2025-01-14T02:28:15.413+0000] {dag.py:4180} INFO - Setting next_dagrun for example_subdag_operator.section-2 to None, run_after=None
[2025-01-14T02:28:15.424+0000] {processor.py:208} INFO - Processing /home/airflow/.local/lib/python3.12/site-packages/airflow/example_dags/example_subdag_operator.py took 0.092 seconds
[2025-01-14T02:28:47.273+0000] {processor.py:186} INFO - Started process (PID=4174) to work on /home/airflow/.local/lib/python3.12/site-packages/airflow/example_dags/example_subdag_operator.py
[2025-01-14T02:28:47.281+0000] {processor.py:914} INFO - Processing file /home/airflow/.local/lib/python3.12/site-packages/airflow/example_dags/example_subdag_operator.py for tasks to queue
[2025-01-14T02:28:47.295+0000] {logging_mixin.py:190} INFO - [2025-01-14T02:28:47.295+0000] {dagbag.py:588} INFO - Filling up the DagBag from /home/airflow/.local/lib/python3.12/site-packages/airflow/example_dags/example_subdag_operator.py
[2025-01-14T02:28:47.320+0000] {processor.py:925} INFO - DAG(s) 'example_subdag_operator.section-1', 'example_subdag_operator.section-2', 'example_subdag_operator' retrieved from /home/airflow/.local/lib/python3.12/site-packages/airflow/example_dags/example_subdag_operator.py
[2025-01-14T02:28:47.337+0000] {logging_mixin.py:190} INFO - [2025-01-14T02:28:47.336+0000] {dag.py:3239} INFO - Sync 3 DAGs
[2025-01-14T02:28:47.358+0000] {logging_mixin.py:190} INFO - [2025-01-14T02:28:47.357+0000] {dag.py:4180} INFO - Setting next_dagrun for example_subdag_operator to 2022-01-01 00:00:00+00:00, run_after=2022-01-01 00:00:00+00:00
[2025-01-14T02:28:47.361+0000] {logging_mixin.py:190} INFO - [2025-01-14T02:28:47.361+0000] {dag.py:4180} INFO - Setting next_dagrun for example_subdag_operator.section-1 to None, run_after=None
[2025-01-14T02:28:47.364+0000] {logging_mixin.py:190} INFO - [2025-01-14T02:28:47.363+0000] {dag.py:4180} INFO - Setting next_dagrun for example_subdag_operator.section-2 to None, run_after=None
[2025-01-14T02:28:47.370+0000] {logging_mixin.py:190} INFO - [2025-01-14T02:28:47.370+0000] {dag.py:3239} INFO - Sync 2 DAGs
[2025-01-14T02:28:47.376+0000] {logging_mixin.py:190} INFO - [2025-01-14T02:28:47.376+0000] {dag.py:4180} INFO - Setting next_dagrun for example_subdag_operator.section-1 to None, run_after=None
[2025-01-14T02:28:47.377+0000] {logging_mixin.py:190} INFO - [2025-01-14T02:28:47.377+0000] {dag.py:4180} INFO - Setting next_dagrun for example_subdag_operator.section-2 to None, run_after=None
[2025-01-14T02:28:47.391+0000] {processor.py:208} INFO - Processing /home/airflow/.local/lib/python3.12/site-packages/airflow/example_dags/example_subdag_operator.py took 0.126 seconds
