[2025-01-14T02:21:03.176+0000] {processor.py:186} INFO - Started process (PID=192) to work on /home/airflow/.local/lib/python3.12/site-packages/airflow/example_dags/example_dataset_alias_with_no_taskflow.py
[2025-01-14T02:21:03.177+0000] {processor.py:914} INFO - Processing file /home/airflow/.local/lib/python3.12/site-packages/airflow/example_dags/example_dataset_alias_with_no_taskflow.py for tasks to queue
[2025-01-14T02:21:03.179+0000] {logging_mixin.py:190} INFO - [2025-01-14T02:21:03.179+0000] {dagbag.py:588} INFO - Filling up the DagBag from /home/airflow/.local/lib/python3.12/site-packages/airflow/example_dags/example_dataset_alias_with_no_taskflow.py
[2025-01-14T02:21:04.479+0000] {processor.py:925} INFO - DAG(s) 'dataset_s3_bucket_consumer_with_no_taskflow', 'dataset_alias_example_alias_consumer_with_no_taskflow', 'dataset_s3_bucket_producer_with_no_taskflow', 'dataset_alias_example_alias_producer_with_no_taskflow' retrieved from /home/airflow/.local/lib/python3.12/site-packages/airflow/example_dags/example_dataset_alias_with_no_taskflow.py
[2025-01-14T02:21:04.548+0000] {logging_mixin.py:190} INFO - [2025-01-14T02:21:04.548+0000] {override.py:1911} INFO - Created Permission View: can read on DAG:dataset_s3_bucket_consumer_with_no_taskflow
[2025-01-14T02:21:04.559+0000] {logging_mixin.py:190} INFO - [2025-01-14T02:21:04.558+0000] {override.py:1911} INFO - Created Permission View: can delete on DAG:dataset_s3_bucket_consumer_with_no_taskflow
[2025-01-14T02:21:04.566+0000] {logging_mixin.py:190} INFO - [2025-01-14T02:21:04.566+0000] {override.py:1911} INFO - Created Permission View: can edit on DAG:dataset_s3_bucket_consumer_with_no_taskflow
[2025-01-14T02:21:04.577+0000] {logging_mixin.py:190} INFO - [2025-01-14T02:21:04.576+0000] {override.py:1911} INFO - Created Permission View: can read on DAG Run:dataset_s3_bucket_consumer_with_no_taskflow
[2025-01-14T02:21:04.585+0000] {logging_mixin.py:190} INFO - [2025-01-14T02:21:04.584+0000] {override.py:1911} INFO - Created Permission View: menu access on DAG Run:dataset_s3_bucket_consumer_with_no_taskflow
[2025-01-14T02:21:04.593+0000] {logging_mixin.py:190} INFO - [2025-01-14T02:21:04.593+0000] {override.py:1911} INFO - Created Permission View: can create on DAG Run:dataset_s3_bucket_consumer_with_no_taskflow
[2025-01-14T02:21:04.600+0000] {logging_mixin.py:190} INFO - [2025-01-14T02:21:04.600+0000] {override.py:1911} INFO - Created Permission View: can delete on DAG Run:dataset_s3_bucket_consumer_with_no_taskflow
[2025-01-14T02:21:04.614+0000] {logging_mixin.py:190} INFO - [2025-01-14T02:21:04.614+0000] {override.py:1911} INFO - Created Permission View: can read on DAG:dataset_alias_example_alias_consumer_with_no_taskflow
[2025-01-14T02:21:04.621+0000] {logging_mixin.py:190} INFO - [2025-01-14T02:21:04.621+0000] {override.py:1911} INFO - Created Permission View: can delete on DAG:dataset_alias_example_alias_consumer_with_no_taskflow
[2025-01-14T02:21:04.629+0000] {logging_mixin.py:190} INFO - [2025-01-14T02:21:04.629+0000] {override.py:1911} INFO - Created Permission View: can edit on DAG:dataset_alias_example_alias_consumer_with_no_taskflow
[2025-01-14T02:21:04.638+0000] {logging_mixin.py:190} INFO - [2025-01-14T02:21:04.638+0000] {override.py:1911} INFO - Created Permission View: can read on DAG Run:dataset_alias_example_alias_consumer_with_no_taskflow
[2025-01-14T02:21:04.647+0000] {logging_mixin.py:190} INFO - [2025-01-14T02:21:04.647+0000] {override.py:1911} INFO - Created Permission View: menu access on DAG Run:dataset_alias_example_alias_consumer_with_no_taskflow
[2025-01-14T02:21:04.655+0000] {logging_mixin.py:190} INFO - [2025-01-14T02:21:04.655+0000] {override.py:1911} INFO - Created Permission View: can create on DAG Run:dataset_alias_example_alias_consumer_with_no_taskflow
[2025-01-14T02:21:04.662+0000] {logging_mixin.py:190} INFO - [2025-01-14T02:21:04.662+0000] {override.py:1911} INFO - Created Permission View: can delete on DAG Run:dataset_alias_example_alias_consumer_with_no_taskflow
[2025-01-14T02:21:04.678+0000] {logging_mixin.py:190} INFO - [2025-01-14T02:21:04.678+0000] {override.py:1911} INFO - Created Permission View: can read on DAG:dataset_s3_bucket_producer_with_no_taskflow
[2025-01-14T02:21:04.689+0000] {logging_mixin.py:190} INFO - [2025-01-14T02:21:04.688+0000] {override.py:1911} INFO - Created Permission View: can delete on DAG:dataset_s3_bucket_producer_with_no_taskflow
[2025-01-14T02:21:04.697+0000] {logging_mixin.py:190} INFO - [2025-01-14T02:21:04.697+0000] {override.py:1911} INFO - Created Permission View: can edit on DAG:dataset_s3_bucket_producer_with_no_taskflow
[2025-01-14T02:21:04.711+0000] {logging_mixin.py:190} INFO - [2025-01-14T02:21:04.710+0000] {override.py:1911} INFO - Created Permission View: can read on DAG Run:dataset_s3_bucket_producer_with_no_taskflow
[2025-01-14T02:21:04.719+0000] {logging_mixin.py:190} INFO - [2025-01-14T02:21:04.719+0000] {override.py:1911} INFO - Created Permission View: menu access on DAG Run:dataset_s3_bucket_producer_with_no_taskflow
[2025-01-14T02:21:04.727+0000] {logging_mixin.py:190} INFO - [2025-01-14T02:21:04.727+0000] {override.py:1911} INFO - Created Permission View: can create on DAG Run:dataset_s3_bucket_producer_with_no_taskflow
[2025-01-14T02:21:04.735+0000] {logging_mixin.py:190} INFO - [2025-01-14T02:21:04.735+0000] {override.py:1911} INFO - Created Permission View: can delete on DAG Run:dataset_s3_bucket_producer_with_no_taskflow
[2025-01-14T02:21:04.753+0000] {logging_mixin.py:190} INFO - [2025-01-14T02:21:04.752+0000] {override.py:1911} INFO - Created Permission View: can read on DAG:dataset_alias_example_alias_producer_with_no_taskflow
[2025-01-14T02:21:04.760+0000] {logging_mixin.py:190} INFO - [2025-01-14T02:21:04.760+0000] {override.py:1911} INFO - Created Permission View: can delete on DAG:dataset_alias_example_alias_producer_with_no_taskflow
[2025-01-14T02:21:04.769+0000] {logging_mixin.py:190} INFO - [2025-01-14T02:21:04.769+0000] {override.py:1911} INFO - Created Permission View: can edit on DAG:dataset_alias_example_alias_producer_with_no_taskflow
[2025-01-14T02:21:04.780+0000] {logging_mixin.py:190} INFO - [2025-01-14T02:21:04.780+0000] {override.py:1911} INFO - Created Permission View: can read on DAG Run:dataset_alias_example_alias_producer_with_no_taskflow
[2025-01-14T02:21:04.789+0000] {logging_mixin.py:190} INFO - [2025-01-14T02:21:04.789+0000] {override.py:1911} INFO - Created Permission View: menu access on DAG Run:dataset_alias_example_alias_producer_with_no_taskflow
[2025-01-14T02:21:04.798+0000] {logging_mixin.py:190} INFO - [2025-01-14T02:21:04.798+0000] {override.py:1911} INFO - Created Permission View: can create on DAG Run:dataset_alias_example_alias_producer_with_no_taskflow
[2025-01-14T02:21:04.809+0000] {logging_mixin.py:190} INFO - [2025-01-14T02:21:04.808+0000] {override.py:1911} INFO - Created Permission View: can delete on DAG Run:dataset_alias_example_alias_producer_with_no_taskflow
[2025-01-14T02:21:04.810+0000] {logging_mixin.py:190} INFO - [2025-01-14T02:21:04.809+0000] {dag.py:3239} INFO - Sync 4 DAGs
[2025-01-14T02:21:04.820+0000] {logging_mixin.py:190} INFO - [2025-01-14T02:21:04.819+0000] {dag.py:3262} INFO - Creating ORM DAG for dataset_alias_example_alias_consumer_with_no_taskflow
[2025-01-14T02:21:04.821+0000] {logging_mixin.py:190} INFO - [2025-01-14T02:21:04.821+0000] {dag.py:3262} INFO - Creating ORM DAG for dataset_s3_bucket_producer_with_no_taskflow
[2025-01-14T02:21:04.822+0000] {logging_mixin.py:190} INFO - [2025-01-14T02:21:04.821+0000] {dag.py:3262} INFO - Creating ORM DAG for dataset_alias_example_alias_producer_with_no_taskflow
[2025-01-14T02:21:04.822+0000] {logging_mixin.py:190} INFO - [2025-01-14T02:21:04.822+0000] {dag.py:3262} INFO - Creating ORM DAG for dataset_s3_bucket_consumer_with_no_taskflow
[2025-01-14T02:21:04.830+0000] {logging_mixin.py:190} INFO - [2025-01-14T02:21:04.829+0000] {dag.py:4180} INFO - Setting next_dagrun for dataset_alias_example_alias_consumer_with_no_taskflow to None, run_after=None
[2025-01-14T02:21:04.831+0000] {logging_mixin.py:190} INFO - [2025-01-14T02:21:04.831+0000] {dag.py:4180} INFO - Setting next_dagrun for dataset_alias_example_alias_producer_with_no_taskflow to None, run_after=None
[2025-01-14T02:21:04.832+0000] {logging_mixin.py:190} INFO - [2025-01-14T02:21:04.832+0000] {dag.py:4180} INFO - Setting next_dagrun for dataset_s3_bucket_consumer_with_no_taskflow to None, run_after=None
[2025-01-14T02:21:04.832+0000] {logging_mixin.py:190} INFO - [2025-01-14T02:21:04.832+0000] {dag.py:4180} INFO - Setting next_dagrun for dataset_s3_bucket_producer_with_no_taskflow to None, run_after=None
[2025-01-14T02:21:04.858+0000] {processor.py:208} INFO - Processing /home/airflow/.local/lib/python3.12/site-packages/airflow/example_dags/example_dataset_alias_with_no_taskflow.py took 1.688 seconds
[2025-01-14T02:21:35.235+0000] {processor.py:186} INFO - Started process (PID=498) to work on /home/airflow/.local/lib/python3.12/site-packages/airflow/example_dags/example_dataset_alias_with_no_taskflow.py
[2025-01-14T02:21:35.236+0000] {processor.py:914} INFO - Processing file /home/airflow/.local/lib/python3.12/site-packages/airflow/example_dags/example_dataset_alias_with_no_taskflow.py for tasks to queue
[2025-01-14T02:21:35.239+0000] {logging_mixin.py:190} INFO - [2025-01-14T02:21:35.239+0000] {dagbag.py:588} INFO - Filling up the DagBag from /home/airflow/.local/lib/python3.12/site-packages/airflow/example_dags/example_dataset_alias_with_no_taskflow.py
[2025-01-14T02:21:35.702+0000] {processor.py:925} INFO - DAG(s) 'dataset_s3_bucket_producer_with_no_taskflow', 'dataset_alias_example_alias_producer_with_no_taskflow', 'dataset_s3_bucket_consumer_with_no_taskflow', 'dataset_alias_example_alias_consumer_with_no_taskflow' retrieved from /home/airflow/.local/lib/python3.12/site-packages/airflow/example_dags/example_dataset_alias_with_no_taskflow.py
[2025-01-14T02:21:35.720+0000] {logging_mixin.py:190} INFO - [2025-01-14T02:21:35.720+0000] {dag.py:3239} INFO - Sync 4 DAGs
[2025-01-14T02:21:35.736+0000] {logging_mixin.py:190} INFO - [2025-01-14T02:21:35.736+0000] {dag.py:4180} INFO - Setting next_dagrun for dataset_alias_example_alias_consumer_with_no_taskflow to None, run_after=None
[2025-01-14T02:21:35.739+0000] {logging_mixin.py:190} INFO - [2025-01-14T02:21:35.739+0000] {dag.py:4180} INFO - Setting next_dagrun for dataset_alias_example_alias_producer_with_no_taskflow to None, run_after=None
[2025-01-14T02:21:35.741+0000] {logging_mixin.py:190} INFO - [2025-01-14T02:21:35.741+0000] {dag.py:4180} INFO - Setting next_dagrun for dataset_s3_bucket_consumer_with_no_taskflow to None, run_after=None
[2025-01-14T02:21:35.742+0000] {logging_mixin.py:190} INFO - [2025-01-14T02:21:35.742+0000] {dag.py:4180} INFO - Setting next_dagrun for dataset_s3_bucket_producer_with_no_taskflow to None, run_after=None
[2025-01-14T02:21:35.767+0000] {processor.py:208} INFO - Processing /home/airflow/.local/lib/python3.12/site-packages/airflow/example_dags/example_dataset_alias_with_no_taskflow.py took 0.538 seconds
[2025-01-14T02:22:06.542+0000] {processor.py:186} INFO - Started process (PID=799) to work on /home/airflow/.local/lib/python3.12/site-packages/airflow/example_dags/example_dataset_alias_with_no_taskflow.py
[2025-01-14T02:22:06.544+0000] {processor.py:914} INFO - Processing file /home/airflow/.local/lib/python3.12/site-packages/airflow/example_dags/example_dataset_alias_with_no_taskflow.py for tasks to queue
[2025-01-14T02:22:06.546+0000] {logging_mixin.py:190} INFO - [2025-01-14T02:22:06.545+0000] {dagbag.py:588} INFO - Filling up the DagBag from /home/airflow/.local/lib/python3.12/site-packages/airflow/example_dags/example_dataset_alias_with_no_taskflow.py
[2025-01-14T02:22:07.039+0000] {processor.py:925} INFO - DAG(s) 'dataset_alias_example_alias_producer_with_no_taskflow', 'dataset_s3_bucket_consumer_with_no_taskflow', 'dataset_s3_bucket_producer_with_no_taskflow', 'dataset_alias_example_alias_consumer_with_no_taskflow' retrieved from /home/airflow/.local/lib/python3.12/site-packages/airflow/example_dags/example_dataset_alias_with_no_taskflow.py
[2025-01-14T02:22:07.057+0000] {logging_mixin.py:190} INFO - [2025-01-14T02:22:07.057+0000] {dag.py:3239} INFO - Sync 4 DAGs
[2025-01-14T02:22:07.074+0000] {logging_mixin.py:190} INFO - [2025-01-14T02:22:07.074+0000] {dag.py:4180} INFO - Setting next_dagrun for dataset_alias_example_alias_consumer_with_no_taskflow to None, run_after=None
[2025-01-14T02:22:07.077+0000] {logging_mixin.py:190} INFO - [2025-01-14T02:22:07.076+0000] {dag.py:4180} INFO - Setting next_dagrun for dataset_alias_example_alias_producer_with_no_taskflow to None, run_after=None
[2025-01-14T02:22:07.078+0000] {logging_mixin.py:190} INFO - [2025-01-14T02:22:07.078+0000] {dag.py:4180} INFO - Setting next_dagrun for dataset_s3_bucket_consumer_with_no_taskflow to None, run_after=None
[2025-01-14T02:22:07.079+0000] {logging_mixin.py:190} INFO - [2025-01-14T02:22:07.079+0000] {dag.py:4180} INFO - Setting next_dagrun for dataset_s3_bucket_producer_with_no_taskflow to None, run_after=None
[2025-01-14T02:22:07.102+0000] {processor.py:208} INFO - Processing /home/airflow/.local/lib/python3.12/site-packages/airflow/example_dags/example_dataset_alias_with_no_taskflow.py took 0.564 seconds
[2025-01-14T02:22:37.303+0000] {processor.py:186} INFO - Started process (PID=1110) to work on /home/airflow/.local/lib/python3.12/site-packages/airflow/example_dags/example_dataset_alias_with_no_taskflow.py
[2025-01-14T02:22:37.304+0000] {processor.py:914} INFO - Processing file /home/airflow/.local/lib/python3.12/site-packages/airflow/example_dags/example_dataset_alias_with_no_taskflow.py for tasks to queue
[2025-01-14T02:22:37.307+0000] {logging_mixin.py:190} INFO - [2025-01-14T02:22:37.306+0000] {dagbag.py:588} INFO - Filling up the DagBag from /home/airflow/.local/lib/python3.12/site-packages/airflow/example_dags/example_dataset_alias_with_no_taskflow.py
[2025-01-14T02:22:37.799+0000] {processor.py:925} INFO - DAG(s) 'dataset_s3_bucket_producer_with_no_taskflow', 'dataset_s3_bucket_consumer_with_no_taskflow', 'dataset_alias_example_alias_consumer_with_no_taskflow', 'dataset_alias_example_alias_producer_with_no_taskflow' retrieved from /home/airflow/.local/lib/python3.12/site-packages/airflow/example_dags/example_dataset_alias_with_no_taskflow.py
[2025-01-14T02:22:37.821+0000] {logging_mixin.py:190} INFO - [2025-01-14T02:22:37.820+0000] {dag.py:3239} INFO - Sync 4 DAGs
[2025-01-14T02:22:37.841+0000] {logging_mixin.py:190} INFO - [2025-01-14T02:22:37.841+0000] {dag.py:4180} INFO - Setting next_dagrun for dataset_alias_example_alias_consumer_with_no_taskflow to None, run_after=None
[2025-01-14T02:22:37.844+0000] {logging_mixin.py:190} INFO - [2025-01-14T02:22:37.844+0000] {dag.py:4180} INFO - Setting next_dagrun for dataset_alias_example_alias_producer_with_no_taskflow to None, run_after=None
[2025-01-14T02:22:37.846+0000] {logging_mixin.py:190} INFO - [2025-01-14T02:22:37.846+0000] {dag.py:4180} INFO - Setting next_dagrun for dataset_s3_bucket_consumer_with_no_taskflow to None, run_after=None
[2025-01-14T02:22:37.848+0000] {logging_mixin.py:190} INFO - [2025-01-14T02:22:37.848+0000] {dag.py:4180} INFO - Setting next_dagrun for dataset_s3_bucket_producer_with_no_taskflow to None, run_after=None
[2025-01-14T02:22:37.871+0000] {processor.py:208} INFO - Processing /home/airflow/.local/lib/python3.12/site-packages/airflow/example_dags/example_dataset_alias_with_no_taskflow.py took 0.576 seconds
[2025-01-14T02:23:08.451+0000] {processor.py:186} INFO - Started process (PID=1401) to work on /home/airflow/.local/lib/python3.12/site-packages/airflow/example_dags/example_dataset_alias_with_no_taskflow.py
[2025-01-14T02:23:08.452+0000] {processor.py:914} INFO - Processing file /home/airflow/.local/lib/python3.12/site-packages/airflow/example_dags/example_dataset_alias_with_no_taskflow.py for tasks to queue
[2025-01-14T02:23:08.454+0000] {logging_mixin.py:190} INFO - [2025-01-14T02:23:08.454+0000] {dagbag.py:588} INFO - Filling up the DagBag from /home/airflow/.local/lib/python3.12/site-packages/airflow/example_dags/example_dataset_alias_with_no_taskflow.py
[2025-01-14T02:23:08.316+0000] {processor.py:925} INFO - DAG(s) 'dataset_alias_example_alias_consumer_with_no_taskflow', 'dataset_s3_bucket_producer_with_no_taskflow', 'dataset_alias_example_alias_producer_with_no_taskflow', 'dataset_s3_bucket_consumer_with_no_taskflow' retrieved from /home/airflow/.local/lib/python3.12/site-packages/airflow/example_dags/example_dataset_alias_with_no_taskflow.py
[2025-01-14T02:23:08.336+0000] {logging_mixin.py:190} INFO - [2025-01-14T02:23:08.336+0000] {dag.py:3239} INFO - Sync 4 DAGs
[2025-01-14T02:23:08.355+0000] {logging_mixin.py:190} INFO - [2025-01-14T02:23:08.355+0000] {dag.py:4180} INFO - Setting next_dagrun for dataset_alias_example_alias_consumer_with_no_taskflow to None, run_after=None
[2025-01-14T02:23:08.357+0000] {logging_mixin.py:190} INFO - [2025-01-14T02:23:08.357+0000] {dag.py:4180} INFO - Setting next_dagrun for dataset_alias_example_alias_producer_with_no_taskflow to None, run_after=None
[2025-01-14T02:23:08.359+0000] {logging_mixin.py:190} INFO - [2025-01-14T02:23:08.359+0000] {dag.py:4180} INFO - Setting next_dagrun for dataset_s3_bucket_consumer_with_no_taskflow to None, run_after=None
[2025-01-14T02:23:08.361+0000] {logging_mixin.py:190} INFO - [2025-01-14T02:23:08.361+0000] {dag.py:4180} INFO - Setting next_dagrun for dataset_s3_bucket_producer_with_no_taskflow to None, run_after=None
[2025-01-14T02:23:08.382+0000] {processor.py:208} INFO - Processing /home/airflow/.local/lib/python3.12/site-packages/airflow/example_dags/example_dataset_alias_with_no_taskflow.py took 0.569 seconds
[2025-01-14T02:23:38.575+0000] {processor.py:186} INFO - Started process (PID=1720) to work on /home/airflow/.local/lib/python3.12/site-packages/airflow/example_dags/example_dataset_alias_with_no_taskflow.py
[2025-01-14T02:23:38.578+0000] {processor.py:914} INFO - Processing file /home/airflow/.local/lib/python3.12/site-packages/airflow/example_dags/example_dataset_alias_with_no_taskflow.py for tasks to queue
[2025-01-14T02:23:38.581+0000] {logging_mixin.py:190} INFO - [2025-01-14T02:23:38.581+0000] {dagbag.py:588} INFO - Filling up the DagBag from /home/airflow/.local/lib/python3.12/site-packages/airflow/example_dags/example_dataset_alias_with_no_taskflow.py
[2025-01-14T02:23:39.079+0000] {processor.py:925} INFO - DAG(s) 'dataset_s3_bucket_producer_with_no_taskflow', 'dataset_s3_bucket_consumer_with_no_taskflow', 'dataset_alias_example_alias_consumer_with_no_taskflow', 'dataset_alias_example_alias_producer_with_no_taskflow' retrieved from /home/airflow/.local/lib/python3.12/site-packages/airflow/example_dags/example_dataset_alias_with_no_taskflow.py
[2025-01-14T02:23:39.099+0000] {logging_mixin.py:190} INFO - [2025-01-14T02:23:39.099+0000] {dag.py:3239} INFO - Sync 4 DAGs
[2025-01-14T02:23:39.150+0000] {logging_mixin.py:190} INFO - [2025-01-14T02:23:39.150+0000] {dag.py:4180} INFO - Setting next_dagrun for dataset_alias_example_alias_consumer_with_no_taskflow to None, run_after=None
[2025-01-14T02:23:39.154+0000] {logging_mixin.py:190} INFO - [2025-01-14T02:23:39.154+0000] {dag.py:4180} INFO - Setting next_dagrun for dataset_alias_example_alias_producer_with_no_taskflow to None, run_after=None
[2025-01-14T02:23:39.156+0000] {logging_mixin.py:190} INFO - [2025-01-14T02:23:39.156+0000] {dag.py:4180} INFO - Setting next_dagrun for dataset_s3_bucket_consumer_with_no_taskflow to None, run_after=None
[2025-01-14T02:23:39.159+0000] {logging_mixin.py:190} INFO - [2025-01-14T02:23:39.159+0000] {dag.py:4180} INFO - Setting next_dagrun for dataset_s3_bucket_producer_with_no_taskflow to None, run_after=None
[2025-01-14T02:23:39.188+0000] {processor.py:208} INFO - Processing /home/airflow/.local/lib/python3.12/site-packages/airflow/example_dags/example_dataset_alias_with_no_taskflow.py took 0.621 seconds
[2025-01-14T02:24:09.484+0000] {processor.py:186} INFO - Started process (PID=2013) to work on /home/airflow/.local/lib/python3.12/site-packages/airflow/example_dags/example_dataset_alias_with_no_taskflow.py
[2025-01-14T02:24:09.486+0000] {processor.py:914} INFO - Processing file /home/airflow/.local/lib/python3.12/site-packages/airflow/example_dags/example_dataset_alias_with_no_taskflow.py for tasks to queue
[2025-01-14T02:24:09.488+0000] {logging_mixin.py:190} INFO - [2025-01-14T02:24:09.488+0000] {dagbag.py:588} INFO - Filling up the DagBag from /home/airflow/.local/lib/python3.12/site-packages/airflow/example_dags/example_dataset_alias_with_no_taskflow.py
[2025-01-14T02:24:10.086+0000] {processor.py:925} INFO - DAG(s) 'dataset_alias_example_alias_producer_with_no_taskflow', 'dataset_s3_bucket_consumer_with_no_taskflow', 'dataset_alias_example_alias_consumer_with_no_taskflow', 'dataset_s3_bucket_producer_with_no_taskflow' retrieved from /home/airflow/.local/lib/python3.12/site-packages/airflow/example_dags/example_dataset_alias_with_no_taskflow.py
[2025-01-14T02:24:10.107+0000] {logging_mixin.py:190} INFO - [2025-01-14T02:24:10.106+0000] {dag.py:3239} INFO - Sync 4 DAGs
[2025-01-14T02:24:10.125+0000] {logging_mixin.py:190} INFO - [2025-01-14T02:24:10.125+0000] {dag.py:4180} INFO - Setting next_dagrun for dataset_alias_example_alias_consumer_with_no_taskflow to None, run_after=None
[2025-01-14T02:24:10.137+0000] {logging_mixin.py:190} INFO - [2025-01-14T02:24:10.137+0000] {dag.py:4180} INFO - Setting next_dagrun for dataset_alias_example_alias_producer_with_no_taskflow to None, run_after=None
[2025-01-14T02:24:10.140+0000] {logging_mixin.py:190} INFO - [2025-01-14T02:24:10.140+0000] {dag.py:4180} INFO - Setting next_dagrun for dataset_s3_bucket_consumer_with_no_taskflow to None, run_after=None
[2025-01-14T02:24:10.142+0000] {logging_mixin.py:190} INFO - [2025-01-14T02:24:10.141+0000] {dag.py:4180} INFO - Setting next_dagrun for dataset_s3_bucket_producer_with_no_taskflow to None, run_after=None
[2025-01-14T02:24:10.166+0000] {processor.py:208} INFO - Processing /home/airflow/.local/lib/python3.12/site-packages/airflow/example_dags/example_dataset_alias_with_no_taskflow.py took 0.690 seconds
[2025-01-14T02:24:40.569+0000] {processor.py:186} INFO - Started process (PID=2299) to work on /home/airflow/.local/lib/python3.12/site-packages/airflow/example_dags/example_dataset_alias_with_no_taskflow.py
[2025-01-14T02:24:40.578+0000] {processor.py:914} INFO - Processing file /home/airflow/.local/lib/python3.12/site-packages/airflow/example_dags/example_dataset_alias_with_no_taskflow.py for tasks to queue
[2025-01-14T02:24:40.594+0000] {logging_mixin.py:190} INFO - [2025-01-14T02:24:40.593+0000] {dagbag.py:588} INFO - Filling up the DagBag from /home/airflow/.local/lib/python3.12/site-packages/airflow/example_dags/example_dataset_alias_with_no_taskflow.py
[2025-01-14T02:24:41.299+0000] {processor.py:925} INFO - DAG(s) 'dataset_s3_bucket_producer_with_no_taskflow', 'dataset_alias_example_alias_consumer_with_no_taskflow', 'dataset_alias_example_alias_producer_with_no_taskflow', 'dataset_s3_bucket_consumer_with_no_taskflow' retrieved from /home/airflow/.local/lib/python3.12/site-packages/airflow/example_dags/example_dataset_alias_with_no_taskflow.py
[2025-01-14T02:24:41.326+0000] {logging_mixin.py:190} INFO - [2025-01-14T02:24:41.326+0000] {dag.py:3239} INFO - Sync 4 DAGs
[2025-01-14T02:24:41.348+0000] {logging_mixin.py:190} INFO - [2025-01-14T02:24:41.347+0000] {dag.py:4180} INFO - Setting next_dagrun for dataset_alias_example_alias_consumer_with_no_taskflow to None, run_after=None
[2025-01-14T02:24:41.351+0000] {logging_mixin.py:190} INFO - [2025-01-14T02:24:41.351+0000] {dag.py:4180} INFO - Setting next_dagrun for dataset_alias_example_alias_producer_with_no_taskflow to None, run_after=None
[2025-01-14T02:24:41.355+0000] {logging_mixin.py:190} INFO - [2025-01-14T02:24:41.354+0000] {dag.py:4180} INFO - Setting next_dagrun for dataset_s3_bucket_consumer_with_no_taskflow to None, run_after=None
[2025-01-14T02:24:41.358+0000] {logging_mixin.py:190} INFO - [2025-01-14T02:24:41.358+0000] {dag.py:4180} INFO - Setting next_dagrun for dataset_s3_bucket_producer_with_no_taskflow to None, run_after=None
[2025-01-14T02:24:41.384+0000] {processor.py:208} INFO - Processing /home/airflow/.local/lib/python3.12/site-packages/airflow/example_dags/example_dataset_alias_with_no_taskflow.py took 0.822 seconds
[2025-01-14T02:25:11.615+0000] {processor.py:186} INFO - Started process (PID=2590) to work on /home/airflow/.local/lib/python3.12/site-packages/airflow/example_dags/example_dataset_alias_with_no_taskflow.py
[2025-01-14T02:25:11.631+0000] {processor.py:914} INFO - Processing file /home/airflow/.local/lib/python3.12/site-packages/airflow/example_dags/example_dataset_alias_with_no_taskflow.py for tasks to queue
[2025-01-14T02:25:11.644+0000] {logging_mixin.py:190} INFO - [2025-01-14T02:25:11.643+0000] {dagbag.py:588} INFO - Filling up the DagBag from /home/airflow/.local/lib/python3.12/site-packages/airflow/example_dags/example_dataset_alias_with_no_taskflow.py
[2025-01-14T02:25:12.324+0000] {processor.py:925} INFO - DAG(s) 'dataset_s3_bucket_consumer_with_no_taskflow', 'dataset_alias_example_alias_producer_with_no_taskflow', 'dataset_s3_bucket_producer_with_no_taskflow', 'dataset_alias_example_alias_consumer_with_no_taskflow' retrieved from /home/airflow/.local/lib/python3.12/site-packages/airflow/example_dags/example_dataset_alias_with_no_taskflow.py
[2025-01-14T02:25:12.385+0000] {logging_mixin.py:190} INFO - [2025-01-14T02:25:12.385+0000] {dag.py:3239} INFO - Sync 4 DAGs
[2025-01-14T02:25:12.416+0000] {logging_mixin.py:190} INFO - [2025-01-14T02:25:12.416+0000] {dag.py:4180} INFO - Setting next_dagrun for dataset_alias_example_alias_consumer_with_no_taskflow to None, run_after=None
[2025-01-14T02:25:12.434+0000] {logging_mixin.py:190} INFO - [2025-01-14T02:25:12.434+0000] {dag.py:4180} INFO - Setting next_dagrun for dataset_alias_example_alias_producer_with_no_taskflow to None, run_after=None
[2025-01-14T02:25:12.437+0000] {logging_mixin.py:190} INFO - [2025-01-14T02:25:12.437+0000] {dag.py:4180} INFO - Setting next_dagrun for dataset_s3_bucket_consumer_with_no_taskflow to None, run_after=None
[2025-01-14T02:25:12.443+0000] {logging_mixin.py:190} INFO - [2025-01-14T02:25:12.443+0000] {dag.py:4180} INFO - Setting next_dagrun for dataset_s3_bucket_producer_with_no_taskflow to None, run_after=None
[2025-01-14T02:25:12.495+0000] {processor.py:208} INFO - Processing /home/airflow/.local/lib/python3.12/site-packages/airflow/example_dags/example_dataset_alias_with_no_taskflow.py took 0.887 seconds
[2025-01-14T02:25:43.208+0000] {processor.py:186} INFO - Started process (PID=2881) to work on /home/airflow/.local/lib/python3.12/site-packages/airflow/example_dags/example_dataset_alias_with_no_taskflow.py
[2025-01-14T02:25:43.209+0000] {processor.py:914} INFO - Processing file /home/airflow/.local/lib/python3.12/site-packages/airflow/example_dags/example_dataset_alias_with_no_taskflow.py for tasks to queue
[2025-01-14T02:25:43.212+0000] {logging_mixin.py:190} INFO - [2025-01-14T02:25:43.212+0000] {dagbag.py:588} INFO - Filling up the DagBag from /home/airflow/.local/lib/python3.12/site-packages/airflow/example_dags/example_dataset_alias_with_no_taskflow.py
[2025-01-14T02:25:43.724+0000] {processor.py:925} INFO - DAG(s) 'dataset_s3_bucket_producer_with_no_taskflow', 'dataset_alias_example_alias_consumer_with_no_taskflow', 'dataset_alias_example_alias_producer_with_no_taskflow', 'dataset_s3_bucket_consumer_with_no_taskflow' retrieved from /home/airflow/.local/lib/python3.12/site-packages/airflow/example_dags/example_dataset_alias_with_no_taskflow.py
[2025-01-14T02:25:43.745+0000] {logging_mixin.py:190} INFO - [2025-01-14T02:25:43.744+0000] {dag.py:3239} INFO - Sync 4 DAGs
[2025-01-14T02:25:43.764+0000] {logging_mixin.py:190} INFO - [2025-01-14T02:25:43.764+0000] {dag.py:4180} INFO - Setting next_dagrun for dataset_alias_example_alias_consumer_with_no_taskflow to None, run_after=None
[2025-01-14T02:25:43.767+0000] {logging_mixin.py:190} INFO - [2025-01-14T02:25:43.766+0000] {dag.py:4180} INFO - Setting next_dagrun for dataset_alias_example_alias_producer_with_no_taskflow to None, run_after=None
[2025-01-14T02:25:43.769+0000] {logging_mixin.py:190} INFO - [2025-01-14T02:25:43.768+0000] {dag.py:4180} INFO - Setting next_dagrun for dataset_s3_bucket_consumer_with_no_taskflow to None, run_after=None
[2025-01-14T02:25:43.770+0000] {logging_mixin.py:190} INFO - [2025-01-14T02:25:43.770+0000] {dag.py:4180} INFO - Setting next_dagrun for dataset_s3_bucket_producer_with_no_taskflow to None, run_after=None
[2025-01-14T02:25:43.793+0000] {processor.py:208} INFO - Processing /home/airflow/.local/lib/python3.12/site-packages/airflow/example_dags/example_dataset_alias_with_no_taskflow.py took 0.593 seconds
[2025-01-14T02:27:07.394+0000] {processor.py:186} INFO - Started process (PID=3103) to work on /home/airflow/.local/lib/python3.12/site-packages/airflow/example_dags/example_dataset_alias_with_no_taskflow.py
[2025-01-14T02:27:07.396+0000] {processor.py:914} INFO - Processing file /home/airflow/.local/lib/python3.12/site-packages/airflow/example_dags/example_dataset_alias_with_no_taskflow.py for tasks to queue
[2025-01-14T02:27:07.400+0000] {logging_mixin.py:190} INFO - [2025-01-14T02:27:07.399+0000] {dagbag.py:588} INFO - Filling up the DagBag from /home/airflow/.local/lib/python3.12/site-packages/airflow/example_dags/example_dataset_alias_with_no_taskflow.py
[2025-01-14T02:27:08.818+0000] {processor.py:925} INFO - DAG(s) 'dataset_alias_example_alias_consumer_with_no_taskflow', 'dataset_s3_bucket_producer_with_no_taskflow', 'dataset_alias_example_alias_producer_with_no_taskflow', 'dataset_s3_bucket_consumer_with_no_taskflow' retrieved from /home/airflow/.local/lib/python3.12/site-packages/airflow/example_dags/example_dataset_alias_with_no_taskflow.py
[2025-01-14T02:27:08.839+0000] {logging_mixin.py:190} INFO - [2025-01-14T02:27:08.838+0000] {dag.py:3239} INFO - Sync 4 DAGs
[2025-01-14T02:27:08.860+0000] {logging_mixin.py:190} INFO - [2025-01-14T02:27:08.859+0000] {dag.py:4180} INFO - Setting next_dagrun for dataset_alias_example_alias_consumer_with_no_taskflow to None, run_after=None
[2025-01-14T02:27:08.864+0000] {logging_mixin.py:190} INFO - [2025-01-14T02:27:08.864+0000] {dag.py:4180} INFO - Setting next_dagrun for dataset_alias_example_alias_producer_with_no_taskflow to None, run_after=None
[2025-01-14T02:27:08.866+0000] {logging_mixin.py:190} INFO - [2025-01-14T02:27:08.866+0000] {dag.py:4180} INFO - Setting next_dagrun for dataset_s3_bucket_consumer_with_no_taskflow to None, run_after=None
[2025-01-14T02:27:08.868+0000] {logging_mixin.py:190} INFO - [2025-01-14T02:27:08.868+0000] {dag.py:4180} INFO - Setting next_dagrun for dataset_s3_bucket_producer_with_no_taskflow to None, run_after=None
[2025-01-14T02:27:08.920+0000] {processor.py:208} INFO - Processing /home/airflow/.local/lib/python3.12/site-packages/airflow/example_dags/example_dataset_alias_with_no_taskflow.py took 0.740 seconds
[2025-01-14T02:27:39.454+0000] {processor.py:186} INFO - Started process (PID=3434) to work on /home/airflow/.local/lib/python3.12/site-packages/airflow/example_dags/example_dataset_alias_with_no_taskflow.py
[2025-01-14T02:27:39.455+0000] {processor.py:914} INFO - Processing file /home/airflow/.local/lib/python3.12/site-packages/airflow/example_dags/example_dataset_alias_with_no_taskflow.py for tasks to queue
[2025-01-14T02:27:39.458+0000] {logging_mixin.py:190} INFO - [2025-01-14T02:27:39.458+0000] {dagbag.py:588} INFO - Filling up the DagBag from /home/airflow/.local/lib/python3.12/site-packages/airflow/example_dags/example_dataset_alias_with_no_taskflow.py
[2025-01-14T02:27:39.945+0000] {processor.py:925} INFO - DAG(s) 'dataset_s3_bucket_consumer_with_no_taskflow', 'dataset_alias_example_alias_producer_with_no_taskflow', 'dataset_s3_bucket_producer_with_no_taskflow', 'dataset_alias_example_alias_consumer_with_no_taskflow' retrieved from /home/airflow/.local/lib/python3.12/site-packages/airflow/example_dags/example_dataset_alias_with_no_taskflow.py
[2025-01-14T02:27:39.965+0000] {logging_mixin.py:190} INFO - [2025-01-14T02:27:39.965+0000] {dag.py:3239} INFO - Sync 4 DAGs
[2025-01-14T02:27:39.983+0000] {logging_mixin.py:190} INFO - [2025-01-14T02:27:39.983+0000] {dag.py:4180} INFO - Setting next_dagrun for dataset_alias_example_alias_consumer_with_no_taskflow to None, run_after=None
[2025-01-14T02:27:39.986+0000] {logging_mixin.py:190} INFO - [2025-01-14T02:27:39.986+0000] {dag.py:4180} INFO - Setting next_dagrun for dataset_alias_example_alias_producer_with_no_taskflow to None, run_after=None
[2025-01-14T02:27:39.988+0000] {logging_mixin.py:190} INFO - [2025-01-14T02:27:39.988+0000] {dag.py:4180} INFO - Setting next_dagrun for dataset_s3_bucket_consumer_with_no_taskflow to None, run_after=None
[2025-01-14T02:27:39.989+0000] {logging_mixin.py:190} INFO - [2025-01-14T02:27:39.989+0000] {dag.py:4180} INFO - Setting next_dagrun for dataset_s3_bucket_producer_with_no_taskflow to None, run_after=None
[2025-01-14T02:27:40.011+0000] {processor.py:208} INFO - Processing /home/airflow/.local/lib/python3.12/site-packages/airflow/example_dags/example_dataset_alias_with_no_taskflow.py took 0.563 seconds
[2025-01-14T02:28:10.185+0000] {processor.py:186} INFO - Started process (PID=3728) to work on /home/airflow/.local/lib/python3.12/site-packages/airflow/example_dags/example_dataset_alias_with_no_taskflow.py
[2025-01-14T02:28:10.186+0000] {processor.py:914} INFO - Processing file /home/airflow/.local/lib/python3.12/site-packages/airflow/example_dags/example_dataset_alias_with_no_taskflow.py for tasks to queue
[2025-01-14T02:28:10.188+0000] {logging_mixin.py:190} INFO - [2025-01-14T02:28:10.188+0000] {dagbag.py:588} INFO - Filling up the DagBag from /home/airflow/.local/lib/python3.12/site-packages/airflow/example_dags/example_dataset_alias_with_no_taskflow.py
[2025-01-14T02:28:10.583+0000] {processor.py:925} INFO - DAG(s) 'dataset_s3_bucket_producer_with_no_taskflow', 'dataset_alias_example_alias_producer_with_no_taskflow', 'dataset_alias_example_alias_consumer_with_no_taskflow', 'dataset_s3_bucket_consumer_with_no_taskflow' retrieved from /home/airflow/.local/lib/python3.12/site-packages/airflow/example_dags/example_dataset_alias_with_no_taskflow.py
[2025-01-14T02:28:10.600+0000] {logging_mixin.py:190} INFO - [2025-01-14T02:28:10.600+0000] {dag.py:3239} INFO - Sync 4 DAGs
[2025-01-14T02:28:10.616+0000] {logging_mixin.py:190} INFO - [2025-01-14T02:28:10.616+0000] {dag.py:4180} INFO - Setting next_dagrun for dataset_alias_example_alias_consumer_with_no_taskflow to None, run_after=None
[2025-01-14T02:28:10.619+0000] {logging_mixin.py:190} INFO - [2025-01-14T02:28:10.618+0000] {dag.py:4180} INFO - Setting next_dagrun for dataset_alias_example_alias_producer_with_no_taskflow to None, run_after=None
[2025-01-14T02:28:10.620+0000] {logging_mixin.py:190} INFO - [2025-01-14T02:28:10.620+0000] {dag.py:4180} INFO - Setting next_dagrun for dataset_s3_bucket_consumer_with_no_taskflow to None, run_after=None
[2025-01-14T02:28:10.622+0000] {logging_mixin.py:190} INFO - [2025-01-14T02:28:10.622+0000] {dag.py:4180} INFO - Setting next_dagrun for dataset_s3_bucket_producer_with_no_taskflow to None, run_after=None
[2025-01-14T02:28:10.647+0000] {processor.py:208} INFO - Processing /home/airflow/.local/lib/python3.12/site-packages/airflow/example_dags/example_dataset_alias_with_no_taskflow.py took 0.467 seconds
[2025-01-14T02:28:40.714+0000] {processor.py:186} INFO - Started process (PID=4019) to work on /home/airflow/.local/lib/python3.12/site-packages/airflow/example_dags/example_dataset_alias_with_no_taskflow.py
[2025-01-14T02:28:40.715+0000] {processor.py:914} INFO - Processing file /home/airflow/.local/lib/python3.12/site-packages/airflow/example_dags/example_dataset_alias_with_no_taskflow.py for tasks to queue
[2025-01-14T02:28:40.717+0000] {logging_mixin.py:190} INFO - [2025-01-14T02:28:40.717+0000] {dagbag.py:588} INFO - Filling up the DagBag from /home/airflow/.local/lib/python3.12/site-packages/airflow/example_dags/example_dataset_alias_with_no_taskflow.py
[2025-01-14T02:28:41.206+0000] {processor.py:925} INFO - DAG(s) 'dataset_s3_bucket_producer_with_no_taskflow', 'dataset_s3_bucket_consumer_with_no_taskflow', 'dataset_alias_example_alias_consumer_with_no_taskflow', 'dataset_alias_example_alias_producer_with_no_taskflow' retrieved from /home/airflow/.local/lib/python3.12/site-packages/airflow/example_dags/example_dataset_alias_with_no_taskflow.py
[2025-01-14T02:28:41.239+0000] {logging_mixin.py:190} INFO - [2025-01-14T02:28:41.239+0000] {dag.py:3239} INFO - Sync 4 DAGs
[2025-01-14T02:28:41.266+0000] {logging_mixin.py:190} INFO - [2025-01-14T02:28:41.266+0000] {dag.py:4180} INFO - Setting next_dagrun for dataset_alias_example_alias_consumer_with_no_taskflow to None, run_after=None
[2025-01-14T02:28:41.271+0000] {logging_mixin.py:190} INFO - [2025-01-14T02:28:41.271+0000] {dag.py:4180} INFO - Setting next_dagrun for dataset_alias_example_alias_producer_with_no_taskflow to None, run_after=None
[2025-01-14T02:28:41.278+0000] {logging_mixin.py:190} INFO - [2025-01-14T02:28:41.278+0000] {dag.py:4180} INFO - Setting next_dagrun for dataset_s3_bucket_consumer_with_no_taskflow to None, run_after=None
[2025-01-14T02:28:41.284+0000] {logging_mixin.py:190} INFO - [2025-01-14T02:28:41.284+0000] {dag.py:4180} INFO - Setting next_dagrun for dataset_s3_bucket_producer_with_no_taskflow to None, run_after=None
[2025-01-14T02:28:41.312+0000] {processor.py:208} INFO - Processing /home/airflow/.local/lib/python3.12/site-packages/airflow/example_dags/example_dataset_alias_with_no_taskflow.py took 0.603 seconds
