[2025-01-14T02:21:08.854+0000] {processor.py:186} INFO - Started process (PID=337) to work on /home/airflow/.local/lib/python3.12/site-packages/airflow/example_dags/example_datasets.py
[2025-01-14T02:21:08.855+0000] {processor.py:914} INFO - Processing file /home/airflow/.local/lib/python3.12/site-packages/airflow/example_dags/example_datasets.py for tasks to queue
[2025-01-14T02:21:08.857+0000] {logging_mixin.py:190} INFO - [2025-01-14T02:21:08.857+0000] {dagbag.py:588} INFO - Filling up the DagBag from /home/airflow/.local/lib/python3.12/site-packages/airflow/example_dags/example_datasets.py
[2025-01-14T02:21:09.292+0000] {processor.py:925} INFO - DAG(s) 'dataset_consumes_1', 'conditional_dataset_and_time_based_timetable', 'dataset_produces_1', 'dataset_produces_2', 'dataset_consumes_unknown_never_scheduled', 'consume_1_or_2_with_dataset_expressions', 'consume_1_or_both_2_and_3_with_dataset_expressions', 'dataset_consumes_1_never_scheduled', 'dataset_consumes_1_and_2', 'consume_1_and_2_with_dataset_expressions' retrieved from /home/airflow/.local/lib/python3.12/site-packages/airflow/example_dags/example_datasets.py
[2025-01-14T02:21:09.366+0000] {logging_mixin.py:190} INFO - [2025-01-14T02:21:09.366+0000] {override.py:1911} INFO - Created Permission View: can read on DAG:dataset_consumes_1
[2025-01-14T02:21:09.377+0000] {logging_mixin.py:190} INFO - [2025-01-14T02:21:09.377+0000] {override.py:1911} INFO - Created Permission View: can delete on DAG:dataset_consumes_1
[2025-01-14T02:21:09.386+0000] {logging_mixin.py:190} INFO - [2025-01-14T02:21:09.386+0000] {override.py:1911} INFO - Created Permission View: can edit on DAG:dataset_consumes_1
[2025-01-14T02:21:09.398+0000] {logging_mixin.py:190} INFO - [2025-01-14T02:21:09.397+0000] {override.py:1911} INFO - Created Permission View: can read on DAG Run:dataset_consumes_1
[2025-01-14T02:21:09.407+0000] {logging_mixin.py:190} INFO - [2025-01-14T02:21:09.407+0000] {override.py:1911} INFO - Created Permission View: menu access on DAG Run:dataset_consumes_1
[2025-01-14T02:21:09.416+0000] {logging_mixin.py:190} INFO - [2025-01-14T02:21:09.416+0000] {override.py:1911} INFO - Created Permission View: can create on DAG Run:dataset_consumes_1
[2025-01-14T02:21:09.424+0000] {logging_mixin.py:190} INFO - [2025-01-14T02:21:09.424+0000] {override.py:1911} INFO - Created Permission View: can delete on DAG Run:dataset_consumes_1
[2025-01-14T02:21:09.441+0000] {logging_mixin.py:190} INFO - [2025-01-14T02:21:09.441+0000] {override.py:1911} INFO - Created Permission View: can read on DAG:conditional_dataset_and_time_based_timetable
[2025-01-14T02:21:09.450+0000] {logging_mixin.py:190} INFO - [2025-01-14T02:21:09.450+0000] {override.py:1911} INFO - Created Permission View: can delete on DAG:conditional_dataset_and_time_based_timetable
[2025-01-14T02:21:09.458+0000] {logging_mixin.py:190} INFO - [2025-01-14T02:21:09.458+0000] {override.py:1911} INFO - Created Permission View: can edit on DAG:conditional_dataset_and_time_based_timetable
[2025-01-14T02:21:09.470+0000] {logging_mixin.py:190} INFO - [2025-01-14T02:21:09.470+0000] {override.py:1911} INFO - Created Permission View: can read on DAG Run:conditional_dataset_and_time_based_timetable
[2025-01-14T02:21:09.478+0000] {logging_mixin.py:190} INFO - [2025-01-14T02:21:09.478+0000] {override.py:1911} INFO - Created Permission View: menu access on DAG Run:conditional_dataset_and_time_based_timetable
[2025-01-14T02:21:09.486+0000] {logging_mixin.py:190} INFO - [2025-01-14T02:21:09.486+0000] {override.py:1911} INFO - Created Permission View: can create on DAG Run:conditional_dataset_and_time_based_timetable
[2025-01-14T02:21:09.493+0000] {logging_mixin.py:190} INFO - [2025-01-14T02:21:09.493+0000] {override.py:1911} INFO - Created Permission View: can delete on DAG Run:conditional_dataset_and_time_based_timetable
[2025-01-14T02:21:09.508+0000] {logging_mixin.py:190} INFO - [2025-01-14T02:21:09.508+0000] {override.py:1911} INFO - Created Permission View: can read on DAG:dataset_produces_1
[2025-01-14T02:21:09.517+0000] {logging_mixin.py:190} INFO - [2025-01-14T02:21:09.517+0000] {override.py:1911} INFO - Created Permission View: can delete on DAG:dataset_produces_1
[2025-01-14T02:21:09.525+0000] {logging_mixin.py:190} INFO - [2025-01-14T02:21:09.525+0000] {override.py:1911} INFO - Created Permission View: can edit on DAG:dataset_produces_1
[2025-01-14T02:21:09.537+0000] {logging_mixin.py:190} INFO - [2025-01-14T02:21:09.537+0000] {override.py:1911} INFO - Created Permission View: can read on DAG Run:dataset_produces_1
[2025-01-14T02:21:09.546+0000] {logging_mixin.py:190} INFO - [2025-01-14T02:21:09.546+0000] {override.py:1911} INFO - Created Permission View: menu access on DAG Run:dataset_produces_1
[2025-01-14T02:21:09.555+0000] {logging_mixin.py:190} INFO - [2025-01-14T02:21:09.555+0000] {override.py:1911} INFO - Created Permission View: can create on DAG Run:dataset_produces_1
[2025-01-14T02:21:09.563+0000] {logging_mixin.py:190} INFO - [2025-01-14T02:21:09.563+0000] {override.py:1911} INFO - Created Permission View: can delete on DAG Run:dataset_produces_1
[2025-01-14T02:21:09.579+0000] {logging_mixin.py:190} INFO - [2025-01-14T02:21:09.579+0000] {override.py:1911} INFO - Created Permission View: can read on DAG:dataset_produces_2
[2025-01-14T02:21:09.599+0000] {logging_mixin.py:190} INFO - [2025-01-14T02:21:09.599+0000] {override.py:1911} INFO - Created Permission View: can delete on DAG:dataset_produces_2
[2025-01-14T02:21:09.609+0000] {logging_mixin.py:190} INFO - [2025-01-14T02:21:09.608+0000] {override.py:1911} INFO - Created Permission View: can edit on DAG:dataset_produces_2
[2025-01-14T02:21:09.621+0000] {logging_mixin.py:190} INFO - [2025-01-14T02:21:09.621+0000] {override.py:1911} INFO - Created Permission View: can read on DAG Run:dataset_produces_2
[2025-01-14T02:21:09.633+0000] {logging_mixin.py:190} INFO - [2025-01-14T02:21:09.632+0000] {override.py:1911} INFO - Created Permission View: menu access on DAG Run:dataset_produces_2
[2025-01-14T02:21:09.643+0000] {logging_mixin.py:190} INFO - [2025-01-14T02:21:09.643+0000] {override.py:1911} INFO - Created Permission View: can create on DAG Run:dataset_produces_2
[2025-01-14T02:21:09.653+0000] {logging_mixin.py:190} INFO - [2025-01-14T02:21:09.653+0000] {override.py:1911} INFO - Created Permission View: can delete on DAG Run:dataset_produces_2
[2025-01-14T02:21:09.668+0000] {logging_mixin.py:190} INFO - [2025-01-14T02:21:09.668+0000] {override.py:1911} INFO - Created Permission View: can read on DAG:dataset_consumes_unknown_never_scheduled
[2025-01-14T02:21:09.678+0000] {logging_mixin.py:190} INFO - [2025-01-14T02:21:09.677+0000] {override.py:1911} INFO - Created Permission View: can delete on DAG:dataset_consumes_unknown_never_scheduled
[2025-01-14T02:21:09.686+0000] {logging_mixin.py:190} INFO - [2025-01-14T02:21:09.686+0000] {override.py:1911} INFO - Created Permission View: can edit on DAG:dataset_consumes_unknown_never_scheduled
[2025-01-14T02:21:09.697+0000] {logging_mixin.py:190} INFO - [2025-01-14T02:21:09.697+0000] {override.py:1911} INFO - Created Permission View: can read on DAG Run:dataset_consumes_unknown_never_scheduled
[2025-01-14T02:21:09.710+0000] {logging_mixin.py:190} INFO - [2025-01-14T02:21:09.710+0000] {override.py:1911} INFO - Created Permission View: menu access on DAG Run:dataset_consumes_unknown_never_scheduled
[2025-01-14T02:21:09.719+0000] {logging_mixin.py:190} INFO - [2025-01-14T02:21:09.719+0000] {override.py:1911} INFO - Created Permission View: can create on DAG Run:dataset_consumes_unknown_never_scheduled
[2025-01-14T02:21:09.731+0000] {logging_mixin.py:190} INFO - [2025-01-14T02:21:09.731+0000] {override.py:1911} INFO - Created Permission View: can delete on DAG Run:dataset_consumes_unknown_never_scheduled
[2025-01-14T02:21:09.751+0000] {logging_mixin.py:190} INFO - [2025-01-14T02:21:09.750+0000] {override.py:1911} INFO - Created Permission View: can read on DAG:consume_1_or_2_with_dataset_expressions
[2025-01-14T02:21:09.762+0000] {logging_mixin.py:190} INFO - [2025-01-14T02:21:09.762+0000] {override.py:1911} INFO - Created Permission View: can delete on DAG:consume_1_or_2_with_dataset_expressions
[2025-01-14T02:21:09.771+0000] {logging_mixin.py:190} INFO - [2025-01-14T02:21:09.771+0000] {override.py:1911} INFO - Created Permission View: can edit on DAG:consume_1_or_2_with_dataset_expressions
[2025-01-14T02:21:09.783+0000] {logging_mixin.py:190} INFO - [2025-01-14T02:21:09.783+0000] {override.py:1911} INFO - Created Permission View: can read on DAG Run:consume_1_or_2_with_dataset_expressions
[2025-01-14T02:21:09.792+0000] {logging_mixin.py:190} INFO - [2025-01-14T02:21:09.791+0000] {override.py:1911} INFO - Created Permission View: menu access on DAG Run:consume_1_or_2_with_dataset_expressions
[2025-01-14T02:21:09.799+0000] {logging_mixin.py:190} INFO - [2025-01-14T02:21:09.799+0000] {override.py:1911} INFO - Created Permission View: can create on DAG Run:consume_1_or_2_with_dataset_expressions
[2025-01-14T02:21:09.809+0000] {logging_mixin.py:190} INFO - [2025-01-14T02:21:09.808+0000] {override.py:1911} INFO - Created Permission View: can delete on DAG Run:consume_1_or_2_with_dataset_expressions
[2025-01-14T02:21:09.823+0000] {logging_mixin.py:190} INFO - [2025-01-14T02:21:09.823+0000] {override.py:1911} INFO - Created Permission View: can read on DAG:consume_1_or_both_2_and_3_with_dataset_expressions
[2025-01-14T02:21:09.832+0000] {logging_mixin.py:190} INFO - [2025-01-14T02:21:09.832+0000] {override.py:1911} INFO - Created Permission View: can delete on DAG:consume_1_or_both_2_and_3_with_dataset_expressions
[2025-01-14T02:21:09.840+0000] {logging_mixin.py:190} INFO - [2025-01-14T02:21:09.840+0000] {override.py:1911} INFO - Created Permission View: can edit on DAG:consume_1_or_both_2_and_3_with_dataset_expressions
[2025-01-14T02:21:09.850+0000] {logging_mixin.py:190} INFO - [2025-01-14T02:21:09.850+0000] {override.py:1911} INFO - Created Permission View: can read on DAG Run:consume_1_or_both_2_and_3_with_dataset_expressions
[2025-01-14T02:21:09.858+0000] {logging_mixin.py:190} INFO - [2025-01-14T02:21:09.858+0000] {override.py:1911} INFO - Created Permission View: menu access on DAG Run:consume_1_or_both_2_and_3_with_dataset_expressions
[2025-01-14T02:21:09.876+0000] {logging_mixin.py:190} INFO - [2025-01-14T02:21:09.876+0000] {override.py:1911} INFO - Created Permission View: can create on DAG Run:consume_1_or_both_2_and_3_with_dataset_expressions
[2025-01-14T02:21:09.885+0000] {logging_mixin.py:190} INFO - [2025-01-14T02:21:09.885+0000] {override.py:1911} INFO - Created Permission View: can delete on DAG Run:consume_1_or_both_2_and_3_with_dataset_expressions
[2025-01-14T02:21:09.911+0000] {logging_mixin.py:190} INFO - [2025-01-14T02:21:09.910+0000] {override.py:1911} INFO - Created Permission View: can read on DAG:dataset_consumes_1_never_scheduled
[2025-01-14T02:21:09.920+0000] {logging_mixin.py:190} INFO - [2025-01-14T02:21:09.920+0000] {override.py:1911} INFO - Created Permission View: can delete on DAG:dataset_consumes_1_never_scheduled
[2025-01-14T02:21:09.930+0000] {logging_mixin.py:190} INFO - [2025-01-14T02:21:09.929+0000] {override.py:1911} INFO - Created Permission View: can edit on DAG:dataset_consumes_1_never_scheduled
[2025-01-14T02:21:09.942+0000] {logging_mixin.py:190} INFO - [2025-01-14T02:21:09.942+0000] {override.py:1911} INFO - Created Permission View: can read on DAG Run:dataset_consumes_1_never_scheduled
[2025-01-14T02:21:09.952+0000] {logging_mixin.py:190} INFO - [2025-01-14T02:21:09.952+0000] {override.py:1911} INFO - Created Permission View: menu access on DAG Run:dataset_consumes_1_never_scheduled
[2025-01-14T02:21:09.961+0000] {logging_mixin.py:190} INFO - [2025-01-14T02:21:09.961+0000] {override.py:1911} INFO - Created Permission View: can create on DAG Run:dataset_consumes_1_never_scheduled
[2025-01-14T02:21:09.970+0000] {logging_mixin.py:190} INFO - [2025-01-14T02:21:09.970+0000] {override.py:1911} INFO - Created Permission View: can delete on DAG Run:dataset_consumes_1_never_scheduled
[2025-01-14T02:21:09.986+0000] {logging_mixin.py:190} INFO - [2025-01-14T02:21:09.985+0000] {override.py:1911} INFO - Created Permission View: can read on DAG:dataset_consumes_1_and_2
[2025-01-14T02:21:09.995+0000] {logging_mixin.py:190} INFO - [2025-01-14T02:21:09.994+0000] {override.py:1911} INFO - Created Permission View: can delete on DAG:dataset_consumes_1_and_2
[2025-01-14T02:21:10.004+0000] {logging_mixin.py:190} INFO - [2025-01-14T02:21:10.003+0000] {override.py:1911} INFO - Created Permission View: can edit on DAG:dataset_consumes_1_and_2
[2025-01-14T02:21:10.016+0000] {logging_mixin.py:190} INFO - [2025-01-14T02:21:10.016+0000] {override.py:1911} INFO - Created Permission View: can read on DAG Run:dataset_consumes_1_and_2
[2025-01-14T02:21:10.027+0000] {logging_mixin.py:190} INFO - [2025-01-14T02:21:10.026+0000] {override.py:1911} INFO - Created Permission View: menu access on DAG Run:dataset_consumes_1_and_2
[2025-01-14T02:21:10.035+0000] {logging_mixin.py:190} INFO - [2025-01-14T02:21:10.035+0000] {override.py:1911} INFO - Created Permission View: can create on DAG Run:dataset_consumes_1_and_2
[2025-01-14T02:21:10.043+0000] {logging_mixin.py:190} INFO - [2025-01-14T02:21:10.042+0000] {override.py:1911} INFO - Created Permission View: can delete on DAG Run:dataset_consumes_1_and_2
[2025-01-14T02:21:10.056+0000] {logging_mixin.py:190} INFO - [2025-01-14T02:21:10.056+0000] {override.py:1911} INFO - Created Permission View: can read on DAG:consume_1_and_2_with_dataset_expressions
[2025-01-14T02:21:10.064+0000] {logging_mixin.py:190} INFO - [2025-01-14T02:21:10.064+0000] {override.py:1911} INFO - Created Permission View: can delete on DAG:consume_1_and_2_with_dataset_expressions
[2025-01-14T02:21:10.072+0000] {logging_mixin.py:190} INFO - [2025-01-14T02:21:10.072+0000] {override.py:1911} INFO - Created Permission View: can edit on DAG:consume_1_and_2_with_dataset_expressions
[2025-01-14T02:21:10.083+0000] {logging_mixin.py:190} INFO - [2025-01-14T02:21:10.083+0000] {override.py:1911} INFO - Created Permission View: can read on DAG Run:consume_1_and_2_with_dataset_expressions
[2025-01-14T02:21:10.090+0000] {logging_mixin.py:190} INFO - [2025-01-14T02:21:10.090+0000] {override.py:1911} INFO - Created Permission View: menu access on DAG Run:consume_1_and_2_with_dataset_expressions
[2025-01-14T02:21:10.098+0000] {logging_mixin.py:190} INFO - [2025-01-14T02:21:10.098+0000] {override.py:1911} INFO - Created Permission View: can create on DAG Run:consume_1_and_2_with_dataset_expressions
[2025-01-14T02:21:10.106+0000] {logging_mixin.py:190} INFO - [2025-01-14T02:21:10.106+0000] {override.py:1911} INFO - Created Permission View: can delete on DAG Run:consume_1_and_2_with_dataset_expressions
[2025-01-14T02:21:10.107+0000] {logging_mixin.py:190} INFO - [2025-01-14T02:21:10.107+0000] {dag.py:3239} INFO - Sync 10 DAGs
[2025-01-14T02:21:10.117+0000] {logging_mixin.py:190} INFO - [2025-01-14T02:21:10.117+0000] {dag.py:3262} INFO - Creating ORM DAG for dataset_consumes_1_never_scheduled
[2025-01-14T02:21:10.118+0000] {logging_mixin.py:190} INFO - [2025-01-14T02:21:10.118+0000] {dag.py:3262} INFO - Creating ORM DAG for dataset_produces_1
[2025-01-14T02:21:10.119+0000] {logging_mixin.py:190} INFO - [2025-01-14T02:21:10.119+0000] {dag.py:3262} INFO - Creating ORM DAG for dataset_consumes_1
[2025-01-14T02:21:10.121+0000] {logging_mixin.py:190} INFO - [2025-01-14T02:21:10.121+0000] {dag.py:3262} INFO - Creating ORM DAG for dataset_produces_2
[2025-01-14T02:21:10.122+0000] {logging_mixin.py:190} INFO - [2025-01-14T02:21:10.122+0000] {dag.py:3262} INFO - Creating ORM DAG for dataset_consumes_1_and_2
[2025-01-14T02:21:10.123+0000] {logging_mixin.py:190} INFO - [2025-01-14T02:21:10.123+0000] {dag.py:3262} INFO - Creating ORM DAG for consume_1_or_both_2_and_3_with_dataset_expressions
[2025-01-14T02:21:10.124+0000] {logging_mixin.py:190} INFO - [2025-01-14T02:21:10.123+0000] {dag.py:3262} INFO - Creating ORM DAG for consume_1_and_2_with_dataset_expressions
[2025-01-14T02:21:10.124+0000] {logging_mixin.py:190} INFO - [2025-01-14T02:21:10.124+0000] {dag.py:3262} INFO - Creating ORM DAG for conditional_dataset_and_time_based_timetable
[2025-01-14T02:21:10.125+0000] {logging_mixin.py:190} INFO - [2025-01-14T02:21:10.125+0000] {dag.py:3262} INFO - Creating ORM DAG for dataset_consumes_unknown_never_scheduled
[2025-01-14T02:21:10.126+0000] {logging_mixin.py:190} INFO - [2025-01-14T02:21:10.125+0000] {dag.py:3262} INFO - Creating ORM DAG for consume_1_or_2_with_dataset_expressions
[2025-01-14T02:21:10.134+0000] {logging_mixin.py:190} INFO - [2025-01-14T02:21:10.134+0000] {dag.py:4180} INFO - Setting next_dagrun for conditional_dataset_and_time_based_timetable to 2025-01-08 01:00:00+00:00, run_after=2025-01-08 01:00:00+00:00
[2025-01-14T02:21:10.135+0000] {logging_mixin.py:190} INFO - [2025-01-14T02:21:10.135+0000] {dag.py:4180} INFO - Setting next_dagrun for consume_1_and_2_with_dataset_expressions to None, run_after=None
[2025-01-14T02:21:10.135+0000] {logging_mixin.py:190} INFO - [2025-01-14T02:21:10.135+0000] {dag.py:4180} INFO - Setting next_dagrun for consume_1_or_2_with_dataset_expressions to None, run_after=None
[2025-01-14T02:21:10.136+0000] {logging_mixin.py:190} INFO - [2025-01-14T02:21:10.136+0000] {dag.py:4180} INFO - Setting next_dagrun for consume_1_or_both_2_and_3_with_dataset_expressions to None, run_after=None
[2025-01-14T02:21:10.137+0000] {logging_mixin.py:190} INFO - [2025-01-14T02:21:10.136+0000] {dag.py:4180} INFO - Setting next_dagrun for dataset_consumes_1 to None, run_after=None
[2025-01-14T02:21:10.137+0000] {logging_mixin.py:190} INFO - [2025-01-14T02:21:10.137+0000] {dag.py:4180} INFO - Setting next_dagrun for dataset_consumes_1_and_2 to None, run_after=None
[2025-01-14T02:21:10.138+0000] {logging_mixin.py:190} INFO - [2025-01-14T02:21:10.138+0000] {dag.py:4180} INFO - Setting next_dagrun for dataset_consumes_1_never_scheduled to None, run_after=None
[2025-01-14T02:21:10.139+0000] {logging_mixin.py:190} INFO - [2025-01-14T02:21:10.139+0000] {dag.py:4180} INFO - Setting next_dagrun for dataset_consumes_unknown_never_scheduled to None, run_after=None
[2025-01-14T02:21:10.140+0000] {logging_mixin.py:190} INFO - [2025-01-14T02:21:10.140+0000] {dag.py:4180} INFO - Setting next_dagrun for dataset_produces_1 to 2025-01-13 00:00:00+00:00, run_after=2025-01-14 00:00:00+00:00
[2025-01-14T02:21:10.141+0000] {logging_mixin.py:190} INFO - [2025-01-14T02:21:10.141+0000] {dag.py:4180} INFO - Setting next_dagrun for dataset_produces_2 to None, run_after=None
[2025-01-14T02:21:10.186+0000] {processor.py:208} INFO - Processing /home/airflow/.local/lib/python3.12/site-packages/airflow/example_dags/example_datasets.py took 1.339 seconds
[2025-01-14T02:21:40.317+0000] {processor.py:186} INFO - Started process (PID=628) to work on /home/airflow/.local/lib/python3.12/site-packages/airflow/example_dags/example_datasets.py
[2025-01-14T02:21:40.318+0000] {processor.py:914} INFO - Processing file /home/airflow/.local/lib/python3.12/site-packages/airflow/example_dags/example_datasets.py for tasks to queue
[2025-01-14T02:21:40.320+0000] {logging_mixin.py:190} INFO - [2025-01-14T02:21:40.320+0000] {dagbag.py:588} INFO - Filling up the DagBag from /home/airflow/.local/lib/python3.12/site-packages/airflow/example_dags/example_datasets.py
[2025-01-14T02:21:40.738+0000] {processor.py:925} INFO - DAG(s) 'dataset_consumes_1_and_2', 'consume_1_or_2_with_dataset_expressions', 'conditional_dataset_and_time_based_timetable', 'dataset_consumes_1_never_scheduled', 'consume_1_and_2_with_dataset_expressions', 'dataset_produces_1', 'consume_1_or_both_2_and_3_with_dataset_expressions', 'dataset_consumes_1', 'dataset_consumes_unknown_never_scheduled', 'dataset_produces_2' retrieved from /home/airflow/.local/lib/python3.12/site-packages/airflow/example_dags/example_datasets.py
[2025-01-14T02:21:40.775+0000] {logging_mixin.py:190} INFO - [2025-01-14T02:21:40.775+0000] {dag.py:3239} INFO - Sync 10 DAGs
[2025-01-14T02:21:40.798+0000] {logging_mixin.py:190} INFO - [2025-01-14T02:21:40.798+0000] {dag.py:4180} INFO - Setting next_dagrun for conditional_dataset_and_time_based_timetable to 2025-01-08 01:00:00+00:00, run_after=2025-01-08 01:00:00+00:00
[2025-01-14T02:21:40.802+0000] {logging_mixin.py:190} INFO - [2025-01-14T02:21:40.802+0000] {dag.py:4180} INFO - Setting next_dagrun for consume_1_and_2_with_dataset_expressions to None, run_after=None
[2025-01-14T02:21:40.804+0000] {logging_mixin.py:190} INFO - [2025-01-14T02:21:40.804+0000] {dag.py:4180} INFO - Setting next_dagrun for consume_1_or_2_with_dataset_expressions to None, run_after=None
[2025-01-14T02:21:40.806+0000] {logging_mixin.py:190} INFO - [2025-01-14T02:21:40.806+0000] {dag.py:4180} INFO - Setting next_dagrun for consume_1_or_both_2_and_3_with_dataset_expressions to None, run_after=None
[2025-01-14T02:21:40.808+0000] {logging_mixin.py:190} INFO - [2025-01-14T02:21:40.808+0000] {dag.py:4180} INFO - Setting next_dagrun for dataset_consumes_1 to None, run_after=None
[2025-01-14T02:21:40.809+0000] {logging_mixin.py:190} INFO - [2025-01-14T02:21:40.809+0000] {dag.py:4180} INFO - Setting next_dagrun for dataset_consumes_1_and_2 to None, run_after=None
[2025-01-14T02:21:40.810+0000] {logging_mixin.py:190} INFO - [2025-01-14T02:21:40.810+0000] {dag.py:4180} INFO - Setting next_dagrun for dataset_consumes_1_never_scheduled to None, run_after=None
[2025-01-14T02:21:40.812+0000] {logging_mixin.py:190} INFO - [2025-01-14T02:21:40.812+0000] {dag.py:4180} INFO - Setting next_dagrun for dataset_consumes_unknown_never_scheduled to None, run_after=None
[2025-01-14T02:21:40.815+0000] {logging_mixin.py:190} INFO - [2025-01-14T02:21:40.815+0000] {dag.py:4180} INFO - Setting next_dagrun for dataset_produces_1 to 2025-01-13 00:00:00+00:00, run_after=2025-01-14 00:00:00+00:00
[2025-01-14T02:21:40.816+0000] {logging_mixin.py:190} INFO - [2025-01-14T02:21:40.816+0000] {dag.py:4180} INFO - Setting next_dagrun for dataset_produces_2 to None, run_after=None
[2025-01-14T02:21:40.855+0000] {processor.py:208} INFO - Processing /home/airflow/.local/lib/python3.12/site-packages/airflow/example_dags/example_datasets.py took 0.542 seconds
[2025-01-14T02:22:11.505+0000] {processor.py:186} INFO - Started process (PID=919) to work on /home/airflow/.local/lib/python3.12/site-packages/airflow/example_dags/example_datasets.py
[2025-01-14T02:22:11.507+0000] {processor.py:914} INFO - Processing file /home/airflow/.local/lib/python3.12/site-packages/airflow/example_dags/example_datasets.py for tasks to queue
[2025-01-14T02:22:11.509+0000] {logging_mixin.py:190} INFO - [2025-01-14T02:22:11.508+0000] {dagbag.py:588} INFO - Filling up the DagBag from /home/airflow/.local/lib/python3.12/site-packages/airflow/example_dags/example_datasets.py
[2025-01-14T02:22:12.017+0000] {processor.py:925} INFO - DAG(s) 'dataset_consumes_1', 'dataset_consumes_1_never_scheduled', 'consume_1_or_2_with_dataset_expressions', 'consume_1_and_2_with_dataset_expressions', 'consume_1_or_both_2_and_3_with_dataset_expressions', 'dataset_produces_1', 'conditional_dataset_and_time_based_timetable', 'dataset_consumes_unknown_never_scheduled', 'dataset_consumes_1_and_2', 'dataset_produces_2' retrieved from /home/airflow/.local/lib/python3.12/site-packages/airflow/example_dags/example_datasets.py
[2025-01-14T02:22:12.054+0000] {logging_mixin.py:190} INFO - [2025-01-14T02:22:12.054+0000] {dag.py:3239} INFO - Sync 10 DAGs
[2025-01-14T02:22:12.073+0000] {logging_mixin.py:190} INFO - [2025-01-14T02:22:12.072+0000] {dag.py:4180} INFO - Setting next_dagrun for conditional_dataset_and_time_based_timetable to 2025-01-08 01:00:00+00:00, run_after=2025-01-08 01:00:00+00:00
[2025-01-14T02:22:12.076+0000] {logging_mixin.py:190} INFO - [2025-01-14T02:22:12.076+0000] {dag.py:4180} INFO - Setting next_dagrun for consume_1_and_2_with_dataset_expressions to None, run_after=None
[2025-01-14T02:22:12.079+0000] {logging_mixin.py:190} INFO - [2025-01-14T02:22:12.079+0000] {dag.py:4180} INFO - Setting next_dagrun for consume_1_or_2_with_dataset_expressions to None, run_after=None
[2025-01-14T02:22:12.081+0000] {logging_mixin.py:190} INFO - [2025-01-14T02:22:12.081+0000] {dag.py:4180} INFO - Setting next_dagrun for consume_1_or_both_2_and_3_with_dataset_expressions to None, run_after=None
[2025-01-14T02:22:12.082+0000] {logging_mixin.py:190} INFO - [2025-01-14T02:22:12.082+0000] {dag.py:4180} INFO - Setting next_dagrun for dataset_consumes_1 to None, run_after=None
[2025-01-14T02:22:12.084+0000] {logging_mixin.py:190} INFO - [2025-01-14T02:22:12.084+0000] {dag.py:4180} INFO - Setting next_dagrun for dataset_consumes_1_and_2 to None, run_after=None
[2025-01-14T02:22:12.086+0000] {logging_mixin.py:190} INFO - [2025-01-14T02:22:12.086+0000] {dag.py:4180} INFO - Setting next_dagrun for dataset_consumes_1_never_scheduled to None, run_after=None
[2025-01-14T02:22:12.088+0000] {logging_mixin.py:190} INFO - [2025-01-14T02:22:12.088+0000] {dag.py:4180} INFO - Setting next_dagrun for dataset_consumes_unknown_never_scheduled to None, run_after=None
[2025-01-14T02:22:12.091+0000] {logging_mixin.py:190} INFO - [2025-01-14T02:22:12.091+0000] {dag.py:4180} INFO - Setting next_dagrun for dataset_produces_1 to 2025-01-13 00:00:00+00:00, run_after=2025-01-14 00:00:00+00:00
[2025-01-14T02:22:12.092+0000] {logging_mixin.py:190} INFO - [2025-01-14T02:22:12.092+0000] {dag.py:4180} INFO - Setting next_dagrun for dataset_produces_2 to None, run_after=None
[2025-01-14T02:22:12.124+0000] {processor.py:208} INFO - Processing /home/airflow/.local/lib/python3.12/site-packages/airflow/example_dags/example_datasets.py took 0.624 seconds
[2025-01-14T02:22:42.215+0000] {processor.py:186} INFO - Started process (PID=1233) to work on /home/airflow/.local/lib/python3.12/site-packages/airflow/example_dags/example_datasets.py
[2025-01-14T02:22:42.216+0000] {processor.py:914} INFO - Processing file /home/airflow/.local/lib/python3.12/site-packages/airflow/example_dags/example_datasets.py for tasks to queue
[2025-01-14T02:22:42.219+0000] {logging_mixin.py:190} INFO - [2025-01-14T02:22:42.218+0000] {dagbag.py:588} INFO - Filling up the DagBag from /home/airflow/.local/lib/python3.12/site-packages/airflow/example_dags/example_datasets.py
[2025-01-14T02:22:42.824+0000] {processor.py:925} INFO - DAG(s) 'consume_1_or_both_2_and_3_with_dataset_expressions', 'dataset_produces_1', 'dataset_consumes_1_never_scheduled', 'dataset_consumes_1_and_2', 'dataset_consumes_unknown_never_scheduled', 'dataset_consumes_1', 'dataset_produces_2', 'consume_1_and_2_with_dataset_expressions', 'consume_1_or_2_with_dataset_expressions', 'conditional_dataset_and_time_based_timetable' retrieved from /home/airflow/.local/lib/python3.12/site-packages/airflow/example_dags/example_datasets.py
[2025-01-14T02:22:42.892+0000] {logging_mixin.py:190} INFO - [2025-01-14T02:22:42.891+0000] {dag.py:3239} INFO - Sync 10 DAGs
[2025-01-14T02:22:42.913+0000] {logging_mixin.py:190} INFO - [2025-01-14T02:22:42.913+0000] {dag.py:4180} INFO - Setting next_dagrun for conditional_dataset_and_time_based_timetable to 2025-01-08 01:00:00+00:00, run_after=2025-01-08 01:00:00+00:00
[2025-01-14T02:22:42.917+0000] {logging_mixin.py:190} INFO - [2025-01-14T02:22:42.917+0000] {dag.py:4180} INFO - Setting next_dagrun for consume_1_and_2_with_dataset_expressions to None, run_after=None
[2025-01-14T02:22:42.920+0000] {logging_mixin.py:190} INFO - [2025-01-14T02:22:42.920+0000] {dag.py:4180} INFO - Setting next_dagrun for consume_1_or_2_with_dataset_expressions to None, run_after=None
[2025-01-14T02:22:42.922+0000] {logging_mixin.py:190} INFO - [2025-01-14T02:22:42.922+0000] {dag.py:4180} INFO - Setting next_dagrun for consume_1_or_both_2_and_3_with_dataset_expressions to None, run_after=None
[2025-01-14T02:22:42.924+0000] {logging_mixin.py:190} INFO - [2025-01-14T02:22:42.924+0000] {dag.py:4180} INFO - Setting next_dagrun for dataset_consumes_1 to None, run_after=None
[2025-01-14T02:22:42.927+0000] {logging_mixin.py:190} INFO - [2025-01-14T02:22:42.927+0000] {dag.py:4180} INFO - Setting next_dagrun for dataset_consumes_1_and_2 to None, run_after=None
[2025-01-14T02:22:42.929+0000] {logging_mixin.py:190} INFO - [2025-01-14T02:22:42.929+0000] {dag.py:4180} INFO - Setting next_dagrun for dataset_consumes_1_never_scheduled to None, run_after=None
[2025-01-14T02:22:42.931+0000] {logging_mixin.py:190} INFO - [2025-01-14T02:22:42.930+0000] {dag.py:4180} INFO - Setting next_dagrun for dataset_consumes_unknown_never_scheduled to None, run_after=None
[2025-01-14T02:22:42.933+0000] {logging_mixin.py:190} INFO - [2025-01-14T02:22:42.933+0000] {dag.py:4180} INFO - Setting next_dagrun for dataset_produces_1 to 2025-01-13 00:00:00+00:00, run_after=2025-01-14 00:00:00+00:00
[2025-01-14T02:22:42.935+0000] {logging_mixin.py:190} INFO - [2025-01-14T02:22:42.935+0000] {dag.py:4180} INFO - Setting next_dagrun for dataset_produces_2 to None, run_after=None
[2025-01-14T02:22:42.972+0000] {processor.py:208} INFO - Processing /home/airflow/.local/lib/python3.12/site-packages/airflow/example_dags/example_datasets.py took 0.763 seconds
[2025-01-14T02:23:13.710+0000] {processor.py:186} INFO - Started process (PID=1536) to work on /home/airflow/.local/lib/python3.12/site-packages/airflow/example_dags/example_datasets.py
[2025-01-14T02:23:13.713+0000] {processor.py:914} INFO - Processing file /home/airflow/.local/lib/python3.12/site-packages/airflow/example_dags/example_datasets.py for tasks to queue
[2025-01-14T02:23:13.716+0000] {logging_mixin.py:190} INFO - [2025-01-14T02:23:13.716+0000] {dagbag.py:588} INFO - Filling up the DagBag from /home/airflow/.local/lib/python3.12/site-packages/airflow/example_dags/example_datasets.py
[2025-01-14T02:23:14.257+0000] {processor.py:925} INFO - DAG(s) 'consume_1_and_2_with_dataset_expressions', 'dataset_consumes_1', 'dataset_consumes_1_never_scheduled', 'dataset_consumes_1_and_2', 'consume_1_or_2_with_dataset_expressions', 'consume_1_or_both_2_and_3_with_dataset_expressions', 'dataset_produces_2', 'dataset_produces_1', 'conditional_dataset_and_time_based_timetable', 'dataset_consumes_unknown_never_scheduled' retrieved from /home/airflow/.local/lib/python3.12/site-packages/airflow/example_dags/example_datasets.py
[2025-01-14T02:23:14.291+0000] {logging_mixin.py:190} INFO - [2025-01-14T02:23:14.291+0000] {dag.py:3239} INFO - Sync 10 DAGs
[2025-01-14T02:23:14.310+0000] {logging_mixin.py:190} INFO - [2025-01-14T02:23:14.310+0000] {dag.py:4180} INFO - Setting next_dagrun for conditional_dataset_and_time_based_timetable to 2025-01-08 01:00:00+00:00, run_after=2025-01-08 01:00:00+00:00
[2025-01-14T02:23:14.313+0000] {logging_mixin.py:190} INFO - [2025-01-14T02:23:14.313+0000] {dag.py:4180} INFO - Setting next_dagrun for consume_1_and_2_with_dataset_expressions to None, run_after=None
[2025-01-14T02:23:14.315+0000] {logging_mixin.py:190} INFO - [2025-01-14T02:23:14.315+0000] {dag.py:4180} INFO - Setting next_dagrun for consume_1_or_2_with_dataset_expressions to None, run_after=None
[2025-01-14T02:23:14.317+0000] {logging_mixin.py:190} INFO - [2025-01-14T02:23:14.317+0000] {dag.py:4180} INFO - Setting next_dagrun for consume_1_or_both_2_and_3_with_dataset_expressions to None, run_after=None
[2025-01-14T02:23:14.318+0000] {logging_mixin.py:190} INFO - [2025-01-14T02:23:14.318+0000] {dag.py:4180} INFO - Setting next_dagrun for dataset_consumes_1 to None, run_after=None
[2025-01-14T02:23:14.320+0000] {logging_mixin.py:190} INFO - [2025-01-14T02:23:14.320+0000] {dag.py:4180} INFO - Setting next_dagrun for dataset_consumes_1_and_2 to None, run_after=None
[2025-01-14T02:23:14.321+0000] {logging_mixin.py:190} INFO - [2025-01-14T02:23:14.321+0000] {dag.py:4180} INFO - Setting next_dagrun for dataset_consumes_1_never_scheduled to None, run_after=None
[2025-01-14T02:23:14.323+0000] {logging_mixin.py:190} INFO - [2025-01-14T02:23:14.323+0000] {dag.py:4180} INFO - Setting next_dagrun for dataset_consumes_unknown_never_scheduled to None, run_after=None
[2025-01-14T02:23:14.325+0000] {logging_mixin.py:190} INFO - [2025-01-14T02:23:14.325+0000] {dag.py:4180} INFO - Setting next_dagrun for dataset_produces_1 to 2025-01-13 00:00:00+00:00, run_after=2025-01-14 00:00:00+00:00
[2025-01-14T02:23:14.327+0000] {logging_mixin.py:190} INFO - [2025-01-14T02:23:14.327+0000] {dag.py:4180} INFO - Setting next_dagrun for dataset_produces_2 to None, run_after=None
[2025-01-14T02:23:14.358+0000] {processor.py:208} INFO - Processing /home/airflow/.local/lib/python3.12/site-packages/airflow/example_dags/example_datasets.py took 0.658 seconds
[2025-01-14T02:23:45.150+0000] {processor.py:186} INFO - Started process (PID=1837) to work on /home/airflow/.local/lib/python3.12/site-packages/airflow/example_dags/example_datasets.py
[2025-01-14T02:23:45.152+0000] {processor.py:914} INFO - Processing file /home/airflow/.local/lib/python3.12/site-packages/airflow/example_dags/example_datasets.py for tasks to queue
[2025-01-14T02:23:45.155+0000] {logging_mixin.py:190} INFO - [2025-01-14T02:23:45.154+0000] {dagbag.py:588} INFO - Filling up the DagBag from /home/airflow/.local/lib/python3.12/site-packages/airflow/example_dags/example_datasets.py
[2025-01-14T02:23:45.695+0000] {processor.py:925} INFO - DAG(s) 'consume_1_or_2_with_dataset_expressions', 'conditional_dataset_and_time_based_timetable', 'dataset_produces_2', 'dataset_consumes_1_and_2', 'consume_1_and_2_with_dataset_expressions', 'dataset_consumes_1', 'dataset_produces_1', 'dataset_consumes_unknown_never_scheduled', 'consume_1_or_both_2_and_3_with_dataset_expressions', 'dataset_consumes_1_never_scheduled' retrieved from /home/airflow/.local/lib/python3.12/site-packages/airflow/example_dags/example_datasets.py
[2025-01-14T02:23:45.743+0000] {logging_mixin.py:190} INFO - [2025-01-14T02:23:45.743+0000] {dag.py:3239} INFO - Sync 10 DAGs
[2025-01-14T02:23:45.785+0000] {logging_mixin.py:190} INFO - [2025-01-14T02:23:45.784+0000] {dag.py:4180} INFO - Setting next_dagrun for conditional_dataset_and_time_based_timetable to 2025-01-08 01:00:00+00:00, run_after=2025-01-08 01:00:00+00:00
[2025-01-14T02:23:45.799+0000] {logging_mixin.py:190} INFO - [2025-01-14T02:23:45.798+0000] {dag.py:4180} INFO - Setting next_dagrun for consume_1_and_2_with_dataset_expressions to None, run_after=None
[2025-01-14T02:23:45.807+0000] {logging_mixin.py:190} INFO - [2025-01-14T02:23:45.806+0000] {dag.py:4180} INFO - Setting next_dagrun for consume_1_or_2_with_dataset_expressions to None, run_after=None
[2025-01-14T02:23:45.828+0000] {logging_mixin.py:190} INFO - [2025-01-14T02:23:45.828+0000] {dag.py:4180} INFO - Setting next_dagrun for consume_1_or_both_2_and_3_with_dataset_expressions to None, run_after=None
[2025-01-14T02:23:45.848+0000] {logging_mixin.py:190} INFO - [2025-01-14T02:23:45.848+0000] {dag.py:4180} INFO - Setting next_dagrun for dataset_consumes_1 to None, run_after=None
[2025-01-14T02:23:45.859+0000] {logging_mixin.py:190} INFO - [2025-01-14T02:23:45.859+0000] {dag.py:4180} INFO - Setting next_dagrun for dataset_consumes_1_and_2 to None, run_after=None
[2025-01-14T02:23:45.863+0000] {logging_mixin.py:190} INFO - [2025-01-14T02:23:45.862+0000] {dag.py:4180} INFO - Setting next_dagrun for dataset_consumes_1_never_scheduled to None, run_after=None
[2025-01-14T02:23:45.868+0000] {logging_mixin.py:190} INFO - [2025-01-14T02:23:45.867+0000] {dag.py:4180} INFO - Setting next_dagrun for dataset_consumes_unknown_never_scheduled to None, run_after=None
[2025-01-14T02:23:45.871+0000] {logging_mixin.py:190} INFO - [2025-01-14T02:23:45.871+0000] {dag.py:4180} INFO - Setting next_dagrun for dataset_produces_1 to 2025-01-13 00:00:00+00:00, run_after=2025-01-14 00:00:00+00:00
[2025-01-14T02:23:45.872+0000] {logging_mixin.py:190} INFO - [2025-01-14T02:23:45.872+0000] {dag.py:4180} INFO - Setting next_dagrun for dataset_produces_2 to None, run_after=None
[2025-01-14T02:23:45.902+0000] {processor.py:208} INFO - Processing /home/airflow/.local/lib/python3.12/site-packages/airflow/example_dags/example_datasets.py took 0.760 seconds
[2025-01-14T02:24:17.669+0000] {processor.py:186} INFO - Started process (PID=2128) to work on /home/airflow/.local/lib/python3.12/site-packages/airflow/example_dags/example_datasets.py
[2025-01-14T02:24:17.671+0000] {processor.py:914} INFO - Processing file /home/airflow/.local/lib/python3.12/site-packages/airflow/example_dags/example_datasets.py for tasks to queue
[2025-01-14T02:24:17.673+0000] {logging_mixin.py:190} INFO - [2025-01-14T02:24:17.673+0000] {dagbag.py:588} INFO - Filling up the DagBag from /home/airflow/.local/lib/python3.12/site-packages/airflow/example_dags/example_datasets.py
[2025-01-14T02:24:18.692+0000] {processor.py:925} INFO - DAG(s) 'dataset_consumes_unknown_never_scheduled', 'consume_1_or_2_with_dataset_expressions', 'dataset_consumes_1_and_2', 'dataset_produces_2', 'consume_1_or_both_2_and_3_with_dataset_expressions', 'conditional_dataset_and_time_based_timetable', 'dataset_consumes_1', 'dataset_consumes_1_never_scheduled', 'consume_1_and_2_with_dataset_expressions', 'dataset_produces_1' retrieved from /home/airflow/.local/lib/python3.12/site-packages/airflow/example_dags/example_datasets.py
[2025-01-14T02:24:18.744+0000] {logging_mixin.py:190} INFO - [2025-01-14T02:24:18.744+0000] {dag.py:3239} INFO - Sync 10 DAGs
[2025-01-14T02:24:18.783+0000] {logging_mixin.py:190} INFO - [2025-01-14T02:24:18.783+0000] {dag.py:4180} INFO - Setting next_dagrun for conditional_dataset_and_time_based_timetable to 2025-01-08 01:00:00+00:00, run_after=2025-01-08 01:00:00+00:00
[2025-01-14T02:24:18.811+0000] {logging_mixin.py:190} INFO - [2025-01-14T02:24:18.811+0000] {dag.py:4180} INFO - Setting next_dagrun for consume_1_and_2_with_dataset_expressions to None, run_after=None
[2025-01-14T02:24:18.813+0000] {logging_mixin.py:190} INFO - [2025-01-14T02:24:18.813+0000] {dag.py:4180} INFO - Setting next_dagrun for consume_1_or_2_with_dataset_expressions to None, run_after=None
[2025-01-14T02:24:18.816+0000] {logging_mixin.py:190} INFO - [2025-01-14T02:24:18.816+0000] {dag.py:4180} INFO - Setting next_dagrun for consume_1_or_both_2_and_3_with_dataset_expressions to None, run_after=None
[2025-01-14T02:24:18.818+0000] {logging_mixin.py:190} INFO - [2025-01-14T02:24:18.818+0000] {dag.py:4180} INFO - Setting next_dagrun for dataset_consumes_1 to None, run_after=None
[2025-01-14T02:24:18.820+0000] {logging_mixin.py:190} INFO - [2025-01-14T02:24:18.820+0000] {dag.py:4180} INFO - Setting next_dagrun for dataset_consumes_1_and_2 to None, run_after=None
[2025-01-14T02:24:18.822+0000] {logging_mixin.py:190} INFO - [2025-01-14T02:24:18.822+0000] {dag.py:4180} INFO - Setting next_dagrun for dataset_consumes_1_never_scheduled to None, run_after=None
[2025-01-14T02:24:18.824+0000] {logging_mixin.py:190} INFO - [2025-01-14T02:24:18.824+0000] {dag.py:4180} INFO - Setting next_dagrun for dataset_consumes_unknown_never_scheduled to None, run_after=None
[2025-01-14T02:24:18.827+0000] {logging_mixin.py:190} INFO - [2025-01-14T02:24:18.827+0000] {dag.py:4180} INFO - Setting next_dagrun for dataset_produces_1 to 2025-01-13 00:00:00+00:00, run_after=2025-01-14 00:00:00+00:00
[2025-01-14T02:24:18.829+0000] {logging_mixin.py:190} INFO - [2025-01-14T02:24:18.829+0000] {dag.py:4180} INFO - Setting next_dagrun for dataset_produces_2 to None, run_after=None
[2025-01-14T02:24:18.866+0000] {processor.py:208} INFO - Processing /home/airflow/.local/lib/python3.12/site-packages/airflow/example_dags/example_datasets.py took 1.205 seconds
[2025-01-14T02:24:49.220+0000] {processor.py:186} INFO - Started process (PID=2425) to work on /home/airflow/.local/lib/python3.12/site-packages/airflow/example_dags/example_datasets.py
[2025-01-14T02:24:49.222+0000] {processor.py:914} INFO - Processing file /home/airflow/.local/lib/python3.12/site-packages/airflow/example_dags/example_datasets.py for tasks to queue
[2025-01-14T02:24:49.226+0000] {logging_mixin.py:190} INFO - [2025-01-14T02:24:49.225+0000] {dagbag.py:588} INFO - Filling up the DagBag from /home/airflow/.local/lib/python3.12/site-packages/airflow/example_dags/example_datasets.py
[2025-01-14T02:24:49.869+0000] {processor.py:925} INFO - DAG(s) 'consume_1_and_2_with_dataset_expressions', 'consume_1_or_both_2_and_3_with_dataset_expressions', 'dataset_produces_2', 'dataset_produces_1', 'dataset_consumes_1', 'consume_1_or_2_with_dataset_expressions', 'dataset_consumes_1_never_scheduled', 'dataset_consumes_unknown_never_scheduled', 'conditional_dataset_and_time_based_timetable', 'dataset_consumes_1_and_2' retrieved from /home/airflow/.local/lib/python3.12/site-packages/airflow/example_dags/example_datasets.py
[2025-01-14T02:24:49.924+0000] {logging_mixin.py:190} INFO - [2025-01-14T02:24:49.923+0000] {dag.py:3239} INFO - Sync 10 DAGs
[2025-01-14T02:24:49.947+0000] {logging_mixin.py:190} INFO - [2025-01-14T02:24:49.947+0000] {dag.py:4180} INFO - Setting next_dagrun for conditional_dataset_and_time_based_timetable to 2025-01-08 01:00:00+00:00, run_after=2025-01-08 01:00:00+00:00
[2025-01-14T02:24:49.954+0000] {logging_mixin.py:190} INFO - [2025-01-14T02:24:49.954+0000] {dag.py:4180} INFO - Setting next_dagrun for consume_1_and_2_with_dataset_expressions to None, run_after=None
[2025-01-14T02:24:49.956+0000] {logging_mixin.py:190} INFO - [2025-01-14T02:24:49.956+0000] {dag.py:4180} INFO - Setting next_dagrun for consume_1_or_2_with_dataset_expressions to None, run_after=None
[2025-01-14T02:24:49.963+0000] {logging_mixin.py:190} INFO - [2025-01-14T02:24:49.962+0000] {dag.py:4180} INFO - Setting next_dagrun for consume_1_or_both_2_and_3_with_dataset_expressions to None, run_after=None
[2025-01-14T02:24:49.965+0000] {logging_mixin.py:190} INFO - [2025-01-14T02:24:49.965+0000] {dag.py:4180} INFO - Setting next_dagrun for dataset_consumes_1 to None, run_after=None
[2025-01-14T02:24:49.977+0000] {logging_mixin.py:190} INFO - [2025-01-14T02:24:49.977+0000] {dag.py:4180} INFO - Setting next_dagrun for dataset_consumes_1_and_2 to None, run_after=None
[2025-01-14T02:24:49.982+0000] {logging_mixin.py:190} INFO - [2025-01-14T02:24:49.982+0000] {dag.py:4180} INFO - Setting next_dagrun for dataset_consumes_1_never_scheduled to None, run_after=None
[2025-01-14T02:24:49.985+0000] {logging_mixin.py:190} INFO - [2025-01-14T02:24:49.985+0000] {dag.py:4180} INFO - Setting next_dagrun for dataset_consumes_unknown_never_scheduled to None, run_after=None
[2025-01-14T02:24:49.993+0000] {logging_mixin.py:190} INFO - [2025-01-14T02:24:49.993+0000] {dag.py:4180} INFO - Setting next_dagrun for dataset_produces_1 to 2025-01-13 00:00:00+00:00, run_after=2025-01-14 00:00:00+00:00
[2025-01-14T02:24:49.999+0000] {logging_mixin.py:190} INFO - [2025-01-14T02:24:49.999+0000] {dag.py:4180} INFO - Setting next_dagrun for dataset_produces_2 to None, run_after=None
[2025-01-14T02:24:50.053+0000] {processor.py:208} INFO - Processing /home/airflow/.local/lib/python3.12/site-packages/airflow/example_dags/example_datasets.py took 0.840 seconds
[2025-01-14T02:25:20.459+0000] {processor.py:186} INFO - Started process (PID=2716) to work on /home/airflow/.local/lib/python3.12/site-packages/airflow/example_dags/example_datasets.py
[2025-01-14T02:25:20.482+0000] {processor.py:914} INFO - Processing file /home/airflow/.local/lib/python3.12/site-packages/airflow/example_dags/example_datasets.py for tasks to queue
[2025-01-14T02:25:20.504+0000] {logging_mixin.py:190} INFO - [2025-01-14T02:25:20.503+0000] {dagbag.py:588} INFO - Filling up the DagBag from /home/airflow/.local/lib/python3.12/site-packages/airflow/example_dags/example_datasets.py
[2025-01-14T02:25:21.326+0000] {processor.py:925} INFO - DAG(s) 'dataset_consumes_1_never_scheduled', 'dataset_consumes_1_and_2', 'dataset_produces_2', 'consume_1_and_2_with_dataset_expressions', 'dataset_produces_1', 'consume_1_or_both_2_and_3_with_dataset_expressions', 'dataset_consumes_unknown_never_scheduled', 'dataset_consumes_1', 'consume_1_or_2_with_dataset_expressions', 'conditional_dataset_and_time_based_timetable' retrieved from /home/airflow/.local/lib/python3.12/site-packages/airflow/example_dags/example_datasets.py
[2025-01-14T02:25:21.386+0000] {logging_mixin.py:190} INFO - [2025-01-14T02:25:21.386+0000] {dag.py:3239} INFO - Sync 10 DAGs
[2025-01-14T02:25:21.415+0000] {logging_mixin.py:190} INFO - [2025-01-14T02:25:21.414+0000] {dag.py:4180} INFO - Setting next_dagrun for conditional_dataset_and_time_based_timetable to 2025-01-08 01:00:00+00:00, run_after=2025-01-08 01:00:00+00:00
[2025-01-14T02:25:21.438+0000] {logging_mixin.py:190} INFO - [2025-01-14T02:25:21.438+0000] {dag.py:4180} INFO - Setting next_dagrun for consume_1_and_2_with_dataset_expressions to None, run_after=None
[2025-01-14T02:25:21.445+0000] {logging_mixin.py:190} INFO - [2025-01-14T02:25:21.444+0000] {dag.py:4180} INFO - Setting next_dagrun for consume_1_or_2_with_dataset_expressions to None, run_after=None
[2025-01-14T02:25:21.452+0000] {logging_mixin.py:190} INFO - [2025-01-14T02:25:21.452+0000] {dag.py:4180} INFO - Setting next_dagrun for consume_1_or_both_2_and_3_with_dataset_expressions to None, run_after=None
[2025-01-14T02:25:21.455+0000] {logging_mixin.py:190} INFO - [2025-01-14T02:25:21.455+0000] {dag.py:4180} INFO - Setting next_dagrun for dataset_consumes_1 to None, run_after=None
[2025-01-14T02:25:21.459+0000] {logging_mixin.py:190} INFO - [2025-01-14T02:25:21.458+0000] {dag.py:4180} INFO - Setting next_dagrun for dataset_consumes_1_and_2 to None, run_after=None
[2025-01-14T02:25:21.462+0000] {logging_mixin.py:190} INFO - [2025-01-14T02:25:21.462+0000] {dag.py:4180} INFO - Setting next_dagrun for dataset_consumes_1_never_scheduled to None, run_after=None
[2025-01-14T02:25:21.467+0000] {logging_mixin.py:190} INFO - [2025-01-14T02:25:21.466+0000] {dag.py:4180} INFO - Setting next_dagrun for dataset_consumes_unknown_never_scheduled to None, run_after=None
[2025-01-14T02:25:21.473+0000] {logging_mixin.py:190} INFO - [2025-01-14T02:25:21.473+0000] {dag.py:4180} INFO - Setting next_dagrun for dataset_produces_1 to 2025-01-13 00:00:00+00:00, run_after=2025-01-14 00:00:00+00:00
[2025-01-14T02:25:21.476+0000] {logging_mixin.py:190} INFO - [2025-01-14T02:25:21.475+0000] {dag.py:4180} INFO - Setting next_dagrun for dataset_produces_2 to None, run_after=None
[2025-01-14T02:25:21.521+0000] {processor.py:208} INFO - Processing /home/airflow/.local/lib/python3.12/site-packages/airflow/example_dags/example_datasets.py took 1.071 seconds
[2025-01-14T02:25:51.949+0000] {processor.py:186} INFO - Started process (PID=3008) to work on /home/airflow/.local/lib/python3.12/site-packages/airflow/example_dags/example_datasets.py
[2025-01-14T02:25:51.950+0000] {processor.py:914} INFO - Processing file /home/airflow/.local/lib/python3.12/site-packages/airflow/example_dags/example_datasets.py for tasks to queue
[2025-01-14T02:25:51.953+0000] {logging_mixin.py:190} INFO - [2025-01-14T02:25:51.952+0000] {dagbag.py:588} INFO - Filling up the DagBag from /home/airflow/.local/lib/python3.12/site-packages/airflow/example_dags/example_datasets.py
[2025-01-14T02:25:52.500+0000] {processor.py:925} INFO - DAG(s) 'consume_1_or_both_2_and_3_with_dataset_expressions', 'dataset_consumes_unknown_never_scheduled', 'consume_1_and_2_with_dataset_expressions', 'dataset_consumes_1_never_scheduled', 'dataset_produces_2', 'consume_1_or_2_with_dataset_expressions', 'dataset_produces_1', 'conditional_dataset_and_time_based_timetable', 'dataset_consumes_1', 'dataset_consumes_1_and_2' retrieved from /home/airflow/.local/lib/python3.12/site-packages/airflow/example_dags/example_datasets.py
[2025-01-14T02:25:52.546+0000] {logging_mixin.py:190} INFO - [2025-01-14T02:25:52.546+0000] {dag.py:3239} INFO - Sync 10 DAGs
[2025-01-14T02:25:52.568+0000] {logging_mixin.py:190} INFO - [2025-01-14T02:25:52.568+0000] {dag.py:4180} INFO - Setting next_dagrun for conditional_dataset_and_time_based_timetable to 2025-01-08 01:00:00+00:00, run_after=2025-01-08 01:00:00+00:00
[2025-01-14T02:25:52.572+0000] {logging_mixin.py:190} INFO - [2025-01-14T02:25:52.572+0000] {dag.py:4180} INFO - Setting next_dagrun for consume_1_and_2_with_dataset_expressions to None, run_after=None
[2025-01-14T02:25:52.575+0000] {logging_mixin.py:190} INFO - [2025-01-14T02:25:52.575+0000] {dag.py:4180} INFO - Setting next_dagrun for consume_1_or_2_with_dataset_expressions to None, run_after=None
[2025-01-14T02:25:52.577+0000] {logging_mixin.py:190} INFO - [2025-01-14T02:25:52.576+0000] {dag.py:4180} INFO - Setting next_dagrun for consume_1_or_both_2_and_3_with_dataset_expressions to None, run_after=None
[2025-01-14T02:25:52.578+0000] {logging_mixin.py:190} INFO - [2025-01-14T02:25:52.578+0000] {dag.py:4180} INFO - Setting next_dagrun for dataset_consumes_1 to None, run_after=None
[2025-01-14T02:25:52.582+0000] {logging_mixin.py:190} INFO - [2025-01-14T02:25:52.582+0000] {dag.py:4180} INFO - Setting next_dagrun for dataset_consumes_1_and_2 to None, run_after=None
[2025-01-14T02:25:52.584+0000] {logging_mixin.py:190} INFO - [2025-01-14T02:25:52.584+0000] {dag.py:4180} INFO - Setting next_dagrun for dataset_consumes_1_never_scheduled to None, run_after=None
[2025-01-14T02:25:52.587+0000] {logging_mixin.py:190} INFO - [2025-01-14T02:25:52.587+0000] {dag.py:4180} INFO - Setting next_dagrun for dataset_consumes_unknown_never_scheduled to None, run_after=None
[2025-01-14T02:25:52.590+0000] {logging_mixin.py:190} INFO - [2025-01-14T02:25:52.590+0000] {dag.py:4180} INFO - Setting next_dagrun for dataset_produces_1 to 2025-01-13 00:00:00+00:00, run_after=2025-01-14 00:00:00+00:00
[2025-01-14T02:25:52.592+0000] {logging_mixin.py:190} INFO - [2025-01-14T02:25:52.592+0000] {dag.py:4180} INFO - Setting next_dagrun for dataset_produces_2 to None, run_after=None
[2025-01-14T02:25:52.629+0000] {processor.py:208} INFO - Processing /home/airflow/.local/lib/python3.12/site-packages/airflow/example_dags/example_datasets.py took 0.687 seconds
[2025-01-14T02:27:11.860+0000] {processor.py:186} INFO - Started process (PID=3248) to work on /home/airflow/.local/lib/python3.12/site-packages/airflow/example_dags/example_datasets.py
[2025-01-14T02:27:11.861+0000] {processor.py:914} INFO - Processing file /home/airflow/.local/lib/python3.12/site-packages/airflow/example_dags/example_datasets.py for tasks to queue
[2025-01-14T02:27:11.865+0000] {logging_mixin.py:190} INFO - [2025-01-14T02:27:11.864+0000] {dagbag.py:588} INFO - Filling up the DagBag from /home/airflow/.local/lib/python3.12/site-packages/airflow/example_dags/example_datasets.py
[2025-01-14T02:27:12.353+0000] {processor.py:925} INFO - DAG(s) 'consume_1_and_2_with_dataset_expressions', 'conditional_dataset_and_time_based_timetable', 'dataset_consumes_1', 'consume_1_or_both_2_and_3_with_dataset_expressions', 'dataset_consumes_1_and_2', 'dataset_consumes_1_never_scheduled', 'dataset_produces_2', 'dataset_produces_1', 'dataset_consumes_unknown_never_scheduled', 'consume_1_or_2_with_dataset_expressions' retrieved from /home/airflow/.local/lib/python3.12/site-packages/airflow/example_dags/example_datasets.py
[2025-01-14T02:27:12.400+0000] {logging_mixin.py:190} INFO - [2025-01-14T02:27:12.400+0000] {dag.py:3239} INFO - Sync 10 DAGs
[2025-01-14T02:27:12.428+0000] {logging_mixin.py:190} INFO - [2025-01-14T02:27:12.427+0000] {dag.py:4180} INFO - Setting next_dagrun for conditional_dataset_and_time_based_timetable to 2025-01-08 01:00:00+00:00, run_after=2025-01-08 01:00:00+00:00
[2025-01-14T02:27:12.433+0000] {logging_mixin.py:190} INFO - [2025-01-14T02:27:12.433+0000] {dag.py:4180} INFO - Setting next_dagrun for consume_1_and_2_with_dataset_expressions to None, run_after=None
[2025-01-14T02:27:12.436+0000] {logging_mixin.py:190} INFO - [2025-01-14T02:27:12.436+0000] {dag.py:4180} INFO - Setting next_dagrun for consume_1_or_2_with_dataset_expressions to None, run_after=None
[2025-01-14T02:27:12.451+0000] {logging_mixin.py:190} INFO - [2025-01-14T02:27:12.450+0000] {dag.py:4180} INFO - Setting next_dagrun for consume_1_or_both_2_and_3_with_dataset_expressions to None, run_after=None
[2025-01-14T02:27:12.457+0000] {logging_mixin.py:190} INFO - [2025-01-14T02:27:12.457+0000] {dag.py:4180} INFO - Setting next_dagrun for dataset_consumes_1 to None, run_after=None
[2025-01-14T02:27:12.461+0000] {logging_mixin.py:190} INFO - [2025-01-14T02:27:12.460+0000] {dag.py:4180} INFO - Setting next_dagrun for dataset_consumes_1_and_2 to None, run_after=None
[2025-01-14T02:27:12.464+0000] {logging_mixin.py:190} INFO - [2025-01-14T02:27:12.464+0000] {dag.py:4180} INFO - Setting next_dagrun for dataset_consumes_1_never_scheduled to None, run_after=None
[2025-01-14T02:27:12.471+0000] {logging_mixin.py:190} INFO - [2025-01-14T02:27:12.470+0000] {dag.py:4180} INFO - Setting next_dagrun for dataset_consumes_unknown_never_scheduled to None, run_after=None
[2025-01-14T02:27:12.480+0000] {logging_mixin.py:190} INFO - [2025-01-14T02:27:12.479+0000] {dag.py:4180} INFO - Setting next_dagrun for dataset_produces_1 to 2025-01-13 00:00:00+00:00, run_after=2025-01-14 00:00:00+00:00
[2025-01-14T02:27:12.483+0000] {logging_mixin.py:190} INFO - [2025-01-14T02:27:12.482+0000] {dag.py:4180} INFO - Setting next_dagrun for dataset_produces_2 to None, run_after=None
[2025-01-14T02:27:12.532+0000] {processor.py:208} INFO - Processing /home/airflow/.local/lib/python3.12/site-packages/airflow/example_dags/example_datasets.py took 0.677 seconds
[2025-01-14T02:27:43.182+0000] {processor.py:186} INFO - Started process (PID=3539) to work on /home/airflow/.local/lib/python3.12/site-packages/airflow/example_dags/example_datasets.py
[2025-01-14T02:27:43.183+0000] {processor.py:914} INFO - Processing file /home/airflow/.local/lib/python3.12/site-packages/airflow/example_dags/example_datasets.py for tasks to queue
[2025-01-14T02:27:43.186+0000] {logging_mixin.py:190} INFO - [2025-01-14T02:27:43.186+0000] {dagbag.py:588} INFO - Filling up the DagBag from /home/airflow/.local/lib/python3.12/site-packages/airflow/example_dags/example_datasets.py
[2025-01-14T02:27:43.720+0000] {processor.py:925} INFO - DAG(s) 'dataset_produces_2', 'dataset_consumes_1_never_scheduled', 'conditional_dataset_and_time_based_timetable', 'consume_1_or_2_with_dataset_expressions', 'dataset_consumes_1_and_2', 'dataset_consumes_1', 'dataset_consumes_unknown_never_scheduled', 'dataset_produces_1', 'consume_1_or_both_2_and_3_with_dataset_expressions', 'consume_1_and_2_with_dataset_expressions' retrieved from /home/airflow/.local/lib/python3.12/site-packages/airflow/example_dags/example_datasets.py
[2025-01-14T02:27:43.812+0000] {logging_mixin.py:190} INFO - [2025-01-14T02:27:43.812+0000] {dag.py:3239} INFO - Sync 10 DAGs
[2025-01-14T02:27:43.850+0000] {logging_mixin.py:190} INFO - [2025-01-14T02:27:43.850+0000] {dag.py:4180} INFO - Setting next_dagrun for conditional_dataset_and_time_based_timetable to 2025-01-08 01:00:00+00:00, run_after=2025-01-08 01:00:00+00:00
[2025-01-14T02:27:43.855+0000] {logging_mixin.py:190} INFO - [2025-01-14T02:27:43.855+0000] {dag.py:4180} INFO - Setting next_dagrun for consume_1_and_2_with_dataset_expressions to None, run_after=None
[2025-01-14T02:27:43.857+0000] {logging_mixin.py:190} INFO - [2025-01-14T02:27:43.857+0000] {dag.py:4180} INFO - Setting next_dagrun for consume_1_or_2_with_dataset_expressions to None, run_after=None
[2025-01-14T02:27:43.859+0000] {logging_mixin.py:190} INFO - [2025-01-14T02:27:43.858+0000] {dag.py:4180} INFO - Setting next_dagrun for consume_1_or_both_2_and_3_with_dataset_expressions to None, run_after=None
[2025-01-14T02:27:43.861+0000] {logging_mixin.py:190} INFO - [2025-01-14T02:27:43.861+0000] {dag.py:4180} INFO - Setting next_dagrun for dataset_consumes_1 to None, run_after=None
[2025-01-14T02:27:43.863+0000] {logging_mixin.py:190} INFO - [2025-01-14T02:27:43.862+0000] {dag.py:4180} INFO - Setting next_dagrun for dataset_consumes_1_and_2 to None, run_after=None
[2025-01-14T02:27:43.864+0000] {logging_mixin.py:190} INFO - [2025-01-14T02:27:43.864+0000] {dag.py:4180} INFO - Setting next_dagrun for dataset_consumes_1_never_scheduled to None, run_after=None
[2025-01-14T02:27:43.866+0000] {logging_mixin.py:190} INFO - [2025-01-14T02:27:43.866+0000] {dag.py:4180} INFO - Setting next_dagrun for dataset_consumes_unknown_never_scheduled to None, run_after=None
[2025-01-14T02:27:43.869+0000] {logging_mixin.py:190} INFO - [2025-01-14T02:27:43.869+0000] {dag.py:4180} INFO - Setting next_dagrun for dataset_produces_1 to 2025-01-13 00:00:00+00:00, run_after=2025-01-14 00:00:00+00:00
[2025-01-14T02:27:43.871+0000] {logging_mixin.py:190} INFO - [2025-01-14T02:27:43.870+0000] {dag.py:4180} INFO - Setting next_dagrun for dataset_produces_2 to None, run_after=None
[2025-01-14T02:27:43.910+0000] {processor.py:208} INFO - Processing /home/airflow/.local/lib/python3.12/site-packages/airflow/example_dags/example_datasets.py took 0.734 seconds
[2025-01-14T02:28:14.594+0000] {processor.py:186} INFO - Started process (PID=3845) to work on /home/airflow/.local/lib/python3.12/site-packages/airflow/example_dags/example_datasets.py
[2025-01-14T02:28:14.595+0000] {processor.py:914} INFO - Processing file /home/airflow/.local/lib/python3.12/site-packages/airflow/example_dags/example_datasets.py for tasks to queue
[2025-01-14T02:28:14.597+0000] {logging_mixin.py:190} INFO - [2025-01-14T02:28:14.597+0000] {dagbag.py:588} INFO - Filling up the DagBag from /home/airflow/.local/lib/python3.12/site-packages/airflow/example_dags/example_datasets.py
[2025-01-14T02:28:14.989+0000] {processor.py:925} INFO - DAG(s) 'dataset_consumes_1', 'consume_1_or_both_2_and_3_with_dataset_expressions', 'conditional_dataset_and_time_based_timetable', 'dataset_produces_2', 'consume_1_and_2_with_dataset_expressions', 'dataset_consumes_1_and_2', 'consume_1_or_2_with_dataset_expressions', 'dataset_consumes_unknown_never_scheduled', 'dataset_consumes_1_never_scheduled', 'dataset_produces_1' retrieved from /home/airflow/.local/lib/python3.12/site-packages/airflow/example_dags/example_datasets.py
[2025-01-14T02:28:15.028+0000] {logging_mixin.py:190} INFO - [2025-01-14T02:28:15.027+0000] {dag.py:3239} INFO - Sync 10 DAGs
[2025-01-14T02:28:15.046+0000] {logging_mixin.py:190} INFO - [2025-01-14T02:28:15.046+0000] {dag.py:4180} INFO - Setting next_dagrun for conditional_dataset_and_time_based_timetable to 2025-01-08 01:00:00+00:00, run_after=2025-01-08 01:00:00+00:00
[2025-01-14T02:28:15.051+0000] {logging_mixin.py:190} INFO - [2025-01-14T02:28:15.051+0000] {dag.py:4180} INFO - Setting next_dagrun for consume_1_and_2_with_dataset_expressions to None, run_after=None
[2025-01-14T02:28:15.052+0000] {logging_mixin.py:190} INFO - [2025-01-14T02:28:15.052+0000] {dag.py:4180} INFO - Setting next_dagrun for consume_1_or_2_with_dataset_expressions to None, run_after=None
[2025-01-14T02:28:15.054+0000] {logging_mixin.py:190} INFO - [2025-01-14T02:28:15.054+0000] {dag.py:4180} INFO - Setting next_dagrun for consume_1_or_both_2_and_3_with_dataset_expressions to None, run_after=None
[2025-01-14T02:28:15.055+0000] {logging_mixin.py:190} INFO - [2025-01-14T02:28:15.055+0000] {dag.py:4180} INFO - Setting next_dagrun for dataset_consumes_1 to None, run_after=None
[2025-01-14T02:28:15.057+0000] {logging_mixin.py:190} INFO - [2025-01-14T02:28:15.057+0000] {dag.py:4180} INFO - Setting next_dagrun for dataset_consumes_1_and_2 to None, run_after=None
[2025-01-14T02:28:15.059+0000] {logging_mixin.py:190} INFO - [2025-01-14T02:28:15.058+0000] {dag.py:4180} INFO - Setting next_dagrun for dataset_consumes_1_never_scheduled to None, run_after=None
[2025-01-14T02:28:15.060+0000] {logging_mixin.py:190} INFO - [2025-01-14T02:28:15.060+0000] {dag.py:4180} INFO - Setting next_dagrun for dataset_consumes_unknown_never_scheduled to None, run_after=None
[2025-01-14T02:28:15.063+0000] {logging_mixin.py:190} INFO - [2025-01-14T02:28:15.062+0000] {dag.py:4180} INFO - Setting next_dagrun for dataset_produces_1 to 2025-01-13 00:00:00+00:00, run_after=2025-01-14 00:00:00+00:00
[2025-01-14T02:28:15.064+0000] {logging_mixin.py:190} INFO - [2025-01-14T02:28:15.064+0000] {dag.py:4180} INFO - Setting next_dagrun for dataset_produces_2 to None, run_after=None
[2025-01-14T02:28:15.096+0000] {processor.py:208} INFO - Processing /home/airflow/.local/lib/python3.12/site-packages/airflow/example_dags/example_datasets.py took 0.506 seconds
[2025-01-14T02:28:46.053+0000] {processor.py:186} INFO - Started process (PID=4136) to work on /home/airflow/.local/lib/python3.12/site-packages/airflow/example_dags/example_datasets.py
[2025-01-14T02:28:46.054+0000] {processor.py:914} INFO - Processing file /home/airflow/.local/lib/python3.12/site-packages/airflow/example_dags/example_datasets.py for tasks to queue
[2025-01-14T02:28:46.057+0000] {logging_mixin.py:190} INFO - [2025-01-14T02:28:46.056+0000] {dagbag.py:588} INFO - Filling up the DagBag from /home/airflow/.local/lib/python3.12/site-packages/airflow/example_dags/example_datasets.py
[2025-01-14T02:28:46.731+0000] {processor.py:925} INFO - DAG(s) 'dataset_consumes_unknown_never_scheduled', 'consume_1_or_2_with_dataset_expressions', 'consume_1_or_both_2_and_3_with_dataset_expressions', 'dataset_produces_2', 'dataset_consumes_1_and_2', 'dataset_consumes_1_never_scheduled', 'conditional_dataset_and_time_based_timetable', 'dataset_produces_1', 'dataset_consumes_1', 'consume_1_and_2_with_dataset_expressions' retrieved from /home/airflow/.local/lib/python3.12/site-packages/airflow/example_dags/example_datasets.py
[2025-01-14T02:28:46.767+0000] {logging_mixin.py:190} INFO - [2025-01-14T02:28:46.767+0000] {dag.py:3239} INFO - Sync 10 DAGs
[2025-01-14T02:28:46.786+0000] {logging_mixin.py:190} INFO - [2025-01-14T02:28:46.786+0000] {dag.py:4180} INFO - Setting next_dagrun for conditional_dataset_and_time_based_timetable to 2025-01-08 01:00:00+00:00, run_after=2025-01-08 01:00:00+00:00
[2025-01-14T02:28:46.789+0000] {logging_mixin.py:190} INFO - [2025-01-14T02:28:46.789+0000] {dag.py:4180} INFO - Setting next_dagrun for consume_1_and_2_with_dataset_expressions to None, run_after=None
[2025-01-14T02:28:46.791+0000] {logging_mixin.py:190} INFO - [2025-01-14T02:28:46.791+0000] {dag.py:4180} INFO - Setting next_dagrun for consume_1_or_2_with_dataset_expressions to None, run_after=None
[2025-01-14T02:28:46.793+0000] {logging_mixin.py:190} INFO - [2025-01-14T02:28:46.792+0000] {dag.py:4180} INFO - Setting next_dagrun for consume_1_or_both_2_and_3_with_dataset_expressions to None, run_after=None
[2025-01-14T02:28:46.794+0000] {logging_mixin.py:190} INFO - [2025-01-14T02:28:46.794+0000] {dag.py:4180} INFO - Setting next_dagrun for dataset_consumes_1 to None, run_after=None
[2025-01-14T02:28:46.795+0000] {logging_mixin.py:190} INFO - [2025-01-14T02:28:46.795+0000] {dag.py:4180} INFO - Setting next_dagrun for dataset_consumes_1_and_2 to None, run_after=None
[2025-01-14T02:28:46.797+0000] {logging_mixin.py:190} INFO - [2025-01-14T02:28:46.797+0000] {dag.py:4180} INFO - Setting next_dagrun for dataset_consumes_1_never_scheduled to None, run_after=None
[2025-01-14T02:28:46.798+0000] {logging_mixin.py:190} INFO - [2025-01-14T02:28:46.798+0000] {dag.py:4180} INFO - Setting next_dagrun for dataset_consumes_unknown_never_scheduled to None, run_after=None
[2025-01-14T02:28:46.800+0000] {logging_mixin.py:190} INFO - [2025-01-14T02:28:46.800+0000] {dag.py:4180} INFO - Setting next_dagrun for dataset_produces_1 to 2025-01-13 00:00:00+00:00, run_after=2025-01-14 00:00:00+00:00
[2025-01-14T02:28:46.802+0000] {logging_mixin.py:190} INFO - [2025-01-14T02:28:46.802+0000] {dag.py:4180} INFO - Setting next_dagrun for dataset_produces_2 to None, run_after=None
[2025-01-14T02:28:46.827+0000] {processor.py:208} INFO - Processing /home/airflow/.local/lib/python3.12/site-packages/airflow/example_dags/example_datasets.py took 0.780 seconds
