[2025-01-14T02:21:12.414+0000] {processor.py:186} INFO - Started process (PID=415) to work on /home/airflow/.local/lib/python3.12/site-packages/airflow/example_dags/example_sensor_decorator.py
[2025-01-14T02:21:12.415+0000] {processor.py:914} INFO - Processing file /home/airflow/.local/lib/python3.12/site-packages/airflow/example_dags/example_sensor_decorator.py for tasks to queue
[2025-01-14T02:21:12.417+0000] {logging_mixin.py:190} INFO - [2025-01-14T02:21:12.417+0000] {dagbag.py:588} INFO - Filling up the DagBag from /home/airflow/.local/lib/python3.12/site-packages/airflow/example_dags/example_sensor_decorator.py
[2025-01-14T02:21:12.425+0000] {processor.py:925} INFO - DAG(s) 'example_sensor_decorator' retrieved from /home/airflow/.local/lib/python3.12/site-packages/airflow/example_dags/example_sensor_decorator.py
[2025-01-14T02:21:12.560+0000] {logging_mixin.py:190} INFO - [2025-01-14T02:21:12.559+0000] {override.py:1911} INFO - Created Permission View: can read on DAG:example_sensor_decorator
[2025-01-14T02:21:12.576+0000] {logging_mixin.py:190} INFO - [2025-01-14T02:21:12.576+0000] {override.py:1911} INFO - Created Permission View: can delete on DAG:example_sensor_decorator
[2025-01-14T02:21:12.593+0000] {logging_mixin.py:190} INFO - [2025-01-14T02:21:12.592+0000] {override.py:1911} INFO - Created Permission View: can edit on DAG:example_sensor_decorator
[2025-01-14T02:21:12.607+0000] {logging_mixin.py:190} INFO - [2025-01-14T02:21:12.607+0000] {override.py:1911} INFO - Created Permission View: can read on DAG Run:example_sensor_decorator
[2025-01-14T02:21:12.620+0000] {logging_mixin.py:190} INFO - [2025-01-14T02:21:12.619+0000] {override.py:1911} INFO - Created Permission View: menu access on DAG Run:example_sensor_decorator
[2025-01-14T02:21:12.632+0000] {logging_mixin.py:190} INFO - [2025-01-14T02:21:12.631+0000] {override.py:1911} INFO - Created Permission View: can create on DAG Run:example_sensor_decorator
[2025-01-14T02:21:12.644+0000] {logging_mixin.py:190} INFO - [2025-01-14T02:21:12.643+0000] {override.py:1911} INFO - Created Permission View: can delete on DAG Run:example_sensor_decorator
[2025-01-14T02:21:12.645+0000] {logging_mixin.py:190} INFO - [2025-01-14T02:21:12.645+0000] {dag.py:3239} INFO - Sync 1 DAGs
[2025-01-14T02:21:12.659+0000] {logging_mixin.py:190} INFO - [2025-01-14T02:21:12.659+0000] {dag.py:3262} INFO - Creating ORM DAG for example_sensor_decorator
[2025-01-14T02:21:12.660+0000] {logging_mixin.py:190} INFO - [2025-01-14T02:21:12.660+0000] {dag.py:4180} INFO - Setting next_dagrun for example_sensor_decorator to None, run_after=None
[2025-01-14T02:21:12.679+0000] {processor.py:208} INFO - Processing /home/airflow/.local/lib/python3.12/site-packages/airflow/example_dags/example_sensor_decorator.py took 0.270 seconds
[2025-01-14T02:21:43.300+0000] {processor.py:186} INFO - Started process (PID=706) to work on /home/airflow/.local/lib/python3.12/site-packages/airflow/example_dags/example_sensor_decorator.py
[2025-01-14T02:21:43.301+0000] {processor.py:914} INFO - Processing file /home/airflow/.local/lib/python3.12/site-packages/airflow/example_dags/example_sensor_decorator.py for tasks to queue
[2025-01-14T02:21:43.304+0000] {logging_mixin.py:190} INFO - [2025-01-14T02:21:43.303+0000] {dagbag.py:588} INFO - Filling up the DagBag from /home/airflow/.local/lib/python3.12/site-packages/airflow/example_dags/example_sensor_decorator.py
[2025-01-14T02:21:43.312+0000] {processor.py:925} INFO - DAG(s) 'example_sensor_decorator' retrieved from /home/airflow/.local/lib/python3.12/site-packages/airflow/example_dags/example_sensor_decorator.py
[2025-01-14T02:21:43.331+0000] {logging_mixin.py:190} INFO - [2025-01-14T02:21:43.331+0000] {dag.py:3239} INFO - Sync 1 DAGs
[2025-01-14T02:21:43.345+0000] {logging_mixin.py:190} INFO - [2025-01-14T02:21:43.345+0000] {dag.py:4180} INFO - Setting next_dagrun for example_sensor_decorator to None, run_after=None
[2025-01-14T02:21:43.363+0000] {processor.py:208} INFO - Processing /home/airflow/.local/lib/python3.12/site-packages/airflow/example_dags/example_sensor_decorator.py took 0.069 seconds
[2025-01-14T02:22:14.245+0000] {processor.py:186} INFO - Started process (PID=999) to work on /home/airflow/.local/lib/python3.12/site-packages/airflow/example_dags/example_sensor_decorator.py
[2025-01-14T02:22:14.246+0000] {processor.py:914} INFO - Processing file /home/airflow/.local/lib/python3.12/site-packages/airflow/example_dags/example_sensor_decorator.py for tasks to queue
[2025-01-14T02:22:14.248+0000] {logging_mixin.py:190} INFO - [2025-01-14T02:22:14.248+0000] {dagbag.py:588} INFO - Filling up the DagBag from /home/airflow/.local/lib/python3.12/site-packages/airflow/example_dags/example_sensor_decorator.py
[2025-01-14T02:22:14.255+0000] {processor.py:925} INFO - DAG(s) 'example_sensor_decorator' retrieved from /home/airflow/.local/lib/python3.12/site-packages/airflow/example_dags/example_sensor_decorator.py
[2025-01-14T02:22:14.275+0000] {logging_mixin.py:190} INFO - [2025-01-14T02:22:14.275+0000] {dag.py:3239} INFO - Sync 1 DAGs
[2025-01-14T02:22:14.291+0000] {logging_mixin.py:190} INFO - [2025-01-14T02:22:14.291+0000] {dag.py:4180} INFO - Setting next_dagrun for example_sensor_decorator to None, run_after=None
[2025-01-14T02:22:14.310+0000] {processor.py:208} INFO - Processing /home/airflow/.local/lib/python3.12/site-packages/airflow/example_dags/example_sensor_decorator.py took 0.072 seconds
[2025-01-14T02:22:44.647+0000] {processor.py:186} INFO - Started process (PID=1288) to work on /home/airflow/.local/lib/python3.12/site-packages/airflow/example_dags/example_sensor_decorator.py
[2025-01-14T02:22:44.649+0000] {processor.py:914} INFO - Processing file /home/airflow/.local/lib/python3.12/site-packages/airflow/example_dags/example_sensor_decorator.py for tasks to queue
[2025-01-14T02:22:44.650+0000] {logging_mixin.py:190} INFO - [2025-01-14T02:22:44.650+0000] {dagbag.py:588} INFO - Filling up the DagBag from /home/airflow/.local/lib/python3.12/site-packages/airflow/example_dags/example_sensor_decorator.py
[2025-01-14T02:22:44.657+0000] {processor.py:925} INFO - DAG(s) 'example_sensor_decorator' retrieved from /home/airflow/.local/lib/python3.12/site-packages/airflow/example_dags/example_sensor_decorator.py
[2025-01-14T02:22:44.677+0000] {logging_mixin.py:190} INFO - [2025-01-14T02:22:44.676+0000] {dag.py:3239} INFO - Sync 1 DAGs
[2025-01-14T02:22:44.689+0000] {logging_mixin.py:190} INFO - [2025-01-14T02:22:44.689+0000] {dag.py:4180} INFO - Setting next_dagrun for example_sensor_decorator to None, run_after=None
[2025-01-14T02:22:44.707+0000] {processor.py:208} INFO - Processing /home/airflow/.local/lib/python3.12/site-packages/airflow/example_dags/example_sensor_decorator.py took 0.065 seconds
[2025-01-14T02:23:15.548+0000] {processor.py:186} INFO - Started process (PID=1581) to work on /home/airflow/.local/lib/python3.12/site-packages/airflow/example_dags/example_sensor_decorator.py
[2025-01-14T02:23:15.549+0000] {processor.py:914} INFO - Processing file /home/airflow/.local/lib/python3.12/site-packages/airflow/example_dags/example_sensor_decorator.py for tasks to queue
[2025-01-14T02:23:15.555+0000] {logging_mixin.py:190} INFO - [2025-01-14T02:23:15.555+0000] {dagbag.py:588} INFO - Filling up the DagBag from /home/airflow/.local/lib/python3.12/site-packages/airflow/example_dags/example_sensor_decorator.py
[2025-01-14T02:23:15.571+0000] {processor.py:925} INFO - DAG(s) 'example_sensor_decorator' retrieved from /home/airflow/.local/lib/python3.12/site-packages/airflow/example_dags/example_sensor_decorator.py
[2025-01-14T02:23:15.603+0000] {logging_mixin.py:190} INFO - [2025-01-14T02:23:15.603+0000] {dag.py:3239} INFO - Sync 1 DAGs
[2025-01-14T02:23:15.628+0000] {logging_mixin.py:190} INFO - [2025-01-14T02:23:15.628+0000] {dag.py:4180} INFO - Setting next_dagrun for example_sensor_decorator to None, run_after=None
[2025-01-14T02:23:15.666+0000] {processor.py:208} INFO - Processing /home/airflow/.local/lib/python3.12/site-packages/airflow/example_dags/example_sensor_decorator.py took 0.131 seconds
[2025-01-14T02:23:46.128+0000] {processor.py:186} INFO - Started process (PID=1870) to work on /home/airflow/.local/lib/python3.12/site-packages/airflow/example_dags/example_sensor_decorator.py
[2025-01-14T02:23:46.130+0000] {processor.py:914} INFO - Processing file /home/airflow/.local/lib/python3.12/site-packages/airflow/example_dags/example_sensor_decorator.py for tasks to queue
[2025-01-14T02:23:46.133+0000] {logging_mixin.py:190} INFO - [2025-01-14T02:23:46.132+0000] {dagbag.py:588} INFO - Filling up the DagBag from /home/airflow/.local/lib/python3.12/site-packages/airflow/example_dags/example_sensor_decorator.py
[2025-01-14T02:23:46.143+0000] {processor.py:925} INFO - DAG(s) 'example_sensor_decorator' retrieved from /home/airflow/.local/lib/python3.12/site-packages/airflow/example_dags/example_sensor_decorator.py
[2025-01-14T02:23:46.159+0000] {logging_mixin.py:190} INFO - [2025-01-14T02:23:46.159+0000] {dag.py:3239} INFO - Sync 1 DAGs
[2025-01-14T02:23:46.170+0000] {logging_mixin.py:190} INFO - [2025-01-14T02:23:46.170+0000] {dag.py:4180} INFO - Setting next_dagrun for example_sensor_decorator to None, run_after=None
[2025-01-14T02:23:46.190+0000] {processor.py:208} INFO - Processing /home/airflow/.local/lib/python3.12/site-packages/airflow/example_dags/example_sensor_decorator.py took 0.076 seconds
[2025-01-14T02:24:20.314+0000] {processor.py:186} INFO - Started process (PID=2161) to work on /home/airflow/.local/lib/python3.12/site-packages/airflow/example_dags/example_sensor_decorator.py
[2025-01-14T02:24:20.316+0000] {processor.py:914} INFO - Processing file /home/airflow/.local/lib/python3.12/site-packages/airflow/example_dags/example_sensor_decorator.py for tasks to queue
[2025-01-14T02:24:20.320+0000] {logging_mixin.py:190} INFO - [2025-01-14T02:24:20.320+0000] {dagbag.py:588} INFO - Filling up the DagBag from /home/airflow/.local/lib/python3.12/site-packages/airflow/example_dags/example_sensor_decorator.py
[2025-01-14T02:24:20.329+0000] {processor.py:925} INFO - DAG(s) 'example_sensor_decorator' retrieved from /home/airflow/.local/lib/python3.12/site-packages/airflow/example_dags/example_sensor_decorator.py
[2025-01-14T02:24:20.348+0000] {logging_mixin.py:190} INFO - [2025-01-14T02:24:20.348+0000] {dag.py:3239} INFO - Sync 1 DAGs
[2025-01-14T02:24:20.362+0000] {logging_mixin.py:190} INFO - [2025-01-14T02:24:20.362+0000] {dag.py:4180} INFO - Setting next_dagrun for example_sensor_decorator to None, run_after=None
[2025-01-14T02:24:20.434+0000] {processor.py:208} INFO - Processing /home/airflow/.local/lib/python3.12/site-packages/airflow/example_dags/example_sensor_decorator.py took 0.126 seconds
[2025-01-14T02:24:51.380+0000] {processor.py:186} INFO - Started process (PID=2458) to work on /home/airflow/.local/lib/python3.12/site-packages/airflow/example_dags/example_sensor_decorator.py
[2025-01-14T02:24:51.385+0000] {processor.py:914} INFO - Processing file /home/airflow/.local/lib/python3.12/site-packages/airflow/example_dags/example_sensor_decorator.py for tasks to queue
[2025-01-14T02:24:51.399+0000] {logging_mixin.py:190} INFO - [2025-01-14T02:24:51.398+0000] {dagbag.py:588} INFO - Filling up the DagBag from /home/airflow/.local/lib/python3.12/site-packages/airflow/example_dags/example_sensor_decorator.py
[2025-01-14T02:24:51.407+0000] {processor.py:925} INFO - DAG(s) 'example_sensor_decorator' retrieved from /home/airflow/.local/lib/python3.12/site-packages/airflow/example_dags/example_sensor_decorator.py
[2025-01-14T02:24:51.425+0000] {logging_mixin.py:190} INFO - [2025-01-14T02:24:51.424+0000] {dag.py:3239} INFO - Sync 1 DAGs
[2025-01-14T02:24:51.438+0000] {logging_mixin.py:190} INFO - [2025-01-14T02:24:51.437+0000] {dag.py:4180} INFO - Setting next_dagrun for example_sensor_decorator to None, run_after=None
[2025-01-14T02:24:51.460+0000] {processor.py:208} INFO - Processing /home/airflow/.local/lib/python3.12/site-packages/airflow/example_dags/example_sensor_decorator.py took 0.085 seconds
[2025-01-14T02:25:21.981+0000] {processor.py:186} INFO - Started process (PID=2751) to work on /home/airflow/.local/lib/python3.12/site-packages/airflow/example_dags/example_sensor_decorator.py
[2025-01-14T02:25:21.982+0000] {processor.py:914} INFO - Processing file /home/airflow/.local/lib/python3.12/site-packages/airflow/example_dags/example_sensor_decorator.py for tasks to queue
[2025-01-14T02:25:21.984+0000] {logging_mixin.py:190} INFO - [2025-01-14T02:25:21.984+0000] {dagbag.py:588} INFO - Filling up the DagBag from /home/airflow/.local/lib/python3.12/site-packages/airflow/example_dags/example_sensor_decorator.py
[2025-01-14T02:25:21.992+0000] {processor.py:925} INFO - DAG(s) 'example_sensor_decorator' retrieved from /home/airflow/.local/lib/python3.12/site-packages/airflow/example_dags/example_sensor_decorator.py
[2025-01-14T02:25:22.015+0000] {logging_mixin.py:190} INFO - [2025-01-14T02:25:22.015+0000] {dag.py:3239} INFO - Sync 1 DAGs
[2025-01-14T02:25:22.031+0000] {logging_mixin.py:190} INFO - [2025-01-14T02:25:22.031+0000] {dag.py:4180} INFO - Setting next_dagrun for example_sensor_decorator to None, run_after=None
[2025-01-14T02:25:22.053+0000] {processor.py:208} INFO - Processing /home/airflow/.local/lib/python3.12/site-packages/airflow/example_dags/example_sensor_decorator.py took 0.079 seconds
[2025-01-14T02:25:53.033+0000] {processor.py:186} INFO - Started process (PID=3041) to work on /home/airflow/.local/lib/python3.12/site-packages/airflow/example_dags/example_sensor_decorator.py
[2025-01-14T02:25:53.034+0000] {processor.py:914} INFO - Processing file /home/airflow/.local/lib/python3.12/site-packages/airflow/example_dags/example_sensor_decorator.py for tasks to queue
[2025-01-14T02:25:53.036+0000] {logging_mixin.py:190} INFO - [2025-01-14T02:25:53.036+0000] {dagbag.py:588} INFO - Filling up the DagBag from /home/airflow/.local/lib/python3.12/site-packages/airflow/example_dags/example_sensor_decorator.py
[2025-01-14T02:25:53.043+0000] {processor.py:925} INFO - DAG(s) 'example_sensor_decorator' retrieved from /home/airflow/.local/lib/python3.12/site-packages/airflow/example_dags/example_sensor_decorator.py
[2025-01-14T02:25:53.062+0000] {logging_mixin.py:190} INFO - [2025-01-14T02:25:53.062+0000] {dag.py:3239} INFO - Sync 1 DAGs
[2025-01-14T02:25:53.075+0000] {logging_mixin.py:190} INFO - [2025-01-14T02:25:53.075+0000] {dag.py:4180} INFO - Setting next_dagrun for example_sensor_decorator to None, run_after=None
[2025-01-14T02:25:53.096+0000] {processor.py:208} INFO - Processing /home/airflow/.local/lib/python3.12/site-packages/airflow/example_dags/example_sensor_decorator.py took 0.068 seconds
[2025-01-14T02:27:14.600+0000] {processor.py:186} INFO - Started process (PID=3326) to work on /home/airflow/.local/lib/python3.12/site-packages/airflow/example_dags/example_sensor_decorator.py
[2025-01-14T02:27:14.601+0000] {processor.py:914} INFO - Processing file /home/airflow/.local/lib/python3.12/site-packages/airflow/example_dags/example_sensor_decorator.py for tasks to queue
[2025-01-14T02:27:14.604+0000] {logging_mixin.py:190} INFO - [2025-01-14T02:27:14.604+0000] {dagbag.py:588} INFO - Filling up the DagBag from /home/airflow/.local/lib/python3.12/site-packages/airflow/example_dags/example_sensor_decorator.py
[2025-01-14T02:27:14.616+0000] {processor.py:925} INFO - DAG(s) 'example_sensor_decorator' retrieved from /home/airflow/.local/lib/python3.12/site-packages/airflow/example_dags/example_sensor_decorator.py
[2025-01-14T02:27:14.640+0000] {logging_mixin.py:190} INFO - [2025-01-14T02:27:14.640+0000] {dag.py:3239} INFO - Sync 1 DAGs
[2025-01-14T02:27:14.661+0000] {logging_mixin.py:190} INFO - [2025-01-14T02:27:14.660+0000] {dag.py:4180} INFO - Setting next_dagrun for example_sensor_decorator to None, run_after=None
[2025-01-14T02:27:14.702+0000] {processor.py:208} INFO - Processing /home/airflow/.local/lib/python3.12/site-packages/airflow/example_dags/example_sensor_decorator.py took 0.110 seconds
[2025-01-14T02:27:44.972+0000] {processor.py:186} INFO - Started process (PID=3617) to work on /home/airflow/.local/lib/python3.12/site-packages/airflow/example_dags/example_sensor_decorator.py
[2025-01-14T02:27:44.973+0000] {processor.py:914} INFO - Processing file /home/airflow/.local/lib/python3.12/site-packages/airflow/example_dags/example_sensor_decorator.py for tasks to queue
[2025-01-14T02:27:44.975+0000] {logging_mixin.py:190} INFO - [2025-01-14T02:27:44.975+0000] {dagbag.py:588} INFO - Filling up the DagBag from /home/airflow/.local/lib/python3.12/site-packages/airflow/example_dags/example_sensor_decorator.py
[2025-01-14T02:27:44.983+0000] {processor.py:925} INFO - DAG(s) 'example_sensor_decorator' retrieved from /home/airflow/.local/lib/python3.12/site-packages/airflow/example_dags/example_sensor_decorator.py
[2025-01-14T02:27:45.001+0000] {logging_mixin.py:190} INFO - [2025-01-14T02:27:45.001+0000] {dag.py:3239} INFO - Sync 1 DAGs
[2025-01-14T02:27:45.014+0000] {logging_mixin.py:190} INFO - [2025-01-14T02:27:45.014+0000] {dag.py:4180} INFO - Setting next_dagrun for example_sensor_decorator to None, run_after=None
[2025-01-14T02:27:45.036+0000] {processor.py:208} INFO - Processing /home/airflow/.local/lib/python3.12/site-packages/airflow/example_dags/example_sensor_decorator.py took 0.069 seconds
[2025-01-14T02:28:15.831+0000] {processor.py:186} INFO - Started process (PID=3908) to work on /home/airflow/.local/lib/python3.12/site-packages/airflow/example_dags/example_sensor_decorator.py
[2025-01-14T02:28:15.832+0000] {processor.py:914} INFO - Processing file /home/airflow/.local/lib/python3.12/site-packages/airflow/example_dags/example_sensor_decorator.py for tasks to queue
[2025-01-14T02:28:15.833+0000] {logging_mixin.py:190} INFO - [2025-01-14T02:28:15.833+0000] {dagbag.py:588} INFO - Filling up the DagBag from /home/airflow/.local/lib/python3.12/site-packages/airflow/example_dags/example_sensor_decorator.py
[2025-01-14T02:28:15.842+0000] {processor.py:925} INFO - DAG(s) 'example_sensor_decorator' retrieved from /home/airflow/.local/lib/python3.12/site-packages/airflow/example_dags/example_sensor_decorator.py
[2025-01-14T02:28:15.862+0000] {logging_mixin.py:190} INFO - [2025-01-14T02:28:15.861+0000] {dag.py:3239} INFO - Sync 1 DAGs
[2025-01-14T02:28:15.874+0000] {logging_mixin.py:190} INFO - [2025-01-14T02:28:15.874+0000] {dag.py:4180} INFO - Setting next_dagrun for example_sensor_decorator to None, run_after=None
[2025-01-14T02:28:15.894+0000] {processor.py:208} INFO - Processing /home/airflow/.local/lib/python3.12/site-packages/airflow/example_dags/example_sensor_decorator.py took 0.069 seconds
[2025-01-14T02:28:47.939+0000] {processor.py:186} INFO - Started process (PID=4253) to work on /home/airflow/.local/lib/python3.12/site-packages/airflow/example_dags/example_sensor_decorator.py
[2025-01-14T02:28:47.940+0000] {processor.py:914} INFO - Processing file /home/airflow/.local/lib/python3.12/site-packages/airflow/example_dags/example_sensor_decorator.py for tasks to queue
[2025-01-14T02:28:47.943+0000] {logging_mixin.py:190} INFO - [2025-01-14T02:28:47.942+0000] {dagbag.py:588} INFO - Filling up the DagBag from /home/airflow/.local/lib/python3.12/site-packages/airflow/example_dags/example_sensor_decorator.py
[2025-01-14T02:28:47.952+0000] {processor.py:925} INFO - DAG(s) 'example_sensor_decorator' retrieved from /home/airflow/.local/lib/python3.12/site-packages/airflow/example_dags/example_sensor_decorator.py
[2025-01-14T02:28:47.973+0000] {logging_mixin.py:190} INFO - [2025-01-14T02:28:47.973+0000] {dag.py:3239} INFO - Sync 1 DAGs
[2025-01-14T02:28:47.991+0000] {logging_mixin.py:190} INFO - [2025-01-14T02:28:47.991+0000] {dag.py:4180} INFO - Setting next_dagrun for example_sensor_decorator to None, run_after=None
[2025-01-14T02:28:48.012+0000] {processor.py:208} INFO - Processing /home/airflow/.local/lib/python3.12/site-packages/airflow/example_dags/example_sensor_decorator.py took 0.079 seconds
