[2025-01-14T02:21:08.013+0000] {processor.py:186} INFO - Started process (PID=315) to work on /home/airflow/.local/lib/python3.12/site-packages/airflow/example_dags/example_python_decorator.py
[2025-01-14T02:21:08.014+0000] {processor.py:914} INFO - Processing file /home/airflow/.local/lib/python3.12/site-packages/airflow/example_dags/example_python_decorator.py for tasks to queue
[2025-01-14T02:21:08.016+0000] {logging_mixin.py:190} INFO - [2025-01-14T02:21:08.016+0000] {dagbag.py:588} INFO - Filling up the DagBag from /home/airflow/.local/lib/python3.12/site-packages/airflow/example_dags/example_python_decorator.py
[2025-01-14T02:21:08.031+0000] {processor.py:925} INFO - DAG(s) 'example_python_decorator' retrieved from /home/airflow/.local/lib/python3.12/site-packages/airflow/example_dags/example_python_decorator.py
[2025-01-14T02:21:08.122+0000] {logging_mixin.py:190} INFO - [2025-01-14T02:21:08.122+0000] {override.py:1911} INFO - Created Permission View: can read on DAG:example_python_decorator
[2025-01-14T02:21:08.134+0000] {logging_mixin.py:190} INFO - [2025-01-14T02:21:08.134+0000] {override.py:1911} INFO - Created Permission View: can delete on DAG:example_python_decorator
[2025-01-14T02:21:08.142+0000] {logging_mixin.py:190} INFO - [2025-01-14T02:21:08.142+0000] {override.py:1911} INFO - Created Permission View: can edit on DAG:example_python_decorator
[2025-01-14T02:21:08.153+0000] {logging_mixin.py:190} INFO - [2025-01-14T02:21:08.153+0000] {override.py:1911} INFO - Created Permission View: can read on DAG Run:example_python_decorator
[2025-01-14T02:21:08.160+0000] {logging_mixin.py:190} INFO - [2025-01-14T02:21:08.160+0000] {override.py:1911} INFO - Created Permission View: menu access on DAG Run:example_python_decorator
[2025-01-14T02:21:08.167+0000] {logging_mixin.py:190} INFO - [2025-01-14T02:21:08.167+0000] {override.py:1911} INFO - Created Permission View: can create on DAG Run:example_python_decorator
[2025-01-14T02:21:08.174+0000] {logging_mixin.py:190} INFO - [2025-01-14T02:21:08.174+0000] {override.py:1911} INFO - Created Permission View: can delete on DAG Run:example_python_decorator
[2025-01-14T02:21:08.175+0000] {logging_mixin.py:190} INFO - [2025-01-14T02:21:08.174+0000] {dag.py:3239} INFO - Sync 1 DAGs
[2025-01-14T02:21:08.184+0000] {logging_mixin.py:190} INFO - [2025-01-14T02:21:08.183+0000] {dag.py:3262} INFO - Creating ORM DAG for example_python_decorator
[2025-01-14T02:21:08.184+0000] {logging_mixin.py:190} INFO - [2025-01-14T02:21:08.184+0000] {dag.py:4180} INFO - Setting next_dagrun for example_python_decorator to None, run_after=None
[2025-01-14T02:21:08.200+0000] {processor.py:208} INFO - Processing /home/airflow/.local/lib/python3.12/site-packages/airflow/example_dags/example_python_decorator.py took 0.192 seconds
[2025-01-14T02:21:38.943+0000] {processor.py:186} INFO - Started process (PID=608) to work on /home/airflow/.local/lib/python3.12/site-packages/airflow/example_dags/example_python_decorator.py
[2025-01-14T02:21:38.944+0000] {processor.py:914} INFO - Processing file /home/airflow/.local/lib/python3.12/site-packages/airflow/example_dags/example_python_decorator.py for tasks to queue
[2025-01-14T02:21:38.946+0000] {logging_mixin.py:190} INFO - [2025-01-14T02:21:38.946+0000] {dagbag.py:588} INFO - Filling up the DagBag from /home/airflow/.local/lib/python3.12/site-packages/airflow/example_dags/example_python_decorator.py
[2025-01-14T02:21:38.960+0000] {processor.py:925} INFO - DAG(s) 'example_python_decorator' retrieved from /home/airflow/.local/lib/python3.12/site-packages/airflow/example_dags/example_python_decorator.py
[2025-01-14T02:21:38.981+0000] {logging_mixin.py:190} INFO - [2025-01-14T02:21:38.981+0000] {dag.py:3239} INFO - Sync 1 DAGs
[2025-01-14T02:21:38.994+0000] {logging_mixin.py:190} INFO - [2025-01-14T02:21:38.993+0000] {dag.py:4180} INFO - Setting next_dagrun for example_python_decorator to None, run_after=None
[2025-01-14T02:21:39.014+0000] {processor.py:208} INFO - Processing /home/airflow/.local/lib/python3.12/site-packages/airflow/example_dags/example_python_decorator.py took 0.076 seconds
[2025-01-14T02:22:09.255+0000] {processor.py:186} INFO - Started process (PID=899) to work on /home/airflow/.local/lib/python3.12/site-packages/airflow/example_dags/example_python_decorator.py
[2025-01-14T02:22:09.256+0000] {processor.py:914} INFO - Processing file /home/airflow/.local/lib/python3.12/site-packages/airflow/example_dags/example_python_decorator.py for tasks to queue
[2025-01-14T02:22:09.259+0000] {logging_mixin.py:190} INFO - [2025-01-14T02:22:09.258+0000] {dagbag.py:588} INFO - Filling up the DagBag from /home/airflow/.local/lib/python3.12/site-packages/airflow/example_dags/example_python_decorator.py
[2025-01-14T02:22:09.271+0000] {processor.py:925} INFO - DAG(s) 'example_python_decorator' retrieved from /home/airflow/.local/lib/python3.12/site-packages/airflow/example_dags/example_python_decorator.py
[2025-01-14T02:22:09.293+0000] {logging_mixin.py:190} INFO - [2025-01-14T02:22:09.293+0000] {dag.py:3239} INFO - Sync 1 DAGs
[2025-01-14T02:22:09.307+0000] {logging_mixin.py:190} INFO - [2025-01-14T02:22:09.307+0000] {dag.py:4180} INFO - Setting next_dagrun for example_python_decorator to None, run_after=None
[2025-01-14T02:22:09.330+0000] {processor.py:208} INFO - Processing /home/airflow/.local/lib/python3.12/site-packages/airflow/example_dags/example_python_decorator.py took 0.080 seconds
[2025-01-14T02:22:40.103+0000] {processor.py:186} INFO - Started process (PID=1188) to work on /home/airflow/.local/lib/python3.12/site-packages/airflow/example_dags/example_python_decorator.py
[2025-01-14T02:22:40.105+0000] {processor.py:914} INFO - Processing file /home/airflow/.local/lib/python3.12/site-packages/airflow/example_dags/example_python_decorator.py for tasks to queue
[2025-01-14T02:22:40.107+0000] {logging_mixin.py:190} INFO - [2025-01-14T02:22:40.107+0000] {dagbag.py:588} INFO - Filling up the DagBag from /home/airflow/.local/lib/python3.12/site-packages/airflow/example_dags/example_python_decorator.py
[2025-01-14T02:22:40.121+0000] {processor.py:925} INFO - DAG(s) 'example_python_decorator' retrieved from /home/airflow/.local/lib/python3.12/site-packages/airflow/example_dags/example_python_decorator.py
[2025-01-14T02:22:40.143+0000] {logging_mixin.py:190} INFO - [2025-01-14T02:22:40.143+0000] {dag.py:3239} INFO - Sync 1 DAGs
[2025-01-14T02:22:40.157+0000] {logging_mixin.py:190} INFO - [2025-01-14T02:22:40.157+0000] {dag.py:4180} INFO - Setting next_dagrun for example_python_decorator to None, run_after=None
[2025-01-14T02:22:40.185+0000] {processor.py:208} INFO - Processing /home/airflow/.local/lib/python3.12/site-packages/airflow/example_dags/example_python_decorator.py took 0.087 seconds
[2025-01-14T02:23:10.323+0000] {processor.py:186} INFO - Started process (PID=1479) to work on /home/airflow/.local/lib/python3.12/site-packages/airflow/example_dags/example_python_decorator.py
[2025-01-14T02:23:10.325+0000] {processor.py:914} INFO - Processing file /home/airflow/.local/lib/python3.12/site-packages/airflow/example_dags/example_python_decorator.py for tasks to queue
[2025-01-14T02:23:10.327+0000] {logging_mixin.py:190} INFO - [2025-01-14T02:23:10.327+0000] {dagbag.py:588} INFO - Filling up the DagBag from /home/airflow/.local/lib/python3.12/site-packages/airflow/example_dags/example_python_decorator.py
[2025-01-14T02:23:10.339+0000] {processor.py:925} INFO - DAG(s) 'example_python_decorator' retrieved from /home/airflow/.local/lib/python3.12/site-packages/airflow/example_dags/example_python_decorator.py
[2025-01-14T02:23:10.357+0000] {logging_mixin.py:190} INFO - [2025-01-14T02:23:10.357+0000] {dag.py:3239} INFO - Sync 1 DAGs
[2025-01-14T02:23:10.369+0000] {logging_mixin.py:190} INFO - [2025-01-14T02:23:10.369+0000] {dag.py:4180} INFO - Setting next_dagrun for example_python_decorator to None, run_after=None
[2025-01-14T02:23:10.389+0000] {processor.py:208} INFO - Processing /home/airflow/.local/lib/python3.12/site-packages/airflow/example_dags/example_python_decorator.py took 0.071 seconds
[2025-01-14T02:23:40.534+0000] {processor.py:186} INFO - Started process (PID=1770) to work on /home/airflow/.local/lib/python3.12/site-packages/airflow/example_dags/example_python_decorator.py
[2025-01-14T02:23:40.535+0000] {processor.py:914} INFO - Processing file /home/airflow/.local/lib/python3.12/site-packages/airflow/example_dags/example_python_decorator.py for tasks to queue
[2025-01-14T02:23:40.537+0000] {logging_mixin.py:190} INFO - [2025-01-14T02:23:40.537+0000] {dagbag.py:588} INFO - Filling up the DagBag from /home/airflow/.local/lib/python3.12/site-packages/airflow/example_dags/example_python_decorator.py
[2025-01-14T02:23:40.549+0000] {processor.py:925} INFO - DAG(s) 'example_python_decorator' retrieved from /home/airflow/.local/lib/python3.12/site-packages/airflow/example_dags/example_python_decorator.py
[2025-01-14T02:23:40.569+0000] {logging_mixin.py:190} INFO - [2025-01-14T02:23:40.568+0000] {dag.py:3239} INFO - Sync 1 DAGs
[2025-01-14T02:23:40.580+0000] {logging_mixin.py:190} INFO - [2025-01-14T02:23:40.580+0000] {dag.py:4180} INFO - Setting next_dagrun for example_python_decorator to None, run_after=None
[2025-01-14T02:23:40.603+0000] {processor.py:208} INFO - Processing /home/airflow/.local/lib/python3.12/site-packages/airflow/example_dags/example_python_decorator.py took 0.075 seconds
[2025-01-14T02:24:11.842+0000] {processor.py:186} INFO - Started process (PID=2061) to work on /home/airflow/.local/lib/python3.12/site-packages/airflow/example_dags/example_python_decorator.py
[2025-01-14T02:24:11.843+0000] {processor.py:914} INFO - Processing file /home/airflow/.local/lib/python3.12/site-packages/airflow/example_dags/example_python_decorator.py for tasks to queue
[2025-01-14T02:24:11.846+0000] {logging_mixin.py:190} INFO - [2025-01-14T02:24:11.845+0000] {dagbag.py:588} INFO - Filling up the DagBag from /home/airflow/.local/lib/python3.12/site-packages/airflow/example_dags/example_python_decorator.py
[2025-01-14T02:24:11.859+0000] {processor.py:925} INFO - DAG(s) 'example_python_decorator' retrieved from /home/airflow/.local/lib/python3.12/site-packages/airflow/example_dags/example_python_decorator.py
[2025-01-14T02:24:11.881+0000] {logging_mixin.py:190} INFO - [2025-01-14T02:24:11.880+0000] {dag.py:3239} INFO - Sync 1 DAGs
[2025-01-14T02:24:11.895+0000] {logging_mixin.py:190} INFO - [2025-01-14T02:24:11.895+0000] {dag.py:4180} INFO - Setting next_dagrun for example_python_decorator to None, run_after=None
[2025-01-14T02:24:11.917+0000] {processor.py:208} INFO - Processing /home/airflow/.local/lib/python3.12/site-packages/airflow/example_dags/example_python_decorator.py took 0.080 seconds
[2025-01-14T02:24:42.981+0000] {processor.py:186} INFO - Started process (PID=2352) to work on /home/airflow/.local/lib/python3.12/site-packages/airflow/example_dags/example_python_decorator.py
[2025-01-14T02:24:42.983+0000] {processor.py:914} INFO - Processing file /home/airflow/.local/lib/python3.12/site-packages/airflow/example_dags/example_python_decorator.py for tasks to queue
[2025-01-14T02:24:42.986+0000] {logging_mixin.py:190} INFO - [2025-01-14T02:24:42.985+0000] {dagbag.py:588} INFO - Filling up the DagBag from /home/airflow/.local/lib/python3.12/site-packages/airflow/example_dags/example_python_decorator.py
[2025-01-14T02:24:43.007+0000] {processor.py:925} INFO - DAG(s) 'example_python_decorator' retrieved from /home/airflow/.local/lib/python3.12/site-packages/airflow/example_dags/example_python_decorator.py
[2025-01-14T02:24:43.036+0000] {logging_mixin.py:190} INFO - [2025-01-14T02:24:43.035+0000] {dag.py:3239} INFO - Sync 1 DAGs
[2025-01-14T02:24:43.083+0000] {logging_mixin.py:190} INFO - [2025-01-14T02:24:43.082+0000] {dag.py:4180} INFO - Setting next_dagrun for example_python_decorator to None, run_after=None
[2025-01-14T02:24:43.139+0000] {processor.py:208} INFO - Processing /home/airflow/.local/lib/python3.12/site-packages/airflow/example_dags/example_python_decorator.py took 0.165 seconds
[2025-01-14T02:25:14.692+0000] {processor.py:186} INFO - Started process (PID=2643) to work on /home/airflow/.local/lib/python3.12/site-packages/airflow/example_dags/example_python_decorator.py
[2025-01-14T02:25:14.693+0000] {processor.py:914} INFO - Processing file /home/airflow/.local/lib/python3.12/site-packages/airflow/example_dags/example_python_decorator.py for tasks to queue
[2025-01-14T02:25:14.696+0000] {logging_mixin.py:190} INFO - [2025-01-14T02:25:14.696+0000] {dagbag.py:588} INFO - Filling up the DagBag from /home/airflow/.local/lib/python3.12/site-packages/airflow/example_dags/example_python_decorator.py
[2025-01-14T02:25:14.714+0000] {processor.py:925} INFO - DAG(s) 'example_python_decorator' retrieved from /home/airflow/.local/lib/python3.12/site-packages/airflow/example_dags/example_python_decorator.py
[2025-01-14T02:25:14.733+0000] {logging_mixin.py:190} INFO - [2025-01-14T02:25:14.733+0000] {dag.py:3239} INFO - Sync 1 DAGs
[2025-01-14T02:25:14.747+0000] {logging_mixin.py:190} INFO - [2025-01-14T02:25:14.746+0000] {dag.py:4180} INFO - Setting next_dagrun for example_python_decorator to None, run_after=None
[2025-01-14T02:25:14.788+0000] {processor.py:208} INFO - Processing /home/airflow/.local/lib/python3.12/site-packages/airflow/example_dags/example_python_decorator.py took 0.102 seconds
[2025-01-14T02:25:44.901+0000] {processor.py:186} INFO - Started process (PID=2934) to work on /home/airflow/.local/lib/python3.12/site-packages/airflow/example_dags/example_python_decorator.py
[2025-01-14T02:25:44.902+0000] {processor.py:914} INFO - Processing file /home/airflow/.local/lib/python3.12/site-packages/airflow/example_dags/example_python_decorator.py for tasks to queue
[2025-01-14T02:25:44.905+0000] {logging_mixin.py:190} INFO - [2025-01-14T02:25:44.904+0000] {dagbag.py:588} INFO - Filling up the DagBag from /home/airflow/.local/lib/python3.12/site-packages/airflow/example_dags/example_python_decorator.py
[2025-01-14T02:25:44.920+0000] {processor.py:925} INFO - DAG(s) 'example_python_decorator' retrieved from /home/airflow/.local/lib/python3.12/site-packages/airflow/example_dags/example_python_decorator.py
[2025-01-14T02:25:44.943+0000] {logging_mixin.py:190} INFO - [2025-01-14T02:25:44.943+0000] {dag.py:3239} INFO - Sync 1 DAGs
[2025-01-14T02:25:44.960+0000] {logging_mixin.py:190} INFO - [2025-01-14T02:25:44.960+0000] {dag.py:4180} INFO - Setting next_dagrun for example_python_decorator to None, run_after=None
[2025-01-14T02:25:44.982+0000] {processor.py:208} INFO - Processing /home/airflow/.local/lib/python3.12/site-packages/airflow/example_dags/example_python_decorator.py took 0.089 seconds
[2025-01-14T02:27:11.582+0000] {processor.py:186} INFO - Started process (PID=3226) to work on /home/airflow/.local/lib/python3.12/site-packages/airflow/example_dags/example_python_decorator.py
[2025-01-14T02:27:11.584+0000] {processor.py:914} INFO - Processing file /home/airflow/.local/lib/python3.12/site-packages/airflow/example_dags/example_python_decorator.py for tasks to queue
[2025-01-14T02:27:11.587+0000] {logging_mixin.py:190} INFO - [2025-01-14T02:27:11.587+0000] {dagbag.py:588} INFO - Filling up the DagBag from /home/airflow/.local/lib/python3.12/site-packages/airflow/example_dags/example_python_decorator.py
[2025-01-14T02:27:11.599+0000] {processor.py:925} INFO - DAG(s) 'example_python_decorator' retrieved from /home/airflow/.local/lib/python3.12/site-packages/airflow/example_dags/example_python_decorator.py
[2025-01-14T02:27:11.618+0000] {logging_mixin.py:190} INFO - [2025-01-14T02:27:11.618+0000] {dag.py:3239} INFO - Sync 1 DAGs
[2025-01-14T02:27:11.632+0000] {logging_mixin.py:190} INFO - [2025-01-14T02:27:11.632+0000] {dag.py:4180} INFO - Setting next_dagrun for example_python_decorator to None, run_after=None
[2025-01-14T02:27:11.653+0000] {processor.py:208} INFO - Processing /home/airflow/.local/lib/python3.12/site-packages/airflow/example_dags/example_python_decorator.py took 0.077 seconds
[2025-01-14T02:27:41.783+0000] {processor.py:186} INFO - Started process (PID=3519) to work on /home/airflow/.local/lib/python3.12/site-packages/airflow/example_dags/example_python_decorator.py
[2025-01-14T02:27:41.784+0000] {processor.py:914} INFO - Processing file /home/airflow/.local/lib/python3.12/site-packages/airflow/example_dags/example_python_decorator.py for tasks to queue
[2025-01-14T02:27:41.786+0000] {logging_mixin.py:190} INFO - [2025-01-14T02:27:41.786+0000] {dagbag.py:588} INFO - Filling up the DagBag from /home/airflow/.local/lib/python3.12/site-packages/airflow/example_dags/example_python_decorator.py
[2025-01-14T02:27:41.799+0000] {processor.py:925} INFO - DAG(s) 'example_python_decorator' retrieved from /home/airflow/.local/lib/python3.12/site-packages/airflow/example_dags/example_python_decorator.py
[2025-01-14T02:27:41.817+0000] {logging_mixin.py:190} INFO - [2025-01-14T02:27:41.816+0000] {dag.py:3239} INFO - Sync 1 DAGs
[2025-01-14T02:27:41.828+0000] {logging_mixin.py:190} INFO - [2025-01-14T02:27:41.828+0000] {dag.py:4180} INFO - Setting next_dagrun for example_python_decorator to None, run_after=None
[2025-01-14T02:27:41.847+0000] {processor.py:208} INFO - Processing /home/airflow/.local/lib/python3.12/site-packages/airflow/example_dags/example_python_decorator.py took 0.069 seconds
[2025-01-14T02:28:12.174+0000] {processor.py:186} INFO - Started process (PID=3808) to work on /home/airflow/.local/lib/python3.12/site-packages/airflow/example_dags/example_python_decorator.py
[2025-01-14T02:28:12.176+0000] {processor.py:914} INFO - Processing file /home/airflow/.local/lib/python3.12/site-packages/airflow/example_dags/example_python_decorator.py for tasks to queue
[2025-01-14T02:28:12.178+0000] {logging_mixin.py:190} INFO - [2025-01-14T02:28:12.178+0000] {dagbag.py:588} INFO - Filling up the DagBag from /home/airflow/.local/lib/python3.12/site-packages/airflow/example_dags/example_python_decorator.py
[2025-01-14T02:28:12.189+0000] {processor.py:925} INFO - DAG(s) 'example_python_decorator' retrieved from /home/airflow/.local/lib/python3.12/site-packages/airflow/example_dags/example_python_decorator.py
[2025-01-14T02:28:12.206+0000] {logging_mixin.py:190} INFO - [2025-01-14T02:28:12.206+0000] {dag.py:3239} INFO - Sync 1 DAGs
[2025-01-14T02:28:12.218+0000] {logging_mixin.py:190} INFO - [2025-01-14T02:28:12.217+0000] {dag.py:4180} INFO - Setting next_dagrun for example_python_decorator to None, run_after=None
[2025-01-14T02:28:12.236+0000] {processor.py:208} INFO - Processing /home/airflow/.local/lib/python3.12/site-packages/airflow/example_dags/example_python_decorator.py took 0.066 seconds
[2025-01-14T02:28:43.182+0000] {processor.py:186} INFO - Started process (PID=4101) to work on /home/airflow/.local/lib/python3.12/site-packages/airflow/example_dags/example_python_decorator.py
[2025-01-14T02:28:43.183+0000] {processor.py:914} INFO - Processing file /home/airflow/.local/lib/python3.12/site-packages/airflow/example_dags/example_python_decorator.py for tasks to queue
[2025-01-14T02:28:43.185+0000] {logging_mixin.py:190} INFO - [2025-01-14T02:28:43.185+0000] {dagbag.py:588} INFO - Filling up the DagBag from /home/airflow/.local/lib/python3.12/site-packages/airflow/example_dags/example_python_decorator.py
[2025-01-14T02:28:43.196+0000] {processor.py:925} INFO - DAG(s) 'example_python_decorator' retrieved from /home/airflow/.local/lib/python3.12/site-packages/airflow/example_dags/example_python_decorator.py
[2025-01-14T02:28:43.216+0000] {logging_mixin.py:190} INFO - [2025-01-14T02:28:43.216+0000] {dag.py:3239} INFO - Sync 1 DAGs
[2025-01-14T02:28:43.254+0000] {logging_mixin.py:190} INFO - [2025-01-14T02:28:43.253+0000] {dag.py:4180} INFO - Setting next_dagrun for example_python_decorator to None, run_after=None
[2025-01-14T02:28:43.273+0000] {processor.py:208} INFO - Processing /home/airflow/.local/lib/python3.12/site-packages/airflow/example_dags/example_python_decorator.py took 0.097 seconds
