[2025-01-14T02:21:07.116+0000] {processor.py:186} INFO - Started process (PID=292) to work on /home/airflow/.local/lib/python3.12/site-packages/airflow/example_dags/example_trigger_target_dag.py
[2025-01-14T02:21:07.117+0000] {processor.py:914} INFO - Processing file /home/airflow/.local/lib/python3.12/site-packages/airflow/example_dags/example_trigger_target_dag.py for tasks to queue
[2025-01-14T02:21:07.120+0000] {logging_mixin.py:190} INFO - [2025-01-14T02:21:07.119+0000] {dagbag.py:588} INFO - Filling up the DagBag from /home/airflow/.local/lib/python3.12/site-packages/airflow/example_dags/example_trigger_target_dag.py
[2025-01-14T02:21:07.132+0000] {processor.py:925} INFO - DAG(s) 'example_trigger_target_dag' retrieved from /home/airflow/.local/lib/python3.12/site-packages/airflow/example_dags/example_trigger_target_dag.py
[2025-01-14T02:21:07.231+0000] {logging_mixin.py:190} INFO - [2025-01-14T02:21:07.230+0000] {override.py:1911} INFO - Created Permission View: can read on DAG:example_trigger_target_dag
[2025-01-14T02:21:07.243+0000] {logging_mixin.py:190} INFO - [2025-01-14T02:21:07.243+0000] {override.py:1911} INFO - Created Permission View: can delete on DAG:example_trigger_target_dag
[2025-01-14T02:21:07.254+0000] {logging_mixin.py:190} INFO - [2025-01-14T02:21:07.254+0000] {override.py:1911} INFO - Created Permission View: can edit on DAG:example_trigger_target_dag
[2025-01-14T02:21:07.267+0000] {logging_mixin.py:190} INFO - [2025-01-14T02:21:07.267+0000] {override.py:1911} INFO - Created Permission View: can read on DAG Run:example_trigger_target_dag
[2025-01-14T02:21:07.283+0000] {logging_mixin.py:190} INFO - [2025-01-14T02:21:07.283+0000] {override.py:1911} INFO - Created Permission View: menu access on DAG Run:example_trigger_target_dag
[2025-01-14T02:21:07.301+0000] {logging_mixin.py:190} INFO - [2025-01-14T02:21:07.301+0000] {override.py:1911} INFO - Created Permission View: can create on DAG Run:example_trigger_target_dag
[2025-01-14T02:21:07.309+0000] {logging_mixin.py:190} INFO - [2025-01-14T02:21:07.309+0000] {override.py:1911} INFO - Created Permission View: can delete on DAG Run:example_trigger_target_dag
[2025-01-14T02:21:07.310+0000] {logging_mixin.py:190} INFO - [2025-01-14T02:21:07.310+0000] {dag.py:3239} INFO - Sync 1 DAGs
[2025-01-14T02:21:07.320+0000] {logging_mixin.py:190} INFO - [2025-01-14T02:21:07.320+0000] {dag.py:3262} INFO - Creating ORM DAG for example_trigger_target_dag
[2025-01-14T02:21:07.321+0000] {logging_mixin.py:190} INFO - [2025-01-14T02:21:07.321+0000] {dag.py:4180} INFO - Setting next_dagrun for example_trigger_target_dag to None, run_after=None
[2025-01-14T02:21:07.337+0000] {processor.py:208} INFO - Processing /home/airflow/.local/lib/python3.12/site-packages/airflow/example_dags/example_trigger_target_dag.py took 0.226 seconds
[2025-01-14T02:21:37.680+0000] {processor.py:186} INFO - Started process (PID=583) to work on /home/airflow/.local/lib/python3.12/site-packages/airflow/example_dags/example_trigger_target_dag.py
[2025-01-14T02:21:37.682+0000] {processor.py:914} INFO - Processing file /home/airflow/.local/lib/python3.12/site-packages/airflow/example_dags/example_trigger_target_dag.py for tasks to queue
[2025-01-14T02:21:37.685+0000] {logging_mixin.py:190} INFO - [2025-01-14T02:21:37.685+0000] {dagbag.py:588} INFO - Filling up the DagBag from /home/airflow/.local/lib/python3.12/site-packages/airflow/example_dags/example_trigger_target_dag.py
[2025-01-14T02:21:37.693+0000] {processor.py:925} INFO - DAG(s) 'example_trigger_target_dag' retrieved from /home/airflow/.local/lib/python3.12/site-packages/airflow/example_dags/example_trigger_target_dag.py
[2025-01-14T02:21:37.714+0000] {logging_mixin.py:190} INFO - [2025-01-14T02:21:37.713+0000] {dag.py:3239} INFO - Sync 1 DAGs
[2025-01-14T02:21:37.726+0000] {logging_mixin.py:190} INFO - [2025-01-14T02:21:37.726+0000] {dag.py:4180} INFO - Setting next_dagrun for example_trigger_target_dag to None, run_after=None
[2025-01-14T02:21:37.747+0000] {processor.py:208} INFO - Processing /home/airflow/.local/lib/python3.12/site-packages/airflow/example_dags/example_trigger_target_dag.py took 0.075 seconds
[2025-01-14T02:22:07.814+0000] {processor.py:186} INFO - Started process (PID=872) to work on /home/airflow/.local/lib/python3.12/site-packages/airflow/example_dags/example_trigger_target_dag.py
[2025-01-14T02:22:07.815+0000] {processor.py:914} INFO - Processing file /home/airflow/.local/lib/python3.12/site-packages/airflow/example_dags/example_trigger_target_dag.py for tasks to queue
[2025-01-14T02:22:07.818+0000] {logging_mixin.py:190} INFO - [2025-01-14T02:22:07.817+0000] {dagbag.py:588} INFO - Filling up the DagBag from /home/airflow/.local/lib/python3.12/site-packages/airflow/example_dags/example_trigger_target_dag.py
[2025-01-14T02:22:07.824+0000] {processor.py:925} INFO - DAG(s) 'example_trigger_target_dag' retrieved from /home/airflow/.local/lib/python3.12/site-packages/airflow/example_dags/example_trigger_target_dag.py
[2025-01-14T02:22:07.840+0000] {logging_mixin.py:190} INFO - [2025-01-14T02:22:07.840+0000] {dag.py:3239} INFO - Sync 1 DAGs
[2025-01-14T02:22:07.853+0000] {logging_mixin.py:190} INFO - [2025-01-14T02:22:07.852+0000] {dag.py:4180} INFO - Setting next_dagrun for example_trigger_target_dag to None, run_after=None
[2025-01-14T02:22:07.872+0000] {processor.py:208} INFO - Processing /home/airflow/.local/lib/python3.12/site-packages/airflow/example_dags/example_trigger_target_dag.py took 0.063 seconds
[2025-01-14T02:22:38.783+0000] {processor.py:186} INFO - Started process (PID=1163) to work on /home/airflow/.local/lib/python3.12/site-packages/airflow/example_dags/example_trigger_target_dag.py
[2025-01-14T02:22:38.784+0000] {processor.py:914} INFO - Processing file /home/airflow/.local/lib/python3.12/site-packages/airflow/example_dags/example_trigger_target_dag.py for tasks to queue
[2025-01-14T02:22:38.787+0000] {logging_mixin.py:190} INFO - [2025-01-14T02:22:38.787+0000] {dagbag.py:588} INFO - Filling up the DagBag from /home/airflow/.local/lib/python3.12/site-packages/airflow/example_dags/example_trigger_target_dag.py
[2025-01-14T02:22:38.794+0000] {processor.py:925} INFO - DAG(s) 'example_trigger_target_dag' retrieved from /home/airflow/.local/lib/python3.12/site-packages/airflow/example_dags/example_trigger_target_dag.py
[2025-01-14T02:22:38.811+0000] {logging_mixin.py:190} INFO - [2025-01-14T02:22:38.811+0000] {dag.py:3239} INFO - Sync 1 DAGs
[2025-01-14T02:22:38.822+0000] {logging_mixin.py:190} INFO - [2025-01-14T02:22:38.822+0000] {dag.py:4180} INFO - Setting next_dagrun for example_trigger_target_dag to None, run_after=None
[2025-01-14T02:22:38.842+0000] {processor.py:208} INFO - Processing /home/airflow/.local/lib/python3.12/site-packages/airflow/example_dags/example_trigger_target_dag.py took 0.063 seconds
[2025-01-14T02:23:07.864+0000] {processor.py:186} INFO - Started process (PID=1454) to work on /home/airflow/.local/lib/python3.12/site-packages/airflow/example_dags/example_trigger_target_dag.py
[2025-01-14T02:23:07.866+0000] {processor.py:914} INFO - Processing file /home/airflow/.local/lib/python3.12/site-packages/airflow/example_dags/example_trigger_target_dag.py for tasks to queue
[2025-01-14T02:23:07.868+0000] {logging_mixin.py:190} INFO - [2025-01-14T02:23:07.868+0000] {dagbag.py:588} INFO - Filling up the DagBag from /home/airflow/.local/lib/python3.12/site-packages/airflow/example_dags/example_trigger_target_dag.py
[2025-01-14T02:23:07.876+0000] {processor.py:925} INFO - DAG(s) 'example_trigger_target_dag' retrieved from /home/airflow/.local/lib/python3.12/site-packages/airflow/example_dags/example_trigger_target_dag.py
[2025-01-14T02:23:07.894+0000] {logging_mixin.py:190} INFO - [2025-01-14T02:23:07.893+0000] {dag.py:3239} INFO - Sync 1 DAGs
[2025-01-14T02:23:07.907+0000] {logging_mixin.py:190} INFO - [2025-01-14T02:23:07.906+0000] {dag.py:4180} INFO - Setting next_dagrun for example_trigger_target_dag to None, run_after=None
[2025-01-14T02:23:07.933+0000] {processor.py:208} INFO - Processing /home/airflow/.local/lib/python3.12/site-packages/airflow/example_dags/example_trigger_target_dag.py took 0.075 seconds
[2025-01-14T02:23:38.454+0000] {processor.py:186} INFO - Started process (PID=1715) to work on /home/airflow/.local/lib/python3.12/site-packages/airflow/example_dags/example_trigger_target_dag.py
[2025-01-14T02:23:38.455+0000] {processor.py:914} INFO - Processing file /home/airflow/.local/lib/python3.12/site-packages/airflow/example_dags/example_trigger_target_dag.py for tasks to queue
[2025-01-14T02:23:38.458+0000] {logging_mixin.py:190} INFO - [2025-01-14T02:23:38.457+0000] {dagbag.py:588} INFO - Filling up the DagBag from /home/airflow/.local/lib/python3.12/site-packages/airflow/example_dags/example_trigger_target_dag.py
[2025-01-14T02:23:38.464+0000] {processor.py:925} INFO - DAG(s) 'example_trigger_target_dag' retrieved from /home/airflow/.local/lib/python3.12/site-packages/airflow/example_dags/example_trigger_target_dag.py
[2025-01-14T02:23:38.482+0000] {logging_mixin.py:190} INFO - [2025-01-14T02:23:38.482+0000] {dag.py:3239} INFO - Sync 1 DAGs
[2025-01-14T02:23:38.500+0000] {logging_mixin.py:190} INFO - [2025-01-14T02:23:38.499+0000] {dag.py:4180} INFO - Setting next_dagrun for example_trigger_target_dag to None, run_after=None
[2025-01-14T02:23:38.519+0000] {processor.py:208} INFO - Processing /home/airflow/.local/lib/python3.12/site-packages/airflow/example_dags/example_trigger_target_dag.py took 0.070 seconds
[2025-01-14T02:24:08.633+0000] {processor.py:186} INFO - Started process (PID=2003) to work on /home/airflow/.local/lib/python3.12/site-packages/airflow/example_dags/example_trigger_target_dag.py
[2025-01-14T02:24:08.634+0000] {processor.py:914} INFO - Processing file /home/airflow/.local/lib/python3.12/site-packages/airflow/example_dags/example_trigger_target_dag.py for tasks to queue
[2025-01-14T02:24:08.637+0000] {logging_mixin.py:190} INFO - [2025-01-14T02:24:08.636+0000] {dagbag.py:588} INFO - Filling up the DagBag from /home/airflow/.local/lib/python3.12/site-packages/airflow/example_dags/example_trigger_target_dag.py
[2025-01-14T02:24:08.644+0000] {processor.py:925} INFO - DAG(s) 'example_trigger_target_dag' retrieved from /home/airflow/.local/lib/python3.12/site-packages/airflow/example_dags/example_trigger_target_dag.py
[2025-01-14T02:24:08.661+0000] {logging_mixin.py:190} INFO - [2025-01-14T02:24:08.661+0000] {dag.py:3239} INFO - Sync 1 DAGs
[2025-01-14T02:24:08.676+0000] {logging_mixin.py:190} INFO - [2025-01-14T02:24:08.675+0000] {dag.py:4180} INFO - Setting next_dagrun for example_trigger_target_dag to None, run_after=None
[2025-01-14T02:24:08.703+0000] {processor.py:208} INFO - Processing /home/airflow/.local/lib/python3.12/site-packages/airflow/example_dags/example_trigger_target_dag.py took 0.075 seconds
[2025-01-14T02:24:40.400+0000] {processor.py:186} INFO - Started process (PID=2294) to work on /home/airflow/.local/lib/python3.12/site-packages/airflow/example_dags/example_trigger_target_dag.py
[2025-01-14T02:24:40.401+0000] {processor.py:914} INFO - Processing file /home/airflow/.local/lib/python3.12/site-packages/airflow/example_dags/example_trigger_target_dag.py for tasks to queue
[2025-01-14T02:24:40.404+0000] {logging_mixin.py:190} INFO - [2025-01-14T02:24:40.403+0000] {dagbag.py:588} INFO - Filling up the DagBag from /home/airflow/.local/lib/python3.12/site-packages/airflow/example_dags/example_trigger_target_dag.py
[2025-01-14T02:24:40.415+0000] {processor.py:925} INFO - DAG(s) 'example_trigger_target_dag' retrieved from /home/airflow/.local/lib/python3.12/site-packages/airflow/example_dags/example_trigger_target_dag.py
[2025-01-14T02:24:40.438+0000] {logging_mixin.py:190} INFO - [2025-01-14T02:24:40.438+0000] {dag.py:3239} INFO - Sync 1 DAGs
[2025-01-14T02:24:40.459+0000] {logging_mixin.py:190} INFO - [2025-01-14T02:24:40.458+0000] {dag.py:4180} INFO - Setting next_dagrun for example_trigger_target_dag to None, run_after=None
[2025-01-14T02:24:40.484+0000] {processor.py:208} INFO - Processing /home/airflow/.local/lib/python3.12/site-packages/airflow/example_dags/example_trigger_target_dag.py took 0.092 seconds
[2025-01-14T02:25:11.422+0000] {processor.py:186} INFO - Started process (PID=2585) to work on /home/airflow/.local/lib/python3.12/site-packages/airflow/example_dags/example_trigger_target_dag.py
[2025-01-14T02:25:11.425+0000] {processor.py:914} INFO - Processing file /home/airflow/.local/lib/python3.12/site-packages/airflow/example_dags/example_trigger_target_dag.py for tasks to queue
[2025-01-14T02:25:11.432+0000] {logging_mixin.py:190} INFO - [2025-01-14T02:25:11.431+0000] {dagbag.py:588} INFO - Filling up the DagBag from /home/airflow/.local/lib/python3.12/site-packages/airflow/example_dags/example_trigger_target_dag.py
[2025-01-14T02:25:11.456+0000] {processor.py:925} INFO - DAG(s) 'example_trigger_target_dag' retrieved from /home/airflow/.local/lib/python3.12/site-packages/airflow/example_dags/example_trigger_target_dag.py
[2025-01-14T02:25:11.476+0000] {logging_mixin.py:190} INFO - [2025-01-14T02:25:11.476+0000] {dag.py:3239} INFO - Sync 1 DAGs
[2025-01-14T02:25:11.489+0000] {logging_mixin.py:190} INFO - [2025-01-14T02:25:11.489+0000] {dag.py:4180} INFO - Setting next_dagrun for example_trigger_target_dag to None, run_after=None
[2025-01-14T02:25:11.513+0000] {processor.py:208} INFO - Processing /home/airflow/.local/lib/python3.12/site-packages/airflow/example_dags/example_trigger_target_dag.py took 0.102 seconds
[2025-01-14T02:25:42.069+0000] {processor.py:186} INFO - Started process (PID=2874) to work on /home/airflow/.local/lib/python3.12/site-packages/airflow/example_dags/example_trigger_target_dag.py
[2025-01-14T02:25:42.070+0000] {processor.py:914} INFO - Processing file /home/airflow/.local/lib/python3.12/site-packages/airflow/example_dags/example_trigger_target_dag.py for tasks to queue
[2025-01-14T02:25:42.074+0000] {logging_mixin.py:190} INFO - [2025-01-14T02:25:42.073+0000] {dagbag.py:588} INFO - Filling up the DagBag from /home/airflow/.local/lib/python3.12/site-packages/airflow/example_dags/example_trigger_target_dag.py
[2025-01-14T02:25:42.081+0000] {processor.py:925} INFO - DAG(s) 'example_trigger_target_dag' retrieved from /home/airflow/.local/lib/python3.12/site-packages/airflow/example_dags/example_trigger_target_dag.py
[2025-01-14T02:25:42.103+0000] {logging_mixin.py:190} INFO - [2025-01-14T02:25:42.102+0000] {dag.py:3239} INFO - Sync 1 DAGs
[2025-01-14T02:25:42.116+0000] {logging_mixin.py:190} INFO - [2025-01-14T02:25:42.116+0000] {dag.py:4180} INFO - Setting next_dagrun for example_trigger_target_dag to None, run_after=None
[2025-01-14T02:25:42.138+0000] {processor.py:208} INFO - Processing /home/airflow/.local/lib/python3.12/site-packages/airflow/example_dags/example_trigger_target_dag.py took 0.074 seconds
[2025-01-14T02:27:10.866+0000] {processor.py:186} INFO - Started process (PID=3201) to work on /home/airflow/.local/lib/python3.12/site-packages/airflow/example_dags/example_trigger_target_dag.py
[2025-01-14T02:27:10.867+0000] {processor.py:914} INFO - Processing file /home/airflow/.local/lib/python3.12/site-packages/airflow/example_dags/example_trigger_target_dag.py for tasks to queue
[2025-01-14T02:27:10.869+0000] {logging_mixin.py:190} INFO - [2025-01-14T02:27:10.869+0000] {dagbag.py:588} INFO - Filling up the DagBag from /home/airflow/.local/lib/python3.12/site-packages/airflow/example_dags/example_trigger_target_dag.py
[2025-01-14T02:27:10.882+0000] {processor.py:925} INFO - DAG(s) 'example_trigger_target_dag' retrieved from /home/airflow/.local/lib/python3.12/site-packages/airflow/example_dags/example_trigger_target_dag.py
[2025-01-14T02:27:10.907+0000] {logging_mixin.py:190} INFO - [2025-01-14T02:27:10.907+0000] {dag.py:3239} INFO - Sync 1 DAGs
[2025-01-14T02:27:10.927+0000] {logging_mixin.py:190} INFO - [2025-01-14T02:27:10.927+0000] {dag.py:4180} INFO - Setting next_dagrun for example_trigger_target_dag to None, run_after=None
[2025-01-14T02:27:10.956+0000] {processor.py:208} INFO - Processing /home/airflow/.local/lib/python3.12/site-packages/airflow/example_dags/example_trigger_target_dag.py took 0.098 seconds
[2025-01-14T02:27:41.400+0000] {processor.py:186} INFO - Started process (PID=3492) to work on /home/airflow/.local/lib/python3.12/site-packages/airflow/example_dags/example_trigger_target_dag.py
[2025-01-14T02:27:41.401+0000] {processor.py:914} INFO - Processing file /home/airflow/.local/lib/python3.12/site-packages/airflow/example_dags/example_trigger_target_dag.py for tasks to queue
[2025-01-14T02:27:41.404+0000] {logging_mixin.py:190} INFO - [2025-01-14T02:27:41.404+0000] {dagbag.py:588} INFO - Filling up the DagBag from /home/airflow/.local/lib/python3.12/site-packages/airflow/example_dags/example_trigger_target_dag.py
[2025-01-14T02:27:41.412+0000] {processor.py:925} INFO - DAG(s) 'example_trigger_target_dag' retrieved from /home/airflow/.local/lib/python3.12/site-packages/airflow/example_dags/example_trigger_target_dag.py
[2025-01-14T02:27:41.433+0000] {logging_mixin.py:190} INFO - [2025-01-14T02:27:41.432+0000] {dag.py:3239} INFO - Sync 1 DAGs
[2025-01-14T02:27:41.449+0000] {logging_mixin.py:190} INFO - [2025-01-14T02:27:41.448+0000] {dag.py:4180} INFO - Setting next_dagrun for example_trigger_target_dag to None, run_after=None
[2025-01-14T02:27:41.474+0000] {processor.py:208} INFO - Processing /home/airflow/.local/lib/python3.12/site-packages/airflow/example_dags/example_trigger_target_dag.py took 0.079 seconds
[2025-01-14T02:28:11.951+0000] {processor.py:186} INFO - Started process (PID=3783) to work on /home/airflow/.local/lib/python3.12/site-packages/airflow/example_dags/example_trigger_target_dag.py
[2025-01-14T02:28:11.952+0000] {processor.py:914} INFO - Processing file /home/airflow/.local/lib/python3.12/site-packages/airflow/example_dags/example_trigger_target_dag.py for tasks to queue
[2025-01-14T02:28:11.955+0000] {logging_mixin.py:190} INFO - [2025-01-14T02:28:11.954+0000] {dagbag.py:588} INFO - Filling up the DagBag from /home/airflow/.local/lib/python3.12/site-packages/airflow/example_dags/example_trigger_target_dag.py
[2025-01-14T02:28:11.962+0000] {processor.py:925} INFO - DAG(s) 'example_trigger_target_dag' retrieved from /home/airflow/.local/lib/python3.12/site-packages/airflow/example_dags/example_trigger_target_dag.py
[2025-01-14T02:28:11.979+0000] {logging_mixin.py:190} INFO - [2025-01-14T02:28:11.978+0000] {dag.py:3239} INFO - Sync 1 DAGs
[2025-01-14T02:28:11.991+0000] {logging_mixin.py:190} INFO - [2025-01-14T02:28:11.990+0000] {dag.py:4180} INFO - Setting next_dagrun for example_trigger_target_dag to None, run_after=None
[2025-01-14T02:28:12.012+0000] {processor.py:208} INFO - Processing /home/airflow/.local/lib/python3.12/site-packages/airflow/example_dags/example_trigger_target_dag.py took 0.067 seconds
[2025-01-14T02:28:42.796+0000] {processor.py:186} INFO - Started process (PID=4076) to work on /home/airflow/.local/lib/python3.12/site-packages/airflow/example_dags/example_trigger_target_dag.py
[2025-01-14T02:28:42.798+0000] {processor.py:914} INFO - Processing file /home/airflow/.local/lib/python3.12/site-packages/airflow/example_dags/example_trigger_target_dag.py for tasks to queue
[2025-01-14T02:28:42.800+0000] {logging_mixin.py:190} INFO - [2025-01-14T02:28:42.799+0000] {dagbag.py:588} INFO - Filling up the DagBag from /home/airflow/.local/lib/python3.12/site-packages/airflow/example_dags/example_trigger_target_dag.py
[2025-01-14T02:28:42.807+0000] {processor.py:925} INFO - DAG(s) 'example_trigger_target_dag' retrieved from /home/airflow/.local/lib/python3.12/site-packages/airflow/example_dags/example_trigger_target_dag.py
[2025-01-14T02:28:42.826+0000] {logging_mixin.py:190} INFO - [2025-01-14T02:28:42.825+0000] {dag.py:3239} INFO - Sync 1 DAGs
[2025-01-14T02:28:42.838+0000] {logging_mixin.py:190} INFO - [2025-01-14T02:28:42.838+0000] {dag.py:4180} INFO - Setting next_dagrun for example_trigger_target_dag to None, run_after=None
[2025-01-14T02:28:42.858+0000] {processor.py:208} INFO - Processing /home/airflow/.local/lib/python3.12/site-packages/airflow/example_dags/example_trigger_target_dag.py took 0.067 seconds
