[2025-01-14T02:21:06.079+0000] {processor.py:186} INFO - Started process (PID=257) to work on /home/airflow/.local/lib/python3.12/site-packages/airflow/example_dags/example_setup_teardown.py
[2025-01-14T02:21:06.080+0000] {processor.py:914} INFO - Processing file /home/airflow/.local/lib/python3.12/site-packages/airflow/example_dags/example_setup_teardown.py for tasks to queue
[2025-01-14T02:21:06.082+0000] {logging_mixin.py:190} INFO - [2025-01-14T02:21:06.082+0000] {dagbag.py:588} INFO - Filling up the DagBag from /home/airflow/.local/lib/python3.12/site-packages/airflow/example_dags/example_setup_teardown.py
[2025-01-14T02:21:06.089+0000] {processor.py:925} INFO - DAG(s) 'example_setup_teardown' retrieved from /home/airflow/.local/lib/python3.12/site-packages/airflow/example_dags/example_setup_teardown.py
[2025-01-14T02:21:06.182+0000] {logging_mixin.py:190} INFO - [2025-01-14T02:21:06.182+0000] {override.py:1911} INFO - Created Permission View: can read on DAG:example_setup_teardown
[2025-01-14T02:21:06.193+0000] {logging_mixin.py:190} INFO - [2025-01-14T02:21:06.192+0000] {override.py:1911} INFO - Created Permission View: can delete on DAG:example_setup_teardown
[2025-01-14T02:21:06.200+0000] {logging_mixin.py:190} INFO - [2025-01-14T02:21:06.200+0000] {override.py:1911} INFO - Created Permission View: can edit on DAG:example_setup_teardown
[2025-01-14T02:21:06.212+0000] {logging_mixin.py:190} INFO - [2025-01-14T02:21:06.212+0000] {override.py:1911} INFO - Created Permission View: can read on DAG Run:example_setup_teardown
[2025-01-14T02:21:06.219+0000] {logging_mixin.py:190} INFO - [2025-01-14T02:21:06.219+0000] {override.py:1911} INFO - Created Permission View: menu access on DAG Run:example_setup_teardown
[2025-01-14T02:21:06.227+0000] {logging_mixin.py:190} INFO - [2025-01-14T02:21:06.227+0000] {override.py:1911} INFO - Created Permission View: can create on DAG Run:example_setup_teardown
[2025-01-14T02:21:06.234+0000] {logging_mixin.py:190} INFO - [2025-01-14T02:21:06.234+0000] {override.py:1911} INFO - Created Permission View: can delete on DAG Run:example_setup_teardown
[2025-01-14T02:21:06.235+0000] {logging_mixin.py:190} INFO - [2025-01-14T02:21:06.235+0000] {dag.py:3239} INFO - Sync 1 DAGs
[2025-01-14T02:21:06.244+0000] {logging_mixin.py:190} INFO - [2025-01-14T02:21:06.244+0000] {dag.py:3262} INFO - Creating ORM DAG for example_setup_teardown
[2025-01-14T02:21:06.245+0000] {logging_mixin.py:190} INFO - [2025-01-14T02:21:06.245+0000] {dag.py:4180} INFO - Setting next_dagrun for example_setup_teardown to None, run_after=None
[2025-01-14T02:21:06.262+0000] {processor.py:208} INFO - Processing /home/airflow/.local/lib/python3.12/site-packages/airflow/example_dags/example_setup_teardown.py took 0.187 seconds
[2025-01-14T02:21:36.744+0000] {processor.py:186} INFO - Started process (PID=548) to work on /home/airflow/.local/lib/python3.12/site-packages/airflow/example_dags/example_setup_teardown.py
[2025-01-14T02:21:36.746+0000] {processor.py:914} INFO - Processing file /home/airflow/.local/lib/python3.12/site-packages/airflow/example_dags/example_setup_teardown.py for tasks to queue
[2025-01-14T02:21:36.749+0000] {logging_mixin.py:190} INFO - [2025-01-14T02:21:36.749+0000] {dagbag.py:588} INFO - Filling up the DagBag from /home/airflow/.local/lib/python3.12/site-packages/airflow/example_dags/example_setup_teardown.py
[2025-01-14T02:21:36.758+0000] {processor.py:925} INFO - DAG(s) 'example_setup_teardown' retrieved from /home/airflow/.local/lib/python3.12/site-packages/airflow/example_dags/example_setup_teardown.py
[2025-01-14T02:21:36.797+0000] {logging_mixin.py:190} INFO - [2025-01-14T02:21:36.796+0000] {dag.py:3239} INFO - Sync 1 DAGs
[2025-01-14T02:21:36.810+0000] {logging_mixin.py:190} INFO - [2025-01-14T02:21:36.810+0000] {dag.py:4180} INFO - Setting next_dagrun for example_setup_teardown to None, run_after=None
[2025-01-14T02:21:36.836+0000] {processor.py:208} INFO - Processing /home/airflow/.local/lib/python3.12/site-packages/airflow/example_dags/example_setup_teardown.py took 0.097 seconds
[2025-01-14T02:22:07.359+0000] {processor.py:186} INFO - Started process (PID=837) to work on /home/airflow/.local/lib/python3.12/site-packages/airflow/example_dags/example_setup_teardown.py
[2025-01-14T02:22:07.360+0000] {processor.py:914} INFO - Processing file /home/airflow/.local/lib/python3.12/site-packages/airflow/example_dags/example_setup_teardown.py for tasks to queue
[2025-01-14T02:22:07.363+0000] {logging_mixin.py:190} INFO - [2025-01-14T02:22:07.362+0000] {dagbag.py:588} INFO - Filling up the DagBag from /home/airflow/.local/lib/python3.12/site-packages/airflow/example_dags/example_setup_teardown.py
[2025-01-14T02:22:07.372+0000] {processor.py:925} INFO - DAG(s) 'example_setup_teardown' retrieved from /home/airflow/.local/lib/python3.12/site-packages/airflow/example_dags/example_setup_teardown.py
[2025-01-14T02:22:07.391+0000] {logging_mixin.py:190} INFO - [2025-01-14T02:22:07.391+0000] {dag.py:3239} INFO - Sync 1 DAGs
[2025-01-14T02:22:07.406+0000] {logging_mixin.py:190} INFO - [2025-01-14T02:22:07.406+0000] {dag.py:4180} INFO - Setting next_dagrun for example_setup_teardown to None, run_after=None
[2025-01-14T02:22:07.428+0000] {processor.py:208} INFO - Processing /home/airflow/.local/lib/python3.12/site-packages/airflow/example_dags/example_setup_teardown.py took 0.075 seconds
[2025-01-14T02:22:38.203+0000] {processor.py:186} INFO - Started process (PID=1128) to work on /home/airflow/.local/lib/python3.12/site-packages/airflow/example_dags/example_setup_teardown.py
[2025-01-14T02:22:38.204+0000] {processor.py:914} INFO - Processing file /home/airflow/.local/lib/python3.12/site-packages/airflow/example_dags/example_setup_teardown.py for tasks to queue
[2025-01-14T02:22:38.206+0000] {logging_mixin.py:190} INFO - [2025-01-14T02:22:38.206+0000] {dagbag.py:588} INFO - Filling up the DagBag from /home/airflow/.local/lib/python3.12/site-packages/airflow/example_dags/example_setup_teardown.py
[2025-01-14T02:22:38.213+0000] {processor.py:925} INFO - DAG(s) 'example_setup_teardown' retrieved from /home/airflow/.local/lib/python3.12/site-packages/airflow/example_dags/example_setup_teardown.py
[2025-01-14T02:22:38.232+0000] {logging_mixin.py:190} INFO - [2025-01-14T02:22:38.231+0000] {dag.py:3239} INFO - Sync 1 DAGs
[2025-01-14T02:22:38.243+0000] {logging_mixin.py:190} INFO - [2025-01-14T02:22:38.243+0000] {dag.py:4180} INFO - Setting next_dagrun for example_setup_teardown to None, run_after=None
[2025-01-14T02:22:38.261+0000] {processor.py:208} INFO - Processing /home/airflow/.local/lib/python3.12/site-packages/airflow/example_dags/example_setup_teardown.py took 0.064 seconds
[2025-01-14T02:23:08.684+0000] {processor.py:186} INFO - Started process (PID=1414) to work on /home/airflow/.local/lib/python3.12/site-packages/airflow/example_dags/example_setup_teardown.py
[2025-01-14T02:23:08.686+0000] {processor.py:914} INFO - Processing file /home/airflow/.local/lib/python3.12/site-packages/airflow/example_dags/example_setup_teardown.py for tasks to queue
[2025-01-14T02:23:08.688+0000] {logging_mixin.py:190} INFO - [2025-01-14T02:23:08.688+0000] {dagbag.py:588} INFO - Filling up the DagBag from /home/airflow/.local/lib/python3.12/site-packages/airflow/example_dags/example_setup_teardown.py
[2025-01-14T02:23:08.697+0000] {processor.py:925} INFO - DAG(s) 'example_setup_teardown' retrieved from /home/airflow/.local/lib/python3.12/site-packages/airflow/example_dags/example_setup_teardown.py
[2025-01-14T02:23:08.716+0000] {logging_mixin.py:190} INFO - [2025-01-14T02:23:08.716+0000] {dag.py:3239} INFO - Sync 1 DAGs
[2025-01-14T02:23:08.728+0000] {logging_mixin.py:190} INFO - [2025-01-14T02:23:08.727+0000] {dag.py:4180} INFO - Setting next_dagrun for example_setup_teardown to None, run_after=None
[2025-01-14T02:23:08.747+0000] {processor.py:208} INFO - Processing /home/airflow/.local/lib/python3.12/site-packages/airflow/example_dags/example_setup_teardown.py took 0.068 seconds
[2025-01-14T02:23:39.019+0000] {processor.py:186} INFO - Started process (PID=1740) to work on /home/airflow/.local/lib/python3.12/site-packages/airflow/example_dags/example_setup_teardown.py
[2025-01-14T02:23:39.021+0000] {processor.py:914} INFO - Processing file /home/airflow/.local/lib/python3.12/site-packages/airflow/example_dags/example_setup_teardown.py for tasks to queue
[2025-01-14T02:23:39.023+0000] {logging_mixin.py:190} INFO - [2025-01-14T02:23:39.022+0000] {dagbag.py:588} INFO - Filling up the DagBag from /home/airflow/.local/lib/python3.12/site-packages/airflow/example_dags/example_setup_teardown.py
[2025-01-14T02:23:39.030+0000] {processor.py:925} INFO - DAG(s) 'example_setup_teardown' retrieved from /home/airflow/.local/lib/python3.12/site-packages/airflow/example_dags/example_setup_teardown.py
[2025-01-14T02:23:39.048+0000] {logging_mixin.py:190} INFO - [2025-01-14T02:23:39.048+0000] {dag.py:3239} INFO - Sync 1 DAGs
[2025-01-14T02:23:39.060+0000] {logging_mixin.py:190} INFO - [2025-01-14T02:23:39.060+0000] {dag.py:4180} INFO - Setting next_dagrun for example_setup_teardown to None, run_after=None
[2025-01-14T02:23:39.078+0000] {processor.py:208} INFO - Processing /home/airflow/.local/lib/python3.12/site-packages/airflow/example_dags/example_setup_teardown.py took 0.064 seconds
[2025-01-14T02:24:09.754+0000] {processor.py:186} INFO - Started process (PID=2026) to work on /home/airflow/.local/lib/python3.12/site-packages/airflow/example_dags/example_setup_teardown.py
[2025-01-14T02:24:09.756+0000] {processor.py:914} INFO - Processing file /home/airflow/.local/lib/python3.12/site-packages/airflow/example_dags/example_setup_teardown.py for tasks to queue
[2025-01-14T02:24:09.759+0000] {logging_mixin.py:190} INFO - [2025-01-14T02:24:09.759+0000] {dagbag.py:588} INFO - Filling up the DagBag from /home/airflow/.local/lib/python3.12/site-packages/airflow/example_dags/example_setup_teardown.py
[2025-01-14T02:24:09.768+0000] {processor.py:925} INFO - DAG(s) 'example_setup_teardown' retrieved from /home/airflow/.local/lib/python3.12/site-packages/airflow/example_dags/example_setup_teardown.py
[2025-01-14T02:24:09.790+0000] {logging_mixin.py:190} INFO - [2025-01-14T02:24:09.790+0000] {dag.py:3239} INFO - Sync 1 DAGs
[2025-01-14T02:24:09.808+0000] {logging_mixin.py:190} INFO - [2025-01-14T02:24:09.808+0000] {dag.py:4180} INFO - Setting next_dagrun for example_setup_teardown to None, run_after=None
[2025-01-14T02:24:09.846+0000] {processor.py:208} INFO - Processing /home/airflow/.local/lib/python3.12/site-packages/airflow/example_dags/example_setup_teardown.py took 0.099 seconds
[2025-01-14T02:24:41.734+0000] {processor.py:186} INFO - Started process (PID=2317) to work on /home/airflow/.local/lib/python3.12/site-packages/airflow/example_dags/example_setup_teardown.py
[2025-01-14T02:24:41.735+0000] {processor.py:914} INFO - Processing file /home/airflow/.local/lib/python3.12/site-packages/airflow/example_dags/example_setup_teardown.py for tasks to queue
[2025-01-14T02:24:41.738+0000] {logging_mixin.py:190} INFO - [2025-01-14T02:24:41.737+0000] {dagbag.py:588} INFO - Filling up the DagBag from /home/airflow/.local/lib/python3.12/site-packages/airflow/example_dags/example_setup_teardown.py
[2025-01-14T02:24:41.747+0000] {processor.py:925} INFO - DAG(s) 'example_setup_teardown' retrieved from /home/airflow/.local/lib/python3.12/site-packages/airflow/example_dags/example_setup_teardown.py
[2025-01-14T02:24:41.771+0000] {logging_mixin.py:190} INFO - [2025-01-14T02:24:41.770+0000] {dag.py:3239} INFO - Sync 1 DAGs
[2025-01-14T02:24:41.786+0000] {logging_mixin.py:190} INFO - [2025-01-14T02:24:41.785+0000] {dag.py:4180} INFO - Setting next_dagrun for example_setup_teardown to None, run_after=None
[2025-01-14T02:24:41.815+0000] {processor.py:208} INFO - Processing /home/airflow/.local/lib/python3.12/site-packages/airflow/example_dags/example_setup_teardown.py took 0.089 seconds
[2025-01-14T02:25:12.737+0000] {processor.py:186} INFO - Started process (PID=2608) to work on /home/airflow/.local/lib/python3.12/site-packages/airflow/example_dags/example_setup_teardown.py
[2025-01-14T02:25:12.738+0000] {processor.py:914} INFO - Processing file /home/airflow/.local/lib/python3.12/site-packages/airflow/example_dags/example_setup_teardown.py for tasks to queue
[2025-01-14T02:25:12.740+0000] {logging_mixin.py:190} INFO - [2025-01-14T02:25:12.740+0000] {dagbag.py:588} INFO - Filling up the DagBag from /home/airflow/.local/lib/python3.12/site-packages/airflow/example_dags/example_setup_teardown.py
[2025-01-14T02:25:12.749+0000] {processor.py:925} INFO - DAG(s) 'example_setup_teardown' retrieved from /home/airflow/.local/lib/python3.12/site-packages/airflow/example_dags/example_setup_teardown.py
[2025-01-14T02:25:12.770+0000] {logging_mixin.py:190} INFO - [2025-01-14T02:25:12.769+0000] {dag.py:3239} INFO - Sync 1 DAGs
[2025-01-14T02:25:12.782+0000] {logging_mixin.py:190} INFO - [2025-01-14T02:25:12.782+0000] {dag.py:4180} INFO - Setting next_dagrun for example_setup_teardown to None, run_after=None
[2025-01-14T02:25:12.802+0000] {processor.py:208} INFO - Processing /home/airflow/.local/lib/python3.12/site-packages/airflow/example_dags/example_setup_teardown.py took 0.070 seconds
[2025-01-14T02:25:44.090+0000] {processor.py:186} INFO - Started process (PID=2899) to work on /home/airflow/.local/lib/python3.12/site-packages/airflow/example_dags/example_setup_teardown.py
[2025-01-14T02:25:44.092+0000] {processor.py:914} INFO - Processing file /home/airflow/.local/lib/python3.12/site-packages/airflow/example_dags/example_setup_teardown.py for tasks to queue
[2025-01-14T02:25:44.094+0000] {logging_mixin.py:190} INFO - [2025-01-14T02:25:44.094+0000] {dagbag.py:588} INFO - Filling up the DagBag from /home/airflow/.local/lib/python3.12/site-packages/airflow/example_dags/example_setup_teardown.py
[2025-01-14T02:25:44.107+0000] {processor.py:925} INFO - DAG(s) 'example_setup_teardown' retrieved from /home/airflow/.local/lib/python3.12/site-packages/airflow/example_dags/example_setup_teardown.py
[2025-01-14T02:25:44.134+0000] {logging_mixin.py:190} INFO - [2025-01-14T02:25:44.133+0000] {dag.py:3239} INFO - Sync 1 DAGs
[2025-01-14T02:25:44.156+0000] {logging_mixin.py:190} INFO - [2025-01-14T02:25:44.156+0000] {dag.py:4180} INFO - Setting next_dagrun for example_setup_teardown to None, run_after=None
[2025-01-14T02:25:44.192+0000] {processor.py:208} INFO - Processing /home/airflow/.local/lib/python3.12/site-packages/airflow/example_dags/example_setup_teardown.py took 0.108 seconds
[2025-01-14T02:27:10.355+0000] {processor.py:186} INFO - Started process (PID=3168) to work on /home/airflow/.local/lib/python3.12/site-packages/airflow/example_dags/example_setup_teardown.py
[2025-01-14T02:27:10.356+0000] {processor.py:914} INFO - Processing file /home/airflow/.local/lib/python3.12/site-packages/airflow/example_dags/example_setup_teardown.py for tasks to queue
[2025-01-14T02:27:10.359+0000] {logging_mixin.py:190} INFO - [2025-01-14T02:27:10.358+0000] {dagbag.py:588} INFO - Filling up the DagBag from /home/airflow/.local/lib/python3.12/site-packages/airflow/example_dags/example_setup_teardown.py
[2025-01-14T02:27:10.369+0000] {processor.py:925} INFO - DAG(s) 'example_setup_teardown' retrieved from /home/airflow/.local/lib/python3.12/site-packages/airflow/example_dags/example_setup_teardown.py
[2025-01-14T02:27:10.394+0000] {logging_mixin.py:190} INFO - [2025-01-14T02:27:10.394+0000] {dag.py:3239} INFO - Sync 1 DAGs
[2025-01-14T02:27:10.417+0000] {logging_mixin.py:190} INFO - [2025-01-14T02:27:10.417+0000] {dag.py:4180} INFO - Setting next_dagrun for example_setup_teardown to None, run_after=None
[2025-01-14T02:27:10.444+0000] {processor.py:208} INFO - Processing /home/airflow/.local/lib/python3.12/site-packages/airflow/example_dags/example_setup_teardown.py took 0.096 seconds
[2025-01-14T02:27:40.851+0000] {processor.py:186} INFO - Started process (PID=3457) to work on /home/airflow/.local/lib/python3.12/site-packages/airflow/example_dags/example_setup_teardown.py
[2025-01-14T02:27:40.852+0000] {processor.py:914} INFO - Processing file /home/airflow/.local/lib/python3.12/site-packages/airflow/example_dags/example_setup_teardown.py for tasks to queue
[2025-01-14T02:27:40.855+0000] {logging_mixin.py:190} INFO - [2025-01-14T02:27:40.855+0000] {dagbag.py:588} INFO - Filling up the DagBag from /home/airflow/.local/lib/python3.12/site-packages/airflow/example_dags/example_setup_teardown.py
[2025-01-14T02:27:40.863+0000] {processor.py:925} INFO - DAG(s) 'example_setup_teardown' retrieved from /home/airflow/.local/lib/python3.12/site-packages/airflow/example_dags/example_setup_teardown.py
[2025-01-14T02:27:40.882+0000] {logging_mixin.py:190} INFO - [2025-01-14T02:27:40.882+0000] {dag.py:3239} INFO - Sync 1 DAGs
[2025-01-14T02:27:40.896+0000] {logging_mixin.py:190} INFO - [2025-01-14T02:27:40.896+0000] {dag.py:4180} INFO - Setting next_dagrun for example_setup_teardown to None, run_after=None
[2025-01-14T02:27:40.917+0000] {processor.py:208} INFO - Processing /home/airflow/.local/lib/python3.12/site-packages/airflow/example_dags/example_setup_teardown.py took 0.071 seconds
[2025-01-14T02:28:11.468+0000] {processor.py:186} INFO - Started process (PID=3748) to work on /home/airflow/.local/lib/python3.12/site-packages/airflow/example_dags/example_setup_teardown.py
[2025-01-14T02:28:11.469+0000] {processor.py:914} INFO - Processing file /home/airflow/.local/lib/python3.12/site-packages/airflow/example_dags/example_setup_teardown.py for tasks to queue
[2025-01-14T02:28:11.471+0000] {logging_mixin.py:190} INFO - [2025-01-14T02:28:11.471+0000] {dagbag.py:588} INFO - Filling up the DagBag from /home/airflow/.local/lib/python3.12/site-packages/airflow/example_dags/example_setup_teardown.py
[2025-01-14T02:28:11.477+0000] {processor.py:925} INFO - DAG(s) 'example_setup_teardown' retrieved from /home/airflow/.local/lib/python3.12/site-packages/airflow/example_dags/example_setup_teardown.py
[2025-01-14T02:28:11.493+0000] {logging_mixin.py:190} INFO - [2025-01-14T02:28:11.493+0000] {dag.py:3239} INFO - Sync 1 DAGs
[2025-01-14T02:28:11.504+0000] {logging_mixin.py:190} INFO - [2025-01-14T02:28:11.504+0000] {dag.py:4180} INFO - Setting next_dagrun for example_setup_teardown to None, run_after=None
[2025-01-14T02:28:11.522+0000] {processor.py:208} INFO - Processing /home/airflow/.local/lib/python3.12/site-packages/airflow/example_dags/example_setup_teardown.py took 0.059 seconds
[2025-01-14T02:28:42.033+0000] {processor.py:186} INFO - Started process (PID=4039) to work on /home/airflow/.local/lib/python3.12/site-packages/airflow/example_dags/example_setup_teardown.py
[2025-01-14T02:28:42.034+0000] {processor.py:914} INFO - Processing file /home/airflow/.local/lib/python3.12/site-packages/airflow/example_dags/example_setup_teardown.py for tasks to queue
[2025-01-14T02:28:42.036+0000] {logging_mixin.py:190} INFO - [2025-01-14T02:28:42.036+0000] {dagbag.py:588} INFO - Filling up the DagBag from /home/airflow/.local/lib/python3.12/site-packages/airflow/example_dags/example_setup_teardown.py
[2025-01-14T02:28:42.043+0000] {processor.py:925} INFO - DAG(s) 'example_setup_teardown' retrieved from /home/airflow/.local/lib/python3.12/site-packages/airflow/example_dags/example_setup_teardown.py
[2025-01-14T02:28:42.059+0000] {logging_mixin.py:190} INFO - [2025-01-14T02:28:42.058+0000] {dag.py:3239} INFO - Sync 1 DAGs
[2025-01-14T02:28:42.070+0000] {logging_mixin.py:190} INFO - [2025-01-14T02:28:42.070+0000] {dag.py:4180} INFO - Setting next_dagrun for example_setup_teardown to None, run_after=None
[2025-01-14T02:28:42.089+0000] {processor.py:208} INFO - Processing /home/airflow/.local/lib/python3.12/site-packages/airflow/example_dags/example_setup_teardown.py took 0.061 seconds
