[2025-01-14T02:21:07.407+0000] {processor.py:186} INFO - Started process (PID=300) to work on /home/airflow/.local/lib/python3.12/site-packages/airflow/example_dags/example_task_group_decorator.py
[2025-01-14T02:21:07.412+0000] {processor.py:914} INFO - Processing file /home/airflow/.local/lib/python3.12/site-packages/airflow/example_dags/example_task_group_decorator.py for tasks to queue
[2025-01-14T02:21:07.415+0000] {logging_mixin.py:190} INFO - [2025-01-14T02:21:07.415+0000] {dagbag.py:588} INFO - Filling up the DagBag from /home/airflow/.local/lib/python3.12/site-packages/airflow/example_dags/example_task_group_decorator.py
[2025-01-14T02:21:07.439+0000] {processor.py:925} INFO - DAG(s) 'example_task_group_decorator' retrieved from /home/airflow/.local/lib/python3.12/site-packages/airflow/example_dags/example_task_group_decorator.py
[2025-01-14T02:21:07.525+0000] {logging_mixin.py:190} INFO - [2025-01-14T02:21:07.525+0000] {override.py:1911} INFO - Created Permission View: can read on DAG:example_task_group_decorator
[2025-01-14T02:21:07.536+0000] {logging_mixin.py:190} INFO - [2025-01-14T02:21:07.536+0000] {override.py:1911} INFO - Created Permission View: can delete on DAG:example_task_group_decorator
[2025-01-14T02:21:07.544+0000] {logging_mixin.py:190} INFO - [2025-01-14T02:21:07.544+0000] {override.py:1911} INFO - Created Permission View: can edit on DAG:example_task_group_decorator
[2025-01-14T02:21:07.555+0000] {logging_mixin.py:190} INFO - [2025-01-14T02:21:07.555+0000] {override.py:1911} INFO - Created Permission View: can read on DAG Run:example_task_group_decorator
[2025-01-14T02:21:07.572+0000] {logging_mixin.py:190} INFO - [2025-01-14T02:21:07.571+0000] {override.py:1911} INFO - Created Permission View: menu access on DAG Run:example_task_group_decorator
[2025-01-14T02:21:07.591+0000] {logging_mixin.py:190} INFO - [2025-01-14T02:21:07.591+0000] {override.py:1911} INFO - Created Permission View: can create on DAG Run:example_task_group_decorator
[2025-01-14T02:21:07.599+0000] {logging_mixin.py:190} INFO - [2025-01-14T02:21:07.599+0000] {override.py:1911} INFO - Created Permission View: can delete on DAG Run:example_task_group_decorator
[2025-01-14T02:21:07.614+0000] {logging_mixin.py:190} INFO - [2025-01-14T02:21:07.614+0000] {dag.py:3239} INFO - Sync 1 DAGs
[2025-01-14T02:21:07.633+0000] {logging_mixin.py:190} INFO - [2025-01-14T02:21:07.632+0000] {dag.py:3262} INFO - Creating ORM DAG for example_task_group_decorator
[2025-01-14T02:21:07.638+0000] {logging_mixin.py:190} INFO - [2025-01-14T02:21:07.638+0000] {dag.py:4180} INFO - Setting next_dagrun for example_task_group_decorator to None, run_after=None
[2025-01-14T02:21:07.655+0000] {processor.py:208} INFO - Processing /home/airflow/.local/lib/python3.12/site-packages/airflow/example_dags/example_task_group_decorator.py took 0.253 seconds
[2025-01-14T02:21:37.813+0000] {processor.py:186} INFO - Started process (PID=591) to work on /home/airflow/.local/lib/python3.12/site-packages/airflow/example_dags/example_task_group_decorator.py
[2025-01-14T02:21:37.814+0000] {processor.py:914} INFO - Processing file /home/airflow/.local/lib/python3.12/site-packages/airflow/example_dags/example_task_group_decorator.py for tasks to queue
[2025-01-14T02:21:37.816+0000] {logging_mixin.py:190} INFO - [2025-01-14T02:21:37.816+0000] {dagbag.py:588} INFO - Filling up the DagBag from /home/airflow/.local/lib/python3.12/site-packages/airflow/example_dags/example_task_group_decorator.py
[2025-01-14T02:21:37.830+0000] {processor.py:925} INFO - DAG(s) 'example_task_group_decorator' retrieved from /home/airflow/.local/lib/python3.12/site-packages/airflow/example_dags/example_task_group_decorator.py
[2025-01-14T02:21:37.856+0000] {logging_mixin.py:190} INFO - [2025-01-14T02:21:37.855+0000] {dag.py:3239} INFO - Sync 1 DAGs
[2025-01-14T02:21:37.877+0000] {logging_mixin.py:190} INFO - [2025-01-14T02:21:37.876+0000] {dag.py:4180} INFO - Setting next_dagrun for example_task_group_decorator to None, run_after=None
[2025-01-14T02:21:37.905+0000] {processor.py:208} INFO - Processing /home/airflow/.local/lib/python3.12/site-packages/airflow/example_dags/example_task_group_decorator.py took 0.098 seconds
[2025-01-14T02:22:08.907+0000] {processor.py:186} INFO - Started process (PID=882) to work on /home/airflow/.local/lib/python3.12/site-packages/airflow/example_dags/example_task_group_decorator.py
[2025-01-14T02:22:08.908+0000] {processor.py:914} INFO - Processing file /home/airflow/.local/lib/python3.12/site-packages/airflow/example_dags/example_task_group_decorator.py for tasks to queue
[2025-01-14T02:22:08.911+0000] {logging_mixin.py:190} INFO - [2025-01-14T02:22:08.910+0000] {dagbag.py:588} INFO - Filling up the DagBag from /home/airflow/.local/lib/python3.12/site-packages/airflow/example_dags/example_task_group_decorator.py
[2025-01-14T02:22:08.925+0000] {processor.py:925} INFO - DAG(s) 'example_task_group_decorator' retrieved from /home/airflow/.local/lib/python3.12/site-packages/airflow/example_dags/example_task_group_decorator.py
[2025-01-14T02:22:08.950+0000] {logging_mixin.py:190} INFO - [2025-01-14T02:22:08.950+0000] {dag.py:3239} INFO - Sync 1 DAGs
[2025-01-14T02:22:08.965+0000] {logging_mixin.py:190} INFO - [2025-01-14T02:22:08.965+0000] {dag.py:4180} INFO - Setting next_dagrun for example_task_group_decorator to None, run_after=None
[2025-01-14T02:22:08.986+0000] {processor.py:208} INFO - Processing /home/airflow/.local/lib/python3.12/site-packages/airflow/example_dags/example_task_group_decorator.py took 0.085 seconds
[2025-01-14T02:22:39.824+0000] {processor.py:186} INFO - Started process (PID=1173) to work on /home/airflow/.local/lib/python3.12/site-packages/airflow/example_dags/example_task_group_decorator.py
[2025-01-14T02:22:39.825+0000] {processor.py:914} INFO - Processing file /home/airflow/.local/lib/python3.12/site-packages/airflow/example_dags/example_task_group_decorator.py for tasks to queue
[2025-01-14T02:22:39.827+0000] {logging_mixin.py:190} INFO - [2025-01-14T02:22:39.827+0000] {dagbag.py:588} INFO - Filling up the DagBag from /home/airflow/.local/lib/python3.12/site-packages/airflow/example_dags/example_task_group_decorator.py
[2025-01-14T02:22:39.843+0000] {processor.py:925} INFO - DAG(s) 'example_task_group_decorator' retrieved from /home/airflow/.local/lib/python3.12/site-packages/airflow/example_dags/example_task_group_decorator.py
[2025-01-14T02:22:39.869+0000] {logging_mixin.py:190} INFO - [2025-01-14T02:22:39.869+0000] {dag.py:3239} INFO - Sync 1 DAGs
[2025-01-14T02:22:39.883+0000] {logging_mixin.py:190} INFO - [2025-01-14T02:22:39.883+0000] {dag.py:4180} INFO - Setting next_dagrun for example_task_group_decorator to None, run_after=None
[2025-01-14T02:22:39.906+0000] {processor.py:208} INFO - Processing /home/airflow/.local/lib/python3.12/site-packages/airflow/example_dags/example_task_group_decorator.py took 0.088 seconds
[2025-01-14T02:23:10.040+0000] {processor.py:186} INFO - Started process (PID=1464) to work on /home/airflow/.local/lib/python3.12/site-packages/airflow/example_dags/example_task_group_decorator.py
[2025-01-14T02:23:10.041+0000] {processor.py:914} INFO - Processing file /home/airflow/.local/lib/python3.12/site-packages/airflow/example_dags/example_task_group_decorator.py for tasks to queue
[2025-01-14T02:23:10.045+0000] {logging_mixin.py:190} INFO - [2025-01-14T02:23:10.044+0000] {dagbag.py:588} INFO - Filling up the DagBag from /home/airflow/.local/lib/python3.12/site-packages/airflow/example_dags/example_task_group_decorator.py
[2025-01-14T02:23:10.057+0000] {processor.py:925} INFO - DAG(s) 'example_task_group_decorator' retrieved from /home/airflow/.local/lib/python3.12/site-packages/airflow/example_dags/example_task_group_decorator.py
[2025-01-14T02:23:10.082+0000] {logging_mixin.py:190} INFO - [2025-01-14T02:23:10.082+0000] {dag.py:3239} INFO - Sync 1 DAGs
[2025-01-14T02:23:10.095+0000] {logging_mixin.py:190} INFO - [2025-01-14T02:23:10.095+0000] {dag.py:4180} INFO - Setting next_dagrun for example_task_group_decorator to None, run_after=None
[2025-01-14T02:23:10.117+0000] {processor.py:208} INFO - Processing /home/airflow/.local/lib/python3.12/site-packages/airflow/example_dags/example_task_group_decorator.py took 0.083 seconds
[2025-01-14T02:23:40.256+0000] {processor.py:186} INFO - Started process (PID=1755) to work on /home/airflow/.local/lib/python3.12/site-packages/airflow/example_dags/example_task_group_decorator.py
[2025-01-14T02:23:40.257+0000] {processor.py:914} INFO - Processing file /home/airflow/.local/lib/python3.12/site-packages/airflow/example_dags/example_task_group_decorator.py for tasks to queue
[2025-01-14T02:23:40.259+0000] {logging_mixin.py:190} INFO - [2025-01-14T02:23:40.259+0000] {dagbag.py:588} INFO - Filling up the DagBag from /home/airflow/.local/lib/python3.12/site-packages/airflow/example_dags/example_task_group_decorator.py
[2025-01-14T02:23:40.273+0000] {processor.py:925} INFO - DAG(s) 'example_task_group_decorator' retrieved from /home/airflow/.local/lib/python3.12/site-packages/airflow/example_dags/example_task_group_decorator.py
[2025-01-14T02:23:40.297+0000] {logging_mixin.py:190} INFO - [2025-01-14T02:23:40.296+0000] {dag.py:3239} INFO - Sync 1 DAGs
[2025-01-14T02:23:40.313+0000] {logging_mixin.py:190} INFO - [2025-01-14T02:23:40.313+0000] {dag.py:4180} INFO - Setting next_dagrun for example_task_group_decorator to None, run_after=None
[2025-01-14T02:23:40.332+0000] {processor.py:208} INFO - Processing /home/airflow/.local/lib/python3.12/site-packages/airflow/example_dags/example_task_group_decorator.py took 0.082 seconds
[2025-01-14T02:24:11.256+0000] {processor.py:186} INFO - Started process (PID=2046) to work on /home/airflow/.local/lib/python3.12/site-packages/airflow/example_dags/example_task_group_decorator.py
[2025-01-14T02:24:11.258+0000] {processor.py:914} INFO - Processing file /home/airflow/.local/lib/python3.12/site-packages/airflow/example_dags/example_task_group_decorator.py for tasks to queue
[2025-01-14T02:24:11.261+0000] {logging_mixin.py:190} INFO - [2025-01-14T02:24:11.260+0000] {dagbag.py:588} INFO - Filling up the DagBag from /home/airflow/.local/lib/python3.12/site-packages/airflow/example_dags/example_task_group_decorator.py
[2025-01-14T02:24:11.278+0000] {processor.py:925} INFO - DAG(s) 'example_task_group_decorator' retrieved from /home/airflow/.local/lib/python3.12/site-packages/airflow/example_dags/example_task_group_decorator.py
[2025-01-14T02:24:11.305+0000] {logging_mixin.py:190} INFO - [2025-01-14T02:24:11.304+0000] {dag.py:3239} INFO - Sync 1 DAGs
[2025-01-14T02:24:11.322+0000] {logging_mixin.py:190} INFO - [2025-01-14T02:24:11.322+0000] {dag.py:4180} INFO - Setting next_dagrun for example_task_group_decorator to None, run_after=None
[2025-01-14T02:24:11.597+0000] {processor.py:208} INFO - Processing /home/airflow/.local/lib/python3.12/site-packages/airflow/example_dags/example_task_group_decorator.py took 0.346 seconds
[2025-01-14T02:24:42.544+0000] {processor.py:186} INFO - Started process (PID=2337) to work on /home/airflow/.local/lib/python3.12/site-packages/airflow/example_dags/example_task_group_decorator.py
[2025-01-14T02:24:42.545+0000] {processor.py:914} INFO - Processing file /home/airflow/.local/lib/python3.12/site-packages/airflow/example_dags/example_task_group_decorator.py for tasks to queue
[2025-01-14T02:24:42.547+0000] {logging_mixin.py:190} INFO - [2025-01-14T02:24:42.547+0000] {dagbag.py:588} INFO - Filling up the DagBag from /home/airflow/.local/lib/python3.12/site-packages/airflow/example_dags/example_task_group_decorator.py
[2025-01-14T02:24:42.563+0000] {processor.py:925} INFO - DAG(s) 'example_task_group_decorator' retrieved from /home/airflow/.local/lib/python3.12/site-packages/airflow/example_dags/example_task_group_decorator.py
[2025-01-14T02:24:42.588+0000] {logging_mixin.py:190} INFO - [2025-01-14T02:24:42.588+0000] {dag.py:3239} INFO - Sync 1 DAGs
[2025-01-14T02:24:42.606+0000] {logging_mixin.py:190} INFO - [2025-01-14T02:24:42.605+0000] {dag.py:4180} INFO - Setting next_dagrun for example_task_group_decorator to None, run_after=None
[2025-01-14T02:24:42.635+0000] {processor.py:208} INFO - Processing /home/airflow/.local/lib/python3.12/site-packages/airflow/example_dags/example_task_group_decorator.py took 0.096 seconds
[2025-01-14T02:25:13.910+0000] {processor.py:186} INFO - Started process (PID=2630) to work on /home/airflow/.local/lib/python3.12/site-packages/airflow/example_dags/example_task_group_decorator.py
[2025-01-14T02:25:13.915+0000] {processor.py:914} INFO - Processing file /home/airflow/.local/lib/python3.12/site-packages/airflow/example_dags/example_task_group_decorator.py for tasks to queue
[2025-01-14T02:25:13.921+0000] {logging_mixin.py:190} INFO - [2025-01-14T02:25:13.920+0000] {dagbag.py:588} INFO - Filling up the DagBag from /home/airflow/.local/lib/python3.12/site-packages/airflow/example_dags/example_task_group_decorator.py
[2025-01-14T02:25:13.942+0000] {processor.py:925} INFO - DAG(s) 'example_task_group_decorator' retrieved from /home/airflow/.local/lib/python3.12/site-packages/airflow/example_dags/example_task_group_decorator.py
[2025-01-14T02:25:13.977+0000] {logging_mixin.py:190} INFO - [2025-01-14T02:25:13.977+0000] {dag.py:3239} INFO - Sync 1 DAGs
[2025-01-14T02:25:14.004+0000] {logging_mixin.py:190} INFO - [2025-01-14T02:25:14.004+0000] {dag.py:4180} INFO - Setting next_dagrun for example_task_group_decorator to None, run_after=None
[2025-01-14T02:25:14.048+0000] {processor.py:208} INFO - Processing /home/airflow/.local/lib/python3.12/site-packages/airflow/example_dags/example_task_group_decorator.py took 0.146 seconds
[2025-01-14T02:25:44.638+0000] {processor.py:186} INFO - Started process (PID=2921) to work on /home/airflow/.local/lib/python3.12/site-packages/airflow/example_dags/example_task_group_decorator.py
[2025-01-14T02:25:44.639+0000] {processor.py:914} INFO - Processing file /home/airflow/.local/lib/python3.12/site-packages/airflow/example_dags/example_task_group_decorator.py for tasks to queue
[2025-01-14T02:25:44.642+0000] {logging_mixin.py:190} INFO - [2025-01-14T02:25:44.642+0000] {dagbag.py:588} INFO - Filling up the DagBag from /home/airflow/.local/lib/python3.12/site-packages/airflow/example_dags/example_task_group_decorator.py
[2025-01-14T02:25:44.660+0000] {processor.py:925} INFO - DAG(s) 'example_task_group_decorator' retrieved from /home/airflow/.local/lib/python3.12/site-packages/airflow/example_dags/example_task_group_decorator.py
[2025-01-14T02:25:44.684+0000] {logging_mixin.py:190} INFO - [2025-01-14T02:25:44.684+0000] {dag.py:3239} INFO - Sync 1 DAGs
[2025-01-14T02:25:44.699+0000] {logging_mixin.py:190} INFO - [2025-01-14T02:25:44.698+0000] {dag.py:4180} INFO - Setting next_dagrun for example_task_group_decorator to None, run_after=None
[2025-01-14T02:25:44.721+0000] {processor.py:208} INFO - Processing /home/airflow/.local/lib/python3.12/site-packages/airflow/example_dags/example_task_group_decorator.py took 0.089 seconds
[2025-01-14T02:27:11.009+0000] {processor.py:186} INFO - Started process (PID=3211) to work on /home/airflow/.local/lib/python3.12/site-packages/airflow/example_dags/example_task_group_decorator.py
[2025-01-14T02:27:11.011+0000] {processor.py:914} INFO - Processing file /home/airflow/.local/lib/python3.12/site-packages/airflow/example_dags/example_task_group_decorator.py for tasks to queue
[2025-01-14T02:27:11.014+0000] {logging_mixin.py:190} INFO - [2025-01-14T02:27:11.014+0000] {dagbag.py:588} INFO - Filling up the DagBag from /home/airflow/.local/lib/python3.12/site-packages/airflow/example_dags/example_task_group_decorator.py
[2025-01-14T02:27:11.033+0000] {processor.py:925} INFO - DAG(s) 'example_task_group_decorator' retrieved from /home/airflow/.local/lib/python3.12/site-packages/airflow/example_dags/example_task_group_decorator.py
[2025-01-14T02:27:11.061+0000] {logging_mixin.py:190} INFO - [2025-01-14T02:27:11.060+0000] {dag.py:3239} INFO - Sync 1 DAGs
[2025-01-14T02:27:11.079+0000] {logging_mixin.py:190} INFO - [2025-01-14T02:27:11.079+0000] {dag.py:4180} INFO - Setting next_dagrun for example_task_group_decorator to None, run_after=None
[2025-01-14T02:27:11.123+0000] {processor.py:208} INFO - Processing /home/airflow/.local/lib/python3.12/site-packages/airflow/example_dags/example_task_group_decorator.py took 0.121 seconds
[2025-01-14T02:27:41.516+0000] {processor.py:186} INFO - Started process (PID=3502) to work on /home/airflow/.local/lib/python3.12/site-packages/airflow/example_dags/example_task_group_decorator.py
[2025-01-14T02:27:41.517+0000] {processor.py:914} INFO - Processing file /home/airflow/.local/lib/python3.12/site-packages/airflow/example_dags/example_task_group_decorator.py for tasks to queue
[2025-01-14T02:27:41.520+0000] {logging_mixin.py:190} INFO - [2025-01-14T02:27:41.520+0000] {dagbag.py:588} INFO - Filling up the DagBag from /home/airflow/.local/lib/python3.12/site-packages/airflow/example_dags/example_task_group_decorator.py
[2025-01-14T02:27:41.538+0000] {processor.py:925} INFO - DAG(s) 'example_task_group_decorator' retrieved from /home/airflow/.local/lib/python3.12/site-packages/airflow/example_dags/example_task_group_decorator.py
[2025-01-14T02:27:41.561+0000] {logging_mixin.py:190} INFO - [2025-01-14T02:27:41.561+0000] {dag.py:3239} INFO - Sync 1 DAGs
[2025-01-14T02:27:41.574+0000] {logging_mixin.py:190} INFO - [2025-01-14T02:27:41.574+0000] {dag.py:4180} INFO - Setting next_dagrun for example_task_group_decorator to None, run_after=None
[2025-01-14T02:27:41.596+0000] {processor.py:208} INFO - Processing /home/airflow/.local/lib/python3.12/site-packages/airflow/example_dags/example_task_group_decorator.py took 0.086 seconds
[2025-01-14T02:28:12.044+0000] {processor.py:186} INFO - Started process (PID=3793) to work on /home/airflow/.local/lib/python3.12/site-packages/airflow/example_dags/example_task_group_decorator.py
[2025-01-14T02:28:12.045+0000] {processor.py:914} INFO - Processing file /home/airflow/.local/lib/python3.12/site-packages/airflow/example_dags/example_task_group_decorator.py for tasks to queue
[2025-01-14T02:28:12.047+0000] {logging_mixin.py:190} INFO - [2025-01-14T02:28:12.047+0000] {dagbag.py:588} INFO - Filling up the DagBag from /home/airflow/.local/lib/python3.12/site-packages/airflow/example_dags/example_task_group_decorator.py
[2025-01-14T02:28:12.059+0000] {processor.py:925} INFO - DAG(s) 'example_task_group_decorator' retrieved from /home/airflow/.local/lib/python3.12/site-packages/airflow/example_dags/example_task_group_decorator.py
[2025-01-14T02:28:12.080+0000] {logging_mixin.py:190} INFO - [2025-01-14T02:28:12.080+0000] {dag.py:3239} INFO - Sync 1 DAGs
[2025-01-14T02:28:12.092+0000] {logging_mixin.py:190} INFO - [2025-01-14T02:28:12.091+0000] {dag.py:4180} INFO - Setting next_dagrun for example_task_group_decorator to None, run_after=None
[2025-01-14T02:28:12.108+0000] {processor.py:208} INFO - Processing /home/airflow/.local/lib/python3.12/site-packages/airflow/example_dags/example_task_group_decorator.py took 0.069 seconds
[2025-01-14T02:28:42.905+0000] {processor.py:186} INFO - Started process (PID=4086) to work on /home/airflow/.local/lib/python3.12/site-packages/airflow/example_dags/example_task_group_decorator.py
[2025-01-14T02:28:42.907+0000] {processor.py:914} INFO - Processing file /home/airflow/.local/lib/python3.12/site-packages/airflow/example_dags/example_task_group_decorator.py for tasks to queue
[2025-01-14T02:28:42.909+0000] {logging_mixin.py:190} INFO - [2025-01-14T02:28:42.909+0000] {dagbag.py:588} INFO - Filling up the DagBag from /home/airflow/.local/lib/python3.12/site-packages/airflow/example_dags/example_task_group_decorator.py
[2025-01-14T02:28:42.921+0000] {processor.py:925} INFO - DAG(s) 'example_task_group_decorator' retrieved from /home/airflow/.local/lib/python3.12/site-packages/airflow/example_dags/example_task_group_decorator.py
[2025-01-14T02:28:42.942+0000] {logging_mixin.py:190} INFO - [2025-01-14T02:28:42.942+0000] {dag.py:3239} INFO - Sync 1 DAGs
[2025-01-14T02:28:42.954+0000] {logging_mixin.py:190} INFO - [2025-01-14T02:28:42.954+0000] {dag.py:4180} INFO - Setting next_dagrun for example_task_group_decorator to None, run_after=None
[2025-01-14T02:28:42.973+0000] {processor.py:208} INFO - Processing /home/airflow/.local/lib/python3.12/site-packages/airflow/example_dags/example_task_group_decorator.py took 0.073 seconds
