[2025-01-14T02:21:12.721+0000] {processor.py:186} INFO - Started process (PID=425) to work on /home/airflow/.local/lib/python3.12/site-packages/airflow/example_dags/example_dynamic_task_mapping.py
[2025-01-14T02:21:12.723+0000] {processor.py:914} INFO - Processing file /home/airflow/.local/lib/python3.12/site-packages/airflow/example_dags/example_dynamic_task_mapping.py for tasks to queue
[2025-01-14T02:21:12.725+0000] {logging_mixin.py:190} INFO - [2025-01-14T02:21:12.725+0000] {dagbag.py:588} INFO - Filling up the DagBag from /home/airflow/.local/lib/python3.12/site-packages/airflow/example_dags/example_dynamic_task_mapping.py
[2025-01-14T02:21:12.735+0000] {processor.py:925} INFO - DAG(s) 'example_dynamic_task_mapping' retrieved from /home/airflow/.local/lib/python3.12/site-packages/airflow/example_dags/example_dynamic_task_mapping.py
[2025-01-14T02:21:12.833+0000] {logging_mixin.py:190} INFO - [2025-01-14T02:21:12.832+0000] {override.py:1911} INFO - Created Permission View: can read on DAG:example_dynamic_task_mapping
[2025-01-14T02:21:12.843+0000] {logging_mixin.py:190} INFO - [2025-01-14T02:21:12.842+0000] {override.py:1911} INFO - Created Permission View: can delete on DAG:example_dynamic_task_mapping
[2025-01-14T02:21:12.850+0000] {logging_mixin.py:190} INFO - [2025-01-14T02:21:12.850+0000] {override.py:1911} INFO - Created Permission View: can edit on DAG:example_dynamic_task_mapping
[2025-01-14T02:21:12.861+0000] {logging_mixin.py:190} INFO - [2025-01-14T02:21:12.861+0000] {override.py:1911} INFO - Created Permission View: can read on DAG Run:example_dynamic_task_mapping
[2025-01-14T02:21:12.868+0000] {logging_mixin.py:190} INFO - [2025-01-14T02:21:12.868+0000] {override.py:1911} INFO - Created Permission View: menu access on DAG Run:example_dynamic_task_mapping
[2025-01-14T02:21:12.875+0000] {logging_mixin.py:190} INFO - [2025-01-14T02:21:12.875+0000] {override.py:1911} INFO - Created Permission View: can create on DAG Run:example_dynamic_task_mapping
[2025-01-14T02:21:12.883+0000] {logging_mixin.py:190} INFO - [2025-01-14T02:21:12.882+0000] {override.py:1911} INFO - Created Permission View: can delete on DAG Run:example_dynamic_task_mapping
[2025-01-14T02:21:12.883+0000] {logging_mixin.py:190} INFO - [2025-01-14T02:21:12.883+0000] {dag.py:3239} INFO - Sync 1 DAGs
[2025-01-14T02:21:12.893+0000] {logging_mixin.py:190} INFO - [2025-01-14T02:21:12.893+0000] {dag.py:3262} INFO - Creating ORM DAG for example_dynamic_task_mapping
[2025-01-14T02:21:12.894+0000] {logging_mixin.py:190} INFO - [2025-01-14T02:21:12.893+0000] {dag.py:4180} INFO - Setting next_dagrun for example_dynamic_task_mapping to None, run_after=None
[2025-01-14T02:21:12.910+0000] {processor.py:208} INFO - Processing /home/airflow/.local/lib/python3.12/site-packages/airflow/example_dags/example_dynamic_task_mapping.py took 0.196 seconds
[2025-01-14T02:21:43.395+0000] {processor.py:186} INFO - Started process (PID=716) to work on /home/airflow/.local/lib/python3.12/site-packages/airflow/example_dags/example_dynamic_task_mapping.py
[2025-01-14T02:21:43.396+0000] {processor.py:914} INFO - Processing file /home/airflow/.local/lib/python3.12/site-packages/airflow/example_dags/example_dynamic_task_mapping.py for tasks to queue
[2025-01-14T02:21:43.398+0000] {logging_mixin.py:190} INFO - [2025-01-14T02:21:43.398+0000] {dagbag.py:588} INFO - Filling up the DagBag from /home/airflow/.local/lib/python3.12/site-packages/airflow/example_dags/example_dynamic_task_mapping.py
[2025-01-14T02:21:43.405+0000] {processor.py:925} INFO - DAG(s) 'example_dynamic_task_mapping' retrieved from /home/airflow/.local/lib/python3.12/site-packages/airflow/example_dags/example_dynamic_task_mapping.py
[2025-01-14T02:21:43.421+0000] {logging_mixin.py:190} INFO - [2025-01-14T02:21:43.421+0000] {dag.py:3239} INFO - Sync 1 DAGs
[2025-01-14T02:21:43.432+0000] {logging_mixin.py:190} INFO - [2025-01-14T02:21:43.432+0000] {dag.py:4180} INFO - Setting next_dagrun for example_dynamic_task_mapping to None, run_after=None
[2025-01-14T02:21:43.449+0000] {processor.py:208} INFO - Processing /home/airflow/.local/lib/python3.12/site-packages/airflow/example_dags/example_dynamic_task_mapping.py took 0.059 seconds
[2025-01-14T02:22:14.362+0000] {processor.py:186} INFO - Started process (PID=1009) to work on /home/airflow/.local/lib/python3.12/site-packages/airflow/example_dags/example_dynamic_task_mapping.py
[2025-01-14T02:22:14.363+0000] {processor.py:914} INFO - Processing file /home/airflow/.local/lib/python3.12/site-packages/airflow/example_dags/example_dynamic_task_mapping.py for tasks to queue
[2025-01-14T02:22:14.365+0000] {logging_mixin.py:190} INFO - [2025-01-14T02:22:14.364+0000] {dagbag.py:588} INFO - Filling up the DagBag from /home/airflow/.local/lib/python3.12/site-packages/airflow/example_dags/example_dynamic_task_mapping.py
[2025-01-14T02:22:14.373+0000] {processor.py:925} INFO - DAG(s) 'example_dynamic_task_mapping' retrieved from /home/airflow/.local/lib/python3.12/site-packages/airflow/example_dags/example_dynamic_task_mapping.py
[2025-01-14T02:22:14.391+0000] {logging_mixin.py:190} INFO - [2025-01-14T02:22:14.391+0000] {dag.py:3239} INFO - Sync 1 DAGs
[2025-01-14T02:22:14.402+0000] {logging_mixin.py:190} INFO - [2025-01-14T02:22:14.402+0000] {dag.py:4180} INFO - Setting next_dagrun for example_dynamic_task_mapping to None, run_after=None
[2025-01-14T02:22:14.420+0000] {processor.py:208} INFO - Processing /home/airflow/.local/lib/python3.12/site-packages/airflow/example_dags/example_dynamic_task_mapping.py took 0.064 seconds
[2025-01-14T02:22:44.753+0000] {processor.py:186} INFO - Started process (PID=1298) to work on /home/airflow/.local/lib/python3.12/site-packages/airflow/example_dags/example_dynamic_task_mapping.py
[2025-01-14T02:22:44.754+0000] {processor.py:914} INFO - Processing file /home/airflow/.local/lib/python3.12/site-packages/airflow/example_dags/example_dynamic_task_mapping.py for tasks to queue
[2025-01-14T02:22:44.757+0000] {logging_mixin.py:190} INFO - [2025-01-14T02:22:44.756+0000] {dagbag.py:588} INFO - Filling up the DagBag from /home/airflow/.local/lib/python3.12/site-packages/airflow/example_dags/example_dynamic_task_mapping.py
[2025-01-14T02:22:44.764+0000] {processor.py:925} INFO - DAG(s) 'example_dynamic_task_mapping' retrieved from /home/airflow/.local/lib/python3.12/site-packages/airflow/example_dags/example_dynamic_task_mapping.py
[2025-01-14T02:22:44.781+0000] {logging_mixin.py:190} INFO - [2025-01-14T02:22:44.781+0000] {dag.py:3239} INFO - Sync 1 DAGs
[2025-01-14T02:22:44.793+0000] {logging_mixin.py:190} INFO - [2025-01-14T02:22:44.793+0000] {dag.py:4180} INFO - Setting next_dagrun for example_dynamic_task_mapping to None, run_after=None
[2025-01-14T02:22:44.812+0000] {processor.py:208} INFO - Processing /home/airflow/.local/lib/python3.12/site-packages/airflow/example_dags/example_dynamic_task_mapping.py took 0.064 seconds
[2025-01-14T02:23:15.760+0000] {processor.py:186} INFO - Started process (PID=1591) to work on /home/airflow/.local/lib/python3.12/site-packages/airflow/example_dags/example_dynamic_task_mapping.py
[2025-01-14T02:23:15.761+0000] {processor.py:914} INFO - Processing file /home/airflow/.local/lib/python3.12/site-packages/airflow/example_dags/example_dynamic_task_mapping.py for tasks to queue
[2025-01-14T02:23:15.765+0000] {logging_mixin.py:190} INFO - [2025-01-14T02:23:15.765+0000] {dagbag.py:588} INFO - Filling up the DagBag from /home/airflow/.local/lib/python3.12/site-packages/airflow/example_dags/example_dynamic_task_mapping.py
[2025-01-14T02:23:15.774+0000] {processor.py:925} INFO - DAG(s) 'example_dynamic_task_mapping' retrieved from /home/airflow/.local/lib/python3.12/site-packages/airflow/example_dags/example_dynamic_task_mapping.py
[2025-01-14T02:23:15.790+0000] {logging_mixin.py:190} INFO - [2025-01-14T02:23:15.790+0000] {dag.py:3239} INFO - Sync 1 DAGs
[2025-01-14T02:23:15.802+0000] {logging_mixin.py:190} INFO - [2025-01-14T02:23:15.801+0000] {dag.py:4180} INFO - Setting next_dagrun for example_dynamic_task_mapping to None, run_after=None
[2025-01-14T02:23:15.822+0000] {processor.py:208} INFO - Processing /home/airflow/.local/lib/python3.12/site-packages/airflow/example_dags/example_dynamic_task_mapping.py took 0.067 seconds
[2025-01-14T02:23:46.327+0000] {processor.py:186} INFO - Started process (PID=1880) to work on /home/airflow/.local/lib/python3.12/site-packages/airflow/example_dags/example_dynamic_task_mapping.py
[2025-01-14T02:23:46.328+0000] {processor.py:914} INFO - Processing file /home/airflow/.local/lib/python3.12/site-packages/airflow/example_dags/example_dynamic_task_mapping.py for tasks to queue
[2025-01-14T02:23:46.331+0000] {logging_mixin.py:190} INFO - [2025-01-14T02:23:46.330+0000] {dagbag.py:588} INFO - Filling up the DagBag from /home/airflow/.local/lib/python3.12/site-packages/airflow/example_dags/example_dynamic_task_mapping.py
[2025-01-14T02:23:46.338+0000] {processor.py:925} INFO - DAG(s) 'example_dynamic_task_mapping' retrieved from /home/airflow/.local/lib/python3.12/site-packages/airflow/example_dags/example_dynamic_task_mapping.py
[2025-01-14T02:23:46.354+0000] {logging_mixin.py:190} INFO - [2025-01-14T02:23:46.354+0000] {dag.py:3239} INFO - Sync 1 DAGs
[2025-01-14T02:23:46.371+0000] {logging_mixin.py:190} INFO - [2025-01-14T02:23:46.371+0000] {dag.py:4180} INFO - Setting next_dagrun for example_dynamic_task_mapping to None, run_after=None
[2025-01-14T02:23:46.389+0000] {processor.py:208} INFO - Processing /home/airflow/.local/lib/python3.12/site-packages/airflow/example_dags/example_dynamic_task_mapping.py took 0.067 seconds
[2025-01-14T02:24:21.156+0000] {processor.py:186} INFO - Started process (PID=2171) to work on /home/airflow/.local/lib/python3.12/site-packages/airflow/example_dags/example_dynamic_task_mapping.py
[2025-01-14T02:24:21.232+0000] {processor.py:914} INFO - Processing file /home/airflow/.local/lib/python3.12/site-packages/airflow/example_dags/example_dynamic_task_mapping.py for tasks to queue
[2025-01-14T02:24:21.287+0000] {logging_mixin.py:190} INFO - [2025-01-14T02:24:21.286+0000] {dagbag.py:588} INFO - Filling up the DagBag from /home/airflow/.local/lib/python3.12/site-packages/airflow/example_dags/example_dynamic_task_mapping.py
[2025-01-14T02:24:21.341+0000] {processor.py:925} INFO - DAG(s) 'example_dynamic_task_mapping' retrieved from /home/airflow/.local/lib/python3.12/site-packages/airflow/example_dags/example_dynamic_task_mapping.py
[2025-01-14T02:24:21.377+0000] {logging_mixin.py:190} INFO - [2025-01-14T02:24:21.377+0000] {dag.py:3239} INFO - Sync 1 DAGs
[2025-01-14T02:24:21.409+0000] {logging_mixin.py:190} INFO - [2025-01-14T02:24:21.409+0000] {dag.py:4180} INFO - Setting next_dagrun for example_dynamic_task_mapping to None, run_after=None
[2025-01-14T02:24:21.438+0000] {processor.py:208} INFO - Processing /home/airflow/.local/lib/python3.12/site-packages/airflow/example_dags/example_dynamic_task_mapping.py took 0.290 seconds
[2025-01-14T02:24:51.529+0000] {processor.py:186} INFO - Started process (PID=2468) to work on /home/airflow/.local/lib/python3.12/site-packages/airflow/example_dags/example_dynamic_task_mapping.py
[2025-01-14T02:24:51.530+0000] {processor.py:914} INFO - Processing file /home/airflow/.local/lib/python3.12/site-packages/airflow/example_dags/example_dynamic_task_mapping.py for tasks to queue
[2025-01-14T02:24:51.533+0000] {logging_mixin.py:190} INFO - [2025-01-14T02:24:51.532+0000] {dagbag.py:588} INFO - Filling up the DagBag from /home/airflow/.local/lib/python3.12/site-packages/airflow/example_dags/example_dynamic_task_mapping.py
[2025-01-14T02:24:51.541+0000] {processor.py:925} INFO - DAG(s) 'example_dynamic_task_mapping' retrieved from /home/airflow/.local/lib/python3.12/site-packages/airflow/example_dags/example_dynamic_task_mapping.py
[2025-01-14T02:24:51.557+0000] {logging_mixin.py:190} INFO - [2025-01-14T02:24:51.557+0000] {dag.py:3239} INFO - Sync 1 DAGs
[2025-01-14T02:24:51.570+0000] {logging_mixin.py:190} INFO - [2025-01-14T02:24:51.570+0000] {dag.py:4180} INFO - Setting next_dagrun for example_dynamic_task_mapping to None, run_after=None
[2025-01-14T02:24:51.593+0000] {processor.py:208} INFO - Processing /home/airflow/.local/lib/python3.12/site-packages/airflow/example_dags/example_dynamic_task_mapping.py took 0.071 seconds
[2025-01-14T02:25:22.119+0000] {processor.py:186} INFO - Started process (PID=2761) to work on /home/airflow/.local/lib/python3.12/site-packages/airflow/example_dags/example_dynamic_task_mapping.py
[2025-01-14T02:25:22.121+0000] {processor.py:914} INFO - Processing file /home/airflow/.local/lib/python3.12/site-packages/airflow/example_dags/example_dynamic_task_mapping.py for tasks to queue
[2025-01-14T02:25:22.124+0000] {logging_mixin.py:190} INFO - [2025-01-14T02:25:22.123+0000] {dagbag.py:588} INFO - Filling up the DagBag from /home/airflow/.local/lib/python3.12/site-packages/airflow/example_dags/example_dynamic_task_mapping.py
[2025-01-14T02:25:22.132+0000] {processor.py:925} INFO - DAG(s) 'example_dynamic_task_mapping' retrieved from /home/airflow/.local/lib/python3.12/site-packages/airflow/example_dags/example_dynamic_task_mapping.py
[2025-01-14T02:25:22.151+0000] {logging_mixin.py:190} INFO - [2025-01-14T02:25:22.151+0000] {dag.py:3239} INFO - Sync 1 DAGs
[2025-01-14T02:25:22.168+0000] {logging_mixin.py:190} INFO - [2025-01-14T02:25:22.168+0000] {dag.py:4180} INFO - Setting next_dagrun for example_dynamic_task_mapping to None, run_after=None
[2025-01-14T02:25:22.197+0000] {processor.py:208} INFO - Processing /home/airflow/.local/lib/python3.12/site-packages/airflow/example_dags/example_dynamic_task_mapping.py took 0.085 seconds
[2025-01-14T02:25:53.130+0000] {processor.py:186} INFO - Started process (PID=3051) to work on /home/airflow/.local/lib/python3.12/site-packages/airflow/example_dags/example_dynamic_task_mapping.py
[2025-01-14T02:25:53.131+0000] {processor.py:914} INFO - Processing file /home/airflow/.local/lib/python3.12/site-packages/airflow/example_dags/example_dynamic_task_mapping.py for tasks to queue
[2025-01-14T02:25:53.134+0000] {logging_mixin.py:190} INFO - [2025-01-14T02:25:53.134+0000] {dagbag.py:588} INFO - Filling up the DagBag from /home/airflow/.local/lib/python3.12/site-packages/airflow/example_dags/example_dynamic_task_mapping.py
[2025-01-14T02:25:53.143+0000] {processor.py:925} INFO - DAG(s) 'example_dynamic_task_mapping' retrieved from /home/airflow/.local/lib/python3.12/site-packages/airflow/example_dags/example_dynamic_task_mapping.py
[2025-01-14T02:25:53.162+0000] {logging_mixin.py:190} INFO - [2025-01-14T02:25:53.161+0000] {dag.py:3239} INFO - Sync 1 DAGs
[2025-01-14T02:25:53.173+0000] {logging_mixin.py:190} INFO - [2025-01-14T02:25:53.173+0000] {dag.py:4180} INFO - Setting next_dagrun for example_dynamic_task_mapping to None, run_after=None
[2025-01-14T02:25:53.195+0000] {processor.py:208} INFO - Processing /home/airflow/.local/lib/python3.12/site-packages/airflow/example_dags/example_dynamic_task_mapping.py took 0.070 seconds
[2025-01-14T02:27:14.767+0000] {processor.py:186} INFO - Started process (PID=3336) to work on /home/airflow/.local/lib/python3.12/site-packages/airflow/example_dags/example_dynamic_task_mapping.py
[2025-01-14T02:27:14.769+0000] {processor.py:914} INFO - Processing file /home/airflow/.local/lib/python3.12/site-packages/airflow/example_dags/example_dynamic_task_mapping.py for tasks to queue
[2025-01-14T02:27:14.772+0000] {logging_mixin.py:190} INFO - [2025-01-14T02:27:14.772+0000] {dagbag.py:588} INFO - Filling up the DagBag from /home/airflow/.local/lib/python3.12/site-packages/airflow/example_dags/example_dynamic_task_mapping.py
[2025-01-14T02:27:14.783+0000] {processor.py:925} INFO - DAG(s) 'example_dynamic_task_mapping' retrieved from /home/airflow/.local/lib/python3.12/site-packages/airflow/example_dags/example_dynamic_task_mapping.py
[2025-01-14T02:27:14.809+0000] {logging_mixin.py:190} INFO - [2025-01-14T02:27:14.809+0000] {dag.py:3239} INFO - Sync 1 DAGs
[2025-01-14T02:27:14.827+0000] {logging_mixin.py:190} INFO - [2025-01-14T02:27:14.827+0000] {dag.py:4180} INFO - Setting next_dagrun for example_dynamic_task_mapping to None, run_after=None
[2025-01-14T02:27:14.852+0000] {processor.py:208} INFO - Processing /home/airflow/.local/lib/python3.12/site-packages/airflow/example_dags/example_dynamic_task_mapping.py took 0.093 seconds
[2025-01-14T02:27:45.163+0000] {processor.py:186} INFO - Started process (PID=3627) to work on /home/airflow/.local/lib/python3.12/site-packages/airflow/example_dags/example_dynamic_task_mapping.py
[2025-01-14T02:27:45.164+0000] {processor.py:914} INFO - Processing file /home/airflow/.local/lib/python3.12/site-packages/airflow/example_dags/example_dynamic_task_mapping.py for tasks to queue
[2025-01-14T02:27:45.166+0000] {logging_mixin.py:190} INFO - [2025-01-14T02:27:45.166+0000] {dagbag.py:588} INFO - Filling up the DagBag from /home/airflow/.local/lib/python3.12/site-packages/airflow/example_dags/example_dynamic_task_mapping.py
[2025-01-14T02:27:45.172+0000] {processor.py:925} INFO - DAG(s) 'example_dynamic_task_mapping' retrieved from /home/airflow/.local/lib/python3.12/site-packages/airflow/example_dags/example_dynamic_task_mapping.py
[2025-01-14T02:27:45.188+0000] {logging_mixin.py:190} INFO - [2025-01-14T02:27:45.188+0000] {dag.py:3239} INFO - Sync 1 DAGs
[2025-01-14T02:27:45.199+0000] {logging_mixin.py:190} INFO - [2025-01-14T02:27:45.198+0000] {dag.py:4180} INFO - Setting next_dagrun for example_dynamic_task_mapping to None, run_after=None
[2025-01-14T02:27:45.217+0000] {processor.py:208} INFO - Processing /home/airflow/.local/lib/python3.12/site-packages/airflow/example_dags/example_dynamic_task_mapping.py took 0.058 seconds
[2025-01-14T02:28:16.008+0000] {processor.py:186} INFO - Started process (PID=3920) to work on /home/airflow/.local/lib/python3.12/site-packages/airflow/example_dags/example_dynamic_task_mapping.py
[2025-01-14T02:28:16.010+0000] {processor.py:914} INFO - Processing file /home/airflow/.local/lib/python3.12/site-packages/airflow/example_dags/example_dynamic_task_mapping.py for tasks to queue
[2025-01-14T02:28:16.011+0000] {logging_mixin.py:190} INFO - [2025-01-14T02:28:16.011+0000] {dagbag.py:588} INFO - Filling up the DagBag from /home/airflow/.local/lib/python3.12/site-packages/airflow/example_dags/example_dynamic_task_mapping.py
[2025-01-14T02:28:16.019+0000] {processor.py:925} INFO - DAG(s) 'example_dynamic_task_mapping' retrieved from /home/airflow/.local/lib/python3.12/site-packages/airflow/example_dags/example_dynamic_task_mapping.py
[2025-01-14T02:28:16.037+0000] {logging_mixin.py:190} INFO - [2025-01-14T02:28:16.037+0000] {dag.py:3239} INFO - Sync 1 DAGs
[2025-01-14T02:28:16.049+0000] {logging_mixin.py:190} INFO - [2025-01-14T02:28:16.049+0000] {dag.py:4180} INFO - Setting next_dagrun for example_dynamic_task_mapping to None, run_after=None
[2025-01-14T02:28:16.068+0000] {processor.py:208} INFO - Processing /home/airflow/.local/lib/python3.12/site-packages/airflow/example_dags/example_dynamic_task_mapping.py took 0.065 seconds
[2025-01-14T02:28:48.163+0000] {processor.py:186} INFO - Started process (PID=4255) to work on /home/airflow/.local/lib/python3.12/site-packages/airflow/example_dags/example_dynamic_task_mapping.py
[2025-01-14T02:28:48.164+0000] {processor.py:914} INFO - Processing file /home/airflow/.local/lib/python3.12/site-packages/airflow/example_dags/example_dynamic_task_mapping.py for tasks to queue
[2025-01-14T02:28:48.166+0000] {logging_mixin.py:190} INFO - [2025-01-14T02:28:48.166+0000] {dagbag.py:588} INFO - Filling up the DagBag from /home/airflow/.local/lib/python3.12/site-packages/airflow/example_dags/example_dynamic_task_mapping.py
[2025-01-14T02:28:48.176+0000] {processor.py:925} INFO - DAG(s) 'example_dynamic_task_mapping' retrieved from /home/airflow/.local/lib/python3.12/site-packages/airflow/example_dags/example_dynamic_task_mapping.py
[2025-01-14T02:28:48.196+0000] {logging_mixin.py:190} INFO - [2025-01-14T02:28:48.196+0000] {dag.py:3239} INFO - Sync 1 DAGs
[2025-01-14T02:28:48.209+0000] {logging_mixin.py:190} INFO - [2025-01-14T02:28:48.209+0000] {dag.py:4180} INFO - Setting next_dagrun for example_dynamic_task_mapping to None, run_after=None
[2025-01-14T02:28:48.240+0000] {processor.py:208} INFO - Processing /home/airflow/.local/lib/python3.12/site-packages/airflow/example_dags/example_dynamic_task_mapping.py took 0.082 seconds
