[2025-01-14T02:21:11.815+0000] {processor.py:186} INFO - Started process (PID=395) to work on /home/airflow/.local/lib/python3.12/site-packages/airflow/example_dags/example_latest_only_with_trigger.py
[2025-01-14T02:21:11.816+0000] {processor.py:914} INFO - Processing file /home/airflow/.local/lib/python3.12/site-packages/airflow/example_dags/example_latest_only_with_trigger.py for tasks to queue
[2025-01-14T02:21:11.818+0000] {logging_mixin.py:190} INFO - [2025-01-14T02:21:11.818+0000] {dagbag.py:588} INFO - Filling up the DagBag from /home/airflow/.local/lib/python3.12/site-packages/airflow/example_dags/example_latest_only_with_trigger.py
[2025-01-14T02:21:11.825+0000] {processor.py:925} INFO - DAG(s) 'latest_only_with_trigger' retrieved from /home/airflow/.local/lib/python3.12/site-packages/airflow/example_dags/example_latest_only_with_trigger.py
[2025-01-14T02:21:11.918+0000] {logging_mixin.py:190} INFO - [2025-01-14T02:21:11.918+0000] {override.py:1911} INFO - Created Permission View: can read on DAG:latest_only_with_trigger
[2025-01-14T02:21:11.928+0000] {logging_mixin.py:190} INFO - [2025-01-14T02:21:11.928+0000] {override.py:1911} INFO - Created Permission View: can delete on DAG:latest_only_with_trigger
[2025-01-14T02:21:11.936+0000] {logging_mixin.py:190} INFO - [2025-01-14T02:21:11.936+0000] {override.py:1911} INFO - Created Permission View: can edit on DAG:latest_only_with_trigger
[2025-01-14T02:21:11.950+0000] {logging_mixin.py:190} INFO - [2025-01-14T02:21:11.950+0000] {override.py:1911} INFO - Created Permission View: can read on DAG Run:latest_only_with_trigger
[2025-01-14T02:21:11.957+0000] {logging_mixin.py:190} INFO - [2025-01-14T02:21:11.957+0000] {override.py:1911} INFO - Created Permission View: menu access on DAG Run:latest_only_with_trigger
[2025-01-14T02:21:11.965+0000] {logging_mixin.py:190} INFO - [2025-01-14T02:21:11.964+0000] {override.py:1911} INFO - Created Permission View: can create on DAG Run:latest_only_with_trigger
[2025-01-14T02:21:11.977+0000] {logging_mixin.py:190} INFO - [2025-01-14T02:21:11.976+0000] {override.py:1911} INFO - Created Permission View: can delete on DAG Run:latest_only_with_trigger
[2025-01-14T02:21:11.982+0000] {logging_mixin.py:190} INFO - [2025-01-14T02:21:11.982+0000] {dag.py:3239} INFO - Sync 1 DAGs
[2025-01-14T02:21:11.991+0000] {logging_mixin.py:190} INFO - [2025-01-14T02:21:11.991+0000] {dag.py:3262} INFO - Creating ORM DAG for latest_only_with_trigger
[2025-01-14T02:21:11.998+0000] {logging_mixin.py:190} INFO - [2025-01-14T02:21:11.998+0000] {dag.py:4180} INFO - Setting next_dagrun for latest_only_with_trigger to 2025-01-13 20:00:00+00:00, run_after=2025-01-14 00:00:00+00:00
[2025-01-14T02:21:12.015+0000] {processor.py:208} INFO - Processing /home/airflow/.local/lib/python3.12/site-packages/airflow/example_dags/example_latest_only_with_trigger.py took 0.205 seconds
[2025-01-14T02:21:42.868+0000] {processor.py:186} INFO - Started process (PID=686) to work on /home/airflow/.local/lib/python3.12/site-packages/airflow/example_dags/example_latest_only_with_trigger.py
[2025-01-14T02:21:42.869+0000] {processor.py:914} INFO - Processing file /home/airflow/.local/lib/python3.12/site-packages/airflow/example_dags/example_latest_only_with_trigger.py for tasks to queue
[2025-01-14T02:21:42.872+0000] {logging_mixin.py:190} INFO - [2025-01-14T02:21:42.871+0000] {dagbag.py:588} INFO - Filling up the DagBag from /home/airflow/.local/lib/python3.12/site-packages/airflow/example_dags/example_latest_only_with_trigger.py
[2025-01-14T02:21:42.879+0000] {processor.py:925} INFO - DAG(s) 'latest_only_with_trigger' retrieved from /home/airflow/.local/lib/python3.12/site-packages/airflow/example_dags/example_latest_only_with_trigger.py
[2025-01-14T02:21:42.896+0000] {logging_mixin.py:190} INFO - [2025-01-14T02:21:42.896+0000] {dag.py:3239} INFO - Sync 1 DAGs
[2025-01-14T02:21:42.915+0000] {logging_mixin.py:190} INFO - [2025-01-14T02:21:42.915+0000] {dag.py:4180} INFO - Setting next_dagrun for latest_only_with_trigger to 2025-01-13 20:00:00+00:00, run_after=2025-01-14 00:00:00+00:00
[2025-01-14T02:21:42.934+0000] {processor.py:208} INFO - Processing /home/airflow/.local/lib/python3.12/site-packages/airflow/example_dags/example_latest_only_with_trigger.py took 0.071 seconds
[2025-01-14T02:22:13.866+0000] {processor.py:186} INFO - Started process (PID=979) to work on /home/airflow/.local/lib/python3.12/site-packages/airflow/example_dags/example_latest_only_with_trigger.py
[2025-01-14T02:22:13.868+0000] {processor.py:914} INFO - Processing file /home/airflow/.local/lib/python3.12/site-packages/airflow/example_dags/example_latest_only_with_trigger.py for tasks to queue
[2025-01-14T02:22:13.870+0000] {logging_mixin.py:190} INFO - [2025-01-14T02:22:13.870+0000] {dagbag.py:588} INFO - Filling up the DagBag from /home/airflow/.local/lib/python3.12/site-packages/airflow/example_dags/example_latest_only_with_trigger.py
[2025-01-14T02:22:13.877+0000] {processor.py:925} INFO - DAG(s) 'latest_only_with_trigger' retrieved from /home/airflow/.local/lib/python3.12/site-packages/airflow/example_dags/example_latest_only_with_trigger.py
[2025-01-14T02:22:13.898+0000] {logging_mixin.py:190} INFO - [2025-01-14T02:22:13.897+0000] {dag.py:3239} INFO - Sync 1 DAGs
[2025-01-14T02:22:13.918+0000] {logging_mixin.py:190} INFO - [2025-01-14T02:22:13.918+0000] {dag.py:4180} INFO - Setting next_dagrun for latest_only_with_trigger to 2025-01-13 20:00:00+00:00, run_after=2025-01-14 00:00:00+00:00
[2025-01-14T02:22:13.937+0000] {processor.py:208} INFO - Processing /home/airflow/.local/lib/python3.12/site-packages/airflow/example_dags/example_latest_only_with_trigger.py took 0.076 seconds
[2025-01-14T02:22:44.201+0000] {processor.py:186} INFO - Started process (PID=1268) to work on /home/airflow/.local/lib/python3.12/site-packages/airflow/example_dags/example_latest_only_with_trigger.py
[2025-01-14T02:22:44.202+0000] {processor.py:914} INFO - Processing file /home/airflow/.local/lib/python3.12/site-packages/airflow/example_dags/example_latest_only_with_trigger.py for tasks to queue
[2025-01-14T02:22:44.204+0000] {logging_mixin.py:190} INFO - [2025-01-14T02:22:44.203+0000] {dagbag.py:588} INFO - Filling up the DagBag from /home/airflow/.local/lib/python3.12/site-packages/airflow/example_dags/example_latest_only_with_trigger.py
[2025-01-14T02:22:44.213+0000] {processor.py:925} INFO - DAG(s) 'latest_only_with_trigger' retrieved from /home/airflow/.local/lib/python3.12/site-packages/airflow/example_dags/example_latest_only_with_trigger.py
[2025-01-14T02:22:44.235+0000] {logging_mixin.py:190} INFO - [2025-01-14T02:22:44.235+0000] {dag.py:3239} INFO - Sync 1 DAGs
[2025-01-14T02:22:44.258+0000] {logging_mixin.py:190} INFO - [2025-01-14T02:22:44.258+0000] {dag.py:4180} INFO - Setting next_dagrun for latest_only_with_trigger to 2025-01-13 20:00:00+00:00, run_after=2025-01-14 00:00:00+00:00
[2025-01-14T02:22:44.278+0000] {processor.py:208} INFO - Processing /home/airflow/.local/lib/python3.12/site-packages/airflow/example_dags/example_latest_only_with_trigger.py took 0.084 seconds
[2025-01-14T02:23:14.466+0000] {processor.py:186} INFO - Started process (PID=1554) to work on /home/airflow/.local/lib/python3.12/site-packages/airflow/example_dags/example_latest_only_with_trigger.py
[2025-01-14T02:23:14.468+0000] {processor.py:914} INFO - Processing file /home/airflow/.local/lib/python3.12/site-packages/airflow/example_dags/example_latest_only_with_trigger.py for tasks to queue
[2025-01-14T02:23:14.470+0000] {logging_mixin.py:190} INFO - [2025-01-14T02:23:14.470+0000] {dagbag.py:588} INFO - Filling up the DagBag from /home/airflow/.local/lib/python3.12/site-packages/airflow/example_dags/example_latest_only_with_trigger.py
[2025-01-14T02:23:14.477+0000] {processor.py:925} INFO - DAG(s) 'latest_only_with_trigger' retrieved from /home/airflow/.local/lib/python3.12/site-packages/airflow/example_dags/example_latest_only_with_trigger.py
[2025-01-14T02:23:14.495+0000] {logging_mixin.py:190} INFO - [2025-01-14T02:23:14.495+0000] {dag.py:3239} INFO - Sync 1 DAGs
[2025-01-14T02:23:14.514+0000] {logging_mixin.py:190} INFO - [2025-01-14T02:23:14.514+0000] {dag.py:4180} INFO - Setting next_dagrun for latest_only_with_trigger to 2025-01-13 20:00:00+00:00, run_after=2025-01-14 00:00:00+00:00
[2025-01-14T02:23:14.537+0000] {processor.py:208} INFO - Processing /home/airflow/.local/lib/python3.12/site-packages/airflow/example_dags/example_latest_only_with_trigger.py took 0.077 seconds
[2025-01-14T02:23:45.384+0000] {processor.py:186} INFO - Started process (PID=1845) to work on /home/airflow/.local/lib/python3.12/site-packages/airflow/example_dags/example_latest_only_with_trigger.py
[2025-01-14T02:23:45.386+0000] {processor.py:914} INFO - Processing file /home/airflow/.local/lib/python3.12/site-packages/airflow/example_dags/example_latest_only_with_trigger.py for tasks to queue
[2025-01-14T02:23:45.389+0000] {logging_mixin.py:190} INFO - [2025-01-14T02:23:45.388+0000] {dagbag.py:588} INFO - Filling up the DagBag from /home/airflow/.local/lib/python3.12/site-packages/airflow/example_dags/example_latest_only_with_trigger.py
[2025-01-14T02:23:45.399+0000] {processor.py:925} INFO - DAG(s) 'latest_only_with_trigger' retrieved from /home/airflow/.local/lib/python3.12/site-packages/airflow/example_dags/example_latest_only_with_trigger.py
[2025-01-14T02:23:45.420+0000] {logging_mixin.py:190} INFO - [2025-01-14T02:23:45.420+0000] {dag.py:3239} INFO - Sync 1 DAGs
[2025-01-14T02:23:45.440+0000] {logging_mixin.py:190} INFO - [2025-01-14T02:23:45.440+0000] {dag.py:4180} INFO - Setting next_dagrun for latest_only_with_trigger to 2025-01-13 20:00:00+00:00, run_after=2025-01-14 00:00:00+00:00
[2025-01-14T02:23:45.461+0000] {processor.py:208} INFO - Processing /home/airflow/.local/lib/python3.12/site-packages/airflow/example_dags/example_latest_only_with_trigger.py took 0.083 seconds
[2025-01-14T02:24:19.223+0000] {processor.py:186} INFO - Started process (PID=2141) to work on /home/airflow/.local/lib/python3.12/site-packages/airflow/example_dags/example_latest_only_with_trigger.py
[2025-01-14T02:24:19.239+0000] {processor.py:914} INFO - Processing file /home/airflow/.local/lib/python3.12/site-packages/airflow/example_dags/example_latest_only_with_trigger.py for tasks to queue
[2025-01-14T02:24:19.258+0000] {logging_mixin.py:190} INFO - [2025-01-14T02:24:19.257+0000] {dagbag.py:588} INFO - Filling up the DagBag from /home/airflow/.local/lib/python3.12/site-packages/airflow/example_dags/example_latest_only_with_trigger.py
[2025-01-14T02:24:19.279+0000] {processor.py:925} INFO - DAG(s) 'latest_only_with_trigger' retrieved from /home/airflow/.local/lib/python3.12/site-packages/airflow/example_dags/example_latest_only_with_trigger.py
[2025-01-14T02:24:19.319+0000] {logging_mixin.py:190} INFO - [2025-01-14T02:24:19.318+0000] {dag.py:3239} INFO - Sync 1 DAGs
[2025-01-14T02:24:19.411+0000] {logging_mixin.py:190} INFO - [2025-01-14T02:24:19.410+0000] {dag.py:4180} INFO - Setting next_dagrun for latest_only_with_trigger to 2025-01-13 20:00:00+00:00, run_after=2025-01-14 00:00:00+00:00
[2025-01-14T02:24:19.462+0000] {processor.py:208} INFO - Processing /home/airflow/.local/lib/python3.12/site-packages/airflow/example_dags/example_latest_only_with_trigger.py took 0.246 seconds
[2025-01-14T02:24:50.109+0000] {processor.py:186} INFO - Started process (PID=2438) to work on /home/airflow/.local/lib/python3.12/site-packages/airflow/example_dags/example_latest_only_with_trigger.py
[2025-01-14T02:24:50.110+0000] {processor.py:914} INFO - Processing file /home/airflow/.local/lib/python3.12/site-packages/airflow/example_dags/example_latest_only_with_trigger.py for tasks to queue
[2025-01-14T02:24:50.112+0000] {logging_mixin.py:190} INFO - [2025-01-14T02:24:50.112+0000] {dagbag.py:588} INFO - Filling up the DagBag from /home/airflow/.local/lib/python3.12/site-packages/airflow/example_dags/example_latest_only_with_trigger.py
[2025-01-14T02:24:50.120+0000] {processor.py:925} INFO - DAG(s) 'latest_only_with_trigger' retrieved from /home/airflow/.local/lib/python3.12/site-packages/airflow/example_dags/example_latest_only_with_trigger.py
[2025-01-14T02:24:50.139+0000] {logging_mixin.py:190} INFO - [2025-01-14T02:24:50.139+0000] {dag.py:3239} INFO - Sync 1 DAGs
[2025-01-14T02:24:50.162+0000] {logging_mixin.py:190} INFO - [2025-01-14T02:24:50.161+0000] {dag.py:4180} INFO - Setting next_dagrun for latest_only_with_trigger to 2025-01-13 20:00:00+00:00, run_after=2025-01-14 00:00:00+00:00
[2025-01-14T02:24:50.186+0000] {processor.py:208} INFO - Processing /home/airflow/.local/lib/python3.12/site-packages/airflow/example_dags/example_latest_only_with_trigger.py took 0.084 seconds
[2025-01-14T02:25:21.569+0000] {processor.py:186} INFO - Started process (PID=2729) to work on /home/airflow/.local/lib/python3.12/site-packages/airflow/example_dags/example_latest_only_with_trigger.py
[2025-01-14T02:25:21.571+0000] {processor.py:914} INFO - Processing file /home/airflow/.local/lib/python3.12/site-packages/airflow/example_dags/example_latest_only_with_trigger.py for tasks to queue
[2025-01-14T02:25:21.574+0000] {logging_mixin.py:190} INFO - [2025-01-14T02:25:21.574+0000] {dagbag.py:588} INFO - Filling up the DagBag from /home/airflow/.local/lib/python3.12/site-packages/airflow/example_dags/example_latest_only_with_trigger.py
[2025-01-14T02:25:21.581+0000] {processor.py:925} INFO - DAG(s) 'latest_only_with_trigger' retrieved from /home/airflow/.local/lib/python3.12/site-packages/airflow/example_dags/example_latest_only_with_trigger.py
[2025-01-14T02:25:21.602+0000] {logging_mixin.py:190} INFO - [2025-01-14T02:25:21.601+0000] {dag.py:3239} INFO - Sync 1 DAGs
[2025-01-14T02:25:21.622+0000] {logging_mixin.py:190} INFO - [2025-01-14T02:25:21.622+0000] {dag.py:4180} INFO - Setting next_dagrun for latest_only_with_trigger to 2025-01-13 20:00:00+00:00, run_after=2025-01-14 00:00:00+00:00
[2025-01-14T02:25:21.640+0000] {processor.py:208} INFO - Processing /home/airflow/.local/lib/python3.12/site-packages/airflow/example_dags/example_latest_only_with_trigger.py took 0.079 seconds
[2025-01-14T02:25:52.673+0000] {processor.py:186} INFO - Started process (PID=3021) to work on /home/airflow/.local/lib/python3.12/site-packages/airflow/example_dags/example_latest_only_with_trigger.py
[2025-01-14T02:25:52.675+0000] {processor.py:914} INFO - Processing file /home/airflow/.local/lib/python3.12/site-packages/airflow/example_dags/example_latest_only_with_trigger.py for tasks to queue
[2025-01-14T02:25:52.678+0000] {logging_mixin.py:190} INFO - [2025-01-14T02:25:52.677+0000] {dagbag.py:588} INFO - Filling up the DagBag from /home/airflow/.local/lib/python3.12/site-packages/airflow/example_dags/example_latest_only_with_trigger.py
[2025-01-14T02:25:52.686+0000] {processor.py:925} INFO - DAG(s) 'latest_only_with_trigger' retrieved from /home/airflow/.local/lib/python3.12/site-packages/airflow/example_dags/example_latest_only_with_trigger.py
[2025-01-14T02:25:52.707+0000] {logging_mixin.py:190} INFO - [2025-01-14T02:25:52.707+0000] {dag.py:3239} INFO - Sync 1 DAGs
[2025-01-14T02:25:52.733+0000] {logging_mixin.py:190} INFO - [2025-01-14T02:25:52.733+0000] {dag.py:4180} INFO - Setting next_dagrun for latest_only_with_trigger to 2025-01-13 20:00:00+00:00, run_after=2025-01-14 00:00:00+00:00
[2025-01-14T02:25:52.758+0000] {processor.py:208} INFO - Processing /home/airflow/.local/lib/python3.12/site-packages/airflow/example_dags/example_latest_only_with_trigger.py took 0.090 seconds
[2025-01-14T02:27:14.041+0000] {processor.py:186} INFO - Started process (PID=3306) to work on /home/airflow/.local/lib/python3.12/site-packages/airflow/example_dags/example_latest_only_with_trigger.py
[2025-01-14T02:27:14.042+0000] {processor.py:914} INFO - Processing file /home/airflow/.local/lib/python3.12/site-packages/airflow/example_dags/example_latest_only_with_trigger.py for tasks to queue
[2025-01-14T02:27:14.044+0000] {logging_mixin.py:190} INFO - [2025-01-14T02:27:14.044+0000] {dagbag.py:588} INFO - Filling up the DagBag from /home/airflow/.local/lib/python3.12/site-packages/airflow/example_dags/example_latest_only_with_trigger.py
[2025-01-14T02:27:14.050+0000] {processor.py:925} INFO - DAG(s) 'latest_only_with_trigger' retrieved from /home/airflow/.local/lib/python3.12/site-packages/airflow/example_dags/example_latest_only_with_trigger.py
[2025-01-14T02:27:14.073+0000] {logging_mixin.py:190} INFO - [2025-01-14T02:27:14.073+0000] {dag.py:3239} INFO - Sync 1 DAGs
[2025-01-14T02:27:14.105+0000] {logging_mixin.py:190} INFO - [2025-01-14T02:27:14.105+0000] {dag.py:4180} INFO - Setting next_dagrun for latest_only_with_trigger to 2025-01-13 20:00:00+00:00, run_after=2025-01-14 00:00:00+00:00
[2025-01-14T02:27:14.131+0000] {processor.py:208} INFO - Processing /home/airflow/.local/lib/python3.12/site-packages/airflow/example_dags/example_latest_only_with_trigger.py took 0.095 seconds
[2025-01-14T02:27:44.479+0000] {processor.py:186} INFO - Started process (PID=3592) to work on /home/airflow/.local/lib/python3.12/site-packages/airflow/example_dags/example_latest_only_with_trigger.py
[2025-01-14T02:27:44.480+0000] {processor.py:914} INFO - Processing file /home/airflow/.local/lib/python3.12/site-packages/airflow/example_dags/example_latest_only_with_trigger.py for tasks to queue
[2025-01-14T02:27:44.482+0000] {logging_mixin.py:190} INFO - [2025-01-14T02:27:44.482+0000] {dagbag.py:588} INFO - Filling up the DagBag from /home/airflow/.local/lib/python3.12/site-packages/airflow/example_dags/example_latest_only_with_trigger.py
[2025-01-14T02:27:44.489+0000] {processor.py:925} INFO - DAG(s) 'latest_only_with_trigger' retrieved from /home/airflow/.local/lib/python3.12/site-packages/airflow/example_dags/example_latest_only_with_trigger.py
[2025-01-14T02:27:44.508+0000] {logging_mixin.py:190} INFO - [2025-01-14T02:27:44.508+0000] {dag.py:3239} INFO - Sync 1 DAGs
[2025-01-14T02:27:44.528+0000] {logging_mixin.py:190} INFO - [2025-01-14T02:27:44.527+0000] {dag.py:4180} INFO - Setting next_dagrun for latest_only_with_trigger to 2025-01-13 20:00:00+00:00, run_after=2025-01-14 00:00:00+00:00
[2025-01-14T02:27:44.548+0000] {processor.py:208} INFO - Processing /home/airflow/.local/lib/python3.12/site-packages/airflow/example_dags/example_latest_only_with_trigger.py took 0.074 seconds
[2025-01-14T02:28:15.412+0000] {processor.py:186} INFO - Started process (PID=3883) to work on /home/airflow/.local/lib/python3.12/site-packages/airflow/example_dags/example_latest_only_with_trigger.py
[2025-01-14T02:28:15.413+0000] {processor.py:914} INFO - Processing file /home/airflow/.local/lib/python3.12/site-packages/airflow/example_dags/example_latest_only_with_trigger.py for tasks to queue
[2025-01-14T02:28:15.415+0000] {logging_mixin.py:190} INFO - [2025-01-14T02:28:15.415+0000] {dagbag.py:588} INFO - Filling up the DagBag from /home/airflow/.local/lib/python3.12/site-packages/airflow/example_dags/example_latest_only_with_trigger.py
[2025-01-14T02:28:15.422+0000] {processor.py:925} INFO - DAG(s) 'latest_only_with_trigger' retrieved from /home/airflow/.local/lib/python3.12/site-packages/airflow/example_dags/example_latest_only_with_trigger.py
[2025-01-14T02:28:15.439+0000] {logging_mixin.py:190} INFO - [2025-01-14T02:28:15.439+0000] {dag.py:3239} INFO - Sync 1 DAGs
[2025-01-14T02:28:15.459+0000] {logging_mixin.py:190} INFO - [2025-01-14T02:28:15.459+0000] {dag.py:4180} INFO - Setting next_dagrun for latest_only_with_trigger to 2025-01-13 20:00:00+00:00, run_after=2025-01-14 00:00:00+00:00
[2025-01-14T02:28:15.478+0000] {processor.py:208} INFO - Processing /home/airflow/.local/lib/python3.12/site-packages/airflow/example_dags/example_latest_only_with_trigger.py took 0.072 seconds
[2025-01-14T02:28:47.435+0000] {processor.py:186} INFO - Started process (PID=4179) to work on /home/airflow/.local/lib/python3.12/site-packages/airflow/example_dags/example_latest_only_with_trigger.py
[2025-01-14T02:28:47.436+0000] {processor.py:914} INFO - Processing file /home/airflow/.local/lib/python3.12/site-packages/airflow/example_dags/example_latest_only_with_trigger.py for tasks to queue
[2025-01-14T02:28:47.440+0000] {logging_mixin.py:190} INFO - [2025-01-14T02:28:47.440+0000] {dagbag.py:588} INFO - Filling up the DagBag from /home/airflow/.local/lib/python3.12/site-packages/airflow/example_dags/example_latest_only_with_trigger.py
[2025-01-14T02:28:47.449+0000] {processor.py:925} INFO - DAG(s) 'latest_only_with_trigger' retrieved from /home/airflow/.local/lib/python3.12/site-packages/airflow/example_dags/example_latest_only_with_trigger.py
[2025-01-14T02:28:47.466+0000] {logging_mixin.py:190} INFO - [2025-01-14T02:28:47.466+0000] {dag.py:3239} INFO - Sync 1 DAGs
[2025-01-14T02:28:47.486+0000] {logging_mixin.py:190} INFO - [2025-01-14T02:28:47.486+0000] {dag.py:4180} INFO - Setting next_dagrun for latest_only_with_trigger to 2025-01-13 20:00:00+00:00, run_after=2025-01-14 00:00:00+00:00
[2025-01-14T02:28:47.508+0000] {processor.py:208} INFO - Processing /home/airflow/.local/lib/python3.12/site-packages/airflow/example_dags/example_latest_only_with_trigger.py took 0.078 seconds
