[2025-01-14T02:21:12.053+0000] {processor.py:186} INFO - Started process (PID=400) to work on /home/airflow/.local/lib/python3.12/site-packages/airflow/example_dags/example_nested_branch_dag.py
[2025-01-14T02:21:12.054+0000] {processor.py:914} INFO - Processing file /home/airflow/.local/lib/python3.12/site-packages/airflow/example_dags/example_nested_branch_dag.py for tasks to queue
[2025-01-14T02:21:12.056+0000] {logging_mixin.py:190} INFO - [2025-01-14T02:21:12.056+0000] {dagbag.py:588} INFO - Filling up the DagBag from /home/airflow/.local/lib/python3.12/site-packages/airflow/example_dags/example_nested_branch_dag.py
[2025-01-14T02:21:12.067+0000] {processor.py:925} INFO - DAG(s) 'example_nested_branch_dag' retrieved from /home/airflow/.local/lib/python3.12/site-packages/airflow/example_dags/example_nested_branch_dag.py
[2025-01-14T02:21:12.163+0000] {logging_mixin.py:190} INFO - [2025-01-14T02:21:12.162+0000] {override.py:1911} INFO - Created Permission View: can read on DAG:example_nested_branch_dag
[2025-01-14T02:21:12.174+0000] {logging_mixin.py:190} INFO - [2025-01-14T02:21:12.173+0000] {override.py:1911} INFO - Created Permission View: can delete on DAG:example_nested_branch_dag
[2025-01-14T02:21:12.181+0000] {logging_mixin.py:190} INFO - [2025-01-14T02:21:12.181+0000] {override.py:1911} INFO - Created Permission View: can edit on DAG:example_nested_branch_dag
[2025-01-14T02:21:12.192+0000] {logging_mixin.py:190} INFO - [2025-01-14T02:21:12.192+0000] {override.py:1911} INFO - Created Permission View: can read on DAG Run:example_nested_branch_dag
[2025-01-14T02:21:12.202+0000] {logging_mixin.py:190} INFO - [2025-01-14T02:21:12.202+0000] {override.py:1911} INFO - Created Permission View: menu access on DAG Run:example_nested_branch_dag
[2025-01-14T02:21:12.210+0000] {logging_mixin.py:190} INFO - [2025-01-14T02:21:12.210+0000] {override.py:1911} INFO - Created Permission View: can create on DAG Run:example_nested_branch_dag
[2025-01-14T02:21:12.218+0000] {logging_mixin.py:190} INFO - [2025-01-14T02:21:12.218+0000] {override.py:1911} INFO - Created Permission View: can delete on DAG Run:example_nested_branch_dag
[2025-01-14T02:21:12.219+0000] {logging_mixin.py:190} INFO - [2025-01-14T02:21:12.219+0000] {dag.py:3239} INFO - Sync 1 DAGs
[2025-01-14T02:21:12.229+0000] {logging_mixin.py:190} INFO - [2025-01-14T02:21:12.228+0000] {dag.py:3262} INFO - Creating ORM DAG for example_nested_branch_dag
[2025-01-14T02:21:12.238+0000] {logging_mixin.py:190} INFO - [2025-01-14T02:21:12.238+0000] {dag.py:4180} INFO - Setting next_dagrun for example_nested_branch_dag to 2025-01-13 00:00:00+00:00, run_after=2025-01-14 00:00:00+00:00
[2025-01-14T02:21:12.257+0000] {processor.py:208} INFO - Processing /home/airflow/.local/lib/python3.12/site-packages/airflow/example_dags/example_nested_branch_dag.py took 0.208 seconds
[2025-01-14T02:21:42.978+0000] {processor.py:186} INFO - Started process (PID=691) to work on /home/airflow/.local/lib/python3.12/site-packages/airflow/example_dags/example_nested_branch_dag.py
[2025-01-14T02:21:42.979+0000] {processor.py:914} INFO - Processing file /home/airflow/.local/lib/python3.12/site-packages/airflow/example_dags/example_nested_branch_dag.py for tasks to queue
[2025-01-14T02:21:42.982+0000] {logging_mixin.py:190} INFO - [2025-01-14T02:21:42.982+0000] {dagbag.py:588} INFO - Filling up the DagBag from /home/airflow/.local/lib/python3.12/site-packages/airflow/example_dags/example_nested_branch_dag.py
[2025-01-14T02:21:42.992+0000] {processor.py:925} INFO - DAG(s) 'example_nested_branch_dag' retrieved from /home/airflow/.local/lib/python3.12/site-packages/airflow/example_dags/example_nested_branch_dag.py
[2025-01-14T02:21:43.012+0000] {logging_mixin.py:190} INFO - [2025-01-14T02:21:43.012+0000] {dag.py:3239} INFO - Sync 1 DAGs
[2025-01-14T02:21:43.034+0000] {logging_mixin.py:190} INFO - [2025-01-14T02:21:43.033+0000] {dag.py:4180} INFO - Setting next_dagrun for example_nested_branch_dag to 2025-01-13 00:00:00+00:00, run_after=2025-01-14 00:00:00+00:00
[2025-01-14T02:21:43.056+0000] {processor.py:208} INFO - Processing /home/airflow/.local/lib/python3.12/site-packages/airflow/example_dags/example_nested_branch_dag.py took 0.083 seconds
[2025-01-14T02:22:13.867+0000] {processor.py:186} INFO - Started process (PID=982) to work on /home/airflow/.local/lib/python3.12/site-packages/airflow/example_dags/example_nested_branch_dag.py
[2025-01-14T02:22:13.868+0000] {processor.py:914} INFO - Processing file /home/airflow/.local/lib/python3.12/site-packages/airflow/example_dags/example_nested_branch_dag.py for tasks to queue
[2025-01-14T02:22:13.871+0000] {logging_mixin.py:190} INFO - [2025-01-14T02:22:13.870+0000] {dagbag.py:588} INFO - Filling up the DagBag from /home/airflow/.local/lib/python3.12/site-packages/airflow/example_dags/example_nested_branch_dag.py
[2025-01-14T02:22:13.880+0000] {processor.py:925} INFO - DAG(s) 'example_nested_branch_dag' retrieved from /home/airflow/.local/lib/python3.12/site-packages/airflow/example_dags/example_nested_branch_dag.py
[2025-01-14T02:22:13.900+0000] {logging_mixin.py:190} INFO - [2025-01-14T02:22:13.900+0000] {dag.py:3239} INFO - Sync 1 DAGs
[2025-01-14T02:22:13.921+0000] {logging_mixin.py:190} INFO - [2025-01-14T02:22:13.921+0000] {dag.py:4180} INFO - Setting next_dagrun for example_nested_branch_dag to 2025-01-13 00:00:00+00:00, run_after=2025-01-14 00:00:00+00:00
[2025-01-14T02:22:13.940+0000] {processor.py:208} INFO - Processing /home/airflow/.local/lib/python3.12/site-packages/airflow/example_dags/example_nested_branch_dag.py took 0.079 seconds
[2025-01-14T02:22:44.322+0000] {processor.py:186} INFO - Started process (PID=1273) to work on /home/airflow/.local/lib/python3.12/site-packages/airflow/example_dags/example_nested_branch_dag.py
[2025-01-14T02:22:44.323+0000] {processor.py:914} INFO - Processing file /home/airflow/.local/lib/python3.12/site-packages/airflow/example_dags/example_nested_branch_dag.py for tasks to queue
[2025-01-14T02:22:44.326+0000] {logging_mixin.py:190} INFO - [2025-01-14T02:22:44.325+0000] {dagbag.py:588} INFO - Filling up the DagBag from /home/airflow/.local/lib/python3.12/site-packages/airflow/example_dags/example_nested_branch_dag.py
[2025-01-14T02:22:44.336+0000] {processor.py:925} INFO - DAG(s) 'example_nested_branch_dag' retrieved from /home/airflow/.local/lib/python3.12/site-packages/airflow/example_dags/example_nested_branch_dag.py
[2025-01-14T02:22:44.356+0000] {logging_mixin.py:190} INFO - [2025-01-14T02:22:44.356+0000] {dag.py:3239} INFO - Sync 1 DAGs
[2025-01-14T02:22:44.376+0000] {logging_mixin.py:190} INFO - [2025-01-14T02:22:44.376+0000] {dag.py:4180} INFO - Setting next_dagrun for example_nested_branch_dag to 2025-01-13 00:00:00+00:00, run_after=2025-01-14 00:00:00+00:00
[2025-01-14T02:22:44.400+0000] {processor.py:208} INFO - Processing /home/airflow/.local/lib/python3.12/site-packages/airflow/example_dags/example_nested_branch_dag.py took 0.083 seconds
[2025-01-14T02:23:14.617+0000] {processor.py:186} INFO - Started process (PID=1559) to work on /home/airflow/.local/lib/python3.12/site-packages/airflow/example_dags/example_nested_branch_dag.py
[2025-01-14T02:23:14.618+0000] {processor.py:914} INFO - Processing file /home/airflow/.local/lib/python3.12/site-packages/airflow/example_dags/example_nested_branch_dag.py for tasks to queue
[2025-01-14T02:23:14.620+0000] {logging_mixin.py:190} INFO - [2025-01-14T02:23:14.620+0000] {dagbag.py:588} INFO - Filling up the DagBag from /home/airflow/.local/lib/python3.12/site-packages/airflow/example_dags/example_nested_branch_dag.py
[2025-01-14T02:23:14.629+0000] {processor.py:925} INFO - DAG(s) 'example_nested_branch_dag' retrieved from /home/airflow/.local/lib/python3.12/site-packages/airflow/example_dags/example_nested_branch_dag.py
[2025-01-14T02:23:14.646+0000] {logging_mixin.py:190} INFO - [2025-01-14T02:23:14.646+0000] {dag.py:3239} INFO - Sync 1 DAGs
[2025-01-14T02:23:14.666+0000] {logging_mixin.py:190} INFO - [2025-01-14T02:23:14.666+0000] {dag.py:4180} INFO - Setting next_dagrun for example_nested_branch_dag to 2025-01-13 00:00:00+00:00, run_after=2025-01-14 00:00:00+00:00
[2025-01-14T02:23:14.701+0000] {processor.py:208} INFO - Processing /home/airflow/.local/lib/python3.12/site-packages/airflow/example_dags/example_nested_branch_dag.py took 0.089 seconds
[2025-01-14T02:23:45.516+0000] {processor.py:186} INFO - Started process (PID=1850) to work on /home/airflow/.local/lib/python3.12/site-packages/airflow/example_dags/example_nested_branch_dag.py
[2025-01-14T02:23:45.518+0000] {processor.py:914} INFO - Processing file /home/airflow/.local/lib/python3.12/site-packages/airflow/example_dags/example_nested_branch_dag.py for tasks to queue
[2025-01-14T02:23:45.520+0000] {logging_mixin.py:190} INFO - [2025-01-14T02:23:45.520+0000] {dagbag.py:588} INFO - Filling up the DagBag from /home/airflow/.local/lib/python3.12/site-packages/airflow/example_dags/example_nested_branch_dag.py
[2025-01-14T02:23:45.530+0000] {processor.py:925} INFO - DAG(s) 'example_nested_branch_dag' retrieved from /home/airflow/.local/lib/python3.12/site-packages/airflow/example_dags/example_nested_branch_dag.py
[2025-01-14T02:23:45.551+0000] {logging_mixin.py:190} INFO - [2025-01-14T02:23:45.550+0000] {dag.py:3239} INFO - Sync 1 DAGs
[2025-01-14T02:23:45.576+0000] {logging_mixin.py:190} INFO - [2025-01-14T02:23:45.576+0000] {dag.py:4180} INFO - Setting next_dagrun for example_nested_branch_dag to 2025-01-13 00:00:00+00:00, run_after=2025-01-14 00:00:00+00:00
[2025-01-14T02:23:45.597+0000] {processor.py:208} INFO - Processing /home/airflow/.local/lib/python3.12/site-packages/airflow/example_dags/example_nested_branch_dag.py took 0.086 seconds
[2025-01-14T02:24:19.742+0000] {processor.py:186} INFO - Started process (PID=2146) to work on /home/airflow/.local/lib/python3.12/site-packages/airflow/example_dags/example_nested_branch_dag.py
[2025-01-14T02:24:19.780+0000] {processor.py:914} INFO - Processing file /home/airflow/.local/lib/python3.12/site-packages/airflow/example_dags/example_nested_branch_dag.py for tasks to queue
[2025-01-14T02:24:19.786+0000] {logging_mixin.py:190} INFO - [2025-01-14T02:24:19.785+0000] {dagbag.py:588} INFO - Filling up the DagBag from /home/airflow/.local/lib/python3.12/site-packages/airflow/example_dags/example_nested_branch_dag.py
[2025-01-14T02:24:19.838+0000] {processor.py:925} INFO - DAG(s) 'example_nested_branch_dag' retrieved from /home/airflow/.local/lib/python3.12/site-packages/airflow/example_dags/example_nested_branch_dag.py
[2025-01-14T02:24:19.875+0000] {logging_mixin.py:190} INFO - [2025-01-14T02:24:19.875+0000] {dag.py:3239} INFO - Sync 1 DAGs
[2025-01-14T02:24:19.936+0000] {logging_mixin.py:190} INFO - [2025-01-14T02:24:19.935+0000] {dag.py:4180} INFO - Setting next_dagrun for example_nested_branch_dag to 2025-01-13 00:00:00+00:00, run_after=2025-01-14 00:00:00+00:00
[2025-01-14T02:24:19.998+0000] {processor.py:208} INFO - Processing /home/airflow/.local/lib/python3.12/site-packages/airflow/example_dags/example_nested_branch_dag.py took 0.267 seconds
[2025-01-14T02:24:50.452+0000] {processor.py:186} INFO - Started process (PID=2443) to work on /home/airflow/.local/lib/python3.12/site-packages/airflow/example_dags/example_nested_branch_dag.py
[2025-01-14T02:24:50.463+0000] {processor.py:914} INFO - Processing file /home/airflow/.local/lib/python3.12/site-packages/airflow/example_dags/example_nested_branch_dag.py for tasks to queue
[2025-01-14T02:24:50.478+0000] {logging_mixin.py:190} INFO - [2025-01-14T02:24:50.477+0000] {dagbag.py:588} INFO - Filling up the DagBag from /home/airflow/.local/lib/python3.12/site-packages/airflow/example_dags/example_nested_branch_dag.py
[2025-01-14T02:24:50.491+0000] {processor.py:925} INFO - DAG(s) 'example_nested_branch_dag' retrieved from /home/airflow/.local/lib/python3.12/site-packages/airflow/example_dags/example_nested_branch_dag.py
[2025-01-14T02:24:50.511+0000] {logging_mixin.py:190} INFO - [2025-01-14T02:24:50.511+0000] {dag.py:3239} INFO - Sync 1 DAGs
[2025-01-14T02:24:50.537+0000] {logging_mixin.py:190} INFO - [2025-01-14T02:24:50.536+0000] {dag.py:4180} INFO - Setting next_dagrun for example_nested_branch_dag to 2025-01-13 00:00:00+00:00, run_after=2025-01-14 00:00:00+00:00
[2025-01-14T02:24:50.576+0000] {processor.py:208} INFO - Processing /home/airflow/.local/lib/python3.12/site-packages/airflow/example_dags/example_nested_branch_dag.py took 0.130 seconds
[2025-01-14T02:25:21.675+0000] {processor.py:186} INFO - Started process (PID=2736) to work on /home/airflow/.local/lib/python3.12/site-packages/airflow/example_dags/example_nested_branch_dag.py
[2025-01-14T02:25:21.678+0000] {processor.py:914} INFO - Processing file /home/airflow/.local/lib/python3.12/site-packages/airflow/example_dags/example_nested_branch_dag.py for tasks to queue
[2025-01-14T02:25:21.681+0000] {logging_mixin.py:190} INFO - [2025-01-14T02:25:21.680+0000] {dagbag.py:588} INFO - Filling up the DagBag from /home/airflow/.local/lib/python3.12/site-packages/airflow/example_dags/example_nested_branch_dag.py
[2025-01-14T02:25:21.700+0000] {processor.py:925} INFO - DAG(s) 'example_nested_branch_dag' retrieved from /home/airflow/.local/lib/python3.12/site-packages/airflow/example_dags/example_nested_branch_dag.py
[2025-01-14T02:25:21.730+0000] {logging_mixin.py:190} INFO - [2025-01-14T02:25:21.729+0000] {dag.py:3239} INFO - Sync 1 DAGs
[2025-01-14T02:25:21.749+0000] {logging_mixin.py:190} INFO - [2025-01-14T02:25:21.749+0000] {dag.py:4180} INFO - Setting next_dagrun for example_nested_branch_dag to 2025-01-13 00:00:00+00:00, run_after=2025-01-14 00:00:00+00:00
[2025-01-14T02:25:21.776+0000] {processor.py:208} INFO - Processing /home/airflow/.local/lib/python3.12/site-packages/airflow/example_dags/example_nested_branch_dag.py took 0.106 seconds
[2025-01-14T02:25:52.760+0000] {processor.py:186} INFO - Started process (PID=3026) to work on /home/airflow/.local/lib/python3.12/site-packages/airflow/example_dags/example_nested_branch_dag.py
[2025-01-14T02:25:52.761+0000] {processor.py:914} INFO - Processing file /home/airflow/.local/lib/python3.12/site-packages/airflow/example_dags/example_nested_branch_dag.py for tasks to queue
[2025-01-14T02:25:52.763+0000] {logging_mixin.py:190} INFO - [2025-01-14T02:25:52.763+0000] {dagbag.py:588} INFO - Filling up the DagBag from /home/airflow/.local/lib/python3.12/site-packages/airflow/example_dags/example_nested_branch_dag.py
[2025-01-14T02:25:52.776+0000] {processor.py:925} INFO - DAG(s) 'example_nested_branch_dag' retrieved from /home/airflow/.local/lib/python3.12/site-packages/airflow/example_dags/example_nested_branch_dag.py
[2025-01-14T02:25:52.799+0000] {logging_mixin.py:190} INFO - [2025-01-14T02:25:52.799+0000] {dag.py:3239} INFO - Sync 1 DAGs
[2025-01-14T02:25:52.827+0000] {logging_mixin.py:190} INFO - [2025-01-14T02:25:52.827+0000] {dag.py:4180} INFO - Setting next_dagrun for example_nested_branch_dag to 2025-01-13 00:00:00+00:00, run_after=2025-01-14 00:00:00+00:00
[2025-01-14T02:25:52.854+0000] {processor.py:208} INFO - Processing /home/airflow/.local/lib/python3.12/site-packages/airflow/example_dags/example_nested_branch_dag.py took 0.100 seconds
[2025-01-14T02:27:14.174+0000] {processor.py:186} INFO - Started process (PID=3311) to work on /home/airflow/.local/lib/python3.12/site-packages/airflow/example_dags/example_nested_branch_dag.py
[2025-01-14T02:27:14.175+0000] {processor.py:914} INFO - Processing file /home/airflow/.local/lib/python3.12/site-packages/airflow/example_dags/example_nested_branch_dag.py for tasks to queue
[2025-01-14T02:27:14.178+0000] {logging_mixin.py:190} INFO - [2025-01-14T02:27:14.178+0000] {dagbag.py:588} INFO - Filling up the DagBag from /home/airflow/.local/lib/python3.12/site-packages/airflow/example_dags/example_nested_branch_dag.py
[2025-01-14T02:27:14.191+0000] {processor.py:925} INFO - DAG(s) 'example_nested_branch_dag' retrieved from /home/airflow/.local/lib/python3.12/site-packages/airflow/example_dags/example_nested_branch_dag.py
[2025-01-14T02:27:14.213+0000] {logging_mixin.py:190} INFO - [2025-01-14T02:27:14.212+0000] {dag.py:3239} INFO - Sync 1 DAGs
[2025-01-14T02:27:14.243+0000] {logging_mixin.py:190} INFO - [2025-01-14T02:27:14.242+0000] {dag.py:4180} INFO - Setting next_dagrun for example_nested_branch_dag to 2025-01-13 00:00:00+00:00, run_after=2025-01-14 00:00:00+00:00
[2025-01-14T02:27:14.274+0000] {processor.py:208} INFO - Processing /home/airflow/.local/lib/python3.12/site-packages/airflow/example_dags/example_nested_branch_dag.py took 0.107 seconds
[2025-01-14T02:27:44.586+0000] {processor.py:186} INFO - Started process (PID=3599) to work on /home/airflow/.local/lib/python3.12/site-packages/airflow/example_dags/example_nested_branch_dag.py
[2025-01-14T02:27:44.588+0000] {processor.py:914} INFO - Processing file /home/airflow/.local/lib/python3.12/site-packages/airflow/example_dags/example_nested_branch_dag.py for tasks to queue
[2025-01-14T02:27:44.590+0000] {logging_mixin.py:190} INFO - [2025-01-14T02:27:44.590+0000] {dagbag.py:588} INFO - Filling up the DagBag from /home/airflow/.local/lib/python3.12/site-packages/airflow/example_dags/example_nested_branch_dag.py
[2025-01-14T02:27:44.599+0000] {processor.py:925} INFO - DAG(s) 'example_nested_branch_dag' retrieved from /home/airflow/.local/lib/python3.12/site-packages/airflow/example_dags/example_nested_branch_dag.py
[2025-01-14T02:27:44.619+0000] {logging_mixin.py:190} INFO - [2025-01-14T02:27:44.619+0000] {dag.py:3239} INFO - Sync 1 DAGs
[2025-01-14T02:27:44.639+0000] {logging_mixin.py:190} INFO - [2025-01-14T02:27:44.639+0000] {dag.py:4180} INFO - Setting next_dagrun for example_nested_branch_dag to 2025-01-13 00:00:00+00:00, run_after=2025-01-14 00:00:00+00:00
[2025-01-14T02:27:44.657+0000] {processor.py:208} INFO - Processing /home/airflow/.local/lib/python3.12/site-packages/airflow/example_dags/example_nested_branch_dag.py took 0.075 seconds
[2025-01-14T02:28:15.511+0000] {processor.py:186} INFO - Started process (PID=3893) to work on /home/airflow/.local/lib/python3.12/site-packages/airflow/example_dags/example_nested_branch_dag.py
[2025-01-14T02:28:15.512+0000] {processor.py:914} INFO - Processing file /home/airflow/.local/lib/python3.12/site-packages/airflow/example_dags/example_nested_branch_dag.py for tasks to queue
[2025-01-14T02:28:15.514+0000] {logging_mixin.py:190} INFO - [2025-01-14T02:28:15.514+0000] {dagbag.py:588} INFO - Filling up the DagBag from /home/airflow/.local/lib/python3.12/site-packages/airflow/example_dags/example_nested_branch_dag.py
[2025-01-14T02:28:15.523+0000] {processor.py:925} INFO - DAG(s) 'example_nested_branch_dag' retrieved from /home/airflow/.local/lib/python3.12/site-packages/airflow/example_dags/example_nested_branch_dag.py
[2025-01-14T02:28:15.540+0000] {logging_mixin.py:190} INFO - [2025-01-14T02:28:15.540+0000] {dag.py:3239} INFO - Sync 1 DAGs
[2025-01-14T02:28:15.559+0000] {logging_mixin.py:190} INFO - [2025-01-14T02:28:15.559+0000] {dag.py:4180} INFO - Setting next_dagrun for example_nested_branch_dag to 2025-01-13 00:00:00+00:00, run_after=2025-01-14 00:00:00+00:00
[2025-01-14T02:28:15.577+0000] {processor.py:208} INFO - Processing /home/airflow/.local/lib/python3.12/site-packages/airflow/example_dags/example_nested_branch_dag.py took 0.071 seconds
[2025-01-14T02:28:47.636+0000] {processor.py:186} INFO - Started process (PID=4194) to work on /home/airflow/.local/lib/python3.12/site-packages/airflow/example_dags/example_nested_branch_dag.py
[2025-01-14T02:28:47.638+0000] {processor.py:914} INFO - Processing file /home/airflow/.local/lib/python3.12/site-packages/airflow/example_dags/example_nested_branch_dag.py for tasks to queue
[2025-01-14T02:28:47.642+0000] {logging_mixin.py:190} INFO - [2025-01-14T02:28:47.641+0000] {dagbag.py:588} INFO - Filling up the DagBag from /home/airflow/.local/lib/python3.12/site-packages/airflow/example_dags/example_nested_branch_dag.py
[2025-01-14T02:28:47.658+0000] {processor.py:925} INFO - DAG(s) 'example_nested_branch_dag' retrieved from /home/airflow/.local/lib/python3.12/site-packages/airflow/example_dags/example_nested_branch_dag.py
[2025-01-14T02:28:47.687+0000] {logging_mixin.py:190} INFO - [2025-01-14T02:28:47.687+0000] {dag.py:3239} INFO - Sync 1 DAGs
[2025-01-14T02:28:47.713+0000] {logging_mixin.py:190} INFO - [2025-01-14T02:28:47.713+0000] {dag.py:4180} INFO - Setting next_dagrun for example_nested_branch_dag to 2025-01-13 00:00:00+00:00, run_after=2025-01-14 00:00:00+00:00
[2025-01-14T02:28:47.738+0000] {processor.py:208} INFO - Processing /home/airflow/.local/lib/python3.12/site-packages/airflow/example_dags/example_nested_branch_dag.py took 0.110 seconds
