[2025-01-14T02:21:08.013+0000] {processor.py:186} INFO - Started process (PID=312) to work on /home/airflow/.local/lib/python3.12/site-packages/airflow/example_dags/example_short_circuit_operator.py
[2025-01-14T02:21:08.014+0000] {processor.py:914} INFO - Processing file /home/airflow/.local/lib/python3.12/site-packages/airflow/example_dags/example_short_circuit_operator.py for tasks to queue
[2025-01-14T02:21:08.016+0000] {logging_mixin.py:190} INFO - [2025-01-14T02:21:08.016+0000] {dagbag.py:588} INFO - Filling up the DagBag from /home/airflow/.local/lib/python3.12/site-packages/airflow/example_dags/example_short_circuit_operator.py
[2025-01-14T02:21:08.026+0000] {processor.py:925} INFO - DAG(s) 'example_short_circuit_operator' retrieved from /home/airflow/.local/lib/python3.12/site-packages/airflow/example_dags/example_short_circuit_operator.py
[2025-01-14T02:21:08.120+0000] {logging_mixin.py:190} INFO - [2025-01-14T02:21:08.119+0000] {override.py:1911} INFO - Created Permission View: can read on DAG:example_short_circuit_operator
[2025-01-14T02:21:08.131+0000] {logging_mixin.py:190} INFO - [2025-01-14T02:21:08.131+0000] {override.py:1911} INFO - Created Permission View: can delete on DAG:example_short_circuit_operator
[2025-01-14T02:21:08.140+0000] {logging_mixin.py:190} INFO - [2025-01-14T02:21:08.139+0000] {override.py:1911} INFO - Created Permission View: can edit on DAG:example_short_circuit_operator
[2025-01-14T02:21:08.151+0000] {logging_mixin.py:190} INFO - [2025-01-14T02:21:08.151+0000] {override.py:1911} INFO - Created Permission View: can read on DAG Run:example_short_circuit_operator
[2025-01-14T02:21:08.158+0000] {logging_mixin.py:190} INFO - [2025-01-14T02:21:08.157+0000] {override.py:1911} INFO - Created Permission View: menu access on DAG Run:example_short_circuit_operator
[2025-01-14T02:21:08.165+0000] {logging_mixin.py:190} INFO - [2025-01-14T02:21:08.165+0000] {override.py:1911} INFO - Created Permission View: can create on DAG Run:example_short_circuit_operator
[2025-01-14T02:21:08.172+0000] {logging_mixin.py:190} INFO - [2025-01-14T02:21:08.171+0000] {override.py:1911} INFO - Created Permission View: can delete on DAG Run:example_short_circuit_operator
[2025-01-14T02:21:08.172+0000] {logging_mixin.py:190} INFO - [2025-01-14T02:21:08.172+0000] {dag.py:3239} INFO - Sync 1 DAGs
[2025-01-14T02:21:08.182+0000] {logging_mixin.py:190} INFO - [2025-01-14T02:21:08.181+0000] {dag.py:3262} INFO - Creating ORM DAG for example_short_circuit_operator
[2025-01-14T02:21:08.183+0000] {logging_mixin.py:190} INFO - [2025-01-14T02:21:08.182+0000] {dag.py:4180} INFO - Setting next_dagrun for example_short_circuit_operator to None, run_after=None
[2025-01-14T02:21:08.197+0000] {processor.py:208} INFO - Processing /home/airflow/.local/lib/python3.12/site-packages/airflow/example_dags/example_short_circuit_operator.py took 0.189 seconds
[2025-01-14T02:21:38.825+0000] {processor.py:186} INFO - Started process (PID=601) to work on /home/airflow/.local/lib/python3.12/site-packages/airflow/example_dags/example_short_circuit_operator.py
[2025-01-14T02:21:38.827+0000] {processor.py:914} INFO - Processing file /home/airflow/.local/lib/python3.12/site-packages/airflow/example_dags/example_short_circuit_operator.py for tasks to queue
[2025-01-14T02:21:38.829+0000] {logging_mixin.py:190} INFO - [2025-01-14T02:21:38.829+0000] {dagbag.py:588} INFO - Filling up the DagBag from /home/airflow/.local/lib/python3.12/site-packages/airflow/example_dags/example_short_circuit_operator.py
[2025-01-14T02:21:38.837+0000] {processor.py:925} INFO - DAG(s) 'example_short_circuit_operator' retrieved from /home/airflow/.local/lib/python3.12/site-packages/airflow/example_dags/example_short_circuit_operator.py
[2025-01-14T02:21:38.858+0000] {logging_mixin.py:190} INFO - [2025-01-14T02:21:38.858+0000] {dag.py:3239} INFO - Sync 1 DAGs
[2025-01-14T02:21:38.869+0000] {logging_mixin.py:190} INFO - [2025-01-14T02:21:38.869+0000] {dag.py:4180} INFO - Setting next_dagrun for example_short_circuit_operator to None, run_after=None
[2025-01-14T02:21:38.892+0000] {processor.py:208} INFO - Processing /home/airflow/.local/lib/python3.12/site-packages/airflow/example_dags/example_short_circuit_operator.py took 0.073 seconds
[2025-01-14T02:22:09.138+0000] {processor.py:186} INFO - Started process (PID=894) to work on /home/airflow/.local/lib/python3.12/site-packages/airflow/example_dags/example_short_circuit_operator.py
[2025-01-14T02:22:09.139+0000] {processor.py:914} INFO - Processing file /home/airflow/.local/lib/python3.12/site-packages/airflow/example_dags/example_short_circuit_operator.py for tasks to queue
[2025-01-14T02:22:09.141+0000] {logging_mixin.py:190} INFO - [2025-01-14T02:22:09.141+0000] {dagbag.py:588} INFO - Filling up the DagBag from /home/airflow/.local/lib/python3.12/site-packages/airflow/example_dags/example_short_circuit_operator.py
[2025-01-14T02:22:09.151+0000] {processor.py:925} INFO - DAG(s) 'example_short_circuit_operator' retrieved from /home/airflow/.local/lib/python3.12/site-packages/airflow/example_dags/example_short_circuit_operator.py
[2025-01-14T02:22:09.175+0000] {logging_mixin.py:190} INFO - [2025-01-14T02:22:09.174+0000] {dag.py:3239} INFO - Sync 1 DAGs
[2025-01-14T02:22:09.190+0000] {logging_mixin.py:190} INFO - [2025-01-14T02:22:09.190+0000] {dag.py:4180} INFO - Setting next_dagrun for example_short_circuit_operator to None, run_after=None
[2025-01-14T02:22:09.211+0000] {processor.py:208} INFO - Processing /home/airflow/.local/lib/python3.12/site-packages/airflow/example_dags/example_short_circuit_operator.py took 0.079 seconds
[2025-01-14T02:22:40.103+0000] {processor.py:186} INFO - Started process (PID=1185) to work on /home/airflow/.local/lib/python3.12/site-packages/airflow/example_dags/example_short_circuit_operator.py
[2025-01-14T02:22:40.104+0000] {processor.py:914} INFO - Processing file /home/airflow/.local/lib/python3.12/site-packages/airflow/example_dags/example_short_circuit_operator.py for tasks to queue
[2025-01-14T02:22:40.107+0000] {logging_mixin.py:190} INFO - [2025-01-14T02:22:40.107+0000] {dagbag.py:588} INFO - Filling up the DagBag from /home/airflow/.local/lib/python3.12/site-packages/airflow/example_dags/example_short_circuit_operator.py
[2025-01-14T02:22:40.115+0000] {processor.py:925} INFO - DAG(s) 'example_short_circuit_operator' retrieved from /home/airflow/.local/lib/python3.12/site-packages/airflow/example_dags/example_short_circuit_operator.py
[2025-01-14T02:22:40.138+0000] {logging_mixin.py:190} INFO - [2025-01-14T02:22:40.138+0000] {dag.py:3239} INFO - Sync 1 DAGs
[2025-01-14T02:22:40.152+0000] {logging_mixin.py:190} INFO - [2025-01-14T02:22:40.152+0000] {dag.py:4180} INFO - Setting next_dagrun for example_short_circuit_operator to None, run_after=None
[2025-01-14T02:22:40.177+0000] {processor.py:208} INFO - Processing /home/airflow/.local/lib/python3.12/site-packages/airflow/example_dags/example_short_circuit_operator.py took 0.080 seconds
[2025-01-14T02:23:10.323+0000] {processor.py:186} INFO - Started process (PID=1476) to work on /home/airflow/.local/lib/python3.12/site-packages/airflow/example_dags/example_short_circuit_operator.py
[2025-01-14T02:23:10.324+0000] {processor.py:914} INFO - Processing file /home/airflow/.local/lib/python3.12/site-packages/airflow/example_dags/example_short_circuit_operator.py for tasks to queue
[2025-01-14T02:23:10.326+0000] {logging_mixin.py:190} INFO - [2025-01-14T02:23:10.326+0000] {dagbag.py:588} INFO - Filling up the DagBag from /home/airflow/.local/lib/python3.12/site-packages/airflow/example_dags/example_short_circuit_operator.py
[2025-01-14T02:23:10.334+0000] {processor.py:925} INFO - DAG(s) 'example_short_circuit_operator' retrieved from /home/airflow/.local/lib/python3.12/site-packages/airflow/example_dags/example_short_circuit_operator.py
[2025-01-14T02:23:10.353+0000] {logging_mixin.py:190} INFO - [2025-01-14T02:23:10.353+0000] {dag.py:3239} INFO - Sync 1 DAGs
[2025-01-14T02:23:10.366+0000] {logging_mixin.py:190} INFO - [2025-01-14T02:23:10.365+0000] {dag.py:4180} INFO - Setting next_dagrun for example_short_circuit_operator to None, run_after=None
[2025-01-14T02:23:10.387+0000] {processor.py:208} INFO - Processing /home/airflow/.local/lib/python3.12/site-packages/airflow/example_dags/example_short_circuit_operator.py took 0.069 seconds
[2025-01-14T02:23:40.533+0000] {processor.py:186} INFO - Started process (PID=1767) to work on /home/airflow/.local/lib/python3.12/site-packages/airflow/example_dags/example_short_circuit_operator.py
[2025-01-14T02:23:40.535+0000] {processor.py:914} INFO - Processing file /home/airflow/.local/lib/python3.12/site-packages/airflow/example_dags/example_short_circuit_operator.py for tasks to queue
[2025-01-14T02:23:40.537+0000] {logging_mixin.py:190} INFO - [2025-01-14T02:23:40.537+0000] {dagbag.py:588} INFO - Filling up the DagBag from /home/airflow/.local/lib/python3.12/site-packages/airflow/example_dags/example_short_circuit_operator.py
[2025-01-14T02:23:40.544+0000] {processor.py:925} INFO - DAG(s) 'example_short_circuit_operator' retrieved from /home/airflow/.local/lib/python3.12/site-packages/airflow/example_dags/example_short_circuit_operator.py
[2025-01-14T02:23:40.566+0000] {logging_mixin.py:190} INFO - [2025-01-14T02:23:40.565+0000] {dag.py:3239} INFO - Sync 1 DAGs
[2025-01-14T02:23:40.577+0000] {logging_mixin.py:190} INFO - [2025-01-14T02:23:40.577+0000] {dag.py:4180} INFO - Setting next_dagrun for example_short_circuit_operator to None, run_after=None
[2025-01-14T02:23:40.600+0000] {processor.py:208} INFO - Processing /home/airflow/.local/lib/python3.12/site-packages/airflow/example_dags/example_short_circuit_operator.py took 0.072 seconds
[2025-01-14T02:24:11.839+0000] {processor.py:186} INFO - Started process (PID=2058) to work on /home/airflow/.local/lib/python3.12/site-packages/airflow/example_dags/example_short_circuit_operator.py
[2025-01-14T02:24:11.841+0000] {processor.py:914} INFO - Processing file /home/airflow/.local/lib/python3.12/site-packages/airflow/example_dags/example_short_circuit_operator.py for tasks to queue
[2025-01-14T02:24:11.843+0000] {logging_mixin.py:190} INFO - [2025-01-14T02:24:11.843+0000] {dagbag.py:588} INFO - Filling up the DagBag from /home/airflow/.local/lib/python3.12/site-packages/airflow/example_dags/example_short_circuit_operator.py
[2025-01-14T02:24:11.851+0000] {processor.py:925} INFO - DAG(s) 'example_short_circuit_operator' retrieved from /home/airflow/.local/lib/python3.12/site-packages/airflow/example_dags/example_short_circuit_operator.py
[2025-01-14T02:24:11.875+0000] {logging_mixin.py:190} INFO - [2025-01-14T02:24:11.874+0000] {dag.py:3239} INFO - Sync 1 DAGs
[2025-01-14T02:24:11.889+0000] {logging_mixin.py:190} INFO - [2025-01-14T02:24:11.888+0000] {dag.py:4180} INFO - Setting next_dagrun for example_short_circuit_operator to None, run_after=None
[2025-01-14T02:24:11.911+0000] {processor.py:208} INFO - Processing /home/airflow/.local/lib/python3.12/site-packages/airflow/example_dags/example_short_circuit_operator.py took 0.077 seconds
[2025-01-14T02:24:42.979+0000] {processor.py:186} INFO - Started process (PID=2349) to work on /home/airflow/.local/lib/python3.12/site-packages/airflow/example_dags/example_short_circuit_operator.py
[2025-01-14T02:24:42.982+0000] {processor.py:914} INFO - Processing file /home/airflow/.local/lib/python3.12/site-packages/airflow/example_dags/example_short_circuit_operator.py for tasks to queue
[2025-01-14T02:24:42.986+0000] {logging_mixin.py:190} INFO - [2025-01-14T02:24:42.985+0000] {dagbag.py:588} INFO - Filling up the DagBag from /home/airflow/.local/lib/python3.12/site-packages/airflow/example_dags/example_short_circuit_operator.py
[2025-01-14T02:24:42.999+0000] {processor.py:925} INFO - DAG(s) 'example_short_circuit_operator' retrieved from /home/airflow/.local/lib/python3.12/site-packages/airflow/example_dags/example_short_circuit_operator.py
[2025-01-14T02:24:43.029+0000] {logging_mixin.py:190} INFO - [2025-01-14T02:24:43.029+0000] {dag.py:3239} INFO - Sync 1 DAGs
[2025-01-14T02:24:43.083+0000] {logging_mixin.py:190} INFO - [2025-01-14T02:24:43.082+0000] {dag.py:4180} INFO - Setting next_dagrun for example_short_circuit_operator to None, run_after=None
[2025-01-14T02:24:43.137+0000] {processor.py:208} INFO - Processing /home/airflow/.local/lib/python3.12/site-packages/airflow/example_dags/example_short_circuit_operator.py took 0.164 seconds
[2025-01-14T02:25:14.692+0000] {processor.py:186} INFO - Started process (PID=2640) to work on /home/airflow/.local/lib/python3.12/site-packages/airflow/example_dags/example_short_circuit_operator.py
[2025-01-14T02:25:14.693+0000] {processor.py:914} INFO - Processing file /home/airflow/.local/lib/python3.12/site-packages/airflow/example_dags/example_short_circuit_operator.py for tasks to queue
[2025-01-14T02:25:14.696+0000] {logging_mixin.py:190} INFO - [2025-01-14T02:25:14.696+0000] {dagbag.py:588} INFO - Filling up the DagBag from /home/airflow/.local/lib/python3.12/site-packages/airflow/example_dags/example_short_circuit_operator.py
[2025-01-14T02:25:14.707+0000] {processor.py:925} INFO - DAG(s) 'example_short_circuit_operator' retrieved from /home/airflow/.local/lib/python3.12/site-packages/airflow/example_dags/example_short_circuit_operator.py
[2025-01-14T02:25:14.731+0000] {logging_mixin.py:190} INFO - [2025-01-14T02:25:14.731+0000] {dag.py:3239} INFO - Sync 1 DAGs
[2025-01-14T02:25:14.745+0000] {logging_mixin.py:190} INFO - [2025-01-14T02:25:14.744+0000] {dag.py:4180} INFO - Setting next_dagrun for example_short_circuit_operator to None, run_after=None
[2025-01-14T02:25:14.786+0000] {processor.py:208} INFO - Processing /home/airflow/.local/lib/python3.12/site-packages/airflow/example_dags/example_short_circuit_operator.py took 0.100 seconds
[2025-01-14T02:25:44.900+0000] {processor.py:186} INFO - Started process (PID=2931) to work on /home/airflow/.local/lib/python3.12/site-packages/airflow/example_dags/example_short_circuit_operator.py
[2025-01-14T02:25:44.901+0000] {processor.py:914} INFO - Processing file /home/airflow/.local/lib/python3.12/site-packages/airflow/example_dags/example_short_circuit_operator.py for tasks to queue
[2025-01-14T02:25:44.904+0000] {logging_mixin.py:190} INFO - [2025-01-14T02:25:44.904+0000] {dagbag.py:588} INFO - Filling up the DagBag from /home/airflow/.local/lib/python3.12/site-packages/airflow/example_dags/example_short_circuit_operator.py
[2025-01-14T02:25:44.914+0000] {processor.py:925} INFO - DAG(s) 'example_short_circuit_operator' retrieved from /home/airflow/.local/lib/python3.12/site-packages/airflow/example_dags/example_short_circuit_operator.py
[2025-01-14T02:25:44.937+0000] {logging_mixin.py:190} INFO - [2025-01-14T02:25:44.937+0000] {dag.py:3239} INFO - Sync 1 DAGs
[2025-01-14T02:25:44.954+0000] {logging_mixin.py:190} INFO - [2025-01-14T02:25:44.954+0000] {dag.py:4180} INFO - Setting next_dagrun for example_short_circuit_operator to None, run_after=None
[2025-01-14T02:25:44.977+0000] {processor.py:208} INFO - Processing /home/airflow/.local/lib/python3.12/site-packages/airflow/example_dags/example_short_circuit_operator.py took 0.084 seconds
[2025-01-14T02:27:11.478+0000] {processor.py:186} INFO - Started process (PID=3221) to work on /home/airflow/.local/lib/python3.12/site-packages/airflow/example_dags/example_short_circuit_operator.py
[2025-01-14T02:27:11.486+0000] {processor.py:914} INFO - Processing file /home/airflow/.local/lib/python3.12/site-packages/airflow/example_dags/example_short_circuit_operator.py for tasks to queue
[2025-01-14T02:27:11.491+0000] {logging_mixin.py:190} INFO - [2025-01-14T02:27:11.491+0000] {dagbag.py:588} INFO - Filling up the DagBag from /home/airflow/.local/lib/python3.12/site-packages/airflow/example_dags/example_short_circuit_operator.py
[2025-01-14T02:27:11.503+0000] {processor.py:925} INFO - DAG(s) 'example_short_circuit_operator' retrieved from /home/airflow/.local/lib/python3.12/site-packages/airflow/example_dags/example_short_circuit_operator.py
[2025-01-14T02:27:11.535+0000] {logging_mixin.py:190} INFO - [2025-01-14T02:27:11.535+0000] {dag.py:3239} INFO - Sync 1 DAGs
[2025-01-14T02:27:11.553+0000] {logging_mixin.py:190} INFO - [2025-01-14T02:27:11.552+0000] {dag.py:4180} INFO - Setting next_dagrun for example_short_circuit_operator to None, run_after=None
[2025-01-14T02:27:11.573+0000] {processor.py:208} INFO - Processing /home/airflow/.local/lib/python3.12/site-packages/airflow/example_dags/example_short_circuit_operator.py took 0.104 seconds
[2025-01-14T02:27:41.635+0000] {processor.py:186} INFO - Started process (PID=3512) to work on /home/airflow/.local/lib/python3.12/site-packages/airflow/example_dags/example_short_circuit_operator.py
[2025-01-14T02:27:41.637+0000] {processor.py:914} INFO - Processing file /home/airflow/.local/lib/python3.12/site-packages/airflow/example_dags/example_short_circuit_operator.py for tasks to queue
[2025-01-14T02:27:41.639+0000] {logging_mixin.py:190} INFO - [2025-01-14T02:27:41.639+0000] {dagbag.py:588} INFO - Filling up the DagBag from /home/airflow/.local/lib/python3.12/site-packages/airflow/example_dags/example_short_circuit_operator.py
[2025-01-14T02:27:41.650+0000] {processor.py:925} INFO - DAG(s) 'example_short_circuit_operator' retrieved from /home/airflow/.local/lib/python3.12/site-packages/airflow/example_dags/example_short_circuit_operator.py
[2025-01-14T02:27:41.676+0000] {logging_mixin.py:190} INFO - [2025-01-14T02:27:41.675+0000] {dag.py:3239} INFO - Sync 1 DAGs
[2025-01-14T02:27:41.692+0000] {logging_mixin.py:190} INFO - [2025-01-14T02:27:41.692+0000] {dag.py:4180} INFO - Setting next_dagrun for example_short_circuit_operator to None, run_after=None
[2025-01-14T02:27:41.738+0000] {processor.py:208} INFO - Processing /home/airflow/.local/lib/python3.12/site-packages/airflow/example_dags/example_short_circuit_operator.py took 0.108 seconds
[2025-01-14T02:28:12.139+0000] {processor.py:186} INFO - Started process (PID=3803) to work on /home/airflow/.local/lib/python3.12/site-packages/airflow/example_dags/example_short_circuit_operator.py
[2025-01-14T02:28:12.140+0000] {processor.py:914} INFO - Processing file /home/airflow/.local/lib/python3.12/site-packages/airflow/example_dags/example_short_circuit_operator.py for tasks to queue
[2025-01-14T02:28:12.142+0000] {logging_mixin.py:190} INFO - [2025-01-14T02:28:12.142+0000] {dagbag.py:588} INFO - Filling up the DagBag from /home/airflow/.local/lib/python3.12/site-packages/airflow/example_dags/example_short_circuit_operator.py
[2025-01-14T02:28:12.149+0000] {processor.py:925} INFO - DAG(s) 'example_short_circuit_operator' retrieved from /home/airflow/.local/lib/python3.12/site-packages/airflow/example_dags/example_short_circuit_operator.py
[2025-01-14T02:28:12.167+0000] {logging_mixin.py:190} INFO - [2025-01-14T02:28:12.167+0000] {dag.py:3239} INFO - Sync 1 DAGs
[2025-01-14T02:28:12.179+0000] {logging_mixin.py:190} INFO - [2025-01-14T02:28:12.179+0000] {dag.py:4180} INFO - Setting next_dagrun for example_short_circuit_operator to None, run_after=None
[2025-01-14T02:28:12.199+0000] {processor.py:208} INFO - Processing /home/airflow/.local/lib/python3.12/site-packages/airflow/example_dags/example_short_circuit_operator.py took 0.064 seconds
[2025-01-14T02:28:43.067+0000] {processor.py:186} INFO - Started process (PID=4094) to work on /home/airflow/.local/lib/python3.12/site-packages/airflow/example_dags/example_short_circuit_operator.py
[2025-01-14T02:28:43.068+0000] {processor.py:914} INFO - Processing file /home/airflow/.local/lib/python3.12/site-packages/airflow/example_dags/example_short_circuit_operator.py for tasks to queue
[2025-01-14T02:28:43.071+0000] {logging_mixin.py:190} INFO - [2025-01-14T02:28:43.071+0000] {dagbag.py:588} INFO - Filling up the DagBag from /home/airflow/.local/lib/python3.12/site-packages/airflow/example_dags/example_short_circuit_operator.py
[2025-01-14T02:28:43.078+0000] {processor.py:925} INFO - DAG(s) 'example_short_circuit_operator' retrieved from /home/airflow/.local/lib/python3.12/site-packages/airflow/example_dags/example_short_circuit_operator.py
[2025-01-14T02:28:43.096+0000] {logging_mixin.py:190} INFO - [2025-01-14T02:28:43.096+0000] {dag.py:3239} INFO - Sync 1 DAGs
[2025-01-14T02:28:43.107+0000] {logging_mixin.py:190} INFO - [2025-01-14T02:28:43.107+0000] {dag.py:4180} INFO - Setting next_dagrun for example_short_circuit_operator to None, run_after=None
[2025-01-14T02:28:43.127+0000] {processor.py:208} INFO - Processing /home/airflow/.local/lib/python3.12/site-packages/airflow/example_dags/example_short_circuit_operator.py took 0.066 seconds
