[2025-01-14T02:21:06.318+0000] {processor.py:186} INFO - Started process (PID=267) to work on /home/airflow/.local/lib/python3.12/site-packages/airflow/example_dags/example_skip_dag.py
[2025-01-14T02:21:06.319+0000] {processor.py:914} INFO - Processing file /home/airflow/.local/lib/python3.12/site-packages/airflow/example_dags/example_skip_dag.py for tasks to queue
[2025-01-14T02:21:06.321+0000] {logging_mixin.py:190} INFO - [2025-01-14T02:21:06.321+0000] {dagbag.py:588} INFO - Filling up the DagBag from /home/airflow/.local/lib/python3.12/site-packages/airflow/example_dags/example_skip_dag.py
[2025-01-14T02:21:06.329+0000] {processor.py:925} INFO - DAG(s) 'example_skip_dag' retrieved from /home/airflow/.local/lib/python3.12/site-packages/airflow/example_dags/example_skip_dag.py
[2025-01-14T02:21:06.432+0000] {logging_mixin.py:190} INFO - [2025-01-14T02:21:06.432+0000] {override.py:1911} INFO - Created Permission View: can read on DAG:example_skip_dag
[2025-01-14T02:21:06.443+0000] {logging_mixin.py:190} INFO - [2025-01-14T02:21:06.442+0000] {override.py:1911} INFO - Created Permission View: can delete on DAG:example_skip_dag
[2025-01-14T02:21:06.452+0000] {logging_mixin.py:190} INFO - [2025-01-14T02:21:06.452+0000] {override.py:1911} INFO - Created Permission View: can edit on DAG:example_skip_dag
[2025-01-14T02:21:06.464+0000] {logging_mixin.py:190} INFO - [2025-01-14T02:21:06.464+0000] {override.py:1911} INFO - Created Permission View: can read on DAG Run:example_skip_dag
[2025-01-14T02:21:06.473+0000] {logging_mixin.py:190} INFO - [2025-01-14T02:21:06.473+0000] {override.py:1911} INFO - Created Permission View: menu access on DAG Run:example_skip_dag
[2025-01-14T02:21:06.482+0000] {logging_mixin.py:190} INFO - [2025-01-14T02:21:06.482+0000] {override.py:1911} INFO - Created Permission View: can create on DAG Run:example_skip_dag
[2025-01-14T02:21:06.491+0000] {logging_mixin.py:190} INFO - [2025-01-14T02:21:06.491+0000] {override.py:1911} INFO - Created Permission View: can delete on DAG Run:example_skip_dag
[2025-01-14T02:21:06.492+0000] {logging_mixin.py:190} INFO - [2025-01-14T02:21:06.492+0000] {dag.py:3239} INFO - Sync 1 DAGs
[2025-01-14T02:21:06.502+0000] {logging_mixin.py:190} INFO - [2025-01-14T02:21:06.502+0000] {dag.py:3262} INFO - Creating ORM DAG for example_skip_dag
[2025-01-14T02:21:06.510+0000] {logging_mixin.py:190} INFO - [2025-01-14T02:21:06.510+0000] {dag.py:4180} INFO - Setting next_dagrun for example_skip_dag to 2025-01-13 00:00:00+00:00, run_after=2025-01-14 00:00:00+00:00
[2025-01-14T02:21:06.527+0000] {processor.py:208} INFO - Processing /home/airflow/.local/lib/python3.12/site-packages/airflow/example_dags/example_skip_dag.py took 0.214 seconds
[2025-01-14T02:21:36.888+0000] {processor.py:186} INFO - Started process (PID=556) to work on /home/airflow/.local/lib/python3.12/site-packages/airflow/example_dags/example_skip_dag.py
[2025-01-14T02:21:36.889+0000] {processor.py:914} INFO - Processing file /home/airflow/.local/lib/python3.12/site-packages/airflow/example_dags/example_skip_dag.py for tasks to queue
[2025-01-14T02:21:36.891+0000] {logging_mixin.py:190} INFO - [2025-01-14T02:21:36.891+0000] {dagbag.py:588} INFO - Filling up the DagBag from /home/airflow/.local/lib/python3.12/site-packages/airflow/example_dags/example_skip_dag.py
[2025-01-14T02:21:36.899+0000] {processor.py:925} INFO - DAG(s) 'example_skip_dag' retrieved from /home/airflow/.local/lib/python3.12/site-packages/airflow/example_dags/example_skip_dag.py
[2025-01-14T02:21:36.919+0000] {logging_mixin.py:190} INFO - [2025-01-14T02:21:36.919+0000] {dag.py:3239} INFO - Sync 1 DAGs
[2025-01-14T02:21:36.938+0000] {logging_mixin.py:190} INFO - [2025-01-14T02:21:36.937+0000] {dag.py:4180} INFO - Setting next_dagrun for example_skip_dag to 2025-01-13 00:00:00+00:00, run_after=2025-01-14 00:00:00+00:00
[2025-01-14T02:21:36.957+0000] {processor.py:208} INFO - Processing /home/airflow/.local/lib/python3.12/site-packages/airflow/example_dags/example_skip_dag.py took 0.074 seconds
[2025-01-14T02:22:07.467+0000] {processor.py:186} INFO - Started process (PID=842) to work on /home/airflow/.local/lib/python3.12/site-packages/airflow/example_dags/example_skip_dag.py
[2025-01-14T02:22:07.468+0000] {processor.py:914} INFO - Processing file /home/airflow/.local/lib/python3.12/site-packages/airflow/example_dags/example_skip_dag.py for tasks to queue
[2025-01-14T02:22:07.470+0000] {logging_mixin.py:190} INFO - [2025-01-14T02:22:07.470+0000] {dagbag.py:588} INFO - Filling up the DagBag from /home/airflow/.local/lib/python3.12/site-packages/airflow/example_dags/example_skip_dag.py
[2025-01-14T02:22:07.478+0000] {processor.py:925} INFO - DAG(s) 'example_skip_dag' retrieved from /home/airflow/.local/lib/python3.12/site-packages/airflow/example_dags/example_skip_dag.py
[2025-01-14T02:22:07.498+0000] {logging_mixin.py:190} INFO - [2025-01-14T02:22:07.497+0000] {dag.py:3239} INFO - Sync 1 DAGs
[2025-01-14T02:22:07.518+0000] {logging_mixin.py:190} INFO - [2025-01-14T02:22:07.517+0000] {dag.py:4180} INFO - Setting next_dagrun for example_skip_dag to 2025-01-13 00:00:00+00:00, run_after=2025-01-14 00:00:00+00:00
[2025-01-14T02:22:07.537+0000] {processor.py:208} INFO - Processing /home/airflow/.local/lib/python3.12/site-packages/airflow/example_dags/example_skip_dag.py took 0.077 seconds
[2025-01-14T02:22:38.424+0000] {processor.py:186} INFO - Started process (PID=1138) to work on /home/airflow/.local/lib/python3.12/site-packages/airflow/example_dags/example_skip_dag.py
[2025-01-14T02:22:38.425+0000] {processor.py:914} INFO - Processing file /home/airflow/.local/lib/python3.12/site-packages/airflow/example_dags/example_skip_dag.py for tasks to queue
[2025-01-14T02:22:38.427+0000] {logging_mixin.py:190} INFO - [2025-01-14T02:22:38.427+0000] {dagbag.py:588} INFO - Filling up the DagBag from /home/airflow/.local/lib/python3.12/site-packages/airflow/example_dags/example_skip_dag.py
[2025-01-14T02:22:38.433+0000] {processor.py:925} INFO - DAG(s) 'example_skip_dag' retrieved from /home/airflow/.local/lib/python3.12/site-packages/airflow/example_dags/example_skip_dag.py
[2025-01-14T02:22:38.451+0000] {logging_mixin.py:190} INFO - [2025-01-14T02:22:38.450+0000] {dag.py:3239} INFO - Sync 1 DAGs
[2025-01-14T02:22:38.475+0000] {logging_mixin.py:190} INFO - [2025-01-14T02:22:38.474+0000] {dag.py:4180} INFO - Setting next_dagrun for example_skip_dag to 2025-01-13 00:00:00+00:00, run_after=2025-01-14 00:00:00+00:00
[2025-01-14T02:22:38.501+0000] {processor.py:208} INFO - Processing /home/airflow/.local/lib/python3.12/site-packages/airflow/example_dags/example_skip_dag.py took 0.082 seconds
[2025-01-14T02:23:08.433+0000] {processor.py:186} INFO - Started process (PID=1429) to work on /home/airflow/.local/lib/python3.12/site-packages/airflow/example_dags/example_skip_dag.py
[2025-01-14T02:23:08.435+0000] {processor.py:914} INFO - Processing file /home/airflow/.local/lib/python3.12/site-packages/airflow/example_dags/example_skip_dag.py for tasks to queue
[2025-01-14T02:23:08.438+0000] {logging_mixin.py:190} INFO - [2025-01-14T02:23:08.437+0000] {dagbag.py:588} INFO - Filling up the DagBag from /home/airflow/.local/lib/python3.12/site-packages/airflow/example_dags/example_skip_dag.py
[2025-01-14T02:23:08.446+0000] {processor.py:925} INFO - DAG(s) 'example_skip_dag' retrieved from /home/airflow/.local/lib/python3.12/site-packages/airflow/example_dags/example_skip_dag.py
[2025-01-14T02:23:08.465+0000] {logging_mixin.py:190} INFO - [2025-01-14T02:23:08.465+0000] {dag.py:3239} INFO - Sync 1 DAGs
[2025-01-14T02:23:08.485+0000] {logging_mixin.py:190} INFO - [2025-01-14T02:23:08.485+0000] {dag.py:4180} INFO - Setting next_dagrun for example_skip_dag to 2025-01-13 00:00:00+00:00, run_after=2025-01-14 00:00:00+00:00
[2025-01-14T02:23:08.505+0000] {processor.py:208} INFO - Processing /home/airflow/.local/lib/python3.12/site-packages/airflow/example_dags/example_skip_dag.py took 0.078 seconds
[2025-01-14T02:23:38.685+0000] {processor.py:186} INFO - Started process (PID=1725) to work on /home/airflow/.local/lib/python3.12/site-packages/airflow/example_dags/example_skip_dag.py
[2025-01-14T02:23:38.687+0000] {processor.py:914} INFO - Processing file /home/airflow/.local/lib/python3.12/site-packages/airflow/example_dags/example_skip_dag.py for tasks to queue
[2025-01-14T02:23:38.689+0000] {logging_mixin.py:190} INFO - [2025-01-14T02:23:38.689+0000] {dagbag.py:588} INFO - Filling up the DagBag from /home/airflow/.local/lib/python3.12/site-packages/airflow/example_dags/example_skip_dag.py
[2025-01-14T02:23:38.696+0000] {processor.py:925} INFO - DAG(s) 'example_skip_dag' retrieved from /home/airflow/.local/lib/python3.12/site-packages/airflow/example_dags/example_skip_dag.py
[2025-01-14T02:23:38.714+0000] {logging_mixin.py:190} INFO - [2025-01-14T02:23:38.714+0000] {dag.py:3239} INFO - Sync 1 DAGs
[2025-01-14T02:23:38.735+0000] {logging_mixin.py:190} INFO - [2025-01-14T02:23:38.735+0000] {dag.py:4180} INFO - Setting next_dagrun for example_skip_dag to 2025-01-13 00:00:00+00:00, run_after=2025-01-14 00:00:00+00:00
[2025-01-14T02:23:38.753+0000] {processor.py:208} INFO - Processing /home/airflow/.local/lib/python3.12/site-packages/airflow/example_dags/example_skip_dag.py took 0.073 seconds
[2025-01-14T02:24:10.159+0000] {processor.py:186} INFO - Started process (PID=2036) to work on /home/airflow/.local/lib/python3.12/site-packages/airflow/example_dags/example_skip_dag.py
[2025-01-14T02:24:10.160+0000] {processor.py:914} INFO - Processing file /home/airflow/.local/lib/python3.12/site-packages/airflow/example_dags/example_skip_dag.py for tasks to queue
[2025-01-14T02:24:10.162+0000] {logging_mixin.py:190} INFO - [2025-01-14T02:24:10.162+0000] {dagbag.py:588} INFO - Filling up the DagBag from /home/airflow/.local/lib/python3.12/site-packages/airflow/example_dags/example_skip_dag.py
[2025-01-14T02:24:10.169+0000] {processor.py:925} INFO - DAG(s) 'example_skip_dag' retrieved from /home/airflow/.local/lib/python3.12/site-packages/airflow/example_dags/example_skip_dag.py
[2025-01-14T02:24:10.189+0000] {logging_mixin.py:190} INFO - [2025-01-14T02:24:10.189+0000] {dag.py:3239} INFO - Sync 1 DAGs
[2025-01-14T02:24:10.210+0000] {logging_mixin.py:190} INFO - [2025-01-14T02:24:10.209+0000] {dag.py:4180} INFO - Setting next_dagrun for example_skip_dag to 2025-01-13 00:00:00+00:00, run_after=2025-01-14 00:00:00+00:00
[2025-01-14T02:24:10.228+0000] {processor.py:208} INFO - Processing /home/airflow/.local/lib/python3.12/site-packages/airflow/example_dags/example_skip_dag.py took 0.074 seconds
[2025-01-14T02:24:42.393+0000] {processor.py:186} INFO - Started process (PID=2329) to work on /home/airflow/.local/lib/python3.12/site-packages/airflow/example_dags/example_skip_dag.py
[2025-01-14T02:24:42.395+0000] {processor.py:914} INFO - Processing file /home/airflow/.local/lib/python3.12/site-packages/airflow/example_dags/example_skip_dag.py for tasks to queue
[2025-01-14T02:24:42.397+0000] {logging_mixin.py:190} INFO - [2025-01-14T02:24:42.397+0000] {dagbag.py:588} INFO - Filling up the DagBag from /home/airflow/.local/lib/python3.12/site-packages/airflow/example_dags/example_skip_dag.py
[2025-01-14T02:24:42.406+0000] {processor.py:925} INFO - DAG(s) 'example_skip_dag' retrieved from /home/airflow/.local/lib/python3.12/site-packages/airflow/example_dags/example_skip_dag.py
[2025-01-14T02:24:42.428+0000] {logging_mixin.py:190} INFO - [2025-01-14T02:24:42.428+0000] {dag.py:3239} INFO - Sync 1 DAGs
[2025-01-14T02:24:42.456+0000] {logging_mixin.py:190} INFO - [2025-01-14T02:24:42.456+0000] {dag.py:4180} INFO - Setting next_dagrun for example_skip_dag to 2025-01-13 00:00:00+00:00, run_after=2025-01-14 00:00:00+00:00
[2025-01-14T02:24:42.488+0000] {processor.py:208} INFO - Processing /home/airflow/.local/lib/python3.12/site-packages/airflow/example_dags/example_skip_dag.py took 0.101 seconds
[2025-01-14T02:25:13.366+0000] {processor.py:186} INFO - Started process (PID=2620) to work on /home/airflow/.local/lib/python3.12/site-packages/airflow/example_dags/example_skip_dag.py
[2025-01-14T02:25:13.368+0000] {processor.py:914} INFO - Processing file /home/airflow/.local/lib/python3.12/site-packages/airflow/example_dags/example_skip_dag.py for tasks to queue
[2025-01-14T02:25:13.371+0000] {logging_mixin.py:190} INFO - [2025-01-14T02:25:13.370+0000] {dagbag.py:588} INFO - Filling up the DagBag from /home/airflow/.local/lib/python3.12/site-packages/airflow/example_dags/example_skip_dag.py
[2025-01-14T02:25:13.406+0000] {processor.py:925} INFO - DAG(s) 'example_skip_dag' retrieved from /home/airflow/.local/lib/python3.12/site-packages/airflow/example_dags/example_skip_dag.py
[2025-01-14T02:25:13.438+0000] {logging_mixin.py:190} INFO - [2025-01-14T02:25:13.438+0000] {dag.py:3239} INFO - Sync 1 DAGs
[2025-01-14T02:25:13.463+0000] {logging_mixin.py:190} INFO - [2025-01-14T02:25:13.463+0000] {dag.py:4180} INFO - Setting next_dagrun for example_skip_dag to 2025-01-13 00:00:00+00:00, run_after=2025-01-14 00:00:00+00:00
[2025-01-14T02:25:13.488+0000] {processor.py:208} INFO - Processing /home/airflow/.local/lib/python3.12/site-packages/airflow/example_dags/example_skip_dag.py took 0.129 seconds
[2025-01-14T02:25:44.518+0000] {processor.py:186} INFO - Started process (PID=2911) to work on /home/airflow/.local/lib/python3.12/site-packages/airflow/example_dags/example_skip_dag.py
[2025-01-14T02:25:44.520+0000] {processor.py:914} INFO - Processing file /home/airflow/.local/lib/python3.12/site-packages/airflow/example_dags/example_skip_dag.py for tasks to queue
[2025-01-14T02:25:44.522+0000] {logging_mixin.py:190} INFO - [2025-01-14T02:25:44.521+0000] {dagbag.py:588} INFO - Filling up the DagBag from /home/airflow/.local/lib/python3.12/site-packages/airflow/example_dags/example_skip_dag.py
[2025-01-14T02:25:44.529+0000] {processor.py:925} INFO - DAG(s) 'example_skip_dag' retrieved from /home/airflow/.local/lib/python3.12/site-packages/airflow/example_dags/example_skip_dag.py
[2025-01-14T02:25:44.552+0000] {logging_mixin.py:190} INFO - [2025-01-14T02:25:44.552+0000] {dag.py:3239} INFO - Sync 1 DAGs
[2025-01-14T02:25:44.573+0000] {logging_mixin.py:190} INFO - [2025-01-14T02:25:44.573+0000] {dag.py:4180} INFO - Setting next_dagrun for example_skip_dag to 2025-01-13 00:00:00+00:00, run_after=2025-01-14 00:00:00+00:00
[2025-01-14T02:25:44.591+0000] {processor.py:208} INFO - Processing /home/airflow/.local/lib/python3.12/site-packages/airflow/example_dags/example_skip_dag.py took 0.078 seconds
[2025-01-14T02:27:10.509+0000] {processor.py:186} INFO - Started process (PID=3178) to work on /home/airflow/.local/lib/python3.12/site-packages/airflow/example_dags/example_skip_dag.py
[2025-01-14T02:27:10.511+0000] {processor.py:914} INFO - Processing file /home/airflow/.local/lib/python3.12/site-packages/airflow/example_dags/example_skip_dag.py for tasks to queue
[2025-01-14T02:27:10.515+0000] {logging_mixin.py:190} INFO - [2025-01-14T02:27:10.515+0000] {dagbag.py:588} INFO - Filling up the DagBag from /home/airflow/.local/lib/python3.12/site-packages/airflow/example_dags/example_skip_dag.py
[2025-01-14T02:27:10.531+0000] {processor.py:925} INFO - DAG(s) 'example_skip_dag' retrieved from /home/airflow/.local/lib/python3.12/site-packages/airflow/example_dags/example_skip_dag.py
[2025-01-14T02:27:10.572+0000] {logging_mixin.py:190} INFO - [2025-01-14T02:27:10.572+0000] {dag.py:3239} INFO - Sync 1 DAGs
[2025-01-14T02:27:10.609+0000] {logging_mixin.py:190} INFO - [2025-01-14T02:27:10.609+0000] {dag.py:4180} INFO - Setting next_dagrun for example_skip_dag to 2025-01-13 00:00:00+00:00, run_after=2025-01-14 00:00:00+00:00
[2025-01-14T02:27:10.643+0000] {processor.py:208} INFO - Processing /home/airflow/.local/lib/python3.12/site-packages/airflow/example_dags/example_skip_dag.py took 0.144 seconds
[2025-01-14T02:27:41.057+0000] {processor.py:186} INFO - Started process (PID=3467) to work on /home/airflow/.local/lib/python3.12/site-packages/airflow/example_dags/example_skip_dag.py
[2025-01-14T02:27:41.058+0000] {processor.py:914} INFO - Processing file /home/airflow/.local/lib/python3.12/site-packages/airflow/example_dags/example_skip_dag.py for tasks to queue
[2025-01-14T02:27:41.061+0000] {logging_mixin.py:190} INFO - [2025-01-14T02:27:41.060+0000] {dagbag.py:588} INFO - Filling up the DagBag from /home/airflow/.local/lib/python3.12/site-packages/airflow/example_dags/example_skip_dag.py
[2025-01-14T02:27:41.068+0000] {processor.py:925} INFO - DAG(s) 'example_skip_dag' retrieved from /home/airflow/.local/lib/python3.12/site-packages/airflow/example_dags/example_skip_dag.py
[2025-01-14T02:27:41.086+0000] {logging_mixin.py:190} INFO - [2025-01-14T02:27:41.086+0000] {dag.py:3239} INFO - Sync 1 DAGs
[2025-01-14T02:27:41.106+0000] {logging_mixin.py:190} INFO - [2025-01-14T02:27:41.106+0000] {dag.py:4180} INFO - Setting next_dagrun for example_skip_dag to 2025-01-13 00:00:00+00:00, run_after=2025-01-14 00:00:00+00:00
[2025-01-14T02:27:41.131+0000] {processor.py:208} INFO - Processing /home/airflow/.local/lib/python3.12/site-packages/airflow/example_dags/example_skip_dag.py took 0.079 seconds
[2025-01-14T02:28:11.649+0000] {processor.py:186} INFO - Started process (PID=3758) to work on /home/airflow/.local/lib/python3.12/site-packages/airflow/example_dags/example_skip_dag.py
[2025-01-14T02:28:11.650+0000] {processor.py:914} INFO - Processing file /home/airflow/.local/lib/python3.12/site-packages/airflow/example_dags/example_skip_dag.py for tasks to queue
[2025-01-14T02:28:11.651+0000] {logging_mixin.py:190} INFO - [2025-01-14T02:28:11.651+0000] {dagbag.py:588} INFO - Filling up the DagBag from /home/airflow/.local/lib/python3.12/site-packages/airflow/example_dags/example_skip_dag.py
[2025-01-14T02:28:11.657+0000] {processor.py:925} INFO - DAG(s) 'example_skip_dag' retrieved from /home/airflow/.local/lib/python3.12/site-packages/airflow/example_dags/example_skip_dag.py
[2025-01-14T02:28:11.673+0000] {logging_mixin.py:190} INFO - [2025-01-14T02:28:11.673+0000] {dag.py:3239} INFO - Sync 1 DAGs
[2025-01-14T02:28:11.692+0000] {logging_mixin.py:190} INFO - [2025-01-14T02:28:11.692+0000] {dag.py:4180} INFO - Setting next_dagrun for example_skip_dag to 2025-01-13 00:00:00+00:00, run_after=2025-01-14 00:00:00+00:00
[2025-01-14T02:28:11.712+0000] {processor.py:208} INFO - Processing /home/airflow/.local/lib/python3.12/site-packages/airflow/example_dags/example_skip_dag.py took 0.068 seconds
[2025-01-14T02:28:42.264+0000] {processor.py:186} INFO - Started process (PID=4049) to work on /home/airflow/.local/lib/python3.12/site-packages/airflow/example_dags/example_skip_dag.py
[2025-01-14T02:28:42.266+0000] {processor.py:914} INFO - Processing file /home/airflow/.local/lib/python3.12/site-packages/airflow/example_dags/example_skip_dag.py for tasks to queue
[2025-01-14T02:28:42.268+0000] {logging_mixin.py:190} INFO - [2025-01-14T02:28:42.268+0000] {dagbag.py:588} INFO - Filling up the DagBag from /home/airflow/.local/lib/python3.12/site-packages/airflow/example_dags/example_skip_dag.py
[2025-01-14T02:28:42.276+0000] {processor.py:925} INFO - DAG(s) 'example_skip_dag' retrieved from /home/airflow/.local/lib/python3.12/site-packages/airflow/example_dags/example_skip_dag.py
[2025-01-14T02:28:42.294+0000] {logging_mixin.py:190} INFO - [2025-01-14T02:28:42.294+0000] {dag.py:3239} INFO - Sync 1 DAGs
[2025-01-14T02:28:42.312+0000] {logging_mixin.py:190} INFO - [2025-01-14T02:28:42.312+0000] {dag.py:4180} INFO - Setting next_dagrun for example_skip_dag to 2025-01-13 00:00:00+00:00, run_after=2025-01-14 00:00:00+00:00
[2025-01-14T02:28:42.328+0000] {processor.py:208} INFO - Processing /home/airflow/.local/lib/python3.12/site-packages/airflow/example_dags/example_skip_dag.py took 0.069 seconds
