[2025-01-14T02:21:13.204+0000] {processor.py:186} INFO - Started process (PID=445) to work on /home/airflow/.local/lib/python3.12/site-packages/airflow/example_dags/example_branch_day_of_week_operator.py
[2025-01-14T02:21:13.205+0000] {processor.py:914} INFO - Processing file /home/airflow/.local/lib/python3.12/site-packages/airflow/example_dags/example_branch_day_of_week_operator.py for tasks to queue
[2025-01-14T02:21:13.207+0000] {logging_mixin.py:190} INFO - [2025-01-14T02:21:13.207+0000] {dagbag.py:588} INFO - Filling up the DagBag from /home/airflow/.local/lib/python3.12/site-packages/airflow/example_dags/example_branch_day_of_week_operator.py
[2025-01-14T02:21:13.216+0000] {processor.py:925} INFO - DAG(s) 'example_weekday_branch_operator' retrieved from /home/airflow/.local/lib/python3.12/site-packages/airflow/example_dags/example_branch_day_of_week_operator.py
[2025-01-14T02:21:13.312+0000] {logging_mixin.py:190} INFO - [2025-01-14T02:21:13.311+0000] {override.py:1911} INFO - Created Permission View: can read on DAG:example_weekday_branch_operator
[2025-01-14T02:21:13.325+0000] {logging_mixin.py:190} INFO - [2025-01-14T02:21:13.325+0000] {override.py:1911} INFO - Created Permission View: can delete on DAG:example_weekday_branch_operator
[2025-01-14T02:21:13.335+0000] {logging_mixin.py:190} INFO - [2025-01-14T02:21:13.335+0000] {override.py:1911} INFO - Created Permission View: can edit on DAG:example_weekday_branch_operator
[2025-01-14T02:21:13.347+0000] {logging_mixin.py:190} INFO - [2025-01-14T02:21:13.347+0000] {override.py:1911} INFO - Created Permission View: can read on DAG Run:example_weekday_branch_operator
[2025-01-14T02:21:13.356+0000] {logging_mixin.py:190} INFO - [2025-01-14T02:21:13.356+0000] {override.py:1911} INFO - Created Permission View: menu access on DAG Run:example_weekday_branch_operator
[2025-01-14T02:21:13.367+0000] {logging_mixin.py:190} INFO - [2025-01-14T02:21:13.366+0000] {override.py:1911} INFO - Created Permission View: can create on DAG Run:example_weekday_branch_operator
[2025-01-14T02:21:13.376+0000] {logging_mixin.py:190} INFO - [2025-01-14T02:21:13.375+0000] {override.py:1911} INFO - Created Permission View: can delete on DAG Run:example_weekday_branch_operator
[2025-01-14T02:21:13.377+0000] {logging_mixin.py:190} INFO - [2025-01-14T02:21:13.377+0000] {dag.py:3239} INFO - Sync 1 DAGs
[2025-01-14T02:21:13.390+0000] {logging_mixin.py:190} INFO - [2025-01-14T02:21:13.390+0000] {dag.py:3262} INFO - Creating ORM DAG for example_weekday_branch_operator
[2025-01-14T02:21:13.402+0000] {logging_mixin.py:190} INFO - [2025-01-14T02:21:13.401+0000] {dag.py:4180} INFO - Setting next_dagrun for example_weekday_branch_operator to 2025-01-13 00:00:00+00:00, run_after=2025-01-14 00:00:00+00:00
[2025-01-14T02:21:13.424+0000] {processor.py:208} INFO - Processing /home/airflow/.local/lib/python3.12/site-packages/airflow/example_dags/example_branch_day_of_week_operator.py took 0.227 seconds
[2025-01-14T02:21:43.582+0000] {processor.py:186} INFO - Started process (PID=736) to work on /home/airflow/.local/lib/python3.12/site-packages/airflow/example_dags/example_branch_day_of_week_operator.py
[2025-01-14T02:21:43.583+0000] {processor.py:914} INFO - Processing file /home/airflow/.local/lib/python3.12/site-packages/airflow/example_dags/example_branch_day_of_week_operator.py for tasks to queue
[2025-01-14T02:21:43.586+0000] {logging_mixin.py:190} INFO - [2025-01-14T02:21:43.585+0000] {dagbag.py:588} INFO - Filling up the DagBag from /home/airflow/.local/lib/python3.12/site-packages/airflow/example_dags/example_branch_day_of_week_operator.py
[2025-01-14T02:21:43.603+0000] {processor.py:925} INFO - DAG(s) 'example_weekday_branch_operator' retrieved from /home/airflow/.local/lib/python3.12/site-packages/airflow/example_dags/example_branch_day_of_week_operator.py
[2025-01-14T02:21:43.624+0000] {logging_mixin.py:190} INFO - [2025-01-14T02:21:43.624+0000] {dag.py:3239} INFO - Sync 1 DAGs
[2025-01-14T02:21:43.643+0000] {logging_mixin.py:190} INFO - [2025-01-14T02:21:43.643+0000] {dag.py:4180} INFO - Setting next_dagrun for example_weekday_branch_operator to 2025-01-13 00:00:00+00:00, run_after=2025-01-14 00:00:00+00:00
[2025-01-14T02:21:43.662+0000] {processor.py:208} INFO - Processing /home/airflow/.local/lib/python3.12/site-packages/airflow/example_dags/example_branch_day_of_week_operator.py took 0.085 seconds
[2025-01-14T02:22:14.570+0000] {processor.py:186} INFO - Started process (PID=1027) to work on /home/airflow/.local/lib/python3.12/site-packages/airflow/example_dags/example_branch_day_of_week_operator.py
[2025-01-14T02:22:14.571+0000] {processor.py:914} INFO - Processing file /home/airflow/.local/lib/python3.12/site-packages/airflow/example_dags/example_branch_day_of_week_operator.py for tasks to queue
[2025-01-14T02:22:14.574+0000] {logging_mixin.py:190} INFO - [2025-01-14T02:22:14.573+0000] {dagbag.py:588} INFO - Filling up the DagBag from /home/airflow/.local/lib/python3.12/site-packages/airflow/example_dags/example_branch_day_of_week_operator.py
[2025-01-14T02:22:14.582+0000] {processor.py:925} INFO - DAG(s) 'example_weekday_branch_operator' retrieved from /home/airflow/.local/lib/python3.12/site-packages/airflow/example_dags/example_branch_day_of_week_operator.py
[2025-01-14T02:22:14.599+0000] {logging_mixin.py:190} INFO - [2025-01-14T02:22:14.599+0000] {dag.py:3239} INFO - Sync 1 DAGs
[2025-01-14T02:22:14.621+0000] {logging_mixin.py:190} INFO - [2025-01-14T02:22:14.620+0000] {dag.py:4180} INFO - Setting next_dagrun for example_weekday_branch_operator to 2025-01-13 00:00:00+00:00, run_after=2025-01-14 00:00:00+00:00
[2025-01-14T02:22:14.641+0000] {processor.py:208} INFO - Processing /home/airflow/.local/lib/python3.12/site-packages/airflow/example_dags/example_branch_day_of_week_operator.py took 0.076 seconds
[2025-01-14T02:22:44.989+0000] {processor.py:186} INFO - Started process (PID=1318) to work on /home/airflow/.local/lib/python3.12/site-packages/airflow/example_dags/example_branch_day_of_week_operator.py
[2025-01-14T02:22:44.990+0000] {processor.py:914} INFO - Processing file /home/airflow/.local/lib/python3.12/site-packages/airflow/example_dags/example_branch_day_of_week_operator.py for tasks to queue
[2025-01-14T02:22:44.992+0000] {logging_mixin.py:190} INFO - [2025-01-14T02:22:44.992+0000] {dagbag.py:588} INFO - Filling up the DagBag from /home/airflow/.local/lib/python3.12/site-packages/airflow/example_dags/example_branch_day_of_week_operator.py
[2025-01-14T02:22:45.000+0000] {processor.py:925} INFO - DAG(s) 'example_weekday_branch_operator' retrieved from /home/airflow/.local/lib/python3.12/site-packages/airflow/example_dags/example_branch_day_of_week_operator.py
[2025-01-14T02:22:45.018+0000] {logging_mixin.py:190} INFO - [2025-01-14T02:22:45.018+0000] {dag.py:3239} INFO - Sync 1 DAGs
[2025-01-14T02:22:45.037+0000] {logging_mixin.py:190} INFO - [2025-01-14T02:22:45.037+0000] {dag.py:4180} INFO - Setting next_dagrun for example_weekday_branch_operator to 2025-01-13 00:00:00+00:00, run_after=2025-01-14 00:00:00+00:00
[2025-01-14T02:22:45.056+0000] {processor.py:208} INFO - Processing /home/airflow/.local/lib/python3.12/site-packages/airflow/example_dags/example_branch_day_of_week_operator.py took 0.072 seconds
[2025-01-14T02:23:16.082+0000] {processor.py:186} INFO - Started process (PID=1609) to work on /home/airflow/.local/lib/python3.12/site-packages/airflow/example_dags/example_branch_day_of_week_operator.py
[2025-01-14T02:23:16.083+0000] {processor.py:914} INFO - Processing file /home/airflow/.local/lib/python3.12/site-packages/airflow/example_dags/example_branch_day_of_week_operator.py for tasks to queue
[2025-01-14T02:23:16.085+0000] {logging_mixin.py:190} INFO - [2025-01-14T02:23:16.085+0000] {dagbag.py:588} INFO - Filling up the DagBag from /home/airflow/.local/lib/python3.12/site-packages/airflow/example_dags/example_branch_day_of_week_operator.py
[2025-01-14T02:23:16.093+0000] {processor.py:925} INFO - DAG(s) 'example_weekday_branch_operator' retrieved from /home/airflow/.local/lib/python3.12/site-packages/airflow/example_dags/example_branch_day_of_week_operator.py
[2025-01-14T02:23:16.109+0000] {logging_mixin.py:190} INFO - [2025-01-14T02:23:16.109+0000] {dag.py:3239} INFO - Sync 1 DAGs
[2025-01-14T02:23:16.127+0000] {logging_mixin.py:190} INFO - [2025-01-14T02:23:16.127+0000] {dag.py:4180} INFO - Setting next_dagrun for example_weekday_branch_operator to 2025-01-13 00:00:00+00:00, run_after=2025-01-14 00:00:00+00:00
[2025-01-14T02:23:16.151+0000] {processor.py:208} INFO - Processing /home/airflow/.local/lib/python3.12/site-packages/airflow/example_dags/example_branch_day_of_week_operator.py took 0.074 seconds
[2025-01-14T02:23:46.687+0000] {processor.py:186} INFO - Started process (PID=1900) to work on /home/airflow/.local/lib/python3.12/site-packages/airflow/example_dags/example_branch_day_of_week_operator.py
[2025-01-14T02:23:46.721+0000] {processor.py:914} INFO - Processing file /home/airflow/.local/lib/python3.12/site-packages/airflow/example_dags/example_branch_day_of_week_operator.py for tasks to queue
[2025-01-14T02:23:46.735+0000] {logging_mixin.py:190} INFO - [2025-01-14T02:23:46.735+0000] {dagbag.py:588} INFO - Filling up the DagBag from /home/airflow/.local/lib/python3.12/site-packages/airflow/example_dags/example_branch_day_of_week_operator.py
[2025-01-14T02:23:46.747+0000] {processor.py:925} INFO - DAG(s) 'example_weekday_branch_operator' retrieved from /home/airflow/.local/lib/python3.12/site-packages/airflow/example_dags/example_branch_day_of_week_operator.py
[2025-01-14T02:23:46.764+0000] {logging_mixin.py:190} INFO - [2025-01-14T02:23:46.764+0000] {dag.py:3239} INFO - Sync 1 DAGs
[2025-01-14T02:23:46.783+0000] {logging_mixin.py:190} INFO - [2025-01-14T02:23:46.783+0000] {dag.py:4180} INFO - Setting next_dagrun for example_weekday_branch_operator to 2025-01-13 00:00:00+00:00, run_after=2025-01-14 00:00:00+00:00
[2025-01-14T02:23:46.805+0000] {processor.py:208} INFO - Processing /home/airflow/.local/lib/python3.12/site-packages/airflow/example_dags/example_branch_day_of_week_operator.py took 0.125 seconds
[2025-01-14T02:24:21.808+0000] {processor.py:186} INFO - Started process (PID=2197) to work on /home/airflow/.local/lib/python3.12/site-packages/airflow/example_dags/example_branch_day_of_week_operator.py
[2025-01-14T02:24:21.809+0000] {processor.py:914} INFO - Processing file /home/airflow/.local/lib/python3.12/site-packages/airflow/example_dags/example_branch_day_of_week_operator.py for tasks to queue
[2025-01-14T02:24:21.811+0000] {logging_mixin.py:190} INFO - [2025-01-14T02:24:21.811+0000] {dagbag.py:588} INFO - Filling up the DagBag from /home/airflow/.local/lib/python3.12/site-packages/airflow/example_dags/example_branch_day_of_week_operator.py
[2025-01-14T02:24:21.826+0000] {processor.py:925} INFO - DAG(s) 'example_weekday_branch_operator' retrieved from /home/airflow/.local/lib/python3.12/site-packages/airflow/example_dags/example_branch_day_of_week_operator.py
[2025-01-14T02:24:21.847+0000] {logging_mixin.py:190} INFO - [2025-01-14T02:24:21.847+0000] {dag.py:3239} INFO - Sync 1 DAGs
[2025-01-14T02:24:21.883+0000] {logging_mixin.py:190} INFO - [2025-01-14T02:24:21.883+0000] {dag.py:4180} INFO - Setting next_dagrun for example_weekday_branch_operator to 2025-01-13 00:00:00+00:00, run_after=2025-01-14 00:00:00+00:00
[2025-01-14T02:24:21.913+0000] {processor.py:208} INFO - Processing /home/airflow/.local/lib/python3.12/site-packages/airflow/example_dags/example_branch_day_of_week_operator.py took 0.112 seconds
[2025-01-14T02:24:53.198+0000] {processor.py:186} INFO - Started process (PID=2490) to work on /home/airflow/.local/lib/python3.12/site-packages/airflow/example_dags/example_branch_day_of_week_operator.py
[2025-01-14T02:24:53.203+0000] {processor.py:914} INFO - Processing file /home/airflow/.local/lib/python3.12/site-packages/airflow/example_dags/example_branch_day_of_week_operator.py for tasks to queue
[2025-01-14T02:24:53.207+0000] {logging_mixin.py:190} INFO - [2025-01-14T02:24:53.206+0000] {dagbag.py:588} INFO - Filling up the DagBag from /home/airflow/.local/lib/python3.12/site-packages/airflow/example_dags/example_branch_day_of_week_operator.py
[2025-01-14T02:24:53.221+0000] {processor.py:925} INFO - DAG(s) 'example_weekday_branch_operator' retrieved from /home/airflow/.local/lib/python3.12/site-packages/airflow/example_dags/example_branch_day_of_week_operator.py
[2025-01-14T02:24:53.248+0000] {logging_mixin.py:190} INFO - [2025-01-14T02:24:53.247+0000] {dag.py:3239} INFO - Sync 1 DAGs
[2025-01-14T02:24:53.286+0000] {logging_mixin.py:190} INFO - [2025-01-14T02:24:53.286+0000] {dag.py:4180} INFO - Setting next_dagrun for example_weekday_branch_operator to 2025-01-13 00:00:00+00:00, run_after=2025-01-14 00:00:00+00:00
[2025-01-14T02:24:53.318+0000] {processor.py:208} INFO - Processing /home/airflow/.local/lib/python3.12/site-packages/airflow/example_dags/example_branch_day_of_week_operator.py took 0.125 seconds
[2025-01-14T02:25:23.379+0000] {processor.py:186} INFO - Started process (PID=2781) to work on /home/airflow/.local/lib/python3.12/site-packages/airflow/example_dags/example_branch_day_of_week_operator.py
[2025-01-14T02:25:23.380+0000] {processor.py:914} INFO - Processing file /home/airflow/.local/lib/python3.12/site-packages/airflow/example_dags/example_branch_day_of_week_operator.py for tasks to queue
[2025-01-14T02:25:23.383+0000] {logging_mixin.py:190} INFO - [2025-01-14T02:25:23.383+0000] {dagbag.py:588} INFO - Filling up the DagBag from /home/airflow/.local/lib/python3.12/site-packages/airflow/example_dags/example_branch_day_of_week_operator.py
[2025-01-14T02:25:23.393+0000] {processor.py:925} INFO - DAG(s) 'example_weekday_branch_operator' retrieved from /home/airflow/.local/lib/python3.12/site-packages/airflow/example_dags/example_branch_day_of_week_operator.py
[2025-01-14T02:25:23.413+0000] {logging_mixin.py:190} INFO - [2025-01-14T02:25:23.413+0000] {dag.py:3239} INFO - Sync 1 DAGs
[2025-01-14T02:25:23.435+0000] {logging_mixin.py:190} INFO - [2025-01-14T02:25:23.435+0000] {dag.py:4180} INFO - Setting next_dagrun for example_weekday_branch_operator to 2025-01-13 00:00:00+00:00, run_after=2025-01-14 00:00:00+00:00
[2025-01-14T02:25:23.455+0000] {processor.py:208} INFO - Processing /home/airflow/.local/lib/python3.12/site-packages/airflow/example_dags/example_branch_day_of_week_operator.py took 0.081 seconds
[2025-01-14T02:25:54.412+0000] {processor.py:186} INFO - Started process (PID=3073) to work on /home/airflow/.local/lib/python3.12/site-packages/airflow/example_dags/example_branch_day_of_week_operator.py
[2025-01-14T02:25:54.413+0000] {processor.py:914} INFO - Processing file /home/airflow/.local/lib/python3.12/site-packages/airflow/example_dags/example_branch_day_of_week_operator.py for tasks to queue
[2025-01-14T02:25:54.416+0000] {logging_mixin.py:190} INFO - [2025-01-14T02:25:54.416+0000] {dagbag.py:588} INFO - Filling up the DagBag from /home/airflow/.local/lib/python3.12/site-packages/airflow/example_dags/example_branch_day_of_week_operator.py
[2025-01-14T02:25:54.425+0000] {processor.py:925} INFO - DAG(s) 'example_weekday_branch_operator' retrieved from /home/airflow/.local/lib/python3.12/site-packages/airflow/example_dags/example_branch_day_of_week_operator.py
[2025-01-14T02:25:54.444+0000] {logging_mixin.py:190} INFO - [2025-01-14T02:25:54.444+0000] {dag.py:3239} INFO - Sync 1 DAGs
[2025-01-14T02:25:54.465+0000] {logging_mixin.py:190} INFO - [2025-01-14T02:25:54.465+0000] {dag.py:4180} INFO - Setting next_dagrun for example_weekday_branch_operator to 2025-01-13 00:00:00+00:00, run_after=2025-01-14 00:00:00+00:00
[2025-01-14T02:25:54.487+0000] {processor.py:208} INFO - Processing /home/airflow/.local/lib/python3.12/site-packages/airflow/example_dags/example_branch_day_of_week_operator.py took 0.080 seconds
[2025-01-14T02:27:15.051+0000] {processor.py:186} INFO - Started process (PID=3356) to work on /home/airflow/.local/lib/python3.12/site-packages/airflow/example_dags/example_branch_day_of_week_operator.py
[2025-01-14T02:27:15.052+0000] {processor.py:914} INFO - Processing file /home/airflow/.local/lib/python3.12/site-packages/airflow/example_dags/example_branch_day_of_week_operator.py for tasks to queue
[2025-01-14T02:27:15.055+0000] {logging_mixin.py:190} INFO - [2025-01-14T02:27:15.055+0000] {dagbag.py:588} INFO - Filling up the DagBag from /home/airflow/.local/lib/python3.12/site-packages/airflow/example_dags/example_branch_day_of_week_operator.py
[2025-01-14T02:27:15.065+0000] {processor.py:925} INFO - DAG(s) 'example_weekday_branch_operator' retrieved from /home/airflow/.local/lib/python3.12/site-packages/airflow/example_dags/example_branch_day_of_week_operator.py
[2025-01-14T02:27:15.091+0000] {logging_mixin.py:190} INFO - [2025-01-14T02:27:15.091+0000] {dag.py:3239} INFO - Sync 1 DAGs
[2025-01-14T02:27:15.121+0000] {logging_mixin.py:190} INFO - [2025-01-14T02:27:15.121+0000] {dag.py:4180} INFO - Setting next_dagrun for example_weekday_branch_operator to 2025-01-13 00:00:00+00:00, run_after=2025-01-14 00:00:00+00:00
[2025-01-14T02:27:15.154+0000] {processor.py:208} INFO - Processing /home/airflow/.local/lib/python3.12/site-packages/airflow/example_dags/example_branch_day_of_week_operator.py took 0.110 seconds
[2025-01-14T02:27:45.367+0000] {processor.py:186} INFO - Started process (PID=3647) to work on /home/airflow/.local/lib/python3.12/site-packages/airflow/example_dags/example_branch_day_of_week_operator.py
[2025-01-14T02:27:45.368+0000] {processor.py:914} INFO - Processing file /home/airflow/.local/lib/python3.12/site-packages/airflow/example_dags/example_branch_day_of_week_operator.py for tasks to queue
[2025-01-14T02:27:45.370+0000] {logging_mixin.py:190} INFO - [2025-01-14T02:27:45.370+0000] {dagbag.py:588} INFO - Filling up the DagBag from /home/airflow/.local/lib/python3.12/site-packages/airflow/example_dags/example_branch_day_of_week_operator.py
[2025-01-14T02:27:45.378+0000] {processor.py:925} INFO - DAG(s) 'example_weekday_branch_operator' retrieved from /home/airflow/.local/lib/python3.12/site-packages/airflow/example_dags/example_branch_day_of_week_operator.py
[2025-01-14T02:27:45.394+0000] {logging_mixin.py:190} INFO - [2025-01-14T02:27:45.394+0000] {dag.py:3239} INFO - Sync 1 DAGs
[2025-01-14T02:27:45.413+0000] {logging_mixin.py:190} INFO - [2025-01-14T02:27:45.412+0000] {dag.py:4180} INFO - Setting next_dagrun for example_weekday_branch_operator to 2025-01-13 00:00:00+00:00, run_after=2025-01-14 00:00:00+00:00
[2025-01-14T02:27:45.431+0000] {processor.py:208} INFO - Processing /home/airflow/.local/lib/python3.12/site-packages/airflow/example_dags/example_branch_day_of_week_operator.py took 0.069 seconds
[2025-01-14T02:28:16.288+0000] {processor.py:186} INFO - Started process (PID=3940) to work on /home/airflow/.local/lib/python3.12/site-packages/airflow/example_dags/example_branch_day_of_week_operator.py
[2025-01-14T02:28:16.289+0000] {processor.py:914} INFO - Processing file /home/airflow/.local/lib/python3.12/site-packages/airflow/example_dags/example_branch_day_of_week_operator.py for tasks to queue
[2025-01-14T02:28:16.290+0000] {logging_mixin.py:190} INFO - [2025-01-14T02:28:16.290+0000] {dagbag.py:588} INFO - Filling up the DagBag from /home/airflow/.local/lib/python3.12/site-packages/airflow/example_dags/example_branch_day_of_week_operator.py
[2025-01-14T02:28:16.299+0000] {processor.py:925} INFO - DAG(s) 'example_weekday_branch_operator' retrieved from /home/airflow/.local/lib/python3.12/site-packages/airflow/example_dags/example_branch_day_of_week_operator.py
[2025-01-14T02:28:16.317+0000] {logging_mixin.py:190} INFO - [2025-01-14T02:28:16.317+0000] {dag.py:3239} INFO - Sync 1 DAGs
[2025-01-14T02:28:16.336+0000] {logging_mixin.py:190} INFO - [2025-01-14T02:28:16.336+0000] {dag.py:4180} INFO - Setting next_dagrun for example_weekday_branch_operator to 2025-01-13 00:00:00+00:00, run_after=2025-01-14 00:00:00+00:00
[2025-01-14T02:28:16.354+0000] {processor.py:208} INFO - Processing /home/airflow/.local/lib/python3.12/site-packages/airflow/example_dags/example_branch_day_of_week_operator.py took 0.071 seconds
[2025-01-14T02:28:48.402+0000] {processor.py:186} INFO - Started process (PID=4259) to work on /home/airflow/.local/lib/python3.12/site-packages/airflow/example_dags/example_branch_day_of_week_operator.py
[2025-01-14T02:28:48.403+0000] {processor.py:914} INFO - Processing file /home/airflow/.local/lib/python3.12/site-packages/airflow/example_dags/example_branch_day_of_week_operator.py for tasks to queue
[2025-01-14T02:28:48.406+0000] {logging_mixin.py:190} INFO - [2025-01-14T02:28:48.406+0000] {dagbag.py:588} INFO - Filling up the DagBag from /home/airflow/.local/lib/python3.12/site-packages/airflow/example_dags/example_branch_day_of_week_operator.py
[2025-01-14T02:28:48.417+0000] {processor.py:925} INFO - DAG(s) 'example_weekday_branch_operator' retrieved from /home/airflow/.local/lib/python3.12/site-packages/airflow/example_dags/example_branch_day_of_week_operator.py
[2025-01-14T02:28:48.441+0000] {logging_mixin.py:190} INFO - [2025-01-14T02:28:48.441+0000] {dag.py:3239} INFO - Sync 1 DAGs
[2025-01-14T02:28:48.468+0000] {logging_mixin.py:190} INFO - [2025-01-14T02:28:48.467+0000] {dag.py:4180} INFO - Setting next_dagrun for example_weekday_branch_operator to 2025-01-13 00:00:00+00:00, run_after=2025-01-14 00:00:00+00:00
[2025-01-14T02:28:48.499+0000] {processor.py:208} INFO - Processing /home/airflow/.local/lib/python3.12/site-packages/airflow/example_dags/example_branch_day_of_week_operator.py took 0.104 seconds
