[2025-01-14T02:21:03.844+0000] {processor.py:186} INFO - Started process (PID=205) to work on /home/airflow/.local/lib/python3.12/site-packages/airflow/example_dags/example_external_task_marker_dag.py
[2025-01-14T02:21:03.845+0000] {processor.py:914} INFO - Processing file /home/airflow/.local/lib/python3.12/site-packages/airflow/example_dags/example_external_task_marker_dag.py for tasks to queue
[2025-01-14T02:21:03.847+0000] {logging_mixin.py:190} INFO - [2025-01-14T02:21:03.846+0000] {dagbag.py:588} INFO - Filling up the DagBag from /home/airflow/.local/lib/python3.12/site-packages/airflow/example_dags/example_external_task_marker_dag.py
[2025-01-14T02:21:03.855+0000] {processor.py:925} INFO - DAG(s) 'example_external_task_marker_child', 'example_external_task_marker_parent' retrieved from /home/airflow/.local/lib/python3.12/site-packages/airflow/example_dags/example_external_task_marker_dag.py
[2025-01-14T02:21:03.948+0000] {logging_mixin.py:190} INFO - [2025-01-14T02:21:03.947+0000] {override.py:1911} INFO - Created Permission View: can read on DAG:example_external_task_marker_child
[2025-01-14T02:21:03.962+0000] {logging_mixin.py:190} INFO - [2025-01-14T02:21:03.961+0000] {override.py:1911} INFO - Created Permission View: can delete on DAG:example_external_task_marker_child
[2025-01-14T02:21:03.971+0000] {logging_mixin.py:190} INFO - [2025-01-14T02:21:03.971+0000] {override.py:1911} INFO - Created Permission View: can edit on DAG:example_external_task_marker_child
[2025-01-14T02:21:03.983+0000] {logging_mixin.py:190} INFO - [2025-01-14T02:21:03.983+0000] {override.py:1911} INFO - Created Permission View: can read on DAG Run:example_external_task_marker_child
[2025-01-14T02:21:03.993+0000] {logging_mixin.py:190} INFO - [2025-01-14T02:21:03.993+0000] {override.py:1911} INFO - Created Permission View: menu access on DAG Run:example_external_task_marker_child
[2025-01-14T02:21:04.001+0000] {logging_mixin.py:190} INFO - [2025-01-14T02:21:04.001+0000] {override.py:1911} INFO - Created Permission View: can create on DAG Run:example_external_task_marker_child
[2025-01-14T02:21:04.010+0000] {logging_mixin.py:190} INFO - [2025-01-14T02:21:04.009+0000] {override.py:1911} INFO - Created Permission View: can delete on DAG Run:example_external_task_marker_child
[2025-01-14T02:21:04.026+0000] {logging_mixin.py:190} INFO - [2025-01-14T02:21:04.026+0000] {override.py:1911} INFO - Created Permission View: can read on DAG:example_external_task_marker_parent
[2025-01-14T02:21:04.034+0000] {logging_mixin.py:190} INFO - [2025-01-14T02:21:04.034+0000] {override.py:1911} INFO - Created Permission View: can delete on DAG:example_external_task_marker_parent
[2025-01-14T02:21:04.042+0000] {logging_mixin.py:190} INFO - [2025-01-14T02:21:04.042+0000] {override.py:1911} INFO - Created Permission View: can edit on DAG:example_external_task_marker_parent
[2025-01-14T02:21:04.053+0000] {logging_mixin.py:190} INFO - [2025-01-14T02:21:04.053+0000] {override.py:1911} INFO - Created Permission View: can read on DAG Run:example_external_task_marker_parent
[2025-01-14T02:21:04.062+0000] {logging_mixin.py:190} INFO - [2025-01-14T02:21:04.062+0000] {override.py:1911} INFO - Created Permission View: menu access on DAG Run:example_external_task_marker_parent
[2025-01-14T02:21:04.073+0000] {logging_mixin.py:190} INFO - [2025-01-14T02:21:04.073+0000] {override.py:1911} INFO - Created Permission View: can create on DAG Run:example_external_task_marker_parent
[2025-01-14T02:21:04.084+0000] {logging_mixin.py:190} INFO - [2025-01-14T02:21:04.083+0000] {override.py:1911} INFO - Created Permission View: can delete on DAG Run:example_external_task_marker_parent
[2025-01-14T02:21:04.084+0000] {logging_mixin.py:190} INFO - [2025-01-14T02:21:04.084+0000] {dag.py:3239} INFO - Sync 2 DAGs
[2025-01-14T02:21:04.096+0000] {logging_mixin.py:190} INFO - [2025-01-14T02:21:04.096+0000] {dag.py:3262} INFO - Creating ORM DAG for example_external_task_marker_child
[2025-01-14T02:21:04.097+0000] {logging_mixin.py:190} INFO - [2025-01-14T02:21:04.097+0000] {dag.py:3262} INFO - Creating ORM DAG for example_external_task_marker_parent
[2025-01-14T02:21:04.098+0000] {logging_mixin.py:190} INFO - [2025-01-14T02:21:04.098+0000] {dag.py:4180} INFO - Setting next_dagrun for example_external_task_marker_child to None, run_after=None
[2025-01-14T02:21:04.099+0000] {logging_mixin.py:190} INFO - [2025-01-14T02:21:04.099+0000] {dag.py:4180} INFO - Setting next_dagrun for example_external_task_marker_parent to None, run_after=None
[2025-01-14T02:21:04.122+0000] {processor.py:208} INFO - Processing /home/airflow/.local/lib/python3.12/site-packages/airflow/example_dags/example_external_task_marker_dag.py took 0.283 seconds
[2025-01-14T02:21:34.237+0000] {processor.py:186} INFO - Started process (PID=493) to work on /home/airflow/.local/lib/python3.12/site-packages/airflow/example_dags/example_external_task_marker_dag.py
[2025-01-14T02:21:34.238+0000] {processor.py:914} INFO - Processing file /home/airflow/.local/lib/python3.12/site-packages/airflow/example_dags/example_external_task_marker_dag.py for tasks to queue
[2025-01-14T02:21:34.241+0000] {logging_mixin.py:190} INFO - [2025-01-14T02:21:34.240+0000] {dagbag.py:588} INFO - Filling up the DagBag from /home/airflow/.local/lib/python3.12/site-packages/airflow/example_dags/example_external_task_marker_dag.py
[2025-01-14T02:21:34.248+0000] {processor.py:925} INFO - DAG(s) 'example_external_task_marker_child', 'example_external_task_marker_parent' retrieved from /home/airflow/.local/lib/python3.12/site-packages/airflow/example_dags/example_external_task_marker_dag.py
[2025-01-14T02:21:34.271+0000] {logging_mixin.py:190} INFO - [2025-01-14T02:21:34.270+0000] {dag.py:3239} INFO - Sync 2 DAGs
[2025-01-14T02:21:34.285+0000] {logging_mixin.py:190} INFO - [2025-01-14T02:21:34.284+0000] {dag.py:4180} INFO - Setting next_dagrun for example_external_task_marker_child to None, run_after=None
[2025-01-14T02:21:34.289+0000] {logging_mixin.py:190} INFO - [2025-01-14T02:21:34.289+0000] {dag.py:4180} INFO - Setting next_dagrun for example_external_task_marker_parent to None, run_after=None
[2025-01-14T02:21:34.308+0000] {processor.py:208} INFO - Processing /home/airflow/.local/lib/python3.12/site-packages/airflow/example_dags/example_external_task_marker_dag.py took 0.076 seconds
[2025-01-14T02:22:04.350+0000] {processor.py:186} INFO - Started process (PID=784) to work on /home/airflow/.local/lib/python3.12/site-packages/airflow/example_dags/example_external_task_marker_dag.py
[2025-01-14T02:22:04.351+0000] {processor.py:914} INFO - Processing file /home/airflow/.local/lib/python3.12/site-packages/airflow/example_dags/example_external_task_marker_dag.py for tasks to queue
[2025-01-14T02:22:04.354+0000] {logging_mixin.py:190} INFO - [2025-01-14T02:22:04.354+0000] {dagbag.py:588} INFO - Filling up the DagBag from /home/airflow/.local/lib/python3.12/site-packages/airflow/example_dags/example_external_task_marker_dag.py
[2025-01-14T02:22:04.361+0000] {processor.py:925} INFO - DAG(s) 'example_external_task_marker_parent', 'example_external_task_marker_child' retrieved from /home/airflow/.local/lib/python3.12/site-packages/airflow/example_dags/example_external_task_marker_dag.py
[2025-01-14T02:22:04.381+0000] {logging_mixin.py:190} INFO - [2025-01-14T02:22:04.381+0000] {dag.py:3239} INFO - Sync 2 DAGs
[2025-01-14T02:22:04.394+0000] {logging_mixin.py:190} INFO - [2025-01-14T02:22:04.394+0000] {dag.py:4180} INFO - Setting next_dagrun for example_external_task_marker_child to None, run_after=None
[2025-01-14T02:22:04.399+0000] {logging_mixin.py:190} INFO - [2025-01-14T02:22:04.398+0000] {dag.py:4180} INFO - Setting next_dagrun for example_external_task_marker_parent to None, run_after=None
[2025-01-14T02:22:04.414+0000] {processor.py:208} INFO - Processing /home/airflow/.local/lib/python3.12/site-packages/airflow/example_dags/example_external_task_marker_dag.py took 0.071 seconds
[2025-01-14T02:22:35.410+0000] {processor.py:186} INFO - Started process (PID=1075) to work on /home/airflow/.local/lib/python3.12/site-packages/airflow/example_dags/example_external_task_marker_dag.py
[2025-01-14T02:22:35.411+0000] {processor.py:914} INFO - Processing file /home/airflow/.local/lib/python3.12/site-packages/airflow/example_dags/example_external_task_marker_dag.py for tasks to queue
[2025-01-14T02:22:35.414+0000] {logging_mixin.py:190} INFO - [2025-01-14T02:22:35.414+0000] {dagbag.py:588} INFO - Filling up the DagBag from /home/airflow/.local/lib/python3.12/site-packages/airflow/example_dags/example_external_task_marker_dag.py
[2025-01-14T02:22:35.421+0000] {processor.py:925} INFO - DAG(s) 'example_external_task_marker_parent', 'example_external_task_marker_child' retrieved from /home/airflow/.local/lib/python3.12/site-packages/airflow/example_dags/example_external_task_marker_dag.py
[2025-01-14T02:22:35.442+0000] {logging_mixin.py:190} INFO - [2025-01-14T02:22:35.442+0000] {dag.py:3239} INFO - Sync 2 DAGs
[2025-01-14T02:22:35.455+0000] {logging_mixin.py:190} INFO - [2025-01-14T02:22:35.455+0000] {dag.py:4180} INFO - Setting next_dagrun for example_external_task_marker_child to None, run_after=None
[2025-01-14T02:22:35.459+0000] {logging_mixin.py:190} INFO - [2025-01-14T02:22:35.458+0000] {dag.py:4180} INFO - Setting next_dagrun for example_external_task_marker_parent to None, run_after=None
[2025-01-14T02:22:35.477+0000] {processor.py:208} INFO - Processing /home/airflow/.local/lib/python3.12/site-packages/airflow/example_dags/example_external_task_marker_dag.py took 0.073 seconds
[2025-01-14T02:23:05.917+0000] {processor.py:186} INFO - Started process (PID=1366) to work on /home/airflow/.local/lib/python3.12/site-packages/airflow/example_dags/example_external_task_marker_dag.py
[2025-01-14T02:23:05.919+0000] {processor.py:914} INFO - Processing file /home/airflow/.local/lib/python3.12/site-packages/airflow/example_dags/example_external_task_marker_dag.py for tasks to queue
[2025-01-14T02:23:05.925+0000] {logging_mixin.py:190} INFO - [2025-01-14T02:23:05.924+0000] {dagbag.py:588} INFO - Filling up the DagBag from /home/airflow/.local/lib/python3.12/site-packages/airflow/example_dags/example_external_task_marker_dag.py
[2025-01-14T02:23:05.942+0000] {processor.py:925} INFO - DAG(s) 'example_external_task_marker_parent', 'example_external_task_marker_child' retrieved from /home/airflow/.local/lib/python3.12/site-packages/airflow/example_dags/example_external_task_marker_dag.py
[2025-01-14T02:23:05.965+0000] {logging_mixin.py:190} INFO - [2025-01-14T02:23:05.965+0000] {dag.py:3239} INFO - Sync 2 DAGs
[2025-01-14T02:23:05.977+0000] {logging_mixin.py:190} INFO - [2025-01-14T02:23:05.977+0000] {dag.py:4180} INFO - Setting next_dagrun for example_external_task_marker_child to None, run_after=None
[2025-01-14T02:23:05.981+0000] {logging_mixin.py:190} INFO - [2025-01-14T02:23:05.980+0000] {dag.py:4180} INFO - Setting next_dagrun for example_external_task_marker_parent to None, run_after=None
[2025-01-14T02:23:06.000+0000] {processor.py:208} INFO - Processing /home/airflow/.local/lib/python3.12/site-packages/airflow/example_dags/example_external_task_marker_dag.py took 0.093 seconds
[2025-01-14T02:23:36.217+0000] {processor.py:186} INFO - Started process (PID=1657) to work on /home/airflow/.local/lib/python3.12/site-packages/airflow/example_dags/example_external_task_marker_dag.py
[2025-01-14T02:23:36.218+0000] {processor.py:914} INFO - Processing file /home/airflow/.local/lib/python3.12/site-packages/airflow/example_dags/example_external_task_marker_dag.py for tasks to queue
[2025-01-14T02:23:36.221+0000] {logging_mixin.py:190} INFO - [2025-01-14T02:23:36.221+0000] {dagbag.py:588} INFO - Filling up the DagBag from /home/airflow/.local/lib/python3.12/site-packages/airflow/example_dags/example_external_task_marker_dag.py
[2025-01-14T02:23:36.227+0000] {processor.py:925} INFO - DAG(s) 'example_external_task_marker_parent', 'example_external_task_marker_child' retrieved from /home/airflow/.local/lib/python3.12/site-packages/airflow/example_dags/example_external_task_marker_dag.py
[2025-01-14T02:23:36.249+0000] {logging_mixin.py:190} INFO - [2025-01-14T02:23:36.249+0000] {dag.py:3239} INFO - Sync 2 DAGs
[2025-01-14T02:23:36.262+0000] {logging_mixin.py:190} INFO - [2025-01-14T02:23:36.262+0000] {dag.py:4180} INFO - Setting next_dagrun for example_external_task_marker_child to None, run_after=None
[2025-01-14T02:23:36.266+0000] {logging_mixin.py:190} INFO - [2025-01-14T02:23:36.266+0000] {dag.py:4180} INFO - Setting next_dagrun for example_external_task_marker_parent to None, run_after=None
[2025-01-14T02:23:36.287+0000] {processor.py:208} INFO - Processing /home/airflow/.local/lib/python3.12/site-packages/airflow/example_dags/example_external_task_marker_dag.py took 0.075 seconds
[2025-01-14T02:24:06.661+0000] {processor.py:186} INFO - Started process (PID=1948) to work on /home/airflow/.local/lib/python3.12/site-packages/airflow/example_dags/example_external_task_marker_dag.py
[2025-01-14T02:24:06.662+0000] {processor.py:914} INFO - Processing file /home/airflow/.local/lib/python3.12/site-packages/airflow/example_dags/example_external_task_marker_dag.py for tasks to queue
[2025-01-14T02:24:06.664+0000] {logging_mixin.py:190} INFO - [2025-01-14T02:24:06.664+0000] {dagbag.py:588} INFO - Filling up the DagBag from /home/airflow/.local/lib/python3.12/site-packages/airflow/example_dags/example_external_task_marker_dag.py
[2025-01-14T02:24:06.672+0000] {processor.py:925} INFO - DAG(s) 'example_external_task_marker_parent', 'example_external_task_marker_child' retrieved from /home/airflow/.local/lib/python3.12/site-packages/airflow/example_dags/example_external_task_marker_dag.py
[2025-01-14T02:24:06.692+0000] {logging_mixin.py:190} INFO - [2025-01-14T02:24:06.692+0000] {dag.py:3239} INFO - Sync 2 DAGs
[2025-01-14T02:24:06.704+0000] {logging_mixin.py:190} INFO - [2025-01-14T02:24:06.704+0000] {dag.py:4180} INFO - Setting next_dagrun for example_external_task_marker_child to None, run_after=None
[2025-01-14T02:24:06.708+0000] {logging_mixin.py:190} INFO - [2025-01-14T02:24:06.707+0000] {dag.py:4180} INFO - Setting next_dagrun for example_external_task_marker_parent to None, run_after=None
[2025-01-14T02:24:06.727+0000] {processor.py:208} INFO - Processing /home/airflow/.local/lib/python3.12/site-packages/airflow/example_dags/example_external_task_marker_dag.py took 0.072 seconds
[2025-01-14T02:24:37.383+0000] {processor.py:186} INFO - Started process (PID=2239) to work on /home/airflow/.local/lib/python3.12/site-packages/airflow/example_dags/example_external_task_marker_dag.py
[2025-01-14T02:24:37.559+0000] {processor.py:914} INFO - Processing file /home/airflow/.local/lib/python3.12/site-packages/airflow/example_dags/example_external_task_marker_dag.py for tasks to queue
[2025-01-14T02:24:37.580+0000] {logging_mixin.py:190} INFO - [2025-01-14T02:24:37.579+0000] {dagbag.py:588} INFO - Filling up the DagBag from /home/airflow/.local/lib/python3.12/site-packages/airflow/example_dags/example_external_task_marker_dag.py
[2025-01-14T02:24:37.596+0000] {processor.py:925} INFO - DAG(s) 'example_external_task_marker_child', 'example_external_task_marker_parent' retrieved from /home/airflow/.local/lib/python3.12/site-packages/airflow/example_dags/example_external_task_marker_dag.py
[2025-01-14T02:24:37.627+0000] {logging_mixin.py:190} INFO - [2025-01-14T02:24:37.627+0000] {dag.py:3239} INFO - Sync 2 DAGs
[2025-01-14T02:24:37.643+0000] {logging_mixin.py:190} INFO - [2025-01-14T02:24:37.643+0000] {dag.py:4180} INFO - Setting next_dagrun for example_external_task_marker_child to None, run_after=None
[2025-01-14T02:24:37.647+0000] {logging_mixin.py:190} INFO - [2025-01-14T02:24:37.647+0000] {dag.py:4180} INFO - Setting next_dagrun for example_external_task_marker_parent to None, run_after=None
[2025-01-14T02:24:37.670+0000] {processor.py:208} INFO - Processing /home/airflow/.local/lib/python3.12/site-packages/airflow/example_dags/example_external_task_marker_dag.py took 0.292 seconds
[2025-01-14T02:25:08.000+0000] {processor.py:186} INFO - Started process (PID=2530) to work on /home/airflow/.local/lib/python3.12/site-packages/airflow/example_dags/example_external_task_marker_dag.py
[2025-01-14T02:25:08.005+0000] {processor.py:914} INFO - Processing file /home/airflow/.local/lib/python3.12/site-packages/airflow/example_dags/example_external_task_marker_dag.py for tasks to queue
[2025-01-14T02:25:08.010+0000] {logging_mixin.py:190} INFO - [2025-01-14T02:25:08.010+0000] {dagbag.py:588} INFO - Filling up the DagBag from /home/airflow/.local/lib/python3.12/site-packages/airflow/example_dags/example_external_task_marker_dag.py
[2025-01-14T02:25:08.024+0000] {processor.py:925} INFO - DAG(s) 'example_external_task_marker_child', 'example_external_task_marker_parent' retrieved from /home/airflow/.local/lib/python3.12/site-packages/airflow/example_dags/example_external_task_marker_dag.py
[2025-01-14T02:25:08.056+0000] {logging_mixin.py:190} INFO - [2025-01-14T02:25:08.056+0000] {dag.py:3239} INFO - Sync 2 DAGs
[2025-01-14T02:25:08.074+0000] {logging_mixin.py:190} INFO - [2025-01-14T02:25:08.074+0000] {dag.py:4180} INFO - Setting next_dagrun for example_external_task_marker_child to None, run_after=None
[2025-01-14T02:25:08.079+0000] {logging_mixin.py:190} INFO - [2025-01-14T02:25:08.079+0000] {dag.py:4180} INFO - Setting next_dagrun for example_external_task_marker_parent to None, run_after=None
[2025-01-14T02:25:08.100+0000] {processor.py:208} INFO - Processing /home/airflow/.local/lib/python3.12/site-packages/airflow/example_dags/example_external_task_marker_dag.py took 0.106 seconds
[2025-01-14T02:25:38.210+0000] {processor.py:186} INFO - Started process (PID=2821) to work on /home/airflow/.local/lib/python3.12/site-packages/airflow/example_dags/example_external_task_marker_dag.py
[2025-01-14T02:25:38.212+0000] {processor.py:914} INFO - Processing file /home/airflow/.local/lib/python3.12/site-packages/airflow/example_dags/example_external_task_marker_dag.py for tasks to queue
[2025-01-14T02:25:38.215+0000] {logging_mixin.py:190} INFO - [2025-01-14T02:25:38.214+0000] {dagbag.py:588} INFO - Filling up the DagBag from /home/airflow/.local/lib/python3.12/site-packages/airflow/example_dags/example_external_task_marker_dag.py
[2025-01-14T02:25:38.225+0000] {processor.py:925} INFO - DAG(s) 'example_external_task_marker_parent', 'example_external_task_marker_child' retrieved from /home/airflow/.local/lib/python3.12/site-packages/airflow/example_dags/example_external_task_marker_dag.py
[2025-01-14T02:25:38.246+0000] {logging_mixin.py:190} INFO - [2025-01-14T02:25:38.245+0000] {dag.py:3239} INFO - Sync 2 DAGs
[2025-01-14T02:25:38.258+0000] {logging_mixin.py:190} INFO - [2025-01-14T02:25:38.258+0000] {dag.py:4180} INFO - Setting next_dagrun for example_external_task_marker_child to None, run_after=None
[2025-01-14T02:25:38.262+0000] {logging_mixin.py:190} INFO - [2025-01-14T02:25:38.262+0000] {dag.py:4180} INFO - Setting next_dagrun for example_external_task_marker_parent to None, run_after=None
[2025-01-14T02:25:38.283+0000] {processor.py:208} INFO - Processing /home/airflow/.local/lib/python3.12/site-packages/airflow/example_dags/example_external_task_marker_dag.py took 0.079 seconds
[2025-01-14T02:27:07.792+0000] {processor.py:186} INFO - Started process (PID=3116) to work on /home/airflow/.local/lib/python3.12/site-packages/airflow/example_dags/example_external_task_marker_dag.py
[2025-01-14T02:27:07.793+0000] {processor.py:914} INFO - Processing file /home/airflow/.local/lib/python3.12/site-packages/airflow/example_dags/example_external_task_marker_dag.py for tasks to queue
[2025-01-14T02:27:07.795+0000] {logging_mixin.py:190} INFO - [2025-01-14T02:27:07.795+0000] {dagbag.py:588} INFO - Filling up the DagBag from /home/airflow/.local/lib/python3.12/site-packages/airflow/example_dags/example_external_task_marker_dag.py
[2025-01-14T02:27:07.802+0000] {processor.py:925} INFO - DAG(s) 'example_external_task_marker_child', 'example_external_task_marker_parent' retrieved from /home/airflow/.local/lib/python3.12/site-packages/airflow/example_dags/example_external_task_marker_dag.py
[2025-01-14T02:27:07.824+0000] {logging_mixin.py:190} INFO - [2025-01-14T02:27:07.823+0000] {dag.py:3239} INFO - Sync 2 DAGs
[2025-01-14T02:27:08.630+0000] {logging_mixin.py:190} INFO - [2025-01-14T02:27:08.630+0000] {dag.py:4180} INFO - Setting next_dagrun for example_external_task_marker_child to None, run_after=None
[2025-01-14T02:27:08.634+0000] {logging_mixin.py:190} INFO - [2025-01-14T02:27:08.634+0000] {dag.py:4180} INFO - Setting next_dagrun for example_external_task_marker_parent to None, run_after=None
[2025-01-14T02:27:08.682+0000] {processor.py:208} INFO - Processing /home/airflow/.local/lib/python3.12/site-packages/airflow/example_dags/example_external_task_marker_dag.py took 0.102 seconds
[2025-01-14T02:27:38.873+0000] {processor.py:186} INFO - Started process (PID=3404) to work on /home/airflow/.local/lib/python3.12/site-packages/airflow/example_dags/example_external_task_marker_dag.py
[2025-01-14T02:27:38.874+0000] {processor.py:914} INFO - Processing file /home/airflow/.local/lib/python3.12/site-packages/airflow/example_dags/example_external_task_marker_dag.py for tasks to queue
[2025-01-14T02:27:38.877+0000] {logging_mixin.py:190} INFO - [2025-01-14T02:27:38.877+0000] {dagbag.py:588} INFO - Filling up the DagBag from /home/airflow/.local/lib/python3.12/site-packages/airflow/example_dags/example_external_task_marker_dag.py
[2025-01-14T02:27:38.885+0000] {processor.py:925} INFO - DAG(s) 'example_external_task_marker_parent', 'example_external_task_marker_child' retrieved from /home/airflow/.local/lib/python3.12/site-packages/airflow/example_dags/example_external_task_marker_dag.py
[2025-01-14T02:27:38.914+0000] {logging_mixin.py:190} INFO - [2025-01-14T02:27:38.914+0000] {dag.py:3239} INFO - Sync 2 DAGs
[2025-01-14T02:27:38.932+0000] {logging_mixin.py:190} INFO - [2025-01-14T02:27:38.932+0000] {dag.py:4180} INFO - Setting next_dagrun for example_external_task_marker_child to None, run_after=None
[2025-01-14T02:27:38.936+0000] {logging_mixin.py:190} INFO - [2025-01-14T02:27:38.936+0000] {dag.py:4180} INFO - Setting next_dagrun for example_external_task_marker_parent to None, run_after=None
[2025-01-14T02:27:38.967+0000] {processor.py:208} INFO - Processing /home/airflow/.local/lib/python3.12/site-packages/airflow/example_dags/example_external_task_marker_dag.py took 0.100 seconds
[2025-01-14T02:28:09.810+0000] {processor.py:186} INFO - Started process (PID=3695) to work on /home/airflow/.local/lib/python3.12/site-packages/airflow/example_dags/example_external_task_marker_dag.py
[2025-01-14T02:28:09.811+0000] {processor.py:914} INFO - Processing file /home/airflow/.local/lib/python3.12/site-packages/airflow/example_dags/example_external_task_marker_dag.py for tasks to queue
[2025-01-14T02:28:09.813+0000] {logging_mixin.py:190} INFO - [2025-01-14T02:28:09.812+0000] {dagbag.py:588} INFO - Filling up the DagBag from /home/airflow/.local/lib/python3.12/site-packages/airflow/example_dags/example_external_task_marker_dag.py
[2025-01-14T02:28:09.819+0000] {processor.py:925} INFO - DAG(s) 'example_external_task_marker_child', 'example_external_task_marker_parent' retrieved from /home/airflow/.local/lib/python3.12/site-packages/airflow/example_dags/example_external_task_marker_dag.py
[2025-01-14T02:28:09.839+0000] {logging_mixin.py:190} INFO - [2025-01-14T02:28:09.839+0000] {dag.py:3239} INFO - Sync 2 DAGs
[2025-01-14T02:28:09.850+0000] {logging_mixin.py:190} INFO - [2025-01-14T02:28:09.850+0000] {dag.py:4180} INFO - Setting next_dagrun for example_external_task_marker_child to None, run_after=None
[2025-01-14T02:28:09.853+0000] {logging_mixin.py:190} INFO - [2025-01-14T02:28:09.853+0000] {dag.py:4180} INFO - Setting next_dagrun for example_external_task_marker_parent to None, run_after=None
[2025-01-14T02:28:09.871+0000] {processor.py:208} INFO - Processing /home/airflow/.local/lib/python3.12/site-packages/airflow/example_dags/example_external_task_marker_dag.py took 0.066 seconds
[2025-01-14T02:28:40.124+0000] {processor.py:186} INFO - Started process (PID=3986) to work on /home/airflow/.local/lib/python3.12/site-packages/airflow/example_dags/example_external_task_marker_dag.py
[2025-01-14T02:28:40.127+0000] {processor.py:914} INFO - Processing file /home/airflow/.local/lib/python3.12/site-packages/airflow/example_dags/example_external_task_marker_dag.py for tasks to queue
[2025-01-14T02:28:40.131+0000] {logging_mixin.py:190} INFO - [2025-01-14T02:28:40.130+0000] {dagbag.py:588} INFO - Filling up the DagBag from /home/airflow/.local/lib/python3.12/site-packages/airflow/example_dags/example_external_task_marker_dag.py
[2025-01-14T02:28:40.139+0000] {processor.py:925} INFO - DAG(s) 'example_external_task_marker_child', 'example_external_task_marker_parent' retrieved from /home/airflow/.local/lib/python3.12/site-packages/airflow/example_dags/example_external_task_marker_dag.py
[2025-01-14T02:28:40.162+0000] {logging_mixin.py:190} INFO - [2025-01-14T02:28:40.161+0000] {dag.py:3239} INFO - Sync 2 DAGs
[2025-01-14T02:28:40.175+0000] {logging_mixin.py:190} INFO - [2025-01-14T02:28:40.174+0000] {dag.py:4180} INFO - Setting next_dagrun for example_external_task_marker_child to None, run_after=None
[2025-01-14T02:28:40.179+0000] {logging_mixin.py:190} INFO - [2025-01-14T02:28:40.178+0000] {dag.py:4180} INFO - Setting next_dagrun for example_external_task_marker_parent to None, run_after=None
[2025-01-14T02:28:40.199+0000] {processor.py:208} INFO - Processing /home/airflow/.local/lib/python3.12/site-packages/airflow/example_dags/example_external_task_marker_dag.py took 0.082 seconds
