[2025-01-14T02:21:12.162+0000] {processor.py:186} INFO - Started process (PID=405) to work on /home/airflow/.local/lib/python3.12/site-packages/airflow/example_dags/example_branch_labels.py
[2025-01-14T02:21:12.163+0000] {processor.py:914} INFO - Processing file /home/airflow/.local/lib/python3.12/site-packages/airflow/example_dags/example_branch_labels.py for tasks to queue
[2025-01-14T02:21:12.166+0000] {logging_mixin.py:190} INFO - [2025-01-14T02:21:12.165+0000] {dagbag.py:588} INFO - Filling up the DagBag from /home/airflow/.local/lib/python3.12/site-packages/airflow/example_dags/example_branch_labels.py
[2025-01-14T02:21:12.174+0000] {processor.py:925} INFO - DAG(s) 'example_branch_labels' retrieved from /home/airflow/.local/lib/python3.12/site-packages/airflow/example_dags/example_branch_labels.py
[2025-01-14T02:21:12.266+0000] {logging_mixin.py:190} INFO - [2025-01-14T02:21:12.265+0000] {override.py:1911} INFO - Created Permission View: can read on DAG:example_branch_labels
[2025-01-14T02:21:12.283+0000] {logging_mixin.py:190} INFO - [2025-01-14T02:21:12.282+0000] {override.py:1911} INFO - Created Permission View: can delete on DAG:example_branch_labels
[2025-01-14T02:21:12.294+0000] {logging_mixin.py:190} INFO - [2025-01-14T02:21:12.293+0000] {override.py:1911} INFO - Created Permission View: can edit on DAG:example_branch_labels
[2025-01-14T02:21:12.304+0000] {logging_mixin.py:190} INFO - [2025-01-14T02:21:12.304+0000] {override.py:1911} INFO - Created Permission View: can read on DAG Run:example_branch_labels
[2025-01-14T02:21:12.311+0000] {logging_mixin.py:190} INFO - [2025-01-14T02:21:12.310+0000] {override.py:1911} INFO - Created Permission View: menu access on DAG Run:example_branch_labels
[2025-01-14T02:21:12.318+0000] {logging_mixin.py:190} INFO - [2025-01-14T02:21:12.317+0000] {override.py:1911} INFO - Created Permission View: can create on DAG Run:example_branch_labels
[2025-01-14T02:21:12.325+0000] {logging_mixin.py:190} INFO - [2025-01-14T02:21:12.325+0000] {override.py:1911} INFO - Created Permission View: can delete on DAG Run:example_branch_labels
[2025-01-14T02:21:12.325+0000] {logging_mixin.py:190} INFO - [2025-01-14T02:21:12.325+0000] {dag.py:3239} INFO - Sync 1 DAGs
[2025-01-14T02:21:12.335+0000] {logging_mixin.py:190} INFO - [2025-01-14T02:21:12.335+0000] {dag.py:3262} INFO - Creating ORM DAG for example_branch_labels
[2025-01-14T02:21:12.343+0000] {logging_mixin.py:190} INFO - [2025-01-14T02:21:12.343+0000] {dag.py:4180} INFO - Setting next_dagrun for example_branch_labels to 2025-01-13 00:00:00+00:00, run_after=2025-01-14 00:00:00+00:00
[2025-01-14T02:21:12.359+0000] {processor.py:208} INFO - Processing /home/airflow/.local/lib/python3.12/site-packages/airflow/example_dags/example_branch_labels.py took 0.202 seconds
[2025-01-14T02:21:43.094+0000] {processor.py:186} INFO - Started process (PID=696) to work on /home/airflow/.local/lib/python3.12/site-packages/airflow/example_dags/example_branch_labels.py
[2025-01-14T02:21:43.095+0000] {processor.py:914} INFO - Processing file /home/airflow/.local/lib/python3.12/site-packages/airflow/example_dags/example_branch_labels.py for tasks to queue
[2025-01-14T02:21:43.097+0000] {logging_mixin.py:190} INFO - [2025-01-14T02:21:43.097+0000] {dagbag.py:588} INFO - Filling up the DagBag from /home/airflow/.local/lib/python3.12/site-packages/airflow/example_dags/example_branch_labels.py
[2025-01-14T02:21:43.106+0000] {processor.py:925} INFO - DAG(s) 'example_branch_labels' retrieved from /home/airflow/.local/lib/python3.12/site-packages/airflow/example_dags/example_branch_labels.py
[2025-01-14T02:21:43.125+0000] {logging_mixin.py:190} INFO - [2025-01-14T02:21:43.124+0000] {dag.py:3239} INFO - Sync 1 DAGs
[2025-01-14T02:21:43.146+0000] {logging_mixin.py:190} INFO - [2025-01-14T02:21:43.146+0000] {dag.py:4180} INFO - Setting next_dagrun for example_branch_labels to 2025-01-13 00:00:00+00:00, run_after=2025-01-14 00:00:00+00:00
[2025-01-14T02:21:43.163+0000] {processor.py:208} INFO - Processing /home/airflow/.local/lib/python3.12/site-packages/airflow/example_dags/example_branch_labels.py took 0.074 seconds
[2025-01-14T02:22:13.982+0000] {processor.py:186} INFO - Started process (PID=989) to work on /home/airflow/.local/lib/python3.12/site-packages/airflow/example_dags/example_branch_labels.py
[2025-01-14T02:22:13.983+0000] {processor.py:914} INFO - Processing file /home/airflow/.local/lib/python3.12/site-packages/airflow/example_dags/example_branch_labels.py for tasks to queue
[2025-01-14T02:22:13.986+0000] {logging_mixin.py:190} INFO - [2025-01-14T02:22:13.986+0000] {dagbag.py:588} INFO - Filling up the DagBag from /home/airflow/.local/lib/python3.12/site-packages/airflow/example_dags/example_branch_labels.py
[2025-01-14T02:22:13.997+0000] {processor.py:925} INFO - DAG(s) 'example_branch_labels' retrieved from /home/airflow/.local/lib/python3.12/site-packages/airflow/example_dags/example_branch_labels.py
[2025-01-14T02:22:14.018+0000] {logging_mixin.py:190} INFO - [2025-01-14T02:22:14.018+0000] {dag.py:3239} INFO - Sync 1 DAGs
[2025-01-14T02:22:14.038+0000] {logging_mixin.py:190} INFO - [2025-01-14T02:22:14.038+0000] {dag.py:4180} INFO - Setting next_dagrun for example_branch_labels to 2025-01-13 00:00:00+00:00, run_after=2025-01-14 00:00:00+00:00
[2025-01-14T02:22:14.058+0000] {processor.py:208} INFO - Processing /home/airflow/.local/lib/python3.12/site-packages/airflow/example_dags/example_branch_labels.py took 0.082 seconds
[2025-01-14T02:22:44.440+0000] {processor.py:186} INFO - Started process (PID=1278) to work on /home/airflow/.local/lib/python3.12/site-packages/airflow/example_dags/example_branch_labels.py
[2025-01-14T02:22:44.442+0000] {processor.py:914} INFO - Processing file /home/airflow/.local/lib/python3.12/site-packages/airflow/example_dags/example_branch_labels.py for tasks to queue
[2025-01-14T02:22:44.444+0000] {logging_mixin.py:190} INFO - [2025-01-14T02:22:44.444+0000] {dagbag.py:588} INFO - Filling up the DagBag from /home/airflow/.local/lib/python3.12/site-packages/airflow/example_dags/example_branch_labels.py
[2025-01-14T02:22:44.454+0000] {processor.py:925} INFO - DAG(s) 'example_branch_labels' retrieved from /home/airflow/.local/lib/python3.12/site-packages/airflow/example_dags/example_branch_labels.py
[2025-01-14T02:22:44.473+0000] {logging_mixin.py:190} INFO - [2025-01-14T02:22:44.473+0000] {dag.py:3239} INFO - Sync 1 DAGs
[2025-01-14T02:22:44.495+0000] {logging_mixin.py:190} INFO - [2025-01-14T02:22:44.495+0000] {dag.py:4180} INFO - Setting next_dagrun for example_branch_labels to 2025-01-13 00:00:00+00:00, run_after=2025-01-14 00:00:00+00:00
[2025-01-14T02:22:44.517+0000] {processor.py:208} INFO - Processing /home/airflow/.local/lib/python3.12/site-packages/airflow/example_dags/example_branch_labels.py took 0.082 seconds
[2025-01-14T02:23:14.628+0000] {processor.py:186} INFO - Started process (PID=1564) to work on /home/airflow/.local/lib/python3.12/site-packages/airflow/example_dags/example_branch_labels.py
[2025-01-14T02:23:14.630+0000] {processor.py:914} INFO - Processing file /home/airflow/.local/lib/python3.12/site-packages/airflow/example_dags/example_branch_labels.py for tasks to queue
[2025-01-14T02:23:14.632+0000] {logging_mixin.py:190} INFO - [2025-01-14T02:23:14.631+0000] {dagbag.py:588} INFO - Filling up the DagBag from /home/airflow/.local/lib/python3.12/site-packages/airflow/example_dags/example_branch_labels.py
[2025-01-14T02:23:14.640+0000] {processor.py:925} INFO - DAG(s) 'example_branch_labels' retrieved from /home/airflow/.local/lib/python3.12/site-packages/airflow/example_dags/example_branch_labels.py
[2025-01-14T02:23:14.659+0000] {logging_mixin.py:190} INFO - [2025-01-14T02:23:14.658+0000] {dag.py:3239} INFO - Sync 1 DAGs
[2025-01-14T02:23:14.683+0000] {logging_mixin.py:190} INFO - [2025-01-14T02:23:14.683+0000] {dag.py:4180} INFO - Setting next_dagrun for example_branch_labels to 2025-01-13 00:00:00+00:00, run_after=2025-01-14 00:00:00+00:00
[2025-01-14T02:23:14.709+0000] {processor.py:208} INFO - Processing /home/airflow/.local/lib/python3.12/site-packages/airflow/example_dags/example_branch_labels.py took 0.086 seconds
[2025-01-14T02:23:45.645+0000] {processor.py:186} INFO - Started process (PID=1855) to work on /home/airflow/.local/lib/python3.12/site-packages/airflow/example_dags/example_branch_labels.py
[2025-01-14T02:23:45.647+0000] {processor.py:914} INFO - Processing file /home/airflow/.local/lib/python3.12/site-packages/airflow/example_dags/example_branch_labels.py for tasks to queue
[2025-01-14T02:23:45.649+0000] {logging_mixin.py:190} INFO - [2025-01-14T02:23:45.649+0000] {dagbag.py:588} INFO - Filling up the DagBag from /home/airflow/.local/lib/python3.12/site-packages/airflow/example_dags/example_branch_labels.py
[2025-01-14T02:23:45.658+0000] {processor.py:925} INFO - DAG(s) 'example_branch_labels' retrieved from /home/airflow/.local/lib/python3.12/site-packages/airflow/example_dags/example_branch_labels.py
[2025-01-14T02:23:45.675+0000] {logging_mixin.py:190} INFO - [2025-01-14T02:23:45.675+0000] {dag.py:3239} INFO - Sync 1 DAGs
[2025-01-14T02:23:45.695+0000] {logging_mixin.py:190} INFO - [2025-01-14T02:23:45.694+0000] {dag.py:4180} INFO - Setting next_dagrun for example_branch_labels to 2025-01-13 00:00:00+00:00, run_after=2025-01-14 00:00:00+00:00
[2025-01-14T02:23:45.717+0000] {processor.py:208} INFO - Processing /home/airflow/.local/lib/python3.12/site-packages/airflow/example_dags/example_branch_labels.py took 0.077 seconds
[2025-01-14T02:24:19.864+0000] {processor.py:186} INFO - Started process (PID=2151) to work on /home/airflow/.local/lib/python3.12/site-packages/airflow/example_dags/example_branch_labels.py
[2025-01-14T02:24:19.911+0000] {processor.py:914} INFO - Processing file /home/airflow/.local/lib/python3.12/site-packages/airflow/example_dags/example_branch_labels.py for tasks to queue
[2025-01-14T02:24:19.974+0000] {logging_mixin.py:190} INFO - [2025-01-14T02:24:19.974+0000] {dagbag.py:588} INFO - Filling up the DagBag from /home/airflow/.local/lib/python3.12/site-packages/airflow/example_dags/example_branch_labels.py
[2025-01-14T02:24:20.048+0000] {processor.py:925} INFO - DAG(s) 'example_branch_labels' retrieved from /home/airflow/.local/lib/python3.12/site-packages/airflow/example_dags/example_branch_labels.py
[2025-01-14T02:24:20.095+0000] {logging_mixin.py:190} INFO - [2025-01-14T02:24:20.094+0000] {dag.py:3239} INFO - Sync 1 DAGs
[2025-01-14T02:24:20.123+0000] {logging_mixin.py:190} INFO - [2025-01-14T02:24:20.122+0000] {dag.py:4180} INFO - Setting next_dagrun for example_branch_labels to 2025-01-13 00:00:00+00:00, run_after=2025-01-14 00:00:00+00:00
[2025-01-14T02:24:20.166+0000] {processor.py:208} INFO - Processing /home/airflow/.local/lib/python3.12/site-packages/airflow/example_dags/example_branch_labels.py took 0.309 seconds
[2025-01-14T02:24:50.457+0000] {processor.py:186} INFO - Started process (PID=2448) to work on /home/airflow/.local/lib/python3.12/site-packages/airflow/example_dags/example_branch_labels.py
[2025-01-14T02:24:50.467+0000] {processor.py:914} INFO - Processing file /home/airflow/.local/lib/python3.12/site-packages/airflow/example_dags/example_branch_labels.py for tasks to queue
[2025-01-14T02:24:50.481+0000] {logging_mixin.py:190} INFO - [2025-01-14T02:24:50.480+0000] {dagbag.py:588} INFO - Filling up the DagBag from /home/airflow/.local/lib/python3.12/site-packages/airflow/example_dags/example_branch_labels.py
[2025-01-14T02:24:50.492+0000] {processor.py:925} INFO - DAG(s) 'example_branch_labels' retrieved from /home/airflow/.local/lib/python3.12/site-packages/airflow/example_dags/example_branch_labels.py
[2025-01-14T02:24:50.512+0000] {logging_mixin.py:190} INFO - [2025-01-14T02:24:50.511+0000] {dag.py:3239} INFO - Sync 1 DAGs
[2025-01-14T02:24:50.538+0000] {logging_mixin.py:190} INFO - [2025-01-14T02:24:50.538+0000] {dag.py:4180} INFO - Setting next_dagrun for example_branch_labels to 2025-01-13 00:00:00+00:00, run_after=2025-01-14 00:00:00+00:00
[2025-01-14T02:24:50.579+0000] {processor.py:208} INFO - Processing /home/airflow/.local/lib/python3.12/site-packages/airflow/example_dags/example_branch_labels.py took 0.129 seconds
[2025-01-14T02:25:21.684+0000] {processor.py:186} INFO - Started process (PID=2739) to work on /home/airflow/.local/lib/python3.12/site-packages/airflow/example_dags/example_branch_labels.py
[2025-01-14T02:25:21.686+0000] {processor.py:914} INFO - Processing file /home/airflow/.local/lib/python3.12/site-packages/airflow/example_dags/example_branch_labels.py for tasks to queue
[2025-01-14T02:25:21.689+0000] {logging_mixin.py:190} INFO - [2025-01-14T02:25:21.689+0000] {dagbag.py:588} INFO - Filling up the DagBag from /home/airflow/.local/lib/python3.12/site-packages/airflow/example_dags/example_branch_labels.py
[2025-01-14T02:25:21.706+0000] {processor.py:925} INFO - DAG(s) 'example_branch_labels' retrieved from /home/airflow/.local/lib/python3.12/site-packages/airflow/example_dags/example_branch_labels.py
[2025-01-14T02:25:21.730+0000] {logging_mixin.py:190} INFO - [2025-01-14T02:25:21.730+0000] {dag.py:3239} INFO - Sync 1 DAGs
[2025-01-14T02:25:21.750+0000] {logging_mixin.py:190} INFO - [2025-01-14T02:25:21.750+0000] {dag.py:4180} INFO - Setting next_dagrun for example_branch_labels to 2025-01-13 00:00:00+00:00, run_after=2025-01-14 00:00:00+00:00
[2025-01-14T02:25:21.773+0000] {processor.py:208} INFO - Processing /home/airflow/.local/lib/python3.12/site-packages/airflow/example_dags/example_branch_labels.py took 0.096 seconds
[2025-01-14T02:25:52.804+0000] {processor.py:186} INFO - Started process (PID=3031) to work on /home/airflow/.local/lib/python3.12/site-packages/airflow/example_dags/example_branch_labels.py
[2025-01-14T02:25:52.808+0000] {processor.py:914} INFO - Processing file /home/airflow/.local/lib/python3.12/site-packages/airflow/example_dags/example_branch_labels.py for tasks to queue
[2025-01-14T02:25:52.818+0000] {logging_mixin.py:190} INFO - [2025-01-14T02:25:52.817+0000] {dagbag.py:588} INFO - Filling up the DagBag from /home/airflow/.local/lib/python3.12/site-packages/airflow/example_dags/example_branch_labels.py
[2025-01-14T02:25:52.839+0000] {processor.py:925} INFO - DAG(s) 'example_branch_labels' retrieved from /home/airflow/.local/lib/python3.12/site-packages/airflow/example_dags/example_branch_labels.py
[2025-01-14T02:25:52.888+0000] {logging_mixin.py:190} INFO - [2025-01-14T02:25:52.888+0000] {dag.py:3239} INFO - Sync 1 DAGs
[2025-01-14T02:25:52.954+0000] {logging_mixin.py:190} INFO - [2025-01-14T02:25:52.954+0000] {dag.py:4180} INFO - Setting next_dagrun for example_branch_labels to 2025-01-13 00:00:00+00:00, run_after=2025-01-14 00:00:00+00:00
[2025-01-14T02:25:52.982+0000] {processor.py:208} INFO - Processing /home/airflow/.local/lib/python3.12/site-packages/airflow/example_dags/example_branch_labels.py took 0.185 seconds
[2025-01-14T02:27:14.342+0000] {processor.py:186} INFO - Started process (PID=3316) to work on /home/airflow/.local/lib/python3.12/site-packages/airflow/example_dags/example_branch_labels.py
[2025-01-14T02:27:14.345+0000] {processor.py:914} INFO - Processing file /home/airflow/.local/lib/python3.12/site-packages/airflow/example_dags/example_branch_labels.py for tasks to queue
[2025-01-14T02:27:14.351+0000] {logging_mixin.py:190} INFO - [2025-01-14T02:27:14.351+0000] {dagbag.py:588} INFO - Filling up the DagBag from /home/airflow/.local/lib/python3.12/site-packages/airflow/example_dags/example_branch_labels.py
[2025-01-14T02:27:14.366+0000] {processor.py:925} INFO - DAG(s) 'example_branch_labels' retrieved from /home/airflow/.local/lib/python3.12/site-packages/airflow/example_dags/example_branch_labels.py
[2025-01-14T02:27:14.399+0000] {logging_mixin.py:190} INFO - [2025-01-14T02:27:14.398+0000] {dag.py:3239} INFO - Sync 1 DAGs
[2025-01-14T02:27:14.433+0000] {logging_mixin.py:190} INFO - [2025-01-14T02:27:14.432+0000] {dag.py:4180} INFO - Setting next_dagrun for example_branch_labels to 2025-01-13 00:00:00+00:00, run_after=2025-01-14 00:00:00+00:00
[2025-01-14T02:27:14.462+0000] {processor.py:208} INFO - Processing /home/airflow/.local/lib/python3.12/site-packages/airflow/example_dags/example_branch_labels.py took 0.127 seconds
[2025-01-14T02:27:44.695+0000] {processor.py:186} INFO - Started process (PID=3607) to work on /home/airflow/.local/lib/python3.12/site-packages/airflow/example_dags/example_branch_labels.py
[2025-01-14T02:27:44.696+0000] {processor.py:914} INFO - Processing file /home/airflow/.local/lib/python3.12/site-packages/airflow/example_dags/example_branch_labels.py for tasks to queue
[2025-01-14T02:27:44.698+0000] {logging_mixin.py:190} INFO - [2025-01-14T02:27:44.698+0000] {dagbag.py:588} INFO - Filling up the DagBag from /home/airflow/.local/lib/python3.12/site-packages/airflow/example_dags/example_branch_labels.py
[2025-01-14T02:27:44.708+0000] {processor.py:925} INFO - DAG(s) 'example_branch_labels' retrieved from /home/airflow/.local/lib/python3.12/site-packages/airflow/example_dags/example_branch_labels.py
[2025-01-14T02:27:44.728+0000] {logging_mixin.py:190} INFO - [2025-01-14T02:27:44.728+0000] {dag.py:3239} INFO - Sync 1 DAGs
[2025-01-14T02:27:44.769+0000] {logging_mixin.py:190} INFO - [2025-01-14T02:27:44.768+0000] {dag.py:4180} INFO - Setting next_dagrun for example_branch_labels to 2025-01-13 00:00:00+00:00, run_after=2025-01-14 00:00:00+00:00
[2025-01-14T02:27:44.797+0000] {processor.py:208} INFO - Processing /home/airflow/.local/lib/python3.12/site-packages/airflow/example_dags/example_branch_labels.py took 0.107 seconds
[2025-01-14T02:28:15.611+0000] {processor.py:186} INFO - Started process (PID=3898) to work on /home/airflow/.local/lib/python3.12/site-packages/airflow/example_dags/example_branch_labels.py
[2025-01-14T02:28:15.612+0000] {processor.py:914} INFO - Processing file /home/airflow/.local/lib/python3.12/site-packages/airflow/example_dags/example_branch_labels.py for tasks to queue
[2025-01-14T02:28:15.614+0000] {logging_mixin.py:190} INFO - [2025-01-14T02:28:15.614+0000] {dagbag.py:588} INFO - Filling up the DagBag from /home/airflow/.local/lib/python3.12/site-packages/airflow/example_dags/example_branch_labels.py
[2025-01-14T02:28:15.622+0000] {processor.py:925} INFO - DAG(s) 'example_branch_labels' retrieved from /home/airflow/.local/lib/python3.12/site-packages/airflow/example_dags/example_branch_labels.py
[2025-01-14T02:28:15.639+0000] {logging_mixin.py:190} INFO - [2025-01-14T02:28:15.639+0000] {dag.py:3239} INFO - Sync 1 DAGs
[2025-01-14T02:28:15.656+0000] {logging_mixin.py:190} INFO - [2025-01-14T02:28:15.656+0000] {dag.py:4180} INFO - Setting next_dagrun for example_branch_labels to 2025-01-13 00:00:00+00:00, run_after=2025-01-14 00:00:00+00:00
[2025-01-14T02:28:15.675+0000] {processor.py:208} INFO - Processing /home/airflow/.local/lib/python3.12/site-packages/airflow/example_dags/example_branch_labels.py took 0.068 seconds
[2025-01-14T02:28:47.776+0000] {processor.py:186} INFO - Started process (PID=4251) to work on /home/airflow/.local/lib/python3.12/site-packages/airflow/example_dags/example_branch_labels.py
[2025-01-14T02:28:47.777+0000] {processor.py:914} INFO - Processing file /home/airflow/.local/lib/python3.12/site-packages/airflow/example_dags/example_branch_labels.py for tasks to queue
[2025-01-14T02:28:47.781+0000] {logging_mixin.py:190} INFO - [2025-01-14T02:28:47.780+0000] {dagbag.py:588} INFO - Filling up the DagBag from /home/airflow/.local/lib/python3.12/site-packages/airflow/example_dags/example_branch_labels.py
[2025-01-14T02:28:47.793+0000] {processor.py:925} INFO - DAG(s) 'example_branch_labels' retrieved from /home/airflow/.local/lib/python3.12/site-packages/airflow/example_dags/example_branch_labels.py
[2025-01-14T02:28:47.819+0000] {logging_mixin.py:190} INFO - [2025-01-14T02:28:47.818+0000] {dag.py:3239} INFO - Sync 1 DAGs
[2025-01-14T02:28:47.846+0000] {logging_mixin.py:190} INFO - [2025-01-14T02:28:47.846+0000] {dag.py:4180} INFO - Setting next_dagrun for example_branch_labels to 2025-01-13 00:00:00+00:00, run_after=2025-01-14 00:00:00+00:00
[2025-01-14T02:28:47.873+0000] {processor.py:208} INFO - Processing /home/airflow/.local/lib/python3.12/site-packages/airflow/example_dags/example_branch_labels.py took 0.103 seconds
