[2025-01-14T02:21:06.867+0000] {processor.py:186} INFO - Started process (PID=285) to work on /home/airflow/.local/lib/python3.12/site-packages/airflow/example_dags/example_complex.py
[2025-01-14T02:21:06.869+0000] {processor.py:914} INFO - Processing file /home/airflow/.local/lib/python3.12/site-packages/airflow/example_dags/example_complex.py for tasks to queue
[2025-01-14T02:21:06.871+0000] {logging_mixin.py:190} INFO - [2025-01-14T02:21:06.871+0000] {dagbag.py:588} INFO - Filling up the DagBag from /home/airflow/.local/lib/python3.12/site-packages/airflow/example_dags/example_complex.py
[2025-01-14T02:21:06.884+0000] {processor.py:925} INFO - DAG(s) 'example_complex' retrieved from /home/airflow/.local/lib/python3.12/site-packages/airflow/example_dags/example_complex.py
[2025-01-14T02:21:06.978+0000] {logging_mixin.py:190} INFO - [2025-01-14T02:21:06.977+0000] {override.py:1911} INFO - Created Permission View: can read on DAG:example_complex
[2025-01-14T02:21:06.988+0000] {logging_mixin.py:190} INFO - [2025-01-14T02:21:06.988+0000] {override.py:1911} INFO - Created Permission View: can delete on DAG:example_complex
[2025-01-14T02:21:06.996+0000] {logging_mixin.py:190} INFO - [2025-01-14T02:21:06.996+0000] {override.py:1911} INFO - Created Permission View: can edit on DAG:example_complex
[2025-01-14T02:21:07.008+0000] {logging_mixin.py:190} INFO - [2025-01-14T02:21:07.007+0000] {override.py:1911} INFO - Created Permission View: can read on DAG Run:example_complex
[2025-01-14T02:21:07.015+0000] {logging_mixin.py:190} INFO - [2025-01-14T02:21:07.015+0000] {override.py:1911} INFO - Created Permission View: menu access on DAG Run:example_complex
[2025-01-14T02:21:07.023+0000] {logging_mixin.py:190} INFO - [2025-01-14T02:21:07.023+0000] {override.py:1911} INFO - Created Permission View: can create on DAG Run:example_complex
[2025-01-14T02:21:07.031+0000] {logging_mixin.py:190} INFO - [2025-01-14T02:21:07.030+0000] {override.py:1911} INFO - Created Permission View: can delete on DAG Run:example_complex
[2025-01-14T02:21:07.031+0000] {logging_mixin.py:190} INFO - [2025-01-14T02:21:07.031+0000] {dag.py:3239} INFO - Sync 1 DAGs
[2025-01-14T02:21:07.042+0000] {logging_mixin.py:190} INFO - [2025-01-14T02:21:07.041+0000] {dag.py:3262} INFO - Creating ORM DAG for example_complex
[2025-01-14T02:21:07.043+0000] {logging_mixin.py:190} INFO - [2025-01-14T02:21:07.043+0000] {dag.py:4180} INFO - Setting next_dagrun for example_complex to None, run_after=None
[2025-01-14T02:21:07.060+0000] {processor.py:208} INFO - Processing /home/airflow/.local/lib/python3.12/site-packages/airflow/example_dags/example_complex.py took 0.198 seconds
[2025-01-14T02:21:37.488+0000] {processor.py:186} INFO - Started process (PID=576) to work on /home/airflow/.local/lib/python3.12/site-packages/airflow/example_dags/example_complex.py
[2025-01-14T02:21:37.489+0000] {processor.py:914} INFO - Processing file /home/airflow/.local/lib/python3.12/site-packages/airflow/example_dags/example_complex.py for tasks to queue
[2025-01-14T02:21:37.491+0000] {logging_mixin.py:190} INFO - [2025-01-14T02:21:37.491+0000] {dagbag.py:588} INFO - Filling up the DagBag from /home/airflow/.local/lib/python3.12/site-packages/airflow/example_dags/example_complex.py
[2025-01-14T02:21:37.501+0000] {processor.py:925} INFO - DAG(s) 'example_complex' retrieved from /home/airflow/.local/lib/python3.12/site-packages/airflow/example_dags/example_complex.py
[2025-01-14T02:21:37.527+0000] {logging_mixin.py:190} INFO - [2025-01-14T02:21:37.526+0000] {dag.py:3239} INFO - Sync 1 DAGs
[2025-01-14T02:21:37.538+0000] {logging_mixin.py:190} INFO - [2025-01-14T02:21:37.538+0000] {dag.py:4180} INFO - Setting next_dagrun for example_complex to None, run_after=None
[2025-01-14T02:21:37.557+0000] {processor.py:208} INFO - Processing /home/airflow/.local/lib/python3.12/site-packages/airflow/example_dags/example_complex.py took 0.075 seconds
[2025-01-14T02:22:07.774+0000] {processor.py:186} INFO - Started process (PID=867) to work on /home/airflow/.local/lib/python3.12/site-packages/airflow/example_dags/example_complex.py
[2025-01-14T02:22:07.775+0000] {processor.py:914} INFO - Processing file /home/airflow/.local/lib/python3.12/site-packages/airflow/example_dags/example_complex.py for tasks to queue
[2025-01-14T02:22:07.777+0000] {logging_mixin.py:190} INFO - [2025-01-14T02:22:07.777+0000] {dagbag.py:588} INFO - Filling up the DagBag from /home/airflow/.local/lib/python3.12/site-packages/airflow/example_dags/example_complex.py
[2025-01-14T02:22:07.790+0000] {processor.py:925} INFO - DAG(s) 'example_complex' retrieved from /home/airflow/.local/lib/python3.12/site-packages/airflow/example_dags/example_complex.py
[2025-01-14T02:22:07.817+0000] {logging_mixin.py:190} INFO - [2025-01-14T02:22:07.816+0000] {dag.py:3239} INFO - Sync 1 DAGs
[2025-01-14T02:22:07.830+0000] {logging_mixin.py:190} INFO - [2025-01-14T02:22:07.829+0000] {dag.py:4180} INFO - Setting next_dagrun for example_complex to None, run_after=None
[2025-01-14T02:22:07.849+0000] {processor.py:208} INFO - Processing /home/airflow/.local/lib/python3.12/site-packages/airflow/example_dags/example_complex.py took 0.080 seconds
[2025-01-14T02:22:38.689+0000] {processor.py:186} INFO - Started process (PID=1158) to work on /home/airflow/.local/lib/python3.12/site-packages/airflow/example_dags/example_complex.py
[2025-01-14T02:22:38.690+0000] {processor.py:914} INFO - Processing file /home/airflow/.local/lib/python3.12/site-packages/airflow/example_dags/example_complex.py for tasks to queue
[2025-01-14T02:22:38.692+0000] {logging_mixin.py:190} INFO - [2025-01-14T02:22:38.692+0000] {dagbag.py:588} INFO - Filling up the DagBag from /home/airflow/.local/lib/python3.12/site-packages/airflow/example_dags/example_complex.py
[2025-01-14T02:22:38.701+0000] {processor.py:925} INFO - DAG(s) 'example_complex' retrieved from /home/airflow/.local/lib/python3.12/site-packages/airflow/example_dags/example_complex.py
[2025-01-14T02:22:38.726+0000] {logging_mixin.py:190} INFO - [2025-01-14T02:22:38.726+0000] {dag.py:3239} INFO - Sync 1 DAGs
[2025-01-14T02:22:38.737+0000] {logging_mixin.py:190} INFO - [2025-01-14T02:22:38.737+0000] {dag.py:4180} INFO - Setting next_dagrun for example_complex to None, run_after=None
[2025-01-14T02:22:38.756+0000] {processor.py:208} INFO - Processing /home/airflow/.local/lib/python3.12/site-packages/airflow/example_dags/example_complex.py took 0.072 seconds
[2025-01-14T02:23:07.781+0000] {processor.py:186} INFO - Started process (PID=1449) to work on /home/airflow/.local/lib/python3.12/site-packages/airflow/example_dags/example_complex.py
[2025-01-14T02:23:07.782+0000] {processor.py:914} INFO - Processing file /home/airflow/.local/lib/python3.12/site-packages/airflow/example_dags/example_complex.py for tasks to queue
[2025-01-14T02:23:07.785+0000] {logging_mixin.py:190} INFO - [2025-01-14T02:23:07.784+0000] {dagbag.py:588} INFO - Filling up the DagBag from /home/airflow/.local/lib/python3.12/site-packages/airflow/example_dags/example_complex.py
[2025-01-14T02:23:07.797+0000] {processor.py:925} INFO - DAG(s) 'example_complex' retrieved from /home/airflow/.local/lib/python3.12/site-packages/airflow/example_dags/example_complex.py
[2025-01-14T02:23:07.825+0000] {logging_mixin.py:190} INFO - [2025-01-14T02:23:07.824+0000] {dag.py:3239} INFO - Sync 1 DAGs
[2025-01-14T02:23:07.838+0000] {logging_mixin.py:190} INFO - [2025-01-14T02:23:07.838+0000] {dag.py:4180} INFO - Setting next_dagrun for example_complex to None, run_after=None
[2025-01-14T02:23:07.859+0000] {processor.py:208} INFO - Processing /home/airflow/.local/lib/python3.12/site-packages/airflow/example_dags/example_complex.py took 0.086 seconds
[2025-01-14T02:23:38.308+0000] {processor.py:186} INFO - Started process (PID=1710) to work on /home/airflow/.local/lib/python3.12/site-packages/airflow/example_dags/example_complex.py
[2025-01-14T02:23:38.313+0000] {processor.py:914} INFO - Processing file /home/airflow/.local/lib/python3.12/site-packages/airflow/example_dags/example_complex.py for tasks to queue
[2025-01-14T02:23:38.324+0000] {logging_mixin.py:190} INFO - [2025-01-14T02:23:38.323+0000] {dagbag.py:588} INFO - Filling up the DagBag from /home/airflow/.local/lib/python3.12/site-packages/airflow/example_dags/example_complex.py
[2025-01-14T02:23:38.338+0000] {processor.py:925} INFO - DAG(s) 'example_complex' retrieved from /home/airflow/.local/lib/python3.12/site-packages/airflow/example_dags/example_complex.py
[2025-01-14T02:23:38.371+0000] {logging_mixin.py:190} INFO - [2025-01-14T02:23:38.371+0000] {dag.py:3239} INFO - Sync 1 DAGs
[2025-01-14T02:23:38.383+0000] {logging_mixin.py:190} INFO - [2025-01-14T02:23:38.383+0000] {dag.py:4180} INFO - Setting next_dagrun for example_complex to None, run_after=None
[2025-01-14T02:23:38.408+0000] {processor.py:208} INFO - Processing /home/airflow/.local/lib/python3.12/site-packages/airflow/example_dags/example_complex.py took 0.108 seconds
[2025-01-14T02:24:08.517+0000] {processor.py:186} INFO - Started process (PID=1996) to work on /home/airflow/.local/lib/python3.12/site-packages/airflow/example_dags/example_complex.py
[2025-01-14T02:24:08.518+0000] {processor.py:914} INFO - Processing file /home/airflow/.local/lib/python3.12/site-packages/airflow/example_dags/example_complex.py for tasks to queue
[2025-01-14T02:24:08.520+0000] {logging_mixin.py:190} INFO - [2025-01-14T02:24:08.520+0000] {dagbag.py:588} INFO - Filling up the DagBag from /home/airflow/.local/lib/python3.12/site-packages/airflow/example_dags/example_complex.py
[2025-01-14T02:24:08.529+0000] {processor.py:925} INFO - DAG(s) 'example_complex' retrieved from /home/airflow/.local/lib/python3.12/site-packages/airflow/example_dags/example_complex.py
[2025-01-14T02:24:08.556+0000] {logging_mixin.py:190} INFO - [2025-01-14T02:24:08.556+0000] {dag.py:3239} INFO - Sync 1 DAGs
[2025-01-14T02:24:08.569+0000] {logging_mixin.py:190} INFO - [2025-01-14T02:24:08.569+0000] {dag.py:4180} INFO - Setting next_dagrun for example_complex to None, run_after=None
[2025-01-14T02:24:08.588+0000] {processor.py:208} INFO - Processing /home/airflow/.local/lib/python3.12/site-packages/airflow/example_dags/example_complex.py took 0.076 seconds
[2025-01-14T02:24:40.181+0000] {processor.py:186} INFO - Started process (PID=2287) to work on /home/airflow/.local/lib/python3.12/site-packages/airflow/example_dags/example_complex.py
[2025-01-14T02:24:40.183+0000] {processor.py:914} INFO - Processing file /home/airflow/.local/lib/python3.12/site-packages/airflow/example_dags/example_complex.py for tasks to queue
[2025-01-14T02:24:40.189+0000] {logging_mixin.py:190} INFO - [2025-01-14T02:24:40.189+0000] {dagbag.py:588} INFO - Filling up the DagBag from /home/airflow/.local/lib/python3.12/site-packages/airflow/example_dags/example_complex.py
[2025-01-14T02:24:40.204+0000] {processor.py:925} INFO - DAG(s) 'example_complex' retrieved from /home/airflow/.local/lib/python3.12/site-packages/airflow/example_dags/example_complex.py
[2025-01-14T02:24:40.237+0000] {logging_mixin.py:190} INFO - [2025-01-14T02:24:40.236+0000] {dag.py:3239} INFO - Sync 1 DAGs
[2025-01-14T02:24:40.266+0000] {logging_mixin.py:190} INFO - [2025-01-14T02:24:40.265+0000] {dag.py:4180} INFO - Setting next_dagrun for example_complex to None, run_after=None
[2025-01-14T02:24:40.297+0000] {processor.py:208} INFO - Processing /home/airflow/.local/lib/python3.12/site-packages/airflow/example_dags/example_complex.py took 0.121 seconds
[2025-01-14T02:25:11.061+0000] {processor.py:186} INFO - Started process (PID=2578) to work on /home/airflow/.local/lib/python3.12/site-packages/airflow/example_dags/example_complex.py
[2025-01-14T02:25:11.062+0000] {processor.py:914} INFO - Processing file /home/airflow/.local/lib/python3.12/site-packages/airflow/example_dags/example_complex.py for tasks to queue
[2025-01-14T02:25:11.065+0000] {logging_mixin.py:190} INFO - [2025-01-14T02:25:11.065+0000] {dagbag.py:588} INFO - Filling up the DagBag from /home/airflow/.local/lib/python3.12/site-packages/airflow/example_dags/example_complex.py
[2025-01-14T02:25:11.077+0000] {processor.py:925} INFO - DAG(s) 'example_complex' retrieved from /home/airflow/.local/lib/python3.12/site-packages/airflow/example_dags/example_complex.py
[2025-01-14T02:25:11.104+0000] {logging_mixin.py:190} INFO - [2025-01-14T02:25:11.104+0000] {dag.py:3239} INFO - Sync 1 DAGs
[2025-01-14T02:25:11.123+0000] {logging_mixin.py:190} INFO - [2025-01-14T02:25:11.123+0000] {dag.py:4180} INFO - Setting next_dagrun for example_complex to None, run_after=None
[2025-01-14T02:25:11.149+0000] {processor.py:208} INFO - Processing /home/airflow/.local/lib/python3.12/site-packages/airflow/example_dags/example_complex.py took 0.095 seconds
[2025-01-14T02:25:42.034+0000] {processor.py:186} INFO - Started process (PID=2869) to work on /home/airflow/.local/lib/python3.12/site-packages/airflow/example_dags/example_complex.py
[2025-01-14T02:25:42.037+0000] {processor.py:914} INFO - Processing file /home/airflow/.local/lib/python3.12/site-packages/airflow/example_dags/example_complex.py for tasks to queue
[2025-01-14T02:25:42.041+0000] {logging_mixin.py:190} INFO - [2025-01-14T02:25:42.040+0000] {dagbag.py:588} INFO - Filling up the DagBag from /home/airflow/.local/lib/python3.12/site-packages/airflow/example_dags/example_complex.py
[2025-01-14T02:25:42.056+0000] {processor.py:925} INFO - DAG(s) 'example_complex' retrieved from /home/airflow/.local/lib/python3.12/site-packages/airflow/example_dags/example_complex.py
[2025-01-14T02:25:42.083+0000] {logging_mixin.py:190} INFO - [2025-01-14T02:25:42.083+0000] {dag.py:3239} INFO - Sync 1 DAGs
[2025-01-14T02:25:42.097+0000] {logging_mixin.py:190} INFO - [2025-01-14T02:25:42.096+0000] {dag.py:4180} INFO - Setting next_dagrun for example_complex to None, run_after=None
[2025-01-14T02:25:42.117+0000] {processor.py:208} INFO - Processing /home/airflow/.local/lib/python3.12/site-packages/airflow/example_dags/example_complex.py took 0.089 seconds
[2025-01-14T02:27:10.818+0000] {processor.py:186} INFO - Started process (PID=3196) to work on /home/airflow/.local/lib/python3.12/site-packages/airflow/example_dags/example_complex.py
[2025-01-14T02:27:10.819+0000] {processor.py:914} INFO - Processing file /home/airflow/.local/lib/python3.12/site-packages/airflow/example_dags/example_complex.py for tasks to queue
[2025-01-14T02:27:10.822+0000] {logging_mixin.py:190} INFO - [2025-01-14T02:27:10.821+0000] {dagbag.py:588} INFO - Filling up the DagBag from /home/airflow/.local/lib/python3.12/site-packages/airflow/example_dags/example_complex.py
[2025-01-14T02:27:10.836+0000] {processor.py:925} INFO - DAG(s) 'example_complex' retrieved from /home/airflow/.local/lib/python3.12/site-packages/airflow/example_dags/example_complex.py
[2025-01-14T02:27:10.870+0000] {logging_mixin.py:190} INFO - [2025-01-14T02:27:10.869+0000] {dag.py:3239} INFO - Sync 1 DAGs
[2025-01-14T02:27:10.891+0000] {logging_mixin.py:190} INFO - [2025-01-14T02:27:10.891+0000] {dag.py:4180} INFO - Setting next_dagrun for example_complex to None, run_after=None
[2025-01-14T02:27:10.920+0000] {processor.py:208} INFO - Processing /home/airflow/.local/lib/python3.12/site-packages/airflow/example_dags/example_complex.py took 0.109 seconds
[2025-01-14T02:27:41.321+0000] {processor.py:186} INFO - Started process (PID=3487) to work on /home/airflow/.local/lib/python3.12/site-packages/airflow/example_dags/example_complex.py
[2025-01-14T02:27:41.322+0000] {processor.py:914} INFO - Processing file /home/airflow/.local/lib/python3.12/site-packages/airflow/example_dags/example_complex.py for tasks to queue
[2025-01-14T02:27:41.325+0000] {logging_mixin.py:190} INFO - [2025-01-14T02:27:41.324+0000] {dagbag.py:588} INFO - Filling up the DagBag from /home/airflow/.local/lib/python3.12/site-packages/airflow/example_dags/example_complex.py
[2025-01-14T02:27:41.334+0000] {processor.py:925} INFO - DAG(s) 'example_complex' retrieved from /home/airflow/.local/lib/python3.12/site-packages/airflow/example_dags/example_complex.py
[2025-01-14T02:27:41.359+0000] {logging_mixin.py:190} INFO - [2025-01-14T02:27:41.358+0000] {dag.py:3239} INFO - Sync 1 DAGs
[2025-01-14T02:27:41.371+0000] {logging_mixin.py:190} INFO - [2025-01-14T02:27:41.370+0000] {dag.py:4180} INFO - Setting next_dagrun for example_complex to None, run_after=None
[2025-01-14T02:27:41.394+0000] {processor.py:208} INFO - Processing /home/airflow/.local/lib/python3.12/site-packages/airflow/example_dags/example_complex.py took 0.079 seconds
[2025-01-14T02:28:11.876+0000] {processor.py:186} INFO - Started process (PID=3778) to work on /home/airflow/.local/lib/python3.12/site-packages/airflow/example_dags/example_complex.py
[2025-01-14T02:28:11.877+0000] {processor.py:914} INFO - Processing file /home/airflow/.local/lib/python3.12/site-packages/airflow/example_dags/example_complex.py for tasks to queue
[2025-01-14T02:28:11.879+0000] {logging_mixin.py:190} INFO - [2025-01-14T02:28:11.879+0000] {dagbag.py:588} INFO - Filling up the DagBag from /home/airflow/.local/lib/python3.12/site-packages/airflow/example_dags/example_complex.py
[2025-01-14T02:28:11.890+0000] {processor.py:925} INFO - DAG(s) 'example_complex' retrieved from /home/airflow/.local/lib/python3.12/site-packages/airflow/example_dags/example_complex.py
[2025-01-14T02:28:11.916+0000] {logging_mixin.py:190} INFO - [2025-01-14T02:28:11.916+0000] {dag.py:3239} INFO - Sync 1 DAGs
[2025-01-14T02:28:11.930+0000] {logging_mixin.py:190} INFO - [2025-01-14T02:28:11.929+0000] {dag.py:4180} INFO - Setting next_dagrun for example_complex to None, run_after=None
[2025-01-14T02:28:11.950+0000] {processor.py:208} INFO - Processing /home/airflow/.local/lib/python3.12/site-packages/airflow/example_dags/example_complex.py took 0.080 seconds
[2025-01-14T02:28:42.662+0000] {processor.py:186} INFO - Started process (PID=4071) to work on /home/airflow/.local/lib/python3.12/site-packages/airflow/example_dags/example_complex.py
[2025-01-14T02:28:42.663+0000] {processor.py:914} INFO - Processing file /home/airflow/.local/lib/python3.12/site-packages/airflow/example_dags/example_complex.py for tasks to queue
[2025-01-14T02:28:42.665+0000] {logging_mixin.py:190} INFO - [2025-01-14T02:28:42.665+0000] {dagbag.py:588} INFO - Filling up the DagBag from /home/airflow/.local/lib/python3.12/site-packages/airflow/example_dags/example_complex.py
[2025-01-14T02:28:42.675+0000] {processor.py:925} INFO - DAG(s) 'example_complex' retrieved from /home/airflow/.local/lib/python3.12/site-packages/airflow/example_dags/example_complex.py
[2025-01-14T02:28:42.699+0000] {logging_mixin.py:190} INFO - [2025-01-14T02:28:42.699+0000] {dag.py:3239} INFO - Sync 1 DAGs
[2025-01-14T02:28:42.714+0000] {logging_mixin.py:190} INFO - [2025-01-14T02:28:42.714+0000] {dag.py:4180} INFO - Setting next_dagrun for example_complex to None, run_after=None
[2025-01-14T02:28:42.748+0000] {processor.py:208} INFO - Processing /home/airflow/.local/lib/python3.12/site-packages/airflow/example_dags/example_complex.py took 0.091 seconds
