[2025-01-14T02:21:10.227+0000] {processor.py:186} INFO - Started process (PID=345) to work on /home/airflow/.local/lib/python3.12/site-packages/airflow/example_dags/example_latest_only.py
[2025-01-14T02:21:10.228+0000] {processor.py:914} INFO - Processing file /home/airflow/.local/lib/python3.12/site-packages/airflow/example_dags/example_latest_only.py for tasks to queue
[2025-01-14T02:21:10.231+0000] {logging_mixin.py:190} INFO - [2025-01-14T02:21:10.230+0000] {dagbag.py:588} INFO - Filling up the DagBag from /home/airflow/.local/lib/python3.12/site-packages/airflow/example_dags/example_latest_only.py
[2025-01-14T02:21:10.238+0000] {processor.py:925} INFO - DAG(s) 'latest_only' retrieved from /home/airflow/.local/lib/python3.12/site-packages/airflow/example_dags/example_latest_only.py
[2025-01-14T02:21:10.334+0000] {logging_mixin.py:190} INFO - [2025-01-14T02:21:10.333+0000] {override.py:1911} INFO - Created Permission View: can read on DAG:latest_only
[2025-01-14T02:21:10.344+0000] {logging_mixin.py:190} INFO - [2025-01-14T02:21:10.343+0000] {override.py:1911} INFO - Created Permission View: can delete on DAG:latest_only
[2025-01-14T02:21:10.352+0000] {logging_mixin.py:190} INFO - [2025-01-14T02:21:10.352+0000] {override.py:1911} INFO - Created Permission View: can edit on DAG:latest_only
[2025-01-14T02:21:10.362+0000] {logging_mixin.py:190} INFO - [2025-01-14T02:21:10.362+0000] {override.py:1911} INFO - Created Permission View: can read on DAG Run:latest_only
[2025-01-14T02:21:10.369+0000] {logging_mixin.py:190} INFO - [2025-01-14T02:21:10.369+0000] {override.py:1911} INFO - Created Permission View: menu access on DAG Run:latest_only
[2025-01-14T02:21:10.376+0000] {logging_mixin.py:190} INFO - [2025-01-14T02:21:10.376+0000] {override.py:1911} INFO - Created Permission View: can create on DAG Run:latest_only
[2025-01-14T02:21:10.385+0000] {logging_mixin.py:190} INFO - [2025-01-14T02:21:10.385+0000] {override.py:1911} INFO - Created Permission View: can delete on DAG Run:latest_only
[2025-01-14T02:21:10.386+0000] {logging_mixin.py:190} INFO - [2025-01-14T02:21:10.386+0000] {dag.py:3239} INFO - Sync 1 DAGs
[2025-01-14T02:21:10.396+0000] {logging_mixin.py:190} INFO - [2025-01-14T02:21:10.396+0000] {dag.py:3262} INFO - Creating ORM DAG for latest_only
[2025-01-14T02:21:10.404+0000] {logging_mixin.py:190} INFO - [2025-01-14T02:21:10.404+0000] {dag.py:4180} INFO - Setting next_dagrun for latest_only to 2025-01-13 20:00:00+00:00, run_after=2025-01-14 00:00:00+00:00
[2025-01-14T02:21:10.421+0000] {processor.py:208} INFO - Processing /home/airflow/.local/lib/python3.12/site-packages/airflow/example_dags/example_latest_only.py took 0.198 seconds
[2025-01-14T02:21:40.913+0000] {processor.py:186} INFO - Started process (PID=636) to work on /home/airflow/.local/lib/python3.12/site-packages/airflow/example_dags/example_latest_only.py
[2025-01-14T02:21:40.914+0000] {processor.py:914} INFO - Processing file /home/airflow/.local/lib/python3.12/site-packages/airflow/example_dags/example_latest_only.py for tasks to queue
[2025-01-14T02:21:40.916+0000] {logging_mixin.py:190} INFO - [2025-01-14T02:21:40.916+0000] {dagbag.py:588} INFO - Filling up the DagBag from /home/airflow/.local/lib/python3.12/site-packages/airflow/example_dags/example_latest_only.py
[2025-01-14T02:21:40.926+0000] {processor.py:925} INFO - DAG(s) 'latest_only' retrieved from /home/airflow/.local/lib/python3.12/site-packages/airflow/example_dags/example_latest_only.py
[2025-01-14T02:21:40.949+0000] {logging_mixin.py:190} INFO - [2025-01-14T02:21:40.949+0000] {dag.py:3239} INFO - Sync 1 DAGs
[2025-01-14T02:21:40.967+0000] {logging_mixin.py:190} INFO - [2025-01-14T02:21:40.967+0000] {dag.py:4180} INFO - Setting next_dagrun for latest_only to 2025-01-13 20:00:00+00:00, run_after=2025-01-14 00:00:00+00:00
[2025-01-14T02:21:40.984+0000] {processor.py:208} INFO - Processing /home/airflow/.local/lib/python3.12/site-packages/airflow/example_dags/example_latest_only.py took 0.079 seconds
[2025-01-14T02:22:11.505+0000] {processor.py:186} INFO - Started process (PID=922) to work on /home/airflow/.local/lib/python3.12/site-packages/airflow/example_dags/example_latest_only.py
[2025-01-14T02:22:11.507+0000] {processor.py:914} INFO - Processing file /home/airflow/.local/lib/python3.12/site-packages/airflow/example_dags/example_latest_only.py for tasks to queue
[2025-01-14T02:22:11.509+0000] {logging_mixin.py:190} INFO - [2025-01-14T02:22:11.509+0000] {dagbag.py:588} INFO - Filling up the DagBag from /home/airflow/.local/lib/python3.12/site-packages/airflow/example_dags/example_latest_only.py
[2025-01-14T02:22:11.515+0000] {processor.py:925} INFO - DAG(s) 'latest_only' retrieved from /home/airflow/.local/lib/python3.12/site-packages/airflow/example_dags/example_latest_only.py
[2025-01-14T02:22:11.535+0000] {logging_mixin.py:190} INFO - [2025-01-14T02:22:11.534+0000] {dag.py:3239} INFO - Sync 1 DAGs
[2025-01-14T02:22:11.560+0000] {logging_mixin.py:190} INFO - [2025-01-14T02:22:11.559+0000] {dag.py:4180} INFO - Setting next_dagrun for latest_only to 2025-01-13 20:00:00+00:00, run_after=2025-01-14 00:00:00+00:00
[2025-01-14T02:22:11.582+0000] {processor.py:208} INFO - Processing /home/airflow/.local/lib/python3.12/site-packages/airflow/example_dags/example_latest_only.py took 0.082 seconds
[2025-01-14T02:22:41.725+0000] {processor.py:186} INFO - Started process (PID=1213) to work on /home/airflow/.local/lib/python3.12/site-packages/airflow/example_dags/example_latest_only.py
[2025-01-14T02:22:41.726+0000] {processor.py:914} INFO - Processing file /home/airflow/.local/lib/python3.12/site-packages/airflow/example_dags/example_latest_only.py for tasks to queue
[2025-01-14T02:22:41.729+0000] {logging_mixin.py:190} INFO - [2025-01-14T02:22:41.729+0000] {dagbag.py:588} INFO - Filling up the DagBag from /home/airflow/.local/lib/python3.12/site-packages/airflow/example_dags/example_latest_only.py
[2025-01-14T02:22:41.737+0000] {processor.py:925} INFO - DAG(s) 'latest_only' retrieved from /home/airflow/.local/lib/python3.12/site-packages/airflow/example_dags/example_latest_only.py
[2025-01-14T02:22:41.758+0000] {logging_mixin.py:190} INFO - [2025-01-14T02:22:41.758+0000] {dag.py:3239} INFO - Sync 1 DAGs
[2025-01-14T02:22:41.779+0000] {logging_mixin.py:190} INFO - [2025-01-14T02:22:41.778+0000] {dag.py:4180} INFO - Setting next_dagrun for latest_only to 2025-01-13 20:00:00+00:00, run_after=2025-01-14 00:00:00+00:00
[2025-01-14T02:22:41.798+0000] {processor.py:208} INFO - Processing /home/airflow/.local/lib/python3.12/site-packages/airflow/example_dags/example_latest_only.py took 0.080 seconds
[2025-01-14T02:23:12.830+0000] {processor.py:186} INFO - Started process (PID=1504) to work on /home/airflow/.local/lib/python3.12/site-packages/airflow/example_dags/example_latest_only.py
[2025-01-14T02:23:12.831+0000] {processor.py:914} INFO - Processing file /home/airflow/.local/lib/python3.12/site-packages/airflow/example_dags/example_latest_only.py for tasks to queue
[2025-01-14T02:23:12.834+0000] {logging_mixin.py:190} INFO - [2025-01-14T02:23:12.833+0000] {dagbag.py:588} INFO - Filling up the DagBag from /home/airflow/.local/lib/python3.12/site-packages/airflow/example_dags/example_latest_only.py
[2025-01-14T02:23:12.842+0000] {processor.py:925} INFO - DAG(s) 'latest_only' retrieved from /home/airflow/.local/lib/python3.12/site-packages/airflow/example_dags/example_latest_only.py
[2025-01-14T02:23:12.858+0000] {logging_mixin.py:190} INFO - [2025-01-14T02:23:12.858+0000] {dag.py:3239} INFO - Sync 1 DAGs
[2025-01-14T02:23:12.877+0000] {logging_mixin.py:190} INFO - [2025-01-14T02:23:12.877+0000] {dag.py:4180} INFO - Setting next_dagrun for latest_only to 2025-01-13 20:00:00+00:00, run_after=2025-01-14 00:00:00+00:00
[2025-01-14T02:23:12.896+0000] {processor.py:208} INFO - Processing /home/airflow/.local/lib/python3.12/site-packages/airflow/example_dags/example_latest_only.py took 0.072 seconds
[2025-01-14T02:23:43.123+0000] {processor.py:186} INFO - Started process (PID=1792) to work on /home/airflow/.local/lib/python3.12/site-packages/airflow/example_dags/example_latest_only.py
[2025-01-14T02:23:43.125+0000] {processor.py:914} INFO - Processing file /home/airflow/.local/lib/python3.12/site-packages/airflow/example_dags/example_latest_only.py for tasks to queue
[2025-01-14T02:23:43.128+0000] {logging_mixin.py:190} INFO - [2025-01-14T02:23:43.128+0000] {dagbag.py:588} INFO - Filling up the DagBag from /home/airflow/.local/lib/python3.12/site-packages/airflow/example_dags/example_latest_only.py
[2025-01-14T02:23:43.135+0000] {processor.py:925} INFO - DAG(s) 'latest_only' retrieved from /home/airflow/.local/lib/python3.12/site-packages/airflow/example_dags/example_latest_only.py
[2025-01-14T02:23:43.162+0000] {logging_mixin.py:190} INFO - [2025-01-14T02:23:43.161+0000] {dag.py:3239} INFO - Sync 1 DAGs
[2025-01-14T02:23:43.189+0000] {logging_mixin.py:190} INFO - [2025-01-14T02:23:43.189+0000] {dag.py:4180} INFO - Setting next_dagrun for latest_only to 2025-01-13 20:00:00+00:00, run_after=2025-01-14 00:00:00+00:00
[2025-01-14T02:23:43.227+0000] {processor.py:208} INFO - Processing /home/airflow/.local/lib/python3.12/site-packages/airflow/example_dags/example_latest_only.py took 0.112 seconds
[2025-01-14T02:24:14.536+0000] {processor.py:186} INFO - Started process (PID=2086) to work on /home/airflow/.local/lib/python3.12/site-packages/airflow/example_dags/example_latest_only.py
[2025-01-14T02:24:14.645+0000] {processor.py:914} INFO - Processing file /home/airflow/.local/lib/python3.12/site-packages/airflow/example_dags/example_latest_only.py for tasks to queue
[2025-01-14T02:24:14.665+0000] {logging_mixin.py:190} INFO - [2025-01-14T02:24:14.665+0000] {dagbag.py:588} INFO - Filling up the DagBag from /home/airflow/.local/lib/python3.12/site-packages/airflow/example_dags/example_latest_only.py
[2025-01-14T02:24:14.738+0000] {processor.py:925} INFO - DAG(s) 'latest_only' retrieved from /home/airflow/.local/lib/python3.12/site-packages/airflow/example_dags/example_latest_only.py
[2025-01-14T02:24:14.826+0000] {logging_mixin.py:190} INFO - [2025-01-14T02:24:14.826+0000] {dag.py:3239} INFO - Sync 1 DAGs
[2025-01-14T02:24:14.923+0000] {logging_mixin.py:190} INFO - [2025-01-14T02:24:14.923+0000] {dag.py:4180} INFO - Setting next_dagrun for latest_only to 2025-01-13 20:00:00+00:00, run_after=2025-01-14 00:00:00+00:00
[2025-01-14T02:24:15.047+0000] {processor.py:208} INFO - Processing /home/airflow/.local/lib/python3.12/site-packages/airflow/example_dags/example_latest_only.py took 0.518 seconds
[2025-01-14T02:24:46.038+0000] {processor.py:186} INFO - Started process (PID=2374) to work on /home/airflow/.local/lib/python3.12/site-packages/airflow/example_dags/example_latest_only.py
[2025-01-14T02:24:46.057+0000] {processor.py:914} INFO - Processing file /home/airflow/.local/lib/python3.12/site-packages/airflow/example_dags/example_latest_only.py for tasks to queue
[2025-01-14T02:24:46.074+0000] {logging_mixin.py:190} INFO - [2025-01-14T02:24:46.073+0000] {dagbag.py:588} INFO - Filling up the DagBag from /home/airflow/.local/lib/python3.12/site-packages/airflow/example_dags/example_latest_only.py
[2025-01-14T02:24:46.087+0000] {processor.py:925} INFO - DAG(s) 'latest_only' retrieved from /home/airflow/.local/lib/python3.12/site-packages/airflow/example_dags/example_latest_only.py
[2025-01-14T02:24:46.145+0000] {logging_mixin.py:190} INFO - [2025-01-14T02:24:46.144+0000] {dag.py:3239} INFO - Sync 1 DAGs
[2025-01-14T02:24:46.191+0000] {logging_mixin.py:190} INFO - [2025-01-14T02:24:46.191+0000] {dag.py:4180} INFO - Setting next_dagrun for latest_only to 2025-01-13 20:00:00+00:00, run_after=2025-01-14 00:00:00+00:00
[2025-01-14T02:24:46.229+0000] {processor.py:208} INFO - Processing /home/airflow/.local/lib/python3.12/site-packages/airflow/example_dags/example_latest_only.py took 0.197 seconds
[2025-01-14T02:25:16.572+0000] {processor.py:186} INFO - Started process (PID=2665) to work on /home/airflow/.local/lib/python3.12/site-packages/airflow/example_dags/example_latest_only.py
[2025-01-14T02:25:16.580+0000] {processor.py:914} INFO - Processing file /home/airflow/.local/lib/python3.12/site-packages/airflow/example_dags/example_latest_only.py for tasks to queue
[2025-01-14T02:25:16.585+0000] {logging_mixin.py:190} INFO - [2025-01-14T02:25:16.584+0000] {dagbag.py:588} INFO - Filling up the DagBag from /home/airflow/.local/lib/python3.12/site-packages/airflow/example_dags/example_latest_only.py
[2025-01-14T02:25:16.598+0000] {processor.py:925} INFO - DAG(s) 'latest_only' retrieved from /home/airflow/.local/lib/python3.12/site-packages/airflow/example_dags/example_latest_only.py
[2025-01-14T02:25:16.623+0000] {logging_mixin.py:190} INFO - [2025-01-14T02:25:16.622+0000] {dag.py:3239} INFO - Sync 1 DAGs
[2025-01-14T02:25:16.652+0000] {logging_mixin.py:190} INFO - [2025-01-14T02:25:16.652+0000] {dag.py:4180} INFO - Setting next_dagrun for latest_only to 2025-01-13 20:00:00+00:00, run_after=2025-01-14 00:00:00+00:00
[2025-01-14T02:25:16.733+0000] {processor.py:208} INFO - Processing /home/airflow/.local/lib/python3.12/site-packages/airflow/example_dags/example_latest_only.py took 0.168 seconds
[2025-01-14T02:25:47.123+0000] {processor.py:186} INFO - Started process (PID=2963) to work on /home/airflow/.local/lib/python3.12/site-packages/airflow/example_dags/example_latest_only.py
[2025-01-14T02:25:47.125+0000] {processor.py:914} INFO - Processing file /home/airflow/.local/lib/python3.12/site-packages/airflow/example_dags/example_latest_only.py for tasks to queue
[2025-01-14T02:25:47.128+0000] {logging_mixin.py:190} INFO - [2025-01-14T02:25:47.128+0000] {dagbag.py:588} INFO - Filling up the DagBag from /home/airflow/.local/lib/python3.12/site-packages/airflow/example_dags/example_latest_only.py
[2025-01-14T02:25:47.136+0000] {processor.py:925} INFO - DAG(s) 'latest_only' retrieved from /home/airflow/.local/lib/python3.12/site-packages/airflow/example_dags/example_latest_only.py
[2025-01-14T02:25:47.157+0000] {logging_mixin.py:190} INFO - [2025-01-14T02:25:47.157+0000] {dag.py:3239} INFO - Sync 1 DAGs
[2025-01-14T02:25:47.183+0000] {logging_mixin.py:190} INFO - [2025-01-14T02:25:47.182+0000] {dag.py:4180} INFO - Setting next_dagrun for latest_only to 2025-01-13 20:00:00+00:00, run_after=2025-01-14 00:00:00+00:00
[2025-01-14T02:25:47.207+0000] {processor.py:208} INFO - Processing /home/airflow/.local/lib/python3.12/site-packages/airflow/example_dags/example_latest_only.py took 0.090 seconds
[2025-01-14T02:27:12.596+0000] {processor.py:186} INFO - Started process (PID=3256) to work on /home/airflow/.local/lib/python3.12/site-packages/airflow/example_dags/example_latest_only.py
[2025-01-14T02:27:12.598+0000] {processor.py:914} INFO - Processing file /home/airflow/.local/lib/python3.12/site-packages/airflow/example_dags/example_latest_only.py for tasks to queue
[2025-01-14T02:27:12.600+0000] {logging_mixin.py:190} INFO - [2025-01-14T02:27:12.600+0000] {dagbag.py:588} INFO - Filling up the DagBag from /home/airflow/.local/lib/python3.12/site-packages/airflow/example_dags/example_latest_only.py
[2025-01-14T02:27:12.610+0000] {processor.py:925} INFO - DAG(s) 'latest_only' retrieved from /home/airflow/.local/lib/python3.12/site-packages/airflow/example_dags/example_latest_only.py
[2025-01-14T02:27:12.635+0000] {logging_mixin.py:190} INFO - [2025-01-14T02:27:12.635+0000] {dag.py:3239} INFO - Sync 1 DAGs
[2025-01-14T02:27:12.667+0000] {logging_mixin.py:190} INFO - [2025-01-14T02:27:12.667+0000] {dag.py:4180} INFO - Setting next_dagrun for latest_only to 2025-01-13 20:00:00+00:00, run_after=2025-01-14 00:00:00+00:00
[2025-01-14T02:27:12.702+0000] {processor.py:208} INFO - Processing /home/airflow/.local/lib/python3.12/site-packages/airflow/example_dags/example_latest_only.py took 0.112 seconds
[2025-01-14T02:27:43.182+0000] {processor.py:186} INFO - Started process (PID=3542) to work on /home/airflow/.local/lib/python3.12/site-packages/airflow/example_dags/example_latest_only.py
[2025-01-14T02:27:43.183+0000] {processor.py:914} INFO - Processing file /home/airflow/.local/lib/python3.12/site-packages/airflow/example_dags/example_latest_only.py for tasks to queue
[2025-01-14T02:27:43.187+0000] {logging_mixin.py:190} INFO - [2025-01-14T02:27:43.186+0000] {dagbag.py:588} INFO - Filling up the DagBag from /home/airflow/.local/lib/python3.12/site-packages/airflow/example_dags/example_latest_only.py
[2025-01-14T02:27:43.194+0000] {processor.py:925} INFO - DAG(s) 'latest_only' retrieved from /home/airflow/.local/lib/python3.12/site-packages/airflow/example_dags/example_latest_only.py
[2025-01-14T02:27:43.214+0000] {logging_mixin.py:190} INFO - [2025-01-14T02:27:43.214+0000] {dag.py:3239} INFO - Sync 1 DAGs
[2025-01-14T02:27:43.236+0000] {logging_mixin.py:190} INFO - [2025-01-14T02:27:43.236+0000] {dag.py:4180} INFO - Setting next_dagrun for latest_only to 2025-01-13 20:00:00+00:00, run_after=2025-01-14 00:00:00+00:00
[2025-01-14T02:27:43.255+0000] {processor.py:208} INFO - Processing /home/airflow/.local/lib/python3.12/site-packages/airflow/example_dags/example_latest_only.py took 0.080 seconds
[2025-01-14T02:28:13.380+0000] {processor.py:186} INFO - Started process (PID=3830) to work on /home/airflow/.local/lib/python3.12/site-packages/airflow/example_dags/example_latest_only.py
[2025-01-14T02:28:13.381+0000] {processor.py:914} INFO - Processing file /home/airflow/.local/lib/python3.12/site-packages/airflow/example_dags/example_latest_only.py for tasks to queue
[2025-01-14T02:28:13.383+0000] {logging_mixin.py:190} INFO - [2025-01-14T02:28:13.383+0000] {dagbag.py:588} INFO - Filling up the DagBag from /home/airflow/.local/lib/python3.12/site-packages/airflow/example_dags/example_latest_only.py
[2025-01-14T02:28:13.389+0000] {processor.py:925} INFO - DAG(s) 'latest_only' retrieved from /home/airflow/.local/lib/python3.12/site-packages/airflow/example_dags/example_latest_only.py
[2025-01-14T02:28:13.404+0000] {logging_mixin.py:190} INFO - [2025-01-14T02:28:13.404+0000] {dag.py:3239} INFO - Sync 1 DAGs
[2025-01-14T02:28:13.421+0000] {logging_mixin.py:190} INFO - [2025-01-14T02:28:13.421+0000] {dag.py:4180} INFO - Setting next_dagrun for latest_only to 2025-01-13 20:00:00+00:00, run_after=2025-01-14 00:00:00+00:00
[2025-01-14T02:28:13.439+0000] {processor.py:208} INFO - Processing /home/airflow/.local/lib/python3.12/site-packages/airflow/example_dags/example_latest_only.py took 0.064 seconds
[2025-01-14T02:28:43.704+0000] {processor.py:186} INFO - Started process (PID=4121) to work on /home/airflow/.local/lib/python3.12/site-packages/airflow/example_dags/example_latest_only.py
[2025-01-14T02:28:43.705+0000] {processor.py:914} INFO - Processing file /home/airflow/.local/lib/python3.12/site-packages/airflow/example_dags/example_latest_only.py for tasks to queue
[2025-01-14T02:28:43.707+0000] {logging_mixin.py:190} INFO - [2025-01-14T02:28:43.707+0000] {dagbag.py:588} INFO - Filling up the DagBag from /home/airflow/.local/lib/python3.12/site-packages/airflow/example_dags/example_latest_only.py
[2025-01-14T02:28:43.713+0000] {processor.py:925} INFO - DAG(s) 'latest_only' retrieved from /home/airflow/.local/lib/python3.12/site-packages/airflow/example_dags/example_latest_only.py
[2025-01-14T02:28:43.730+0000] {logging_mixin.py:190} INFO - [2025-01-14T02:28:43.729+0000] {dag.py:3239} INFO - Sync 1 DAGs
[2025-01-14T02:28:43.749+0000] {logging_mixin.py:190} INFO - [2025-01-14T02:28:43.749+0000] {dag.py:4180} INFO - Setting next_dagrun for latest_only to 2025-01-13 20:00:00+00:00, run_after=2025-01-14 00:00:00+00:00
[2025-01-14T02:28:43.769+0000] {processor.py:208} INFO - Processing /home/airflow/.local/lib/python3.12/site-packages/airflow/example_dags/example_latest_only.py took 0.073 seconds
