[2025-01-14T02:21:04.603+0000] {processor.py:186} INFO - Started process (PID=220) to work on /home/airflow/.local/lib/python3.12/site-packages/airflow/example_dags/example_dag_decorator.py
[2025-01-14T02:21:04.604+0000] {processor.py:914} INFO - Processing file /home/airflow/.local/lib/python3.12/site-packages/airflow/example_dags/example_dag_decorator.py for tasks to queue
[2025-01-14T02:21:04.606+0000] {logging_mixin.py:190} INFO - [2025-01-14T02:21:04.606+0000] {dagbag.py:588} INFO - Filling up the DagBag from /home/airflow/.local/lib/python3.12/site-packages/airflow/example_dags/example_dag_decorator.py
[2025-01-14T02:21:04.621+0000] {processor.py:925} INFO - DAG(s) 'example_dag_decorator' retrieved from /home/airflow/.local/lib/python3.12/site-packages/airflow/example_dags/example_dag_decorator.py
[2025-01-14T02:21:04.709+0000] {logging_mixin.py:190} INFO - [2025-01-14T02:21:04.708+0000] {override.py:1911} INFO - Created Permission View: can read on DAG:example_dag_decorator
[2025-01-14T02:21:04.722+0000] {logging_mixin.py:190} INFO - [2025-01-14T02:21:04.721+0000] {override.py:1911} INFO - Created Permission View: can delete on DAG:example_dag_decorator
[2025-01-14T02:21:04.730+0000] {logging_mixin.py:190} INFO - [2025-01-14T02:21:04.730+0000] {override.py:1911} INFO - Created Permission View: can edit on DAG:example_dag_decorator
[2025-01-14T02:21:04.742+0000] {logging_mixin.py:190} INFO - [2025-01-14T02:21:04.742+0000] {override.py:1911} INFO - Created Permission View: can read on DAG Run:example_dag_decorator
[2025-01-14T02:21:04.750+0000] {logging_mixin.py:190} INFO - [2025-01-14T02:21:04.750+0000] {override.py:1911} INFO - Created Permission View: menu access on DAG Run:example_dag_decorator
[2025-01-14T02:21:04.758+0000] {logging_mixin.py:190} INFO - [2025-01-14T02:21:04.757+0000] {override.py:1911} INFO - Created Permission View: can create on DAG Run:example_dag_decorator
[2025-01-14T02:21:04.766+0000] {logging_mixin.py:190} INFO - [2025-01-14T02:21:04.766+0000] {override.py:1911} INFO - Created Permission View: can delete on DAG Run:example_dag_decorator
[2025-01-14T02:21:04.767+0000] {logging_mixin.py:190} INFO - [2025-01-14T02:21:04.767+0000] {dag.py:3239} INFO - Sync 1 DAGs
[2025-01-14T02:21:04.779+0000] {logging_mixin.py:190} INFO - [2025-01-14T02:21:04.779+0000] {dag.py:3262} INFO - Creating ORM DAG for example_dag_decorator
[2025-01-14T02:21:04.781+0000] {logging_mixin.py:190} INFO - [2025-01-14T02:21:04.781+0000] {dag.py:4180} INFO - Setting next_dagrun for example_dag_decorator to None, run_after=None
[2025-01-14T02:21:04.798+0000] {processor.py:208} INFO - Processing /home/airflow/.local/lib/python3.12/site-packages/airflow/example_dags/example_dag_decorator.py took 0.200 seconds
[2025-01-14T02:21:35.452+0000] {processor.py:186} INFO - Started process (PID=511) to work on /home/airflow/.local/lib/python3.12/site-packages/airflow/example_dags/example_dag_decorator.py
[2025-01-14T02:21:35.453+0000] {processor.py:914} INFO - Processing file /home/airflow/.local/lib/python3.12/site-packages/airflow/example_dags/example_dag_decorator.py for tasks to queue
[2025-01-14T02:21:35.455+0000] {logging_mixin.py:190} INFO - [2025-01-14T02:21:35.455+0000] {dagbag.py:588} INFO - Filling up the DagBag from /home/airflow/.local/lib/python3.12/site-packages/airflow/example_dags/example_dag_decorator.py
[2025-01-14T02:21:35.466+0000] {processor.py:925} INFO - DAG(s) 'example_dag_decorator' retrieved from /home/airflow/.local/lib/python3.12/site-packages/airflow/example_dags/example_dag_decorator.py
[2025-01-14T02:21:35.551+0000] {logging_mixin.py:190} INFO - [2025-01-14T02:21:35.550+0000] {dag.py:3239} INFO - Sync 1 DAGs
[2025-01-14T02:21:35.561+0000] {logging_mixin.py:190} INFO - [2025-01-14T02:21:35.561+0000] {dag.py:4180} INFO - Setting next_dagrun for example_dag_decorator to None, run_after=None
[2025-01-14T02:21:35.578+0000] {processor.py:208} INFO - Processing /home/airflow/.local/lib/python3.12/site-packages/airflow/example_dags/example_dag_decorator.py took 0.131 seconds
[2025-01-14T02:22:06.542+0000] {processor.py:186} INFO - Started process (PID=802) to work on /home/airflow/.local/lib/python3.12/site-packages/airflow/example_dags/example_dag_decorator.py
[2025-01-14T02:22:06.544+0000] {processor.py:914} INFO - Processing file /home/airflow/.local/lib/python3.12/site-packages/airflow/example_dags/example_dag_decorator.py for tasks to queue
[2025-01-14T02:22:06.546+0000] {logging_mixin.py:190} INFO - [2025-01-14T02:22:06.545+0000] {dagbag.py:588} INFO - Filling up the DagBag from /home/airflow/.local/lib/python3.12/site-packages/airflow/example_dags/example_dag_decorator.py
[2025-01-14T02:22:06.556+0000] {processor.py:925} INFO - DAG(s) 'example_dag_decorator' retrieved from /home/airflow/.local/lib/python3.12/site-packages/airflow/example_dags/example_dag_decorator.py
[2025-01-14T02:22:06.578+0000] {logging_mixin.py:190} INFO - [2025-01-14T02:22:06.578+0000] {dag.py:3239} INFO - Sync 1 DAGs
[2025-01-14T02:22:06.591+0000] {logging_mixin.py:190} INFO - [2025-01-14T02:22:06.590+0000] {dag.py:4180} INFO - Setting next_dagrun for example_dag_decorator to None, run_after=None
[2025-01-14T02:22:06.612+0000] {processor.py:208} INFO - Processing /home/airflow/.local/lib/python3.12/site-packages/airflow/example_dags/example_dag_decorator.py took 0.074 seconds
[2025-01-14T02:22:36.752+0000] {processor.py:186} INFO - Started process (PID=1090) to work on /home/airflow/.local/lib/python3.12/site-packages/airflow/example_dags/example_dag_decorator.py
[2025-01-14T02:22:36.753+0000] {processor.py:914} INFO - Processing file /home/airflow/.local/lib/python3.12/site-packages/airflow/example_dags/example_dag_decorator.py for tasks to queue
[2025-01-14T02:22:36.755+0000] {logging_mixin.py:190} INFO - [2025-01-14T02:22:36.755+0000] {dagbag.py:588} INFO - Filling up the DagBag from /home/airflow/.local/lib/python3.12/site-packages/airflow/example_dags/example_dag_decorator.py
[2025-01-14T02:22:36.765+0000] {processor.py:925} INFO - DAG(s) 'example_dag_decorator' retrieved from /home/airflow/.local/lib/python3.12/site-packages/airflow/example_dags/example_dag_decorator.py
[2025-01-14T02:22:36.860+0000] {logging_mixin.py:190} INFO - [2025-01-14T02:22:36.860+0000] {dag.py:3239} INFO - Sync 1 DAGs
[2025-01-14T02:22:36.870+0000] {logging_mixin.py:190} INFO - [2025-01-14T02:22:36.869+0000] {dag.py:4180} INFO - Setting next_dagrun for example_dag_decorator to None, run_after=None
[2025-01-14T02:22:36.892+0000] {processor.py:208} INFO - Processing /home/airflow/.local/lib/python3.12/site-packages/airflow/example_dags/example_dag_decorator.py took 0.145 seconds
[2025-01-14T02:23:07.113+0000] {processor.py:186} INFO - Started process (PID=1381) to work on /home/airflow/.local/lib/python3.12/site-packages/airflow/example_dags/example_dag_decorator.py
[2025-01-14T02:23:07.115+0000] {processor.py:914} INFO - Processing file /home/airflow/.local/lib/python3.12/site-packages/airflow/example_dags/example_dag_decorator.py for tasks to queue
[2025-01-14T02:23:07.119+0000] {logging_mixin.py:190} INFO - [2025-01-14T02:23:07.118+0000] {dagbag.py:588} INFO - Filling up the DagBag from /home/airflow/.local/lib/python3.12/site-packages/airflow/example_dags/example_dag_decorator.py
[2025-01-14T02:23:07.131+0000] {processor.py:925} INFO - DAG(s) 'example_dag_decorator' retrieved from /home/airflow/.local/lib/python3.12/site-packages/airflow/example_dags/example_dag_decorator.py
[2025-01-14T02:23:07.153+0000] {logging_mixin.py:190} INFO - [2025-01-14T02:23:07.153+0000] {dag.py:3239} INFO - Sync 1 DAGs
[2025-01-14T02:23:07.167+0000] {logging_mixin.py:190} INFO - [2025-01-14T02:23:07.167+0000] {dag.py:4180} INFO - Setting next_dagrun for example_dag_decorator to None, run_after=None
[2025-01-14T02:23:07.186+0000] {processor.py:208} INFO - Processing /home/airflow/.local/lib/python3.12/site-packages/airflow/example_dags/example_dag_decorator.py took 0.080 seconds
[2025-01-14T02:23:37.598+0000] {processor.py:186} INFO - Started process (PID=1672) to work on /home/airflow/.local/lib/python3.12/site-packages/airflow/example_dags/example_dag_decorator.py
[2025-01-14T02:23:37.599+0000] {processor.py:914} INFO - Processing file /home/airflow/.local/lib/python3.12/site-packages/airflow/example_dags/example_dag_decorator.py for tasks to queue
[2025-01-14T02:23:37.602+0000] {logging_mixin.py:190} INFO - [2025-01-14T02:23:37.601+0000] {dagbag.py:588} INFO - Filling up the DagBag from /home/airflow/.local/lib/python3.12/site-packages/airflow/example_dags/example_dag_decorator.py
[2025-01-14T02:23:37.617+0000] {processor.py:925} INFO - DAG(s) 'example_dag_decorator' retrieved from /home/airflow/.local/lib/python3.12/site-packages/airflow/example_dags/example_dag_decorator.py
[2025-01-14T02:23:37.716+0000] {logging_mixin.py:190} INFO - [2025-01-14T02:23:37.716+0000] {dag.py:3239} INFO - Sync 1 DAGs
[2025-01-14T02:23:37.727+0000] {logging_mixin.py:190} INFO - [2025-01-14T02:23:37.727+0000] {dag.py:4180} INFO - Setting next_dagrun for example_dag_decorator to None, run_after=None
[2025-01-14T02:23:37.749+0000] {processor.py:208} INFO - Processing /home/airflow/.local/lib/python3.12/site-packages/airflow/example_dags/example_dag_decorator.py took 0.156 seconds
[2025-01-14T02:24:07.968+0000] {processor.py:186} INFO - Started process (PID=1963) to work on /home/airflow/.local/lib/python3.12/site-packages/airflow/example_dags/example_dag_decorator.py
[2025-01-14T02:24:07.971+0000] {processor.py:914} INFO - Processing file /home/airflow/.local/lib/python3.12/site-packages/airflow/example_dags/example_dag_decorator.py for tasks to queue
[2025-01-14T02:24:07.977+0000] {logging_mixin.py:190} INFO - [2025-01-14T02:24:07.976+0000] {dagbag.py:588} INFO - Filling up the DagBag from /home/airflow/.local/lib/python3.12/site-packages/airflow/example_dags/example_dag_decorator.py
[2025-01-14T02:24:08.002+0000] {processor.py:925} INFO - DAG(s) 'example_dag_decorator' retrieved from /home/airflow/.local/lib/python3.12/site-packages/airflow/example_dags/example_dag_decorator.py
[2025-01-14T02:24:08.122+0000] {logging_mixin.py:190} INFO - [2025-01-14T02:24:08.122+0000] {dag.py:3239} INFO - Sync 1 DAGs
[2025-01-14T02:24:08.134+0000] {logging_mixin.py:190} INFO - [2025-01-14T02:24:08.134+0000] {dag.py:4180} INFO - Setting next_dagrun for example_dag_decorator to None, run_after=None
[2025-01-14T02:24:08.156+0000] {processor.py:208} INFO - Processing /home/airflow/.local/lib/python3.12/site-packages/airflow/example_dags/example_dag_decorator.py took 0.198 seconds
[2025-01-14T02:24:38.768+0000] {processor.py:186} INFO - Started process (PID=2254) to work on /home/airflow/.local/lib/python3.12/site-packages/airflow/example_dags/example_dag_decorator.py
[2025-01-14T02:24:38.769+0000] {processor.py:914} INFO - Processing file /home/airflow/.local/lib/python3.12/site-packages/airflow/example_dags/example_dag_decorator.py for tasks to queue
[2025-01-14T02:24:38.772+0000] {logging_mixin.py:190} INFO - [2025-01-14T02:24:38.772+0000] {dagbag.py:588} INFO - Filling up the DagBag from /home/airflow/.local/lib/python3.12/site-packages/airflow/example_dags/example_dag_decorator.py
[2025-01-14T02:24:38.783+0000] {processor.py:925} INFO - DAG(s) 'example_dag_decorator' retrieved from /home/airflow/.local/lib/python3.12/site-packages/airflow/example_dags/example_dag_decorator.py
[2025-01-14T02:24:38.806+0000] {logging_mixin.py:190} INFO - [2025-01-14T02:24:38.806+0000] {dag.py:3239} INFO - Sync 1 DAGs
[2025-01-14T02:24:38.824+0000] {logging_mixin.py:190} INFO - [2025-01-14T02:24:38.823+0000] {dag.py:4180} INFO - Setting next_dagrun for example_dag_decorator to None, run_after=None
[2025-01-14T02:24:38.859+0000] {processor.py:208} INFO - Processing /home/airflow/.local/lib/python3.12/site-packages/airflow/example_dags/example_dag_decorator.py took 0.096 seconds
[2025-01-14T02:25:09.357+0000] {processor.py:186} INFO - Started process (PID=2545) to work on /home/airflow/.local/lib/python3.12/site-packages/airflow/example_dags/example_dag_decorator.py
[2025-01-14T02:25:09.362+0000] {processor.py:914} INFO - Processing file /home/airflow/.local/lib/python3.12/site-packages/airflow/example_dags/example_dag_decorator.py for tasks to queue
[2025-01-14T02:25:09.373+0000] {logging_mixin.py:190} INFO - [2025-01-14T02:25:09.372+0000] {dagbag.py:588} INFO - Filling up the DagBag from /home/airflow/.local/lib/python3.12/site-packages/airflow/example_dags/example_dag_decorator.py
[2025-01-14T02:25:09.392+0000] {processor.py:925} INFO - DAG(s) 'example_dag_decorator' retrieved from /home/airflow/.local/lib/python3.12/site-packages/airflow/example_dags/example_dag_decorator.py
[2025-01-14T02:25:09.501+0000] {logging_mixin.py:190} INFO - [2025-01-14T02:25:09.501+0000] {dag.py:3239} INFO - Sync 1 DAGs
[2025-01-14T02:25:09.517+0000] {logging_mixin.py:190} INFO - [2025-01-14T02:25:09.517+0000] {dag.py:4180} INFO - Setting next_dagrun for example_dag_decorator to None, run_after=None
[2025-01-14T02:25:09.547+0000] {processor.py:208} INFO - Processing /home/airflow/.local/lib/python3.12/site-packages/airflow/example_dags/example_dag_decorator.py took 0.196 seconds
[2025-01-14T02:25:40.508+0000] {processor.py:186} INFO - Started process (PID=2836) to work on /home/airflow/.local/lib/python3.12/site-packages/airflow/example_dags/example_dag_decorator.py
[2025-01-14T02:25:40.509+0000] {processor.py:914} INFO - Processing file /home/airflow/.local/lib/python3.12/site-packages/airflow/example_dags/example_dag_decorator.py for tasks to queue
[2025-01-14T02:25:40.512+0000] {logging_mixin.py:190} INFO - [2025-01-14T02:25:40.512+0000] {dagbag.py:588} INFO - Filling up the DagBag from /home/airflow/.local/lib/python3.12/site-packages/airflow/example_dags/example_dag_decorator.py
[2025-01-14T02:25:40.524+0000] {processor.py:925} INFO - DAG(s) 'example_dag_decorator' retrieved from /home/airflow/.local/lib/python3.12/site-packages/airflow/example_dags/example_dag_decorator.py
[2025-01-14T02:25:40.640+0000] {logging_mixin.py:190} INFO - [2025-01-14T02:25:40.640+0000] {dag.py:3239} INFO - Sync 1 DAGs
[2025-01-14T02:25:40.653+0000] {logging_mixin.py:190} INFO - [2025-01-14T02:25:40.653+0000] {dag.py:4180} INFO - Setting next_dagrun for example_dag_decorator to None, run_after=None
[2025-01-14T02:25:40.673+0000] {processor.py:208} INFO - Processing /home/airflow/.local/lib/python3.12/site-packages/airflow/example_dags/example_dag_decorator.py took 0.171 seconds
[2025-01-14T02:27:08.104+0000] {processor.py:186} INFO - Started process (PID=3131) to work on /home/airflow/.local/lib/python3.12/site-packages/airflow/example_dags/example_dag_decorator.py
[2025-01-14T02:27:08.105+0000] {processor.py:914} INFO - Processing file /home/airflow/.local/lib/python3.12/site-packages/airflow/example_dags/example_dag_decorator.py for tasks to queue
[2025-01-14T02:27:08.108+0000] {logging_mixin.py:190} INFO - [2025-01-14T02:27:08.107+0000] {dagbag.py:588} INFO - Filling up the DagBag from /home/airflow/.local/lib/python3.12/site-packages/airflow/example_dags/example_dag_decorator.py
[2025-01-14T02:27:08.121+0000] {processor.py:925} INFO - DAG(s) 'example_dag_decorator' retrieved from /home/airflow/.local/lib/python3.12/site-packages/airflow/example_dags/example_dag_decorator.py
[2025-01-14T02:27:08.241+0000] {logging_mixin.py:190} INFO - [2025-01-14T02:27:08.241+0000] {dag.py:3239} INFO - Sync 1 DAGs
[2025-01-14T02:27:08.254+0000] {logging_mixin.py:190} INFO - [2025-01-14T02:27:08.253+0000] {dag.py:4180} INFO - Setting next_dagrun for example_dag_decorator to None, run_after=None
[2025-01-14T02:27:08.324+0000] {processor.py:208} INFO - Processing /home/airflow/.local/lib/python3.12/site-packages/airflow/example_dags/example_dag_decorator.py took 0.225 seconds
[2025-01-14T02:27:39.219+0000] {processor.py:186} INFO - Started process (PID=3419) to work on /home/airflow/.local/lib/python3.12/site-packages/airflow/example_dags/example_dag_decorator.py
[2025-01-14T02:27:39.222+0000] {processor.py:914} INFO - Processing file /home/airflow/.local/lib/python3.12/site-packages/airflow/example_dags/example_dag_decorator.py for tasks to queue
[2025-01-14T02:27:39.226+0000] {logging_mixin.py:190} INFO - [2025-01-14T02:27:39.225+0000] {dagbag.py:588} INFO - Filling up the DagBag from /home/airflow/.local/lib/python3.12/site-packages/airflow/example_dags/example_dag_decorator.py
[2025-01-14T02:27:39.241+0000] {processor.py:925} INFO - DAG(s) 'example_dag_decorator' retrieved from /home/airflow/.local/lib/python3.12/site-packages/airflow/example_dags/example_dag_decorator.py
[2025-01-14T02:27:39.370+0000] {logging_mixin.py:190} INFO - [2025-01-14T02:27:39.370+0000] {dag.py:3239} INFO - Sync 1 DAGs
[2025-01-14T02:27:39.382+0000] {logging_mixin.py:190} INFO - [2025-01-14T02:27:39.382+0000] {dag.py:4180} INFO - Setting next_dagrun for example_dag_decorator to None, run_after=None
[2025-01-14T02:27:39.412+0000] {processor.py:208} INFO - Processing /home/airflow/.local/lib/python3.12/site-packages/airflow/example_dags/example_dag_decorator.py took 0.201 seconds
[2025-01-14T02:28:09.999+0000] {processor.py:186} INFO - Started process (PID=3710) to work on /home/airflow/.local/lib/python3.12/site-packages/airflow/example_dags/example_dag_decorator.py
[2025-01-14T02:28:10.000+0000] {processor.py:914} INFO - Processing file /home/airflow/.local/lib/python3.12/site-packages/airflow/example_dags/example_dag_decorator.py for tasks to queue
[2025-01-14T02:28:10.002+0000] {logging_mixin.py:190} INFO - [2025-01-14T02:28:10.001+0000] {dagbag.py:588} INFO - Filling up the DagBag from /home/airflow/.local/lib/python3.12/site-packages/airflow/example_dags/example_dag_decorator.py
[2025-01-14T02:28:10.011+0000] {processor.py:925} INFO - DAG(s) 'example_dag_decorator' retrieved from /home/airflow/.local/lib/python3.12/site-packages/airflow/example_dags/example_dag_decorator.py
[2025-01-14T02:28:10.098+0000] {logging_mixin.py:190} INFO - [2025-01-14T02:28:10.098+0000] {dag.py:3239} INFO - Sync 1 DAGs
[2025-01-14T02:28:10.107+0000] {logging_mixin.py:190} INFO - [2025-01-14T02:28:10.107+0000] {dag.py:4180} INFO - Setting next_dagrun for example_dag_decorator to None, run_after=None
[2025-01-14T02:28:10.126+0000] {processor.py:208} INFO - Processing /home/airflow/.local/lib/python3.12/site-packages/airflow/example_dags/example_dag_decorator.py took 0.132 seconds
[2025-01-14T02:28:40.545+0000] {processor.py:186} INFO - Started process (PID=4006) to work on /home/airflow/.local/lib/python3.12/site-packages/airflow/example_dags/example_dag_decorator.py
[2025-01-14T02:28:40.546+0000] {processor.py:914} INFO - Processing file /home/airflow/.local/lib/python3.12/site-packages/airflow/example_dags/example_dag_decorator.py for tasks to queue
[2025-01-14T02:28:40.548+0000] {logging_mixin.py:190} INFO - [2025-01-14T02:28:40.548+0000] {dagbag.py:588} INFO - Filling up the DagBag from /home/airflow/.local/lib/python3.12/site-packages/airflow/example_dags/example_dag_decorator.py
[2025-01-14T02:28:40.558+0000] {processor.py:925} INFO - DAG(s) 'example_dag_decorator' retrieved from /home/airflow/.local/lib/python3.12/site-packages/airflow/example_dags/example_dag_decorator.py
[2025-01-14T02:28:40.646+0000] {logging_mixin.py:190} INFO - [2025-01-14T02:28:40.646+0000] {dag.py:3239} INFO - Sync 1 DAGs
[2025-01-14T02:28:40.656+0000] {logging_mixin.py:190} INFO - [2025-01-14T02:28:40.656+0000] {dag.py:4180} INFO - Setting next_dagrun for example_dag_decorator to None, run_after=None
[2025-01-14T02:28:40.676+0000] {processor.py:208} INFO - Processing /home/airflow/.local/lib/python3.12/site-packages/airflow/example_dags/example_dag_decorator.py took 0.136 seconds
