[2025-01-14T02:21:12.870+0000] {processor.py:186} INFO - Started process (PID=430) to work on /home/airflow/.local/lib/python3.12/site-packages/airflow/example_dags/example_branch_python_dop_operator_3.py
[2025-01-14T02:21:12.871+0000] {processor.py:914} INFO - Processing file /home/airflow/.local/lib/python3.12/site-packages/airflow/example_dags/example_branch_python_dop_operator_3.py for tasks to queue
[2025-01-14T02:21:12.873+0000] {logging_mixin.py:190} INFO - [2025-01-14T02:21:12.873+0000] {dagbag.py:588} INFO - Filling up the DagBag from /home/airflow/.local/lib/python3.12/site-packages/airflow/example_dags/example_branch_python_dop_operator_3.py
[2025-01-14T02:21:12.884+0000] {processor.py:925} INFO - DAG(s) 'example_branch_dop_operator_v3' retrieved from /home/airflow/.local/lib/python3.12/site-packages/airflow/example_dags/example_branch_python_dop_operator_3.py
[2025-01-14T02:21:12.989+0000] {logging_mixin.py:190} INFO - [2025-01-14T02:21:12.988+0000] {override.py:1911} INFO - Created Permission View: can read on DAG:example_branch_dop_operator_v3
[2025-01-14T02:21:13.002+0000] {logging_mixin.py:190} INFO - [2025-01-14T02:21:13.002+0000] {override.py:1911} INFO - Created Permission View: can delete on DAG:example_branch_dop_operator_v3
[2025-01-14T02:21:13.013+0000] {logging_mixin.py:190} INFO - [2025-01-14T02:21:13.012+0000] {override.py:1911} INFO - Created Permission View: can edit on DAG:example_branch_dop_operator_v3
[2025-01-14T02:21:13.035+0000] {logging_mixin.py:190} INFO - [2025-01-14T02:21:13.035+0000] {override.py:1911} INFO - Created Permission View: can read on DAG Run:example_branch_dop_operator_v3
[2025-01-14T02:21:13.046+0000] {logging_mixin.py:190} INFO - [2025-01-14T02:21:13.045+0000] {override.py:1911} INFO - Created Permission View: menu access on DAG Run:example_branch_dop_operator_v3
[2025-01-14T02:21:13.055+0000] {logging_mixin.py:190} INFO - [2025-01-14T02:21:13.054+0000] {override.py:1911} INFO - Created Permission View: can create on DAG Run:example_branch_dop_operator_v3
[2025-01-14T02:21:13.063+0000] {logging_mixin.py:190} INFO - [2025-01-14T02:21:13.062+0000] {override.py:1911} INFO - Created Permission View: can delete on DAG Run:example_branch_dop_operator_v3
[2025-01-14T02:21:13.063+0000] {logging_mixin.py:190} INFO - [2025-01-14T02:21:13.063+0000] {dag.py:3239} INFO - Sync 1 DAGs
[2025-01-14T02:21:13.074+0000] {logging_mixin.py:190} INFO - [2025-01-14T02:21:13.074+0000] {dag.py:3262} INFO - Creating ORM DAG for example_branch_dop_operator_v3
[2025-01-14T02:21:13.085+0000] {logging_mixin.py:190} INFO - [2025-01-14T02:21:13.085+0000] {dag.py:4180} INFO - Setting next_dagrun for example_branch_dop_operator_v3 to 2025-01-14 02:20:00+00:00, run_after=2025-01-14 02:21:00+00:00
[2025-01-14T02:21:13.105+0000] {processor.py:208} INFO - Processing /home/airflow/.local/lib/python3.12/site-packages/airflow/example_dags/example_branch_python_dop_operator_3.py took 0.239 seconds
[2025-01-14T02:21:43.418+0000] {processor.py:186} INFO - Started process (PID=721) to work on /home/airflow/.local/lib/python3.12/site-packages/airflow/example_dags/example_branch_python_dop_operator_3.py
[2025-01-14T02:21:43.419+0000] {processor.py:914} INFO - Processing file /home/airflow/.local/lib/python3.12/site-packages/airflow/example_dags/example_branch_python_dop_operator_3.py for tasks to queue
[2025-01-14T02:21:43.421+0000] {logging_mixin.py:190} INFO - [2025-01-14T02:21:43.420+0000] {dagbag.py:588} INFO - Filling up the DagBag from /home/airflow/.local/lib/python3.12/site-packages/airflow/example_dags/example_branch_python_dop_operator_3.py
[2025-01-14T02:21:43.429+0000] {processor.py:925} INFO - DAG(s) 'example_branch_dop_operator_v3' retrieved from /home/airflow/.local/lib/python3.12/site-packages/airflow/example_dags/example_branch_python_dop_operator_3.py
[2025-01-14T02:21:43.444+0000] {logging_mixin.py:190} INFO - [2025-01-14T02:21:43.443+0000] {dag.py:3239} INFO - Sync 1 DAGs
[2025-01-14T02:21:43.467+0000] {logging_mixin.py:190} INFO - [2025-01-14T02:21:43.467+0000] {dag.py:4180} INFO - Setting next_dagrun for example_branch_dop_operator_v3 to 2025-01-14 02:20:00+00:00, run_after=2025-01-14 02:21:00+00:00
[2025-01-14T02:21:43.498+0000] {processor.py:208} INFO - Processing /home/airflow/.local/lib/python3.12/site-packages/airflow/example_dags/example_branch_python_dop_operator_3.py took 0.086 seconds
[2025-01-14T02:22:14.458+0000] {processor.py:186} INFO - Started process (PID=1014) to work on /home/airflow/.local/lib/python3.12/site-packages/airflow/example_dags/example_branch_python_dop_operator_3.py
[2025-01-14T02:22:14.459+0000] {processor.py:914} INFO - Processing file /home/airflow/.local/lib/python3.12/site-packages/airflow/example_dags/example_branch_python_dop_operator_3.py for tasks to queue
[2025-01-14T02:22:14.462+0000] {logging_mixin.py:190} INFO - [2025-01-14T02:22:14.461+0000] {dagbag.py:588} INFO - Filling up the DagBag from /home/airflow/.local/lib/python3.12/site-packages/airflow/example_dags/example_branch_python_dop_operator_3.py
[2025-01-14T02:22:14.470+0000] {processor.py:925} INFO - DAG(s) 'example_branch_dop_operator_v3' retrieved from /home/airflow/.local/lib/python3.12/site-packages/airflow/example_dags/example_branch_python_dop_operator_3.py
[2025-01-14T02:22:14.487+0000] {logging_mixin.py:190} INFO - [2025-01-14T02:22:14.487+0000] {dag.py:3239} INFO - Sync 1 DAGs
[2025-01-14T02:22:14.509+0000] {logging_mixin.py:190} INFO - [2025-01-14T02:22:14.509+0000] {dag.py:4180} INFO - Setting next_dagrun for example_branch_dop_operator_v3 to 2025-01-14 02:21:00+00:00, run_after=2025-01-14 02:22:00+00:00
[2025-01-14T02:22:14.531+0000] {processor.py:208} INFO - Processing /home/airflow/.local/lib/python3.12/site-packages/airflow/example_dags/example_branch_python_dop_operator_3.py took 0.078 seconds
[2025-01-14T02:22:44.802+0000] {processor.py:186} INFO - Started process (PID=1303) to work on /home/airflow/.local/lib/python3.12/site-packages/airflow/example_dags/example_branch_python_dop_operator_3.py
[2025-01-14T02:22:44.807+0000] {processor.py:914} INFO - Processing file /home/airflow/.local/lib/python3.12/site-packages/airflow/example_dags/example_branch_python_dop_operator_3.py for tasks to queue
[2025-01-14T02:22:44.810+0000] {logging_mixin.py:190} INFO - [2025-01-14T02:22:44.809+0000] {dagbag.py:588} INFO - Filling up the DagBag from /home/airflow/.local/lib/python3.12/site-packages/airflow/example_dags/example_branch_python_dop_operator_3.py
[2025-01-14T02:22:44.821+0000] {processor.py:925} INFO - DAG(s) 'example_branch_dop_operator_v3' retrieved from /home/airflow/.local/lib/python3.12/site-packages/airflow/example_dags/example_branch_python_dop_operator_3.py
[2025-01-14T02:22:44.857+0000] {logging_mixin.py:190} INFO - [2025-01-14T02:22:44.857+0000] {dag.py:3239} INFO - Sync 1 DAGs
[2025-01-14T02:22:44.893+0000] {logging_mixin.py:190} INFO - [2025-01-14T02:22:44.893+0000] {dag.py:4180} INFO - Setting next_dagrun for example_branch_dop_operator_v3 to 2025-01-14 02:21:00+00:00, run_after=2025-01-14 02:22:00+00:00
[2025-01-14T02:22:44.913+0000] {processor.py:208} INFO - Processing /home/airflow/.local/lib/python3.12/site-packages/airflow/example_dags/example_branch_python_dop_operator_3.py took 0.116 seconds
[2025-01-14T02:23:15.760+0000] {processor.py:186} INFO - Started process (PID=1594) to work on /home/airflow/.local/lib/python3.12/site-packages/airflow/example_dags/example_branch_python_dop_operator_3.py
[2025-01-14T02:23:15.761+0000] {processor.py:914} INFO - Processing file /home/airflow/.local/lib/python3.12/site-packages/airflow/example_dags/example_branch_python_dop_operator_3.py for tasks to queue
[2025-01-14T02:23:15.765+0000] {logging_mixin.py:190} INFO - [2025-01-14T02:23:15.764+0000] {dagbag.py:588} INFO - Filling up the DagBag from /home/airflow/.local/lib/python3.12/site-packages/airflow/example_dags/example_branch_python_dop_operator_3.py
[2025-01-14T02:23:15.774+0000] {processor.py:925} INFO - DAG(s) 'example_branch_dop_operator_v3' retrieved from /home/airflow/.local/lib/python3.12/site-packages/airflow/example_dags/example_branch_python_dop_operator_3.py
[2025-01-14T02:23:15.790+0000] {logging_mixin.py:190} INFO - [2025-01-14T02:23:15.790+0000] {dag.py:3239} INFO - Sync 1 DAGs
[2025-01-14T02:23:15.811+0000] {logging_mixin.py:190} INFO - [2025-01-14T02:23:15.811+0000] {dag.py:4180} INFO - Setting next_dagrun for example_branch_dop_operator_v3 to 2025-01-14 02:22:00+00:00, run_after=2025-01-14 02:23:00+00:00
[2025-01-14T02:23:15.832+0000] {processor.py:208} INFO - Processing /home/airflow/.local/lib/python3.12/site-packages/airflow/example_dags/example_branch_python_dop_operator_3.py took 0.078 seconds
[2025-01-14T02:23:46.430+0000] {processor.py:186} INFO - Started process (PID=1885) to work on /home/airflow/.local/lib/python3.12/site-packages/airflow/example_dags/example_branch_python_dop_operator_3.py
[2025-01-14T02:23:46.431+0000] {processor.py:914} INFO - Processing file /home/airflow/.local/lib/python3.12/site-packages/airflow/example_dags/example_branch_python_dop_operator_3.py for tasks to queue
[2025-01-14T02:23:46.434+0000] {logging_mixin.py:190} INFO - [2025-01-14T02:23:46.433+0000] {dagbag.py:588} INFO - Filling up the DagBag from /home/airflow/.local/lib/python3.12/site-packages/airflow/example_dags/example_branch_python_dop_operator_3.py
[2025-01-14T02:23:46.442+0000] {processor.py:925} INFO - DAG(s) 'example_branch_dop_operator_v3' retrieved from /home/airflow/.local/lib/python3.12/site-packages/airflow/example_dags/example_branch_python_dop_operator_3.py
[2025-01-14T02:23:46.461+0000] {logging_mixin.py:190} INFO - [2025-01-14T02:23:46.460+0000] {dag.py:3239} INFO - Sync 1 DAGs
[2025-01-14T02:23:46.481+0000] {logging_mixin.py:190} INFO - [2025-01-14T02:23:46.481+0000] {dag.py:4180} INFO - Setting next_dagrun for example_branch_dop_operator_v3 to 2025-01-14 02:22:00+00:00, run_after=2025-01-14 02:23:00+00:00
[2025-01-14T02:23:46.500+0000] {processor.py:208} INFO - Processing /home/airflow/.local/lib/python3.12/site-packages/airflow/example_dags/example_branch_python_dop_operator_3.py took 0.075 seconds
[2025-01-14T02:24:21.350+0000] {processor.py:186} INFO - Started process (PID=2182) to work on /home/airflow/.local/lib/python3.12/site-packages/airflow/example_dags/example_branch_python_dop_operator_3.py
[2025-01-14T02:24:21.360+0000] {processor.py:914} INFO - Processing file /home/airflow/.local/lib/python3.12/site-packages/airflow/example_dags/example_branch_python_dop_operator_3.py for tasks to queue
[2025-01-14T02:24:21.386+0000] {logging_mixin.py:190} INFO - [2025-01-14T02:24:21.386+0000] {dagbag.py:588} INFO - Filling up the DagBag from /home/airflow/.local/lib/python3.12/site-packages/airflow/example_dags/example_branch_python_dop_operator_3.py
[2025-01-14T02:24:21.405+0000] {processor.py:925} INFO - DAG(s) 'example_branch_dop_operator_v3' retrieved from /home/airflow/.local/lib/python3.12/site-packages/airflow/example_dags/example_branch_python_dop_operator_3.py
[2025-01-14T02:24:21.434+0000] {logging_mixin.py:190} INFO - [2025-01-14T02:24:21.433+0000] {dag.py:3239} INFO - Sync 1 DAGs
[2025-01-14T02:24:21.474+0000] {logging_mixin.py:190} INFO - [2025-01-14T02:24:21.474+0000] {dag.py:4180} INFO - Setting next_dagrun for example_branch_dop_operator_v3 to 2025-01-14 02:23:00+00:00, run_after=2025-01-14 02:24:00+00:00
[2025-01-14T02:24:21.528+0000] {processor.py:208} INFO - Processing /home/airflow/.local/lib/python3.12/site-packages/airflow/example_dags/example_branch_python_dop_operator_3.py took 0.184 seconds
[2025-01-14T02:24:51.661+0000] {processor.py:186} INFO - Started process (PID=2475) to work on /home/airflow/.local/lib/python3.12/site-packages/airflow/example_dags/example_branch_python_dop_operator_3.py
[2025-01-14T02:24:51.662+0000] {processor.py:914} INFO - Processing file /home/airflow/.local/lib/python3.12/site-packages/airflow/example_dags/example_branch_python_dop_operator_3.py for tasks to queue
[2025-01-14T02:24:51.665+0000] {logging_mixin.py:190} INFO - [2025-01-14T02:24:51.665+0000] {dagbag.py:588} INFO - Filling up the DagBag from /home/airflow/.local/lib/python3.12/site-packages/airflow/example_dags/example_branch_python_dop_operator_3.py
[2025-01-14T02:24:51.675+0000] {processor.py:925} INFO - DAG(s) 'example_branch_dop_operator_v3' retrieved from /home/airflow/.local/lib/python3.12/site-packages/airflow/example_dags/example_branch_python_dop_operator_3.py
[2025-01-14T02:24:51.695+0000] {logging_mixin.py:190} INFO - [2025-01-14T02:24:51.695+0000] {dag.py:3239} INFO - Sync 1 DAGs
[2025-01-14T02:24:51.722+0000] {logging_mixin.py:190} INFO - [2025-01-14T02:24:51.721+0000] {dag.py:4180} INFO - Setting next_dagrun for example_branch_dop_operator_v3 to 2025-01-14 02:23:00+00:00, run_after=2025-01-14 02:24:00+00:00
[2025-01-14T02:24:51.749+0000] {processor.py:208} INFO - Processing /home/airflow/.local/lib/python3.12/site-packages/airflow/example_dags/example_branch_python_dop_operator_3.py took 0.094 seconds
[2025-01-14T02:25:22.308+0000] {processor.py:186} INFO - Started process (PID=2766) to work on /home/airflow/.local/lib/python3.12/site-packages/airflow/example_dags/example_branch_python_dop_operator_3.py
[2025-01-14T02:25:22.310+0000] {processor.py:914} INFO - Processing file /home/airflow/.local/lib/python3.12/site-packages/airflow/example_dags/example_branch_python_dop_operator_3.py for tasks to queue
[2025-01-14T02:25:22.316+0000] {logging_mixin.py:190} INFO - [2025-01-14T02:25:22.315+0000] {dagbag.py:588} INFO - Filling up the DagBag from /home/airflow/.local/lib/python3.12/site-packages/airflow/example_dags/example_branch_python_dop_operator_3.py
[2025-01-14T02:25:22.330+0000] {processor.py:925} INFO - DAG(s) 'example_branch_dop_operator_v3' retrieved from /home/airflow/.local/lib/python3.12/site-packages/airflow/example_dags/example_branch_python_dop_operator_3.py
[2025-01-14T02:25:22.354+0000] {logging_mixin.py:190} INFO - [2025-01-14T02:25:22.354+0000] {dag.py:3239} INFO - Sync 1 DAGs
[2025-01-14T02:25:22.381+0000] {logging_mixin.py:190} INFO - [2025-01-14T02:25:22.381+0000] {dag.py:4180} INFO - Setting next_dagrun for example_branch_dop_operator_v3 to 2025-01-14 02:24:00+00:00, run_after=2025-01-14 02:25:00+00:00
[2025-01-14T02:25:22.409+0000] {processor.py:208} INFO - Processing /home/airflow/.local/lib/python3.12/site-packages/airflow/example_dags/example_branch_python_dop_operator_3.py took 0.110 seconds
[2025-01-14T02:25:53.225+0000] {processor.py:186} INFO - Started process (PID=3057) to work on /home/airflow/.local/lib/python3.12/site-packages/airflow/example_dags/example_branch_python_dop_operator_3.py
[2025-01-14T02:25:53.227+0000] {processor.py:914} INFO - Processing file /home/airflow/.local/lib/python3.12/site-packages/airflow/example_dags/example_branch_python_dop_operator_3.py for tasks to queue
[2025-01-14T02:25:53.229+0000] {logging_mixin.py:190} INFO - [2025-01-14T02:25:53.229+0000] {dagbag.py:588} INFO - Filling up the DagBag from /home/airflow/.local/lib/python3.12/site-packages/airflow/example_dags/example_branch_python_dop_operator_3.py
[2025-01-14T02:25:53.238+0000] {processor.py:925} INFO - DAG(s) 'example_branch_dop_operator_v3' retrieved from /home/airflow/.local/lib/python3.12/site-packages/airflow/example_dags/example_branch_python_dop_operator_3.py
[2025-01-14T02:25:53.255+0000] {logging_mixin.py:190} INFO - [2025-01-14T02:25:53.255+0000] {dag.py:3239} INFO - Sync 1 DAGs
[2025-01-14T02:25:53.278+0000] {logging_mixin.py:190} INFO - [2025-01-14T02:25:53.278+0000] {dag.py:4180} INFO - Setting next_dagrun for example_branch_dop_operator_v3 to 2025-01-14 02:24:00+00:00, run_after=2025-01-14 02:25:00+00:00
[2025-01-14T02:25:53.300+0000] {processor.py:208} INFO - Processing /home/airflow/.local/lib/python3.12/site-packages/airflow/example_dags/example_branch_python_dop_operator_3.py took 0.079 seconds
[2025-01-14T02:27:14.863+0000] {processor.py:186} INFO - Started process (PID=3341) to work on /home/airflow/.local/lib/python3.12/site-packages/airflow/example_dags/example_branch_python_dop_operator_3.py
[2025-01-14T02:27:14.864+0000] {processor.py:914} INFO - Processing file /home/airflow/.local/lib/python3.12/site-packages/airflow/example_dags/example_branch_python_dop_operator_3.py for tasks to queue
[2025-01-14T02:27:14.868+0000] {logging_mixin.py:190} INFO - [2025-01-14T02:27:14.868+0000] {dagbag.py:588} INFO - Filling up the DagBag from /home/airflow/.local/lib/python3.12/site-packages/airflow/example_dags/example_branch_python_dop_operator_3.py
[2025-01-14T02:27:14.883+0000] {processor.py:925} INFO - DAG(s) 'example_branch_dop_operator_v3' retrieved from /home/airflow/.local/lib/python3.12/site-packages/airflow/example_dags/example_branch_python_dop_operator_3.py
[2025-01-14T02:27:14.916+0000] {logging_mixin.py:190} INFO - [2025-01-14T02:27:14.915+0000] {dag.py:3239} INFO - Sync 1 DAGs
[2025-01-14T02:27:14.961+0000] {logging_mixin.py:190} INFO - [2025-01-14T02:27:14.961+0000] {dag.py:4180} INFO - Setting next_dagrun for example_branch_dop_operator_v3 to 2025-01-14 02:26:00+00:00, run_after=2025-01-14 02:27:00+00:00
[2025-01-14T02:27:14.990+0000] {processor.py:208} INFO - Processing /home/airflow/.local/lib/python3.12/site-packages/airflow/example_dags/example_branch_python_dop_operator_3.py took 0.134 seconds
[2025-01-14T02:27:45.250+0000] {processor.py:186} INFO - Started process (PID=3632) to work on /home/airflow/.local/lib/python3.12/site-packages/airflow/example_dags/example_branch_python_dop_operator_3.py
[2025-01-14T02:27:45.251+0000] {processor.py:914} INFO - Processing file /home/airflow/.local/lib/python3.12/site-packages/airflow/example_dags/example_branch_python_dop_operator_3.py for tasks to queue
[2025-01-14T02:27:45.253+0000] {logging_mixin.py:190} INFO - [2025-01-14T02:27:45.253+0000] {dagbag.py:588} INFO - Filling up the DagBag from /home/airflow/.local/lib/python3.12/site-packages/airflow/example_dags/example_branch_python_dop_operator_3.py
[2025-01-14T02:27:45.262+0000] {processor.py:925} INFO - DAG(s) 'example_branch_dop_operator_v3' retrieved from /home/airflow/.local/lib/python3.12/site-packages/airflow/example_dags/example_branch_python_dop_operator_3.py
[2025-01-14T02:27:45.277+0000] {logging_mixin.py:190} INFO - [2025-01-14T02:27:45.277+0000] {dag.py:3239} INFO - Sync 1 DAGs
[2025-01-14T02:27:45.298+0000] {logging_mixin.py:190} INFO - [2025-01-14T02:27:45.298+0000] {dag.py:4180} INFO - Setting next_dagrun for example_branch_dop_operator_v3 to 2025-01-14 02:26:00+00:00, run_after=2025-01-14 02:27:00+00:00
[2025-01-14T02:27:45.316+0000] {processor.py:208} INFO - Processing /home/airflow/.local/lib/python3.12/site-packages/airflow/example_dags/example_branch_python_dop_operator_3.py took 0.071 seconds
[2025-01-14T02:28:16.103+0000] {processor.py:186} INFO - Started process (PID=3925) to work on /home/airflow/.local/lib/python3.12/site-packages/airflow/example_dags/example_branch_python_dop_operator_3.py
[2025-01-14T02:28:16.104+0000] {processor.py:914} INFO - Processing file /home/airflow/.local/lib/python3.12/site-packages/airflow/example_dags/example_branch_python_dop_operator_3.py for tasks to queue
[2025-01-14T02:28:16.106+0000] {logging_mixin.py:190} INFO - [2025-01-14T02:28:16.106+0000] {dagbag.py:588} INFO - Filling up the DagBag from /home/airflow/.local/lib/python3.12/site-packages/airflow/example_dags/example_branch_python_dop_operator_3.py
[2025-01-14T02:28:16.114+0000] {processor.py:925} INFO - DAG(s) 'example_branch_dop_operator_v3' retrieved from /home/airflow/.local/lib/python3.12/site-packages/airflow/example_dags/example_branch_python_dop_operator_3.py
[2025-01-14T02:28:16.131+0000] {logging_mixin.py:190} INFO - [2025-01-14T02:28:16.130+0000] {dag.py:3239} INFO - Sync 1 DAGs
[2025-01-14T02:28:16.150+0000] {logging_mixin.py:190} INFO - [2025-01-14T02:28:16.150+0000] {dag.py:4180} INFO - Setting next_dagrun for example_branch_dop_operator_v3 to 2025-01-14 02:27:00+00:00, run_after=2025-01-14 02:28:00+00:00
[2025-01-14T02:28:16.166+0000] {processor.py:208} INFO - Processing /home/airflow/.local/lib/python3.12/site-packages/airflow/example_dags/example_branch_python_dop_operator_3.py took 0.068 seconds
[2025-01-14T02:28:48.163+0000] {processor.py:186} INFO - Started process (PID=4256) to work on /home/airflow/.local/lib/python3.12/site-packages/airflow/example_dags/example_branch_python_dop_operator_3.py
[2025-01-14T02:28:48.164+0000] {processor.py:914} INFO - Processing file /home/airflow/.local/lib/python3.12/site-packages/airflow/example_dags/example_branch_python_dop_operator_3.py for tasks to queue
[2025-01-14T02:28:48.166+0000] {logging_mixin.py:190} INFO - [2025-01-14T02:28:48.166+0000] {dagbag.py:588} INFO - Filling up the DagBag from /home/airflow/.local/lib/python3.12/site-packages/airflow/example_dags/example_branch_python_dop_operator_3.py
[2025-01-14T02:28:48.175+0000] {processor.py:925} INFO - DAG(s) 'example_branch_dop_operator_v3' retrieved from /home/airflow/.local/lib/python3.12/site-packages/airflow/example_dags/example_branch_python_dop_operator_3.py
[2025-01-14T02:28:48.196+0000] {logging_mixin.py:190} INFO - [2025-01-14T02:28:48.195+0000] {dag.py:3239} INFO - Sync 1 DAGs
[2025-01-14T02:28:48.230+0000] {logging_mixin.py:190} INFO - [2025-01-14T02:28:48.229+0000] {dag.py:4180} INFO - Setting next_dagrun for example_branch_dop_operator_v3 to 2025-01-14 02:27:00+00:00, run_after=2025-01-14 02:28:00+00:00
[2025-01-14T02:28:48.258+0000] {processor.py:208} INFO - Processing /home/airflow/.local/lib/python3.12/site-packages/airflow/example_dags/example_branch_python_dop_operator_3.py took 0.101 seconds
