[2025-01-14T02:21:06.867+0000] {processor.py:186} INFO - Started process (PID=282) to work on /home/airflow/.local/lib/python3.12/site-packages/airflow/example_dags/example_bash_decorator.py
[2025-01-14T02:21:06.869+0000] {processor.py:914} INFO - Processing file /home/airflow/.local/lib/python3.12/site-packages/airflow/example_dags/example_bash_decorator.py for tasks to queue
[2025-01-14T02:21:06.872+0000] {logging_mixin.py:190} INFO - [2025-01-14T02:21:06.871+0000] {dagbag.py:588} INFO - Filling up the DagBag from /home/airflow/.local/lib/python3.12/site-packages/airflow/example_dags/example_bash_decorator.py
[2025-01-14T02:21:06.887+0000] {processor.py:925} INFO - DAG(s) 'example_bash_decorator' retrieved from /home/airflow/.local/lib/python3.12/site-packages/airflow/example_dags/example_bash_decorator.py
[2025-01-14T02:21:06.980+0000] {logging_mixin.py:190} INFO - [2025-01-14T02:21:06.979+0000] {override.py:1911} INFO - Created Permission View: can read on DAG:example_bash_decorator
[2025-01-14T02:21:06.991+0000] {logging_mixin.py:190} INFO - [2025-01-14T02:21:06.990+0000] {override.py:1911} INFO - Created Permission View: can delete on DAG:example_bash_decorator
[2025-01-14T02:21:06.998+0000] {logging_mixin.py:190} INFO - [2025-01-14T02:21:06.998+0000] {override.py:1911} INFO - Created Permission View: can edit on DAG:example_bash_decorator
[2025-01-14T02:21:07.010+0000] {logging_mixin.py:190} INFO - [2025-01-14T02:21:07.010+0000] {override.py:1911} INFO - Created Permission View: can read on DAG Run:example_bash_decorator
[2025-01-14T02:21:07.018+0000] {logging_mixin.py:190} INFO - [2025-01-14T02:21:07.018+0000] {override.py:1911} INFO - Created Permission View: menu access on DAG Run:example_bash_decorator
[2025-01-14T02:21:07.026+0000] {logging_mixin.py:190} INFO - [2025-01-14T02:21:07.025+0000] {override.py:1911} INFO - Created Permission View: can create on DAG Run:example_bash_decorator
[2025-01-14T02:21:07.033+0000] {logging_mixin.py:190} INFO - [2025-01-14T02:21:07.033+0000] {override.py:1911} INFO - Created Permission View: can delete on DAG Run:example_bash_decorator
[2025-01-14T02:21:07.034+0000] {logging_mixin.py:190} INFO - [2025-01-14T02:21:07.034+0000] {dag.py:3239} INFO - Sync 1 DAGs
[2025-01-14T02:21:07.046+0000] {logging_mixin.py:190} INFO - [2025-01-14T02:21:07.046+0000] {dag.py:3262} INFO - Creating ORM DAG for example_bash_decorator
[2025-01-14T02:21:07.047+0000] {logging_mixin.py:190} INFO - [2025-01-14T02:21:07.047+0000] {dag.py:4180} INFO - Setting next_dagrun for example_bash_decorator to None, run_after=None
[2025-01-14T02:21:07.063+0000] {processor.py:208} INFO - Processing /home/airflow/.local/lib/python3.12/site-packages/airflow/example_dags/example_bash_decorator.py took 0.200 seconds
[2025-01-14T02:21:37.485+0000] {processor.py:186} INFO - Started process (PID=573) to work on /home/airflow/.local/lib/python3.12/site-packages/airflow/example_dags/example_bash_decorator.py
[2025-01-14T02:21:37.487+0000] {processor.py:914} INFO - Processing file /home/airflow/.local/lib/python3.12/site-packages/airflow/example_dags/example_bash_decorator.py for tasks to queue
[2025-01-14T02:21:37.489+0000] {logging_mixin.py:190} INFO - [2025-01-14T02:21:37.489+0000] {dagbag.py:588} INFO - Filling up the DagBag from /home/airflow/.local/lib/python3.12/site-packages/airflow/example_dags/example_bash_decorator.py
[2025-01-14T02:21:37.502+0000] {processor.py:925} INFO - DAG(s) 'example_bash_decorator' retrieved from /home/airflow/.local/lib/python3.12/site-packages/airflow/example_dags/example_bash_decorator.py
[2025-01-14T02:21:37.521+0000] {logging_mixin.py:190} INFO - [2025-01-14T02:21:37.521+0000] {dag.py:3239} INFO - Sync 1 DAGs
[2025-01-14T02:21:37.532+0000] {logging_mixin.py:190} INFO - [2025-01-14T02:21:37.531+0000] {dag.py:4180} INFO - Setting next_dagrun for example_bash_decorator to None, run_after=None
[2025-01-14T02:21:37.551+0000] {processor.py:208} INFO - Processing /home/airflow/.local/lib/python3.12/site-packages/airflow/example_dags/example_bash_decorator.py took 0.071 seconds
[2025-01-14T02:22:07.710+0000] {processor.py:186} INFO - Started process (PID=862) to work on /home/airflow/.local/lib/python3.12/site-packages/airflow/example_dags/example_bash_decorator.py
[2025-01-14T02:22:07.711+0000] {processor.py:914} INFO - Processing file /home/airflow/.local/lib/python3.12/site-packages/airflow/example_dags/example_bash_decorator.py for tasks to queue
[2025-01-14T02:22:07.713+0000] {logging_mixin.py:190} INFO - [2025-01-14T02:22:07.713+0000] {dagbag.py:588} INFO - Filling up the DagBag from /home/airflow/.local/lib/python3.12/site-packages/airflow/example_dags/example_bash_decorator.py
[2025-01-14T02:22:07.726+0000] {processor.py:925} INFO - DAG(s) 'example_bash_decorator' retrieved from /home/airflow/.local/lib/python3.12/site-packages/airflow/example_dags/example_bash_decorator.py
[2025-01-14T02:22:07.744+0000] {logging_mixin.py:190} INFO - [2025-01-14T02:22:07.744+0000] {dag.py:3239} INFO - Sync 1 DAGs
[2025-01-14T02:22:07.758+0000] {logging_mixin.py:190} INFO - [2025-01-14T02:22:07.758+0000] {dag.py:4180} INFO - Setting next_dagrun for example_bash_decorator to None, run_after=None
[2025-01-14T02:22:07.779+0000] {processor.py:208} INFO - Processing /home/airflow/.local/lib/python3.12/site-packages/airflow/example_dags/example_bash_decorator.py took 0.073 seconds
[2025-01-14T02:22:38.675+0000] {processor.py:186} INFO - Started process (PID=1154) to work on /home/airflow/.local/lib/python3.12/site-packages/airflow/example_dags/example_bash_decorator.py
[2025-01-14T02:22:38.677+0000] {processor.py:914} INFO - Processing file /home/airflow/.local/lib/python3.12/site-packages/airflow/example_dags/example_bash_decorator.py for tasks to queue
[2025-01-14T02:22:38.678+0000] {logging_mixin.py:190} INFO - [2025-01-14T02:22:38.678+0000] {dagbag.py:588} INFO - Filling up the DagBag from /home/airflow/.local/lib/python3.12/site-packages/airflow/example_dags/example_bash_decorator.py
[2025-01-14T02:22:38.690+0000] {processor.py:925} INFO - DAG(s) 'example_bash_decorator' retrieved from /home/airflow/.local/lib/python3.12/site-packages/airflow/example_dags/example_bash_decorator.py
[2025-01-14T02:22:38.710+0000] {logging_mixin.py:190} INFO - [2025-01-14T02:22:38.710+0000] {dag.py:3239} INFO - Sync 1 DAGs
[2025-01-14T02:22:38.721+0000] {logging_mixin.py:190} INFO - [2025-01-14T02:22:38.721+0000] {dag.py:4180} INFO - Setting next_dagrun for example_bash_decorator to None, run_after=None
[2025-01-14T02:22:38.739+0000] {processor.py:208} INFO - Processing /home/airflow/.local/lib/python3.12/site-packages/airflow/example_dags/example_bash_decorator.py took 0.068 seconds
[2025-01-14T02:23:07.711+0000] {processor.py:186} INFO - Started process (PID=1444) to work on /home/airflow/.local/lib/python3.12/site-packages/airflow/example_dags/example_bash_decorator.py
[2025-01-14T02:23:07.712+0000] {processor.py:914} INFO - Processing file /home/airflow/.local/lib/python3.12/site-packages/airflow/example_dags/example_bash_decorator.py for tasks to queue
[2025-01-14T02:23:07.715+0000] {logging_mixin.py:190} INFO - [2025-01-14T02:23:07.714+0000] {dagbag.py:588} INFO - Filling up the DagBag from /home/airflow/.local/lib/python3.12/site-packages/airflow/example_dags/example_bash_decorator.py
[2025-01-14T02:23:07.734+0000] {processor.py:925} INFO - DAG(s) 'example_bash_decorator' retrieved from /home/airflow/.local/lib/python3.12/site-packages/airflow/example_dags/example_bash_decorator.py
[2025-01-14T02:23:07.784+0000] {logging_mixin.py:190} INFO - [2025-01-14T02:23:07.783+0000] {dag.py:3239} INFO - Sync 1 DAGs
[2025-01-14T02:23:07.801+0000] {logging_mixin.py:190} INFO - [2025-01-14T02:23:07.801+0000] {dag.py:4180} INFO - Setting next_dagrun for example_bash_decorator to None, run_after=None
[2025-01-14T02:23:07.824+0000] {processor.py:208} INFO - Processing /home/airflow/.local/lib/python3.12/site-packages/airflow/example_dags/example_bash_decorator.py took 0.120 seconds
[2025-01-14T02:23:38.166+0000] {processor.py:186} INFO - Started process (PID=1705) to work on /home/airflow/.local/lib/python3.12/site-packages/airflow/example_dags/example_bash_decorator.py
[2025-01-14T02:23:38.167+0000] {processor.py:914} INFO - Processing file /home/airflow/.local/lib/python3.12/site-packages/airflow/example_dags/example_bash_decorator.py for tasks to queue
[2025-01-14T02:23:38.171+0000] {logging_mixin.py:190} INFO - [2025-01-14T02:23:38.171+0000] {dagbag.py:588} INFO - Filling up the DagBag from /home/airflow/.local/lib/python3.12/site-packages/airflow/example_dags/example_bash_decorator.py
[2025-01-14T02:23:38.187+0000] {processor.py:925} INFO - DAG(s) 'example_bash_decorator' retrieved from /home/airflow/.local/lib/python3.12/site-packages/airflow/example_dags/example_bash_decorator.py
[2025-01-14T02:23:38.208+0000] {logging_mixin.py:190} INFO - [2025-01-14T02:23:38.208+0000] {dag.py:3239} INFO - Sync 1 DAGs
[2025-01-14T02:23:38.221+0000] {logging_mixin.py:190} INFO - [2025-01-14T02:23:38.221+0000] {dag.py:4180} INFO - Setting next_dagrun for example_bash_decorator to None, run_after=None
[2025-01-14T02:23:38.243+0000] {processor.py:208} INFO - Processing /home/airflow/.local/lib/python3.12/site-packages/airflow/example_dags/example_bash_decorator.py took 0.082 seconds
[2025-01-14T02:24:08.516+0000] {processor.py:186} INFO - Started process (PID=1993) to work on /home/airflow/.local/lib/python3.12/site-packages/airflow/example_dags/example_bash_decorator.py
[2025-01-14T02:24:08.517+0000] {processor.py:914} INFO - Processing file /home/airflow/.local/lib/python3.12/site-packages/airflow/example_dags/example_bash_decorator.py for tasks to queue
[2025-01-14T02:24:08.519+0000] {logging_mixin.py:190} INFO - [2025-01-14T02:24:08.519+0000] {dagbag.py:588} INFO - Filling up the DagBag from /home/airflow/.local/lib/python3.12/site-packages/airflow/example_dags/example_bash_decorator.py
[2025-01-14T02:24:08.532+0000] {processor.py:925} INFO - DAG(s) 'example_bash_decorator' retrieved from /home/airflow/.local/lib/python3.12/site-packages/airflow/example_dags/example_bash_decorator.py
[2025-01-14T02:24:08.550+0000] {logging_mixin.py:190} INFO - [2025-01-14T02:24:08.550+0000] {dag.py:3239} INFO - Sync 1 DAGs
[2025-01-14T02:24:08.563+0000] {logging_mixin.py:190} INFO - [2025-01-14T02:24:08.563+0000] {dag.py:4180} INFO - Setting next_dagrun for example_bash_decorator to None, run_after=None
[2025-01-14T02:24:08.584+0000] {processor.py:208} INFO - Processing /home/airflow/.local/lib/python3.12/site-packages/airflow/example_dags/example_bash_decorator.py took 0.074 seconds
[2025-01-14T02:24:40.178+0000] {processor.py:186} INFO - Started process (PID=2284) to work on /home/airflow/.local/lib/python3.12/site-packages/airflow/example_dags/example_bash_decorator.py
[2025-01-14T02:24:40.182+0000] {processor.py:914} INFO - Processing file /home/airflow/.local/lib/python3.12/site-packages/airflow/example_dags/example_bash_decorator.py for tasks to queue
[2025-01-14T02:24:40.185+0000] {logging_mixin.py:190} INFO - [2025-01-14T02:24:40.185+0000] {dagbag.py:588} INFO - Filling up the DagBag from /home/airflow/.local/lib/python3.12/site-packages/airflow/example_dags/example_bash_decorator.py
[2025-01-14T02:24:40.204+0000] {processor.py:925} INFO - DAG(s) 'example_bash_decorator' retrieved from /home/airflow/.local/lib/python3.12/site-packages/airflow/example_dags/example_bash_decorator.py
[2025-01-14T02:24:40.227+0000] {logging_mixin.py:190} INFO - [2025-01-14T02:24:40.226+0000] {dag.py:3239} INFO - Sync 1 DAGs
[2025-01-14T02:24:40.247+0000] {logging_mixin.py:190} INFO - [2025-01-14T02:24:40.246+0000] {dag.py:4180} INFO - Setting next_dagrun for example_bash_decorator to None, run_after=None
[2025-01-14T02:24:40.289+0000] {processor.py:208} INFO - Processing /home/airflow/.local/lib/python3.12/site-packages/airflow/example_dags/example_bash_decorator.py took 0.117 seconds
[2025-01-14T02:25:11.058+0000] {processor.py:186} INFO - Started process (PID=2575) to work on /home/airflow/.local/lib/python3.12/site-packages/airflow/example_dags/example_bash_decorator.py
[2025-01-14T02:25:11.062+0000] {processor.py:914} INFO - Processing file /home/airflow/.local/lib/python3.12/site-packages/airflow/example_dags/example_bash_decorator.py for tasks to queue
[2025-01-14T02:25:11.065+0000] {logging_mixin.py:190} INFO - [2025-01-14T02:25:11.065+0000] {dagbag.py:588} INFO - Filling up the DagBag from /home/airflow/.local/lib/python3.12/site-packages/airflow/example_dags/example_bash_decorator.py
[2025-01-14T02:25:11.079+0000] {processor.py:925} INFO - DAG(s) 'example_bash_decorator' retrieved from /home/airflow/.local/lib/python3.12/site-packages/airflow/example_dags/example_bash_decorator.py
[2025-01-14T02:25:11.098+0000] {logging_mixin.py:190} INFO - [2025-01-14T02:25:11.098+0000] {dag.py:3239} INFO - Sync 1 DAGs
[2025-01-14T02:25:11.112+0000] {logging_mixin.py:190} INFO - [2025-01-14T02:25:11.112+0000] {dag.py:4180} INFO - Setting next_dagrun for example_bash_decorator to None, run_after=None
[2025-01-14T02:25:11.141+0000] {processor.py:208} INFO - Processing /home/airflow/.local/lib/python3.12/site-packages/airflow/example_dags/example_bash_decorator.py took 0.088 seconds
[2025-01-14T02:25:41.946+0000] {processor.py:186} INFO - Started process (PID=2864) to work on /home/airflow/.local/lib/python3.12/site-packages/airflow/example_dags/example_bash_decorator.py
[2025-01-14T02:25:41.947+0000] {processor.py:914} INFO - Processing file /home/airflow/.local/lib/python3.12/site-packages/airflow/example_dags/example_bash_decorator.py for tasks to queue
[2025-01-14T02:25:41.949+0000] {logging_mixin.py:190} INFO - [2025-01-14T02:25:41.949+0000] {dagbag.py:588} INFO - Filling up the DagBag from /home/airflow/.local/lib/python3.12/site-packages/airflow/example_dags/example_bash_decorator.py
[2025-01-14T02:25:41.964+0000] {processor.py:925} INFO - DAG(s) 'example_bash_decorator' retrieved from /home/airflow/.local/lib/python3.12/site-packages/airflow/example_dags/example_bash_decorator.py
[2025-01-14T02:25:41.987+0000] {logging_mixin.py:190} INFO - [2025-01-14T02:25:41.987+0000] {dag.py:3239} INFO - Sync 1 DAGs
[2025-01-14T02:25:42.000+0000] {logging_mixin.py:190} INFO - [2025-01-14T02:25:42.000+0000] {dag.py:4180} INFO - Setting next_dagrun for example_bash_decorator to None, run_after=None
[2025-01-14T02:25:42.022+0000] {processor.py:208} INFO - Processing /home/airflow/.local/lib/python3.12/site-packages/airflow/example_dags/example_bash_decorator.py took 0.082 seconds
[2025-01-14T02:27:10.727+0000] {processor.py:186} INFO - Started process (PID=3191) to work on /home/airflow/.local/lib/python3.12/site-packages/airflow/example_dags/example_bash_decorator.py
[2025-01-14T02:27:10.729+0000] {processor.py:914} INFO - Processing file /home/airflow/.local/lib/python3.12/site-packages/airflow/example_dags/example_bash_decorator.py for tasks to queue
[2025-01-14T02:27:10.731+0000] {logging_mixin.py:190} INFO - [2025-01-14T02:27:10.731+0000] {dagbag.py:588} INFO - Filling up the DagBag from /home/airflow/.local/lib/python3.12/site-packages/airflow/example_dags/example_bash_decorator.py
[2025-01-14T02:27:10.752+0000] {processor.py:925} INFO - DAG(s) 'example_bash_decorator' retrieved from /home/airflow/.local/lib/python3.12/site-packages/airflow/example_dags/example_bash_decorator.py
[2025-01-14T02:27:10.779+0000] {logging_mixin.py:190} INFO - [2025-01-14T02:27:10.779+0000] {dag.py:3239} INFO - Sync 1 DAGs
[2025-01-14T02:27:10.797+0000] {logging_mixin.py:190} INFO - [2025-01-14T02:27:10.796+0000] {dag.py:4180} INFO - Setting next_dagrun for example_bash_decorator to None, run_after=None
[2025-01-14T02:27:10.824+0000] {processor.py:208} INFO - Processing /home/airflow/.local/lib/python3.12/site-packages/airflow/example_dags/example_bash_decorator.py took 0.103 seconds
[2025-01-14T02:27:41.299+0000] {processor.py:186} INFO - Started process (PID=3482) to work on /home/airflow/.local/lib/python3.12/site-packages/airflow/example_dags/example_bash_decorator.py
[2025-01-14T02:27:41.300+0000] {processor.py:914} INFO - Processing file /home/airflow/.local/lib/python3.12/site-packages/airflow/example_dags/example_bash_decorator.py for tasks to queue
[2025-01-14T02:27:41.302+0000] {logging_mixin.py:190} INFO - [2025-01-14T02:27:41.302+0000] {dagbag.py:588} INFO - Filling up the DagBag from /home/airflow/.local/lib/python3.12/site-packages/airflow/example_dags/example_bash_decorator.py
[2025-01-14T02:27:41.316+0000] {processor.py:925} INFO - DAG(s) 'example_bash_decorator' retrieved from /home/airflow/.local/lib/python3.12/site-packages/airflow/example_dags/example_bash_decorator.py
[2025-01-14T02:27:41.335+0000] {logging_mixin.py:190} INFO - [2025-01-14T02:27:41.335+0000] {dag.py:3239} INFO - Sync 1 DAGs
[2025-01-14T02:27:41.348+0000] {logging_mixin.py:190} INFO - [2025-01-14T02:27:41.348+0000] {dag.py:4180} INFO - Setting next_dagrun for example_bash_decorator to None, run_after=None
[2025-01-14T02:27:41.365+0000] {processor.py:208} INFO - Processing /home/airflow/.local/lib/python3.12/site-packages/airflow/example_dags/example_bash_decorator.py took 0.072 seconds
[2025-01-14T02:28:11.853+0000] {processor.py:186} INFO - Started process (PID=3773) to work on /home/airflow/.local/lib/python3.12/site-packages/airflow/example_dags/example_bash_decorator.py
[2025-01-14T02:28:11.854+0000] {processor.py:914} INFO - Processing file /home/airflow/.local/lib/python3.12/site-packages/airflow/example_dags/example_bash_decorator.py for tasks to queue
[2025-01-14T02:28:11.856+0000] {logging_mixin.py:190} INFO - [2025-01-14T02:28:11.856+0000] {dagbag.py:588} INFO - Filling up the DagBag from /home/airflow/.local/lib/python3.12/site-packages/airflow/example_dags/example_bash_decorator.py
[2025-01-14T02:28:11.868+0000] {processor.py:925} INFO - DAG(s) 'example_bash_decorator' retrieved from /home/airflow/.local/lib/python3.12/site-packages/airflow/example_dags/example_bash_decorator.py
[2025-01-14T02:28:11.887+0000] {logging_mixin.py:190} INFO - [2025-01-14T02:28:11.887+0000] {dag.py:3239} INFO - Sync 1 DAGs
[2025-01-14T02:28:11.899+0000] {logging_mixin.py:190} INFO - [2025-01-14T02:28:11.899+0000] {dag.py:4180} INFO - Setting next_dagrun for example_bash_decorator to None, run_after=None
[2025-01-14T02:28:11.918+0000] {processor.py:208} INFO - Processing /home/airflow/.local/lib/python3.12/site-packages/airflow/example_dags/example_bash_decorator.py took 0.071 seconds
[2025-01-14T02:28:42.533+0000] {processor.py:186} INFO - Started process (PID=4064) to work on /home/airflow/.local/lib/python3.12/site-packages/airflow/example_dags/example_bash_decorator.py
[2025-01-14T02:28:42.535+0000] {processor.py:914} INFO - Processing file /home/airflow/.local/lib/python3.12/site-packages/airflow/example_dags/example_bash_decorator.py for tasks to queue
[2025-01-14T02:28:42.537+0000] {logging_mixin.py:190} INFO - [2025-01-14T02:28:42.537+0000] {dagbag.py:588} INFO - Filling up the DagBag from /home/airflow/.local/lib/python3.12/site-packages/airflow/example_dags/example_bash_decorator.py
[2025-01-14T02:28:42.549+0000] {processor.py:925} INFO - DAG(s) 'example_bash_decorator' retrieved from /home/airflow/.local/lib/python3.12/site-packages/airflow/example_dags/example_bash_decorator.py
[2025-01-14T02:28:42.569+0000] {logging_mixin.py:190} INFO - [2025-01-14T02:28:42.569+0000] {dag.py:3239} INFO - Sync 1 DAGs
[2025-01-14T02:28:42.582+0000] {logging_mixin.py:190} INFO - [2025-01-14T02:28:42.581+0000] {dag.py:4180} INFO - Setting next_dagrun for example_bash_decorator to None, run_after=None
[2025-01-14T02:28:42.601+0000] {processor.py:208} INFO - Processing /home/airflow/.local/lib/python3.12/site-packages/airflow/example_dags/example_bash_decorator.py took 0.072 seconds
