[2025-01-14T02:21:03.563+0000] {processor.py:186} INFO - Started process (PID=200) to work on /home/airflow/.local/lib/python3.12/site-packages/airflow/example_dags/example_display_name.py
[2025-01-14T02:21:03.564+0000] {processor.py:914} INFO - Processing file /home/airflow/.local/lib/python3.12/site-packages/airflow/example_dags/example_display_name.py for tasks to queue
[2025-01-14T02:21:03.566+0000] {logging_mixin.py:190} INFO - [2025-01-14T02:21:03.566+0000] {dagbag.py:588} INFO - Filling up the DagBag from /home/airflow/.local/lib/python3.12/site-packages/airflow/example_dags/example_display_name.py
[2025-01-14T02:21:03.574+0000] {processor.py:925} INFO - DAG(s) 'example_display_name' retrieved from /home/airflow/.local/lib/python3.12/site-packages/airflow/example_dags/example_display_name.py
[2025-01-14T02:21:03.697+0000] {logging_mixin.py:190} INFO - [2025-01-14T02:21:03.696+0000] {override.py:1911} INFO - Created Permission View: can read on DAG:example_display_name
[2025-01-14T02:21:03.724+0000] {logging_mixin.py:190} INFO - [2025-01-14T02:21:03.723+0000] {override.py:1911} INFO - Created Permission View: can delete on DAG:example_display_name
[2025-01-14T02:21:03.733+0000] {logging_mixin.py:190} INFO - [2025-01-14T02:21:03.733+0000] {override.py:1911} INFO - Created Permission View: can edit on DAG:example_display_name
[2025-01-14T02:21:03.744+0000] {logging_mixin.py:190} INFO - [2025-01-14T02:21:03.744+0000] {override.py:1911} INFO - Created Permission View: can read on DAG Run:example_display_name
[2025-01-14T02:21:03.756+0000] {logging_mixin.py:190} INFO - [2025-01-14T02:21:03.756+0000] {override.py:1911} INFO - Created Permission View: menu access on DAG Run:example_display_name
[2025-01-14T02:21:03.765+0000] {logging_mixin.py:190} INFO - [2025-01-14T02:21:03.764+0000] {override.py:1911} INFO - Created Permission View: can create on DAG Run:example_display_name
[2025-01-14T02:21:03.777+0000] {logging_mixin.py:190} INFO - [2025-01-14T02:21:03.777+0000] {override.py:1911} INFO - Created Permission View: can delete on DAG Run:example_display_name
[2025-01-14T02:21:03.778+0000] {logging_mixin.py:190} INFO - [2025-01-14T02:21:03.778+0000] {dag.py:3239} INFO - Sync 1 DAGs
[2025-01-14T02:21:03.789+0000] {logging_mixin.py:190} INFO - [2025-01-14T02:21:03.789+0000] {dag.py:3262} INFO - Creating ORM DAG for example_display_name
[2025-01-14T02:21:03.790+0000] {logging_mixin.py:190} INFO - [2025-01-14T02:21:03.790+0000] {dag.py:4180} INFO - Setting next_dagrun for example_display_name to None, run_after=None
[2025-01-14T02:21:03.806+0000] {processor.py:208} INFO - Processing /home/airflow/.local/lib/python3.12/site-packages/airflow/example_dags/example_display_name.py took 0.249 seconds
[2025-01-14T02:21:34.091+0000] {processor.py:186} INFO - Started process (PID=486) to work on /home/airflow/.local/lib/python3.12/site-packages/airflow/example_dags/example_display_name.py
[2025-01-14T02:21:34.093+0000] {processor.py:914} INFO - Processing file /home/airflow/.local/lib/python3.12/site-packages/airflow/example_dags/example_display_name.py for tasks to queue
[2025-01-14T02:21:34.096+0000] {logging_mixin.py:190} INFO - [2025-01-14T02:21:34.095+0000] {dagbag.py:588} INFO - Filling up the DagBag from /home/airflow/.local/lib/python3.12/site-packages/airflow/example_dags/example_display_name.py
[2025-01-14T02:21:34.103+0000] {processor.py:925} INFO - DAG(s) 'example_display_name' retrieved from /home/airflow/.local/lib/python3.12/site-packages/airflow/example_dags/example_display_name.py
[2025-01-14T02:21:34.121+0000] {logging_mixin.py:190} INFO - [2025-01-14T02:21:34.121+0000] {dag.py:3239} INFO - Sync 1 DAGs
[2025-01-14T02:21:34.134+0000] {logging_mixin.py:190} INFO - [2025-01-14T02:21:34.134+0000] {dag.py:4180} INFO - Setting next_dagrun for example_display_name to None, run_after=None
[2025-01-14T02:21:34.154+0000] {processor.py:208} INFO - Processing /home/airflow/.local/lib/python3.12/site-packages/airflow/example_dags/example_display_name.py took 0.069 seconds
[2025-01-14T02:22:04.240+0000] {processor.py:186} INFO - Started process (PID=777) to work on /home/airflow/.local/lib/python3.12/site-packages/airflow/example_dags/example_display_name.py
[2025-01-14T02:22:04.241+0000] {processor.py:914} INFO - Processing file /home/airflow/.local/lib/python3.12/site-packages/airflow/example_dags/example_display_name.py for tasks to queue
[2025-01-14T02:22:04.243+0000] {logging_mixin.py:190} INFO - [2025-01-14T02:22:04.243+0000] {dagbag.py:588} INFO - Filling up the DagBag from /home/airflow/.local/lib/python3.12/site-packages/airflow/example_dags/example_display_name.py
[2025-01-14T02:22:04.250+0000] {processor.py:925} INFO - DAG(s) 'example_display_name' retrieved from /home/airflow/.local/lib/python3.12/site-packages/airflow/example_dags/example_display_name.py
[2025-01-14T02:22:04.268+0000] {logging_mixin.py:190} INFO - [2025-01-14T02:22:04.267+0000] {dag.py:3239} INFO - Sync 1 DAGs
[2025-01-14T02:22:04.282+0000] {logging_mixin.py:190} INFO - [2025-01-14T02:22:04.281+0000] {dag.py:4180} INFO - Setting next_dagrun for example_display_name to None, run_after=None
[2025-01-14T02:22:04.314+0000] {processor.py:208} INFO - Processing /home/airflow/.local/lib/python3.12/site-packages/airflow/example_dags/example_display_name.py took 0.080 seconds
[2025-01-14T02:22:35.285+0000] {processor.py:186} INFO - Started process (PID=1068) to work on /home/airflow/.local/lib/python3.12/site-packages/airflow/example_dags/example_display_name.py
[2025-01-14T02:22:35.286+0000] {processor.py:914} INFO - Processing file /home/airflow/.local/lib/python3.12/site-packages/airflow/example_dags/example_display_name.py for tasks to queue
[2025-01-14T02:22:35.290+0000] {logging_mixin.py:190} INFO - [2025-01-14T02:22:35.289+0000] {dagbag.py:588} INFO - Filling up the DagBag from /home/airflow/.local/lib/python3.12/site-packages/airflow/example_dags/example_display_name.py
[2025-01-14T02:22:35.297+0000] {processor.py:925} INFO - DAG(s) 'example_display_name' retrieved from /home/airflow/.local/lib/python3.12/site-packages/airflow/example_dags/example_display_name.py
[2025-01-14T02:22:35.315+0000] {logging_mixin.py:190} INFO - [2025-01-14T02:22:35.315+0000] {dag.py:3239} INFO - Sync 1 DAGs
[2025-01-14T02:22:35.327+0000] {logging_mixin.py:190} INFO - [2025-01-14T02:22:35.327+0000] {dag.py:4180} INFO - Setting next_dagrun for example_display_name to None, run_after=None
[2025-01-14T02:22:35.351+0000] {processor.py:208} INFO - Processing /home/airflow/.local/lib/python3.12/site-packages/airflow/example_dags/example_display_name.py took 0.072 seconds
[2025-01-14T02:23:05.601+0000] {processor.py:186} INFO - Started process (PID=1359) to work on /home/airflow/.local/lib/python3.12/site-packages/airflow/example_dags/example_display_name.py
[2025-01-14T02:23:05.602+0000] {processor.py:914} INFO - Processing file /home/airflow/.local/lib/python3.12/site-packages/airflow/example_dags/example_display_name.py for tasks to queue
[2025-01-14T02:23:05.605+0000] {logging_mixin.py:190} INFO - [2025-01-14T02:23:05.605+0000] {dagbag.py:588} INFO - Filling up the DagBag from /home/airflow/.local/lib/python3.12/site-packages/airflow/example_dags/example_display_name.py
[2025-01-14T02:23:05.613+0000] {processor.py:925} INFO - DAG(s) 'example_display_name' retrieved from /home/airflow/.local/lib/python3.12/site-packages/airflow/example_dags/example_display_name.py
[2025-01-14T02:23:05.633+0000] {logging_mixin.py:190} INFO - [2025-01-14T02:23:05.632+0000] {dag.py:3239} INFO - Sync 1 DAGs
[2025-01-14T02:23:05.646+0000] {logging_mixin.py:190} INFO - [2025-01-14T02:23:05.645+0000] {dag.py:4180} INFO - Setting next_dagrun for example_display_name to None, run_after=None
[2025-01-14T02:23:05.674+0000] {processor.py:208} INFO - Processing /home/airflow/.local/lib/python3.12/site-packages/airflow/example_dags/example_display_name.py took 0.078 seconds
[2025-01-14T02:23:36.089+0000] {processor.py:186} INFO - Started process (PID=1650) to work on /home/airflow/.local/lib/python3.12/site-packages/airflow/example_dags/example_display_name.py
[2025-01-14T02:23:36.090+0000] {processor.py:914} INFO - Processing file /home/airflow/.local/lib/python3.12/site-packages/airflow/example_dags/example_display_name.py for tasks to queue
[2025-01-14T02:23:36.093+0000] {logging_mixin.py:190} INFO - [2025-01-14T02:23:36.093+0000] {dagbag.py:588} INFO - Filling up the DagBag from /home/airflow/.local/lib/python3.12/site-packages/airflow/example_dags/example_display_name.py
[2025-01-14T02:23:36.102+0000] {processor.py:925} INFO - DAG(s) 'example_display_name' retrieved from /home/airflow/.local/lib/python3.12/site-packages/airflow/example_dags/example_display_name.py
[2025-01-14T02:23:36.122+0000] {logging_mixin.py:190} INFO - [2025-01-14T02:23:36.122+0000] {dag.py:3239} INFO - Sync 1 DAGs
[2025-01-14T02:23:36.135+0000] {logging_mixin.py:190} INFO - [2025-01-14T02:23:36.134+0000] {dag.py:4180} INFO - Setting next_dagrun for example_display_name to None, run_after=None
[2025-01-14T02:23:36.156+0000] {processor.py:208} INFO - Processing /home/airflow/.local/lib/python3.12/site-packages/airflow/example_dags/example_display_name.py took 0.072 seconds
[2025-01-14T02:24:06.523+0000] {processor.py:186} INFO - Started process (PID=1941) to work on /home/airflow/.local/lib/python3.12/site-packages/airflow/example_dags/example_display_name.py
[2025-01-14T02:24:06.524+0000] {processor.py:914} INFO - Processing file /home/airflow/.local/lib/python3.12/site-packages/airflow/example_dags/example_display_name.py for tasks to queue
[2025-01-14T02:24:06.527+0000] {logging_mixin.py:190} INFO - [2025-01-14T02:24:06.527+0000] {dagbag.py:588} INFO - Filling up the DagBag from /home/airflow/.local/lib/python3.12/site-packages/airflow/example_dags/example_display_name.py
[2025-01-14T02:24:06.533+0000] {processor.py:925} INFO - DAG(s) 'example_display_name' retrieved from /home/airflow/.local/lib/python3.12/site-packages/airflow/example_dags/example_display_name.py
[2025-01-14T02:24:06.550+0000] {logging_mixin.py:190} INFO - [2025-01-14T02:24:06.550+0000] {dag.py:3239} INFO - Sync 1 DAGs
[2025-01-14T02:24:06.562+0000] {logging_mixin.py:190} INFO - [2025-01-14T02:24:06.562+0000] {dag.py:4180} INFO - Setting next_dagrun for example_display_name to None, run_after=None
[2025-01-14T02:24:06.596+0000] {processor.py:208} INFO - Processing /home/airflow/.local/lib/python3.12/site-packages/airflow/example_dags/example_display_name.py took 0.077 seconds
[2025-01-14T02:24:37.169+0000] {processor.py:186} INFO - Started process (PID=2232) to work on /home/airflow/.local/lib/python3.12/site-packages/airflow/example_dags/example_display_name.py
[2025-01-14T02:24:37.170+0000] {processor.py:914} INFO - Processing file /home/airflow/.local/lib/python3.12/site-packages/airflow/example_dags/example_display_name.py for tasks to queue
[2025-01-14T02:24:37.177+0000] {logging_mixin.py:190} INFO - [2025-01-14T02:24:37.177+0000] {dagbag.py:588} INFO - Filling up the DagBag from /home/airflow/.local/lib/python3.12/site-packages/airflow/example_dags/example_display_name.py
[2025-01-14T02:24:37.187+0000] {processor.py:925} INFO - DAG(s) 'example_display_name' retrieved from /home/airflow/.local/lib/python3.12/site-packages/airflow/example_dags/example_display_name.py
[2025-01-14T02:24:37.208+0000] {logging_mixin.py:190} INFO - [2025-01-14T02:24:37.207+0000] {dag.py:3239} INFO - Sync 1 DAGs
[2025-01-14T02:24:37.225+0000] {logging_mixin.py:190} INFO - [2025-01-14T02:24:37.225+0000] {dag.py:4180} INFO - Setting next_dagrun for example_display_name to None, run_after=None
[2025-01-14T02:24:37.263+0000] {processor.py:208} INFO - Processing /home/airflow/.local/lib/python3.12/site-packages/airflow/example_dags/example_display_name.py took 0.100 seconds
[2025-01-14T02:25:07.851+0000] {processor.py:186} INFO - Started process (PID=2523) to work on /home/airflow/.local/lib/python3.12/site-packages/airflow/example_dags/example_display_name.py
[2025-01-14T02:25:07.863+0000] {processor.py:914} INFO - Processing file /home/airflow/.local/lib/python3.12/site-packages/airflow/example_dags/example_display_name.py for tasks to queue
[2025-01-14T02:25:07.866+0000] {logging_mixin.py:190} INFO - [2025-01-14T02:25:07.866+0000] {dagbag.py:588} INFO - Filling up the DagBag from /home/airflow/.local/lib/python3.12/site-packages/airflow/example_dags/example_display_name.py
[2025-01-14T02:25:07.873+0000] {processor.py:925} INFO - DAG(s) 'example_display_name' retrieved from /home/airflow/.local/lib/python3.12/site-packages/airflow/example_dags/example_display_name.py
[2025-01-14T02:25:07.894+0000] {logging_mixin.py:190} INFO - [2025-01-14T02:25:07.893+0000] {dag.py:3239} INFO - Sync 1 DAGs
[2025-01-14T02:25:07.908+0000] {logging_mixin.py:190} INFO - [2025-01-14T02:25:07.908+0000] {dag.py:4180} INFO - Setting next_dagrun for example_display_name to None, run_after=None
[2025-01-14T02:25:07.937+0000] {processor.py:208} INFO - Processing /home/airflow/.local/lib/python3.12/site-packages/airflow/example_dags/example_display_name.py took 0.093 seconds
[2025-01-14T02:25:38.081+0000] {processor.py:186} INFO - Started process (PID=2814) to work on /home/airflow/.local/lib/python3.12/site-packages/airflow/example_dags/example_display_name.py
[2025-01-14T02:25:38.082+0000] {processor.py:914} INFO - Processing file /home/airflow/.local/lib/python3.12/site-packages/airflow/example_dags/example_display_name.py for tasks to queue
[2025-01-14T02:25:38.085+0000] {logging_mixin.py:190} INFO - [2025-01-14T02:25:38.085+0000] {dagbag.py:588} INFO - Filling up the DagBag from /home/airflow/.local/lib/python3.12/site-packages/airflow/example_dags/example_display_name.py
[2025-01-14T02:25:38.093+0000] {processor.py:925} INFO - DAG(s) 'example_display_name' retrieved from /home/airflow/.local/lib/python3.12/site-packages/airflow/example_dags/example_display_name.py
[2025-01-14T02:25:38.118+0000] {logging_mixin.py:190} INFO - [2025-01-14T02:25:38.118+0000] {dag.py:3239} INFO - Sync 1 DAGs
[2025-01-14T02:25:38.135+0000] {logging_mixin.py:190} INFO - [2025-01-14T02:25:38.135+0000] {dag.py:4180} INFO - Setting next_dagrun for example_display_name to None, run_after=None
[2025-01-14T02:25:38.156+0000] {processor.py:208} INFO - Processing /home/airflow/.local/lib/python3.12/site-packages/airflow/example_dags/example_display_name.py took 0.081 seconds
[2025-01-14T02:27:07.615+0000] {processor.py:186} INFO - Started process (PID=3111) to work on /home/airflow/.local/lib/python3.12/site-packages/airflow/example_dags/example_display_name.py
[2025-01-14T02:27:07.620+0000] {processor.py:914} INFO - Processing file /home/airflow/.local/lib/python3.12/site-packages/airflow/example_dags/example_display_name.py for tasks to queue
[2025-01-14T02:27:07.626+0000] {logging_mixin.py:190} INFO - [2025-01-14T02:27:07.626+0000] {dagbag.py:588} INFO - Filling up the DagBag from /home/airflow/.local/lib/python3.12/site-packages/airflow/example_dags/example_display_name.py
[2025-01-14T02:27:07.637+0000] {processor.py:925} INFO - DAG(s) 'example_display_name' retrieved from /home/airflow/.local/lib/python3.12/site-packages/airflow/example_dags/example_display_name.py
[2025-01-14T02:27:07.662+0000] {logging_mixin.py:190} INFO - [2025-01-14T02:27:07.662+0000] {dag.py:3239} INFO - Sync 1 DAGs
[2025-01-14T02:27:07.680+0000] {logging_mixin.py:190} INFO - [2025-01-14T02:27:07.680+0000] {dag.py:4180} INFO - Setting next_dagrun for example_display_name to None, run_after=None
[2025-01-14T02:27:07.754+0000] {processor.py:208} INFO - Processing /home/airflow/.local/lib/python3.12/site-packages/airflow/example_dags/example_display_name.py took 0.146 seconds
[2025-01-14T02:27:37.865+0000] {processor.py:186} INFO - Started process (PID=3399) to work on /home/airflow/.local/lib/python3.12/site-packages/airflow/example_dags/example_display_name.py
[2025-01-14T02:27:37.866+0000] {processor.py:914} INFO - Processing file /home/airflow/.local/lib/python3.12/site-packages/airflow/example_dags/example_display_name.py for tasks to queue
[2025-01-14T02:27:37.870+0000] {logging_mixin.py:190} INFO - [2025-01-14T02:27:37.869+0000] {dagbag.py:588} INFO - Filling up the DagBag from /home/airflow/.local/lib/python3.12/site-packages/airflow/example_dags/example_display_name.py
[2025-01-14T02:27:37.880+0000] {processor.py:925} INFO - DAG(s) 'example_display_name' retrieved from /home/airflow/.local/lib/python3.12/site-packages/airflow/example_dags/example_display_name.py
[2025-01-14T02:27:37.900+0000] {logging_mixin.py:190} INFO - [2025-01-14T02:27:37.900+0000] {dag.py:3239} INFO - Sync 1 DAGs
[2025-01-14T02:27:37.914+0000] {logging_mixin.py:190} INFO - [2025-01-14T02:27:37.914+0000] {dag.py:4180} INFO - Setting next_dagrun for example_display_name to None, run_after=None
[2025-01-14T02:27:37.946+0000] {processor.py:208} INFO - Processing /home/airflow/.local/lib/python3.12/site-packages/airflow/example_dags/example_display_name.py took 0.087 seconds
[2025-01-14T02:28:08.798+0000] {processor.py:186} INFO - Started process (PID=3690) to work on /home/airflow/.local/lib/python3.12/site-packages/airflow/example_dags/example_display_name.py
[2025-01-14T02:28:08.799+0000] {processor.py:914} INFO - Processing file /home/airflow/.local/lib/python3.12/site-packages/airflow/example_dags/example_display_name.py for tasks to queue
[2025-01-14T02:28:08.801+0000] {logging_mixin.py:190} INFO - [2025-01-14T02:28:08.801+0000] {dagbag.py:588} INFO - Filling up the DagBag from /home/airflow/.local/lib/python3.12/site-packages/airflow/example_dags/example_display_name.py
[2025-01-14T02:28:08.807+0000] {processor.py:925} INFO - DAG(s) 'example_display_name' retrieved from /home/airflow/.local/lib/python3.12/site-packages/airflow/example_dags/example_display_name.py
[2025-01-14T02:28:08.822+0000] {logging_mixin.py:190} INFO - [2025-01-14T02:28:08.821+0000] {dag.py:3239} INFO - Sync 1 DAGs
[2025-01-14T02:28:08.833+0000] {logging_mixin.py:190} INFO - [2025-01-14T02:28:08.832+0000] {dag.py:4180} INFO - Setting next_dagrun for example_display_name to None, run_after=None
[2025-01-14T02:28:08.850+0000] {processor.py:208} INFO - Processing /home/airflow/.local/lib/python3.12/site-packages/airflow/example_dags/example_display_name.py took 0.057 seconds
[2025-01-14T02:28:39.020+0000] {processor.py:186} INFO - Started process (PID=3981) to work on /home/airflow/.local/lib/python3.12/site-packages/airflow/example_dags/example_display_name.py
[2025-01-14T02:28:39.021+0000] {processor.py:914} INFO - Processing file /home/airflow/.local/lib/python3.12/site-packages/airflow/example_dags/example_display_name.py for tasks to queue
[2025-01-14T02:28:39.023+0000] {logging_mixin.py:190} INFO - [2025-01-14T02:28:39.023+0000] {dagbag.py:588} INFO - Filling up the DagBag from /home/airflow/.local/lib/python3.12/site-packages/airflow/example_dags/example_display_name.py
[2025-01-14T02:28:39.031+0000] {processor.py:925} INFO - DAG(s) 'example_display_name' retrieved from /home/airflow/.local/lib/python3.12/site-packages/airflow/example_dags/example_display_name.py
[2025-01-14T02:28:39.048+0000] {logging_mixin.py:190} INFO - [2025-01-14T02:28:39.047+0000] {dag.py:3239} INFO - Sync 1 DAGs
[2025-01-14T02:28:39.060+0000] {logging_mixin.py:190} INFO - [2025-01-14T02:28:39.060+0000] {dag.py:4180} INFO - Setting next_dagrun for example_display_name to None, run_after=None
[2025-01-14T02:28:39.076+0000] {processor.py:208} INFO - Processing /home/airflow/.local/lib/python3.12/site-packages/airflow/example_dags/example_display_name.py took 0.062 seconds
