[2025-01-14T02:21:05.117+0000] {processor.py:186} INFO - Started process (PID=235) to work on /home/airflow/.local/lib/python3.12/site-packages/airflow/example_dags/example_short_circuit_decorator.py
[2025-01-14T02:21:05.118+0000] {processor.py:914} INFO - Processing file /home/airflow/.local/lib/python3.12/site-packages/airflow/example_dags/example_short_circuit_decorator.py for tasks to queue
[2025-01-14T02:21:05.121+0000] {logging_mixin.py:190} INFO - [2025-01-14T02:21:05.121+0000] {dagbag.py:588} INFO - Filling up the DagBag from /home/airflow/.local/lib/python3.12/site-packages/airflow/example_dags/example_short_circuit_decorator.py
[2025-01-14T02:21:05.129+0000] {processor.py:925} INFO - DAG(s) 'example_short_circuit_decorator' retrieved from /home/airflow/.local/lib/python3.12/site-packages/airflow/example_dags/example_short_circuit_decorator.py
[2025-01-14T02:21:05.217+0000] {logging_mixin.py:190} INFO - [2025-01-14T02:21:05.216+0000] {override.py:1911} INFO - Created Permission View: can read on DAG:example_short_circuit_decorator
[2025-01-14T02:21:05.229+0000] {logging_mixin.py:190} INFO - [2025-01-14T02:21:05.228+0000] {override.py:1911} INFO - Created Permission View: can delete on DAG:example_short_circuit_decorator
[2025-01-14T02:21:05.256+0000] {logging_mixin.py:190} INFO - [2025-01-14T02:21:05.256+0000] {override.py:1911} INFO - Created Permission View: can edit on DAG:example_short_circuit_decorator
[2025-01-14T02:21:05.267+0000] {logging_mixin.py:190} INFO - [2025-01-14T02:21:05.267+0000] {override.py:1911} INFO - Created Permission View: can read on DAG Run:example_short_circuit_decorator
[2025-01-14T02:21:05.277+0000] {logging_mixin.py:190} INFO - [2025-01-14T02:21:05.276+0000] {override.py:1911} INFO - Created Permission View: menu access on DAG Run:example_short_circuit_decorator
[2025-01-14T02:21:05.284+0000] {logging_mixin.py:190} INFO - [2025-01-14T02:21:05.284+0000] {override.py:1911} INFO - Created Permission View: can create on DAG Run:example_short_circuit_decorator
[2025-01-14T02:21:05.292+0000] {logging_mixin.py:190} INFO - [2025-01-14T02:21:05.292+0000] {override.py:1911} INFO - Created Permission View: can delete on DAG Run:example_short_circuit_decorator
[2025-01-14T02:21:05.293+0000] {logging_mixin.py:190} INFO - [2025-01-14T02:21:05.292+0000] {dag.py:3239} INFO - Sync 1 DAGs
[2025-01-14T02:21:05.302+0000] {logging_mixin.py:190} INFO - [2025-01-14T02:21:05.302+0000] {dag.py:3262} INFO - Creating ORM DAG for example_short_circuit_decorator
[2025-01-14T02:21:05.303+0000] {logging_mixin.py:190} INFO - [2025-01-14T02:21:05.303+0000] {dag.py:4180} INFO - Setting next_dagrun for example_short_circuit_decorator to None, run_after=None
[2025-01-14T02:21:05.318+0000] {processor.py:208} INFO - Processing /home/airflow/.local/lib/python3.12/site-packages/airflow/example_dags/example_short_circuit_decorator.py took 0.205 seconds
[2025-01-14T02:21:35.713+0000] {processor.py:186} INFO - Started process (PID=521) to work on /home/airflow/.local/lib/python3.12/site-packages/airflow/example_dags/example_short_circuit_decorator.py
[2025-01-14T02:21:35.714+0000] {processor.py:914} INFO - Processing file /home/airflow/.local/lib/python3.12/site-packages/airflow/example_dags/example_short_circuit_decorator.py for tasks to queue
[2025-01-14T02:21:35.716+0000] {logging_mixin.py:190} INFO - [2025-01-14T02:21:35.716+0000] {dagbag.py:588} INFO - Filling up the DagBag from /home/airflow/.local/lib/python3.12/site-packages/airflow/example_dags/example_short_circuit_decorator.py
[2025-01-14T02:21:35.723+0000] {processor.py:925} INFO - DAG(s) 'example_short_circuit_decorator' retrieved from /home/airflow/.local/lib/python3.12/site-packages/airflow/example_dags/example_short_circuit_decorator.py
[2025-01-14T02:21:35.743+0000] {logging_mixin.py:190} INFO - [2025-01-14T02:21:35.743+0000] {dag.py:3239} INFO - Sync 1 DAGs
[2025-01-14T02:21:35.753+0000] {logging_mixin.py:190} INFO - [2025-01-14T02:21:35.753+0000] {dag.py:4180} INFO - Setting next_dagrun for example_short_circuit_decorator to None, run_after=None
[2025-01-14T02:21:35.772+0000] {processor.py:208} INFO - Processing /home/airflow/.local/lib/python3.12/site-packages/airflow/example_dags/example_short_circuit_decorator.py took 0.065 seconds
[2025-01-14T02:22:06.754+0000] {processor.py:186} INFO - Started process (PID=812) to work on /home/airflow/.local/lib/python3.12/site-packages/airflow/example_dags/example_short_circuit_decorator.py
[2025-01-14T02:22:06.755+0000] {processor.py:914} INFO - Processing file /home/airflow/.local/lib/python3.12/site-packages/airflow/example_dags/example_short_circuit_decorator.py for tasks to queue
[2025-01-14T02:22:06.758+0000] {logging_mixin.py:190} INFO - [2025-01-14T02:22:06.758+0000] {dagbag.py:588} INFO - Filling up the DagBag from /home/airflow/.local/lib/python3.12/site-packages/airflow/example_dags/example_short_circuit_decorator.py
[2025-01-14T02:22:06.767+0000] {processor.py:925} INFO - DAG(s) 'example_short_circuit_decorator' retrieved from /home/airflow/.local/lib/python3.12/site-packages/airflow/example_dags/example_short_circuit_decorator.py
[2025-01-14T02:22:06.789+0000] {logging_mixin.py:190} INFO - [2025-01-14T02:22:06.789+0000] {dag.py:3239} INFO - Sync 1 DAGs
[2025-01-14T02:22:06.802+0000] {logging_mixin.py:190} INFO - [2025-01-14T02:22:06.801+0000] {dag.py:4180} INFO - Setting next_dagrun for example_short_circuit_decorator to None, run_after=None
[2025-01-14T02:22:06.819+0000] {processor.py:208} INFO - Processing /home/airflow/.local/lib/python3.12/site-packages/airflow/example_dags/example_short_circuit_decorator.py took 0.070 seconds
[2025-01-14T02:22:36.941+0000] {processor.py:186} INFO - Started process (PID=1098) to work on /home/airflow/.local/lib/python3.12/site-packages/airflow/example_dags/example_short_circuit_decorator.py
[2025-01-14T02:22:36.943+0000] {processor.py:914} INFO - Processing file /home/airflow/.local/lib/python3.12/site-packages/airflow/example_dags/example_short_circuit_decorator.py for tasks to queue
[2025-01-14T02:22:36.945+0000] {logging_mixin.py:190} INFO - [2025-01-14T02:22:36.945+0000] {dagbag.py:588} INFO - Filling up the DagBag from /home/airflow/.local/lib/python3.12/site-packages/airflow/example_dags/example_short_circuit_decorator.py
[2025-01-14T02:22:36.954+0000] {processor.py:925} INFO - DAG(s) 'example_short_circuit_decorator' retrieved from /home/airflow/.local/lib/python3.12/site-packages/airflow/example_dags/example_short_circuit_decorator.py
[2025-01-14T02:22:36.975+0000] {logging_mixin.py:190} INFO - [2025-01-14T02:22:36.975+0000] {dag.py:3239} INFO - Sync 1 DAGs
[2025-01-14T02:22:36.987+0000] {logging_mixin.py:190} INFO - [2025-01-14T02:22:36.987+0000] {dag.py:4180} INFO - Setting next_dagrun for example_short_circuit_decorator to None, run_after=None
[2025-01-14T02:22:37.012+0000] {processor.py:208} INFO - Processing /home/airflow/.local/lib/python3.12/site-packages/airflow/example_dags/example_short_circuit_decorator.py took 0.076 seconds
[2025-01-14T02:23:07.257+0000] {processor.py:186} INFO - Started process (PID=1391) to work on /home/airflow/.local/lib/python3.12/site-packages/airflow/example_dags/example_short_circuit_decorator.py
[2025-01-14T02:23:07.258+0000] {processor.py:914} INFO - Processing file /home/airflow/.local/lib/python3.12/site-packages/airflow/example_dags/example_short_circuit_decorator.py for tasks to queue
[2025-01-14T02:23:07.261+0000] {logging_mixin.py:190} INFO - [2025-01-14T02:23:07.260+0000] {dagbag.py:588} INFO - Filling up the DagBag from /home/airflow/.local/lib/python3.12/site-packages/airflow/example_dags/example_short_circuit_decorator.py
[2025-01-14T02:23:07.269+0000] {processor.py:925} INFO - DAG(s) 'example_short_circuit_decorator' retrieved from /home/airflow/.local/lib/python3.12/site-packages/airflow/example_dags/example_short_circuit_decorator.py
[2025-01-14T02:23:07.290+0000] {logging_mixin.py:190} INFO - [2025-01-14T02:23:07.290+0000] {dag.py:3239} INFO - Sync 1 DAGs
[2025-01-14T02:23:07.303+0000] {logging_mixin.py:190} INFO - [2025-01-14T02:23:07.303+0000] {dag.py:4180} INFO - Setting next_dagrun for example_short_circuit_decorator to None, run_after=None
[2025-01-14T02:23:07.326+0000] {processor.py:208} INFO - Processing /home/airflow/.local/lib/python3.12/site-packages/airflow/example_dags/example_short_circuit_decorator.py took 0.075 seconds
[2025-01-14T02:23:37.732+0000] {processor.py:186} INFO - Started process (PID=1680) to work on /home/airflow/.local/lib/python3.12/site-packages/airflow/example_dags/example_short_circuit_decorator.py
[2025-01-14T02:23:37.737+0000] {processor.py:914} INFO - Processing file /home/airflow/.local/lib/python3.12/site-packages/airflow/example_dags/example_short_circuit_decorator.py for tasks to queue
[2025-01-14T02:23:37.740+0000] {logging_mixin.py:190} INFO - [2025-01-14T02:23:37.740+0000] {dagbag.py:588} INFO - Filling up the DagBag from /home/airflow/.local/lib/python3.12/site-packages/airflow/example_dags/example_short_circuit_decorator.py
[2025-01-14T02:23:37.749+0000] {processor.py:925} INFO - DAG(s) 'example_short_circuit_decorator' retrieved from /home/airflow/.local/lib/python3.12/site-packages/airflow/example_dags/example_short_circuit_decorator.py
[2025-01-14T02:23:37.777+0000] {logging_mixin.py:190} INFO - [2025-01-14T02:23:37.776+0000] {dag.py:3239} INFO - Sync 1 DAGs
[2025-01-14T02:23:37.800+0000] {logging_mixin.py:190} INFO - [2025-01-14T02:23:37.800+0000] {dag.py:4180} INFO - Setting next_dagrun for example_short_circuit_decorator to None, run_after=None
[2025-01-14T02:23:37.831+0000] {processor.py:208} INFO - Processing /home/airflow/.local/lib/python3.12/site-packages/airflow/example_dags/example_short_circuit_decorator.py took 0.105 seconds
[2025-01-14T02:24:08.125+0000] {processor.py:186} INFO - Started process (PID=1971) to work on /home/airflow/.local/lib/python3.12/site-packages/airflow/example_dags/example_short_circuit_decorator.py
[2025-01-14T02:24:08.126+0000] {processor.py:914} INFO - Processing file /home/airflow/.local/lib/python3.12/site-packages/airflow/example_dags/example_short_circuit_decorator.py for tasks to queue
[2025-01-14T02:24:08.128+0000] {logging_mixin.py:190} INFO - [2025-01-14T02:24:08.128+0000] {dagbag.py:588} INFO - Filling up the DagBag from /home/airflow/.local/lib/python3.12/site-packages/airflow/example_dags/example_short_circuit_decorator.py
[2025-01-14T02:24:08.137+0000] {processor.py:925} INFO - DAG(s) 'example_short_circuit_decorator' retrieved from /home/airflow/.local/lib/python3.12/site-packages/airflow/example_dags/example_short_circuit_decorator.py
[2025-01-14T02:24:08.158+0000] {logging_mixin.py:190} INFO - [2025-01-14T02:24:08.158+0000] {dag.py:3239} INFO - Sync 1 DAGs
[2025-01-14T02:24:08.171+0000] {logging_mixin.py:190} INFO - [2025-01-14T02:24:08.171+0000] {dag.py:4180} INFO - Setting next_dagrun for example_short_circuit_decorator to None, run_after=None
[2025-01-14T02:24:08.193+0000] {processor.py:208} INFO - Processing /home/airflow/.local/lib/python3.12/site-packages/airflow/example_dags/example_short_circuit_decorator.py took 0.074 seconds
[2025-01-14T02:24:39.012+0000] {processor.py:186} INFO - Started process (PID=2264) to work on /home/airflow/.local/lib/python3.12/site-packages/airflow/example_dags/example_short_circuit_decorator.py
[2025-01-14T02:24:39.026+0000] {processor.py:914} INFO - Processing file /home/airflow/.local/lib/python3.12/site-packages/airflow/example_dags/example_short_circuit_decorator.py for tasks to queue
[2025-01-14T02:24:39.035+0000] {logging_mixin.py:190} INFO - [2025-01-14T02:24:39.035+0000] {dagbag.py:588} INFO - Filling up the DagBag from /home/airflow/.local/lib/python3.12/site-packages/airflow/example_dags/example_short_circuit_decorator.py
[2025-01-14T02:24:39.050+0000] {processor.py:925} INFO - DAG(s) 'example_short_circuit_decorator' retrieved from /home/airflow/.local/lib/python3.12/site-packages/airflow/example_dags/example_short_circuit_decorator.py
[2025-01-14T02:24:39.072+0000] {logging_mixin.py:190} INFO - [2025-01-14T02:24:39.072+0000] {dag.py:3239} INFO - Sync 1 DAGs
[2025-01-14T02:24:39.087+0000] {logging_mixin.py:190} INFO - [2025-01-14T02:24:39.087+0000] {dag.py:4180} INFO - Setting next_dagrun for example_short_circuit_decorator to None, run_after=None
[2025-01-14T02:24:39.181+0000] {processor.py:208} INFO - Processing /home/airflow/.local/lib/python3.12/site-packages/airflow/example_dags/example_short_circuit_decorator.py took 0.175 seconds
[2025-01-14T02:25:09.547+0000] {processor.py:186} INFO - Started process (PID=2553) to work on /home/airflow/.local/lib/python3.12/site-packages/airflow/example_dags/example_short_circuit_decorator.py
[2025-01-14T02:25:09.549+0000] {processor.py:914} INFO - Processing file /home/airflow/.local/lib/python3.12/site-packages/airflow/example_dags/example_short_circuit_decorator.py for tasks to queue
[2025-01-14T02:25:09.552+0000] {logging_mixin.py:190} INFO - [2025-01-14T02:25:09.551+0000] {dagbag.py:588} INFO - Filling up the DagBag from /home/airflow/.local/lib/python3.12/site-packages/airflow/example_dags/example_short_circuit_decorator.py
[2025-01-14T02:25:09.561+0000] {processor.py:925} INFO - DAG(s) 'example_short_circuit_decorator' retrieved from /home/airflow/.local/lib/python3.12/site-packages/airflow/example_dags/example_short_circuit_decorator.py
[2025-01-14T02:25:09.590+0000] {logging_mixin.py:190} INFO - [2025-01-14T02:25:09.590+0000] {dag.py:3239} INFO - Sync 1 DAGs
[2025-01-14T02:25:09.609+0000] {logging_mixin.py:190} INFO - [2025-01-14T02:25:09.609+0000] {dag.py:4180} INFO - Setting next_dagrun for example_short_circuit_decorator to None, run_after=None
[2025-01-14T02:25:09.635+0000] {processor.py:208} INFO - Processing /home/airflow/.local/lib/python3.12/site-packages/airflow/example_dags/example_short_circuit_decorator.py took 0.093 seconds
[2025-01-14T02:25:40.652+0000] {processor.py:186} INFO - Started process (PID=2844) to work on /home/airflow/.local/lib/python3.12/site-packages/airflow/example_dags/example_short_circuit_decorator.py
[2025-01-14T02:25:40.653+0000] {processor.py:914} INFO - Processing file /home/airflow/.local/lib/python3.12/site-packages/airflow/example_dags/example_short_circuit_decorator.py for tasks to queue
[2025-01-14T02:25:40.656+0000] {logging_mixin.py:190} INFO - [2025-01-14T02:25:40.656+0000] {dagbag.py:588} INFO - Filling up the DagBag from /home/airflow/.local/lib/python3.12/site-packages/airflow/example_dags/example_short_circuit_decorator.py
[2025-01-14T02:25:40.664+0000] {processor.py:925} INFO - DAG(s) 'example_short_circuit_decorator' retrieved from /home/airflow/.local/lib/python3.12/site-packages/airflow/example_dags/example_short_circuit_decorator.py
[2025-01-14T02:25:40.685+0000] {logging_mixin.py:190} INFO - [2025-01-14T02:25:40.684+0000] {dag.py:3239} INFO - Sync 1 DAGs
[2025-01-14T02:25:40.697+0000] {logging_mixin.py:190} INFO - [2025-01-14T02:25:40.697+0000] {dag.py:4180} INFO - Setting next_dagrun for example_short_circuit_decorator to None, run_after=None
[2025-01-14T02:25:40.721+0000] {processor.py:208} INFO - Processing /home/airflow/.local/lib/python3.12/site-packages/airflow/example_dags/example_short_circuit_decorator.py took 0.074 seconds
[2025-01-14T02:27:08.357+0000] {processor.py:186} INFO - Started process (PID=3146) to work on /home/airflow/.local/lib/python3.12/site-packages/airflow/example_dags/example_short_circuit_decorator.py
[2025-01-14T02:27:08.358+0000] {processor.py:914} INFO - Processing file /home/airflow/.local/lib/python3.12/site-packages/airflow/example_dags/example_short_circuit_decorator.py for tasks to queue
[2025-01-14T02:27:08.361+0000] {logging_mixin.py:190} INFO - [2025-01-14T02:27:08.361+0000] {dagbag.py:588} INFO - Filling up the DagBag from /home/airflow/.local/lib/python3.12/site-packages/airflow/example_dags/example_short_circuit_decorator.py
[2025-01-14T02:27:08.368+0000] {processor.py:925} INFO - DAG(s) 'example_short_circuit_decorator' retrieved from /home/airflow/.local/lib/python3.12/site-packages/airflow/example_dags/example_short_circuit_decorator.py
[2025-01-14T02:27:08.388+0000] {logging_mixin.py:190} INFO - [2025-01-14T02:27:08.388+0000] {dag.py:3239} INFO - Sync 1 DAGs
[2025-01-14T02:27:08.400+0000] {logging_mixin.py:190} INFO - [2025-01-14T02:27:08.400+0000] {dag.py:4180} INFO - Setting next_dagrun for example_short_circuit_decorator to None, run_after=None
[2025-01-14T02:27:08.699+0000] {processor.py:208} INFO - Processing /home/airflow/.local/lib/python3.12/site-packages/airflow/example_dags/example_short_circuit_decorator.py took 0.346 seconds
[2025-01-14T02:27:39.355+0000] {processor.py:186} INFO - Started process (PID=3427) to work on /home/airflow/.local/lib/python3.12/site-packages/airflow/example_dags/example_short_circuit_decorator.py
[2025-01-14T02:27:39.356+0000] {processor.py:914} INFO - Processing file /home/airflow/.local/lib/python3.12/site-packages/airflow/example_dags/example_short_circuit_decorator.py for tasks to queue
[2025-01-14T02:27:39.359+0000] {logging_mixin.py:190} INFO - [2025-01-14T02:27:39.358+0000] {dagbag.py:588} INFO - Filling up the DagBag from /home/airflow/.local/lib/python3.12/site-packages/airflow/example_dags/example_short_circuit_decorator.py
[2025-01-14T02:27:39.372+0000] {processor.py:925} INFO - DAG(s) 'example_short_circuit_decorator' retrieved from /home/airflow/.local/lib/python3.12/site-packages/airflow/example_dags/example_short_circuit_decorator.py
[2025-01-14T02:27:39.393+0000] {logging_mixin.py:190} INFO - [2025-01-14T02:27:39.393+0000] {dag.py:3239} INFO - Sync 1 DAGs
[2025-01-14T02:27:39.406+0000] {logging_mixin.py:190} INFO - [2025-01-14T02:27:39.406+0000] {dag.py:4180} INFO - Setting next_dagrun for example_short_circuit_decorator to None, run_after=None
[2025-01-14T02:27:39.427+0000] {processor.py:208} INFO - Processing /home/airflow/.local/lib/python3.12/site-packages/airflow/example_dags/example_short_circuit_decorator.py took 0.078 seconds
[2025-01-14T02:28:10.094+0000] {processor.py:186} INFO - Started process (PID=3718) to work on /home/airflow/.local/lib/python3.12/site-packages/airflow/example_dags/example_short_circuit_decorator.py
[2025-01-14T02:28:10.095+0000] {processor.py:914} INFO - Processing file /home/airflow/.local/lib/python3.12/site-packages/airflow/example_dags/example_short_circuit_decorator.py for tasks to queue
[2025-01-14T02:28:10.097+0000] {logging_mixin.py:190} INFO - [2025-01-14T02:28:10.096+0000] {dagbag.py:588} INFO - Filling up the DagBag from /home/airflow/.local/lib/python3.12/site-packages/airflow/example_dags/example_short_circuit_decorator.py
[2025-01-14T02:28:10.104+0000] {processor.py:925} INFO - DAG(s) 'example_short_circuit_decorator' retrieved from /home/airflow/.local/lib/python3.12/site-packages/airflow/example_dags/example_short_circuit_decorator.py
[2025-01-14T02:28:10.123+0000] {logging_mixin.py:190} INFO - [2025-01-14T02:28:10.123+0000] {dag.py:3239} INFO - Sync 1 DAGs
[2025-01-14T02:28:10.136+0000] {logging_mixin.py:190} INFO - [2025-01-14T02:28:10.136+0000] {dag.py:4180} INFO - Setting next_dagrun for example_short_circuit_decorator to None, run_after=None
[2025-01-14T02:28:10.153+0000] {processor.py:208} INFO - Processing /home/airflow/.local/lib/python3.12/site-packages/airflow/example_dags/example_short_circuit_decorator.py took 0.064 seconds
[2025-01-14T02:28:40.551+0000] {processor.py:186} INFO - Started process (PID=4009) to work on /home/airflow/.local/lib/python3.12/site-packages/airflow/example_dags/example_short_circuit_decorator.py
[2025-01-14T02:28:40.552+0000] {processor.py:914} INFO - Processing file /home/airflow/.local/lib/python3.12/site-packages/airflow/example_dags/example_short_circuit_decorator.py for tasks to queue
[2025-01-14T02:28:40.554+0000] {logging_mixin.py:190} INFO - [2025-01-14T02:28:40.554+0000] {dagbag.py:588} INFO - Filling up the DagBag from /home/airflow/.local/lib/python3.12/site-packages/airflow/example_dags/example_short_circuit_decorator.py
[2025-01-14T02:28:40.563+0000] {processor.py:925} INFO - DAG(s) 'example_short_circuit_decorator' retrieved from /home/airflow/.local/lib/python3.12/site-packages/airflow/example_dags/example_short_circuit_decorator.py
[2025-01-14T02:28:40.581+0000] {logging_mixin.py:190} INFO - [2025-01-14T02:28:40.581+0000] {dag.py:3239} INFO - Sync 1 DAGs
[2025-01-14T02:28:40.594+0000] {logging_mixin.py:190} INFO - [2025-01-14T02:28:40.594+0000] {dag.py:4180} INFO - Setting next_dagrun for example_short_circuit_decorator to None, run_after=None
[2025-01-14T02:28:40.612+0000] {processor.py:208} INFO - Processing /home/airflow/.local/lib/python3.12/site-packages/airflow/example_dags/example_short_circuit_decorator.py took 0.065 seconds
