[2025-01-14T02:21:06.586+0000] {processor.py:186} INFO - Started process (PID=272) to work on /home/airflow/.local/lib/python3.12/site-packages/airflow/example_dags/example_params_trigger_ui.py
[2025-01-14T02:21:06.587+0000] {processor.py:914} INFO - Processing file /home/airflow/.local/lib/python3.12/site-packages/airflow/example_dags/example_params_trigger_ui.py for tasks to queue
[2025-01-14T02:21:06.589+0000] {logging_mixin.py:190} INFO - [2025-01-14T02:21:06.589+0000] {dagbag.py:588} INFO - Filling up the DagBag from /home/airflow/.local/lib/python3.12/site-packages/airflow/example_dags/example_params_trigger_ui.py
[2025-01-14T02:21:06.603+0000] {processor.py:925} INFO - DAG(s) 'example_params_trigger_ui' retrieved from /home/airflow/.local/lib/python3.12/site-packages/airflow/example_dags/example_params_trigger_ui.py
[2025-01-14T02:21:06.734+0000] {logging_mixin.py:190} INFO - [2025-01-14T02:21:06.734+0000] {override.py:1911} INFO - Created Permission View: can read on DAG:example_params_trigger_ui
[2025-01-14T02:21:06.746+0000] {logging_mixin.py:190} INFO - [2025-01-14T02:21:06.746+0000] {override.py:1911} INFO - Created Permission View: can delete on DAG:example_params_trigger_ui
[2025-01-14T02:21:06.753+0000] {logging_mixin.py:190} INFO - [2025-01-14T02:21:06.753+0000] {override.py:1911} INFO - Created Permission View: can edit on DAG:example_params_trigger_ui
[2025-01-14T02:21:06.763+0000] {logging_mixin.py:190} INFO - [2025-01-14T02:21:06.763+0000] {override.py:1911} INFO - Created Permission View: can read on DAG Run:example_params_trigger_ui
[2025-01-14T02:21:06.770+0000] {logging_mixin.py:190} INFO - [2025-01-14T02:21:06.770+0000] {override.py:1911} INFO - Created Permission View: menu access on DAG Run:example_params_trigger_ui
[2025-01-14T02:21:06.778+0000] {logging_mixin.py:190} INFO - [2025-01-14T02:21:06.778+0000] {override.py:1911} INFO - Created Permission View: can create on DAG Run:example_params_trigger_ui
[2025-01-14T02:21:06.787+0000] {logging_mixin.py:190} INFO - [2025-01-14T02:21:06.786+0000] {override.py:1911} INFO - Created Permission View: can delete on DAG Run:example_params_trigger_ui
[2025-01-14T02:21:06.787+0000] {logging_mixin.py:190} INFO - [2025-01-14T02:21:06.787+0000] {dag.py:3239} INFO - Sync 1 DAGs
[2025-01-14T02:21:06.798+0000] {logging_mixin.py:190} INFO - [2025-01-14T02:21:06.798+0000] {dag.py:3262} INFO - Creating ORM DAG for example_params_trigger_ui
[2025-01-14T02:21:06.799+0000] {logging_mixin.py:190} INFO - [2025-01-14T02:21:06.799+0000] {dag.py:4180} INFO - Setting next_dagrun for example_params_trigger_ui to None, run_after=None
[2025-01-14T02:21:06.817+0000] {processor.py:208} INFO - Processing /home/airflow/.local/lib/python3.12/site-packages/airflow/example_dags/example_params_trigger_ui.py took 0.235 seconds
[2025-01-14T02:21:37.036+0000] {processor.py:186} INFO - Started process (PID=563) to work on /home/airflow/.local/lib/python3.12/site-packages/airflow/example_dags/example_params_trigger_ui.py
[2025-01-14T02:21:37.040+0000] {processor.py:914} INFO - Processing file /home/airflow/.local/lib/python3.12/site-packages/airflow/example_dags/example_params_trigger_ui.py for tasks to queue
[2025-01-14T02:21:37.043+0000] {logging_mixin.py:190} INFO - [2025-01-14T02:21:37.043+0000] {dagbag.py:588} INFO - Filling up the DagBag from /home/airflow/.local/lib/python3.12/site-packages/airflow/example_dags/example_params_trigger_ui.py
[2025-01-14T02:21:37.052+0000] {processor.py:925} INFO - DAG(s) 'example_params_trigger_ui' retrieved from /home/airflow/.local/lib/python3.12/site-packages/airflow/example_dags/example_params_trigger_ui.py
[2025-01-14T02:21:37.086+0000] {logging_mixin.py:190} INFO - [2025-01-14T02:21:37.085+0000] {dag.py:3239} INFO - Sync 1 DAGs
[2025-01-14T02:21:37.109+0000] {logging_mixin.py:190} INFO - [2025-01-14T02:21:37.108+0000] {dag.py:4180} INFO - Setting next_dagrun for example_params_trigger_ui to None, run_after=None
[2025-01-14T02:21:37.134+0000] {processor.py:208} INFO - Processing /home/airflow/.local/lib/python3.12/site-packages/airflow/example_dags/example_params_trigger_ui.py took 0.104 seconds
[2025-01-14T02:22:07.597+0000] {processor.py:186} INFO - Started process (PID=852) to work on /home/airflow/.local/lib/python3.12/site-packages/airflow/example_dags/example_params_trigger_ui.py
[2025-01-14T02:22:07.598+0000] {processor.py:914} INFO - Processing file /home/airflow/.local/lib/python3.12/site-packages/airflow/example_dags/example_params_trigger_ui.py for tasks to queue
[2025-01-14T02:22:07.600+0000] {logging_mixin.py:190} INFO - [2025-01-14T02:22:07.600+0000] {dagbag.py:588} INFO - Filling up the DagBag from /home/airflow/.local/lib/python3.12/site-packages/airflow/example_dags/example_params_trigger_ui.py
[2025-01-14T02:22:07.610+0000] {processor.py:925} INFO - DAG(s) 'example_params_trigger_ui' retrieved from /home/airflow/.local/lib/python3.12/site-packages/airflow/example_dags/example_params_trigger_ui.py
[2025-01-14T02:22:07.644+0000] {logging_mixin.py:190} INFO - [2025-01-14T02:22:07.644+0000] {dag.py:3239} INFO - Sync 1 DAGs
[2025-01-14T02:22:07.656+0000] {logging_mixin.py:190} INFO - [2025-01-14T02:22:07.656+0000] {dag.py:4180} INFO - Setting next_dagrun for example_params_trigger_ui to None, run_after=None
[2025-01-14T02:22:07.677+0000] {processor.py:208} INFO - Processing /home/airflow/.local/lib/python3.12/site-packages/airflow/example_dags/example_params_trigger_ui.py took 0.085 seconds
[2025-01-14T02:22:38.566+0000] {processor.py:186} INFO - Started process (PID=1145) to work on /home/airflow/.local/lib/python3.12/site-packages/airflow/example_dags/example_params_trigger_ui.py
[2025-01-14T02:22:38.568+0000] {processor.py:914} INFO - Processing file /home/airflow/.local/lib/python3.12/site-packages/airflow/example_dags/example_params_trigger_ui.py for tasks to queue
[2025-01-14T02:22:38.570+0000] {logging_mixin.py:190} INFO - [2025-01-14T02:22:38.570+0000] {dagbag.py:588} INFO - Filling up the DagBag from /home/airflow/.local/lib/python3.12/site-packages/airflow/example_dags/example_params_trigger_ui.py
[2025-01-14T02:22:38.580+0000] {processor.py:925} INFO - DAG(s) 'example_params_trigger_ui' retrieved from /home/airflow/.local/lib/python3.12/site-packages/airflow/example_dags/example_params_trigger_ui.py
[2025-01-14T02:22:38.614+0000] {logging_mixin.py:190} INFO - [2025-01-14T02:22:38.614+0000] {dag.py:3239} INFO - Sync 1 DAGs
[2025-01-14T02:22:38.627+0000] {logging_mixin.py:190} INFO - [2025-01-14T02:22:38.626+0000] {dag.py:4180} INFO - Setting next_dagrun for example_params_trigger_ui to None, run_after=None
[2025-01-14T02:22:38.646+0000] {processor.py:208} INFO - Processing /home/airflow/.local/lib/python3.12/site-packages/airflow/example_dags/example_params_trigger_ui.py took 0.085 seconds
[2025-01-14T02:23:08.547+0000] {processor.py:186} INFO - Started process (PID=1434) to work on /home/airflow/.local/lib/python3.12/site-packages/airflow/example_dags/example_params_trigger_ui.py
[2025-01-14T02:23:08.548+0000] {processor.py:914} INFO - Processing file /home/airflow/.local/lib/python3.12/site-packages/airflow/example_dags/example_params_trigger_ui.py for tasks to queue
[2025-01-14T02:23:08.551+0000] {logging_mixin.py:190} INFO - [2025-01-14T02:23:08.551+0000] {dagbag.py:588} INFO - Filling up the DagBag from /home/airflow/.local/lib/python3.12/site-packages/airflow/example_dags/example_params_trigger_ui.py
[2025-01-14T02:23:08.563+0000] {processor.py:925} INFO - DAG(s) 'example_params_trigger_ui' retrieved from /home/airflow/.local/lib/python3.12/site-packages/airflow/example_dags/example_params_trigger_ui.py
[2025-01-14T02:23:07.471+0000] {logging_mixin.py:190} INFO - [2025-01-14T02:23:07.471+0000] {dag.py:3239} INFO - Sync 1 DAGs
[2025-01-14T02:23:07.484+0000] {logging_mixin.py:190} INFO - [2025-01-14T02:23:07.484+0000] {dag.py:4180} INFO - Setting next_dagrun for example_params_trigger_ui to None, run_after=None
[2025-01-14T02:23:07.507+0000] {processor.py:208} INFO - Processing /home/airflow/.local/lib/python3.12/site-packages/airflow/example_dags/example_params_trigger_ui.py took 0.095 seconds
[2025-01-14T02:23:37.888+0000] {processor.py:186} INFO - Started process (PID=1690) to work on /home/airflow/.local/lib/python3.12/site-packages/airflow/example_dags/example_params_trigger_ui.py
[2025-01-14T02:23:37.890+0000] {processor.py:914} INFO - Processing file /home/airflow/.local/lib/python3.12/site-packages/airflow/example_dags/example_params_trigger_ui.py for tasks to queue
[2025-01-14T02:23:37.896+0000] {logging_mixin.py:190} INFO - [2025-01-14T02:23:37.895+0000] {dagbag.py:588} INFO - Filling up the DagBag from /home/airflow/.local/lib/python3.12/site-packages/airflow/example_dags/example_params_trigger_ui.py
[2025-01-14T02:23:37.907+0000] {processor.py:925} INFO - DAG(s) 'example_params_trigger_ui' retrieved from /home/airflow/.local/lib/python3.12/site-packages/airflow/example_dags/example_params_trigger_ui.py
[2025-01-14T02:23:37.961+0000] {logging_mixin.py:190} INFO - [2025-01-14T02:23:37.960+0000] {dag.py:3239} INFO - Sync 1 DAGs
[2025-01-14T02:23:37.973+0000] {logging_mixin.py:190} INFO - [2025-01-14T02:23:37.973+0000] {dag.py:4180} INFO - Setting next_dagrun for example_params_trigger_ui to None, run_after=None
[2025-01-14T02:23:38.004+0000] {processor.py:208} INFO - Processing /home/airflow/.local/lib/python3.12/site-packages/airflow/example_dags/example_params_trigger_ui.py took 0.125 seconds
[2025-01-14T02:24:08.233+0000] {processor.py:186} INFO - Started process (PID=1981) to work on /home/airflow/.local/lib/python3.12/site-packages/airflow/example_dags/example_params_trigger_ui.py
[2025-01-14T02:24:08.234+0000] {processor.py:914} INFO - Processing file /home/airflow/.local/lib/python3.12/site-packages/airflow/example_dags/example_params_trigger_ui.py for tasks to queue
[2025-01-14T02:24:08.236+0000] {logging_mixin.py:190} INFO - [2025-01-14T02:24:08.236+0000] {dagbag.py:588} INFO - Filling up the DagBag from /home/airflow/.local/lib/python3.12/site-packages/airflow/example_dags/example_params_trigger_ui.py
[2025-01-14T02:24:08.245+0000] {processor.py:925} INFO - DAG(s) 'example_params_trigger_ui' retrieved from /home/airflow/.local/lib/python3.12/site-packages/airflow/example_dags/example_params_trigger_ui.py
[2025-01-14T02:24:08.280+0000] {logging_mixin.py:190} INFO - [2025-01-14T02:24:08.279+0000] {dag.py:3239} INFO - Sync 1 DAGs
[2025-01-14T02:24:08.292+0000] {logging_mixin.py:190} INFO - [2025-01-14T02:24:08.292+0000] {dag.py:4180} INFO - Setting next_dagrun for example_params_trigger_ui to None, run_after=None
[2025-01-14T02:24:08.313+0000] {processor.py:208} INFO - Processing /home/airflow/.local/lib/python3.12/site-packages/airflow/example_dags/example_params_trigger_ui.py took 0.086 seconds
[2025-01-14T02:24:39.635+0000] {processor.py:186} INFO - Started process (PID=2272) to work on /home/airflow/.local/lib/python3.12/site-packages/airflow/example_dags/example_params_trigger_ui.py
[2025-01-14T02:24:39.637+0000] {processor.py:914} INFO - Processing file /home/airflow/.local/lib/python3.12/site-packages/airflow/example_dags/example_params_trigger_ui.py for tasks to queue
[2025-01-14T02:24:39.641+0000] {logging_mixin.py:190} INFO - [2025-01-14T02:24:39.640+0000] {dagbag.py:588} INFO - Filling up the DagBag from /home/airflow/.local/lib/python3.12/site-packages/airflow/example_dags/example_params_trigger_ui.py
[2025-01-14T02:24:39.653+0000] {processor.py:925} INFO - DAG(s) 'example_params_trigger_ui' retrieved from /home/airflow/.local/lib/python3.12/site-packages/airflow/example_dags/example_params_trigger_ui.py
[2025-01-14T02:24:39.695+0000] {logging_mixin.py:190} INFO - [2025-01-14T02:24:39.695+0000] {dag.py:3239} INFO - Sync 1 DAGs
[2025-01-14T02:24:39.715+0000] {logging_mixin.py:190} INFO - [2025-01-14T02:24:39.714+0000] {dag.py:4180} INFO - Setting next_dagrun for example_params_trigger_ui to None, run_after=None
[2025-01-14T02:24:39.747+0000] {processor.py:208} INFO - Processing /home/airflow/.local/lib/python3.12/site-packages/airflow/example_dags/example_params_trigger_ui.py took 0.121 seconds
[2025-01-14T02:25:10.641+0000] {processor.py:186} INFO - Started process (PID=2563) to work on /home/airflow/.local/lib/python3.12/site-packages/airflow/example_dags/example_params_trigger_ui.py
[2025-01-14T02:25:10.645+0000] {processor.py:914} INFO - Processing file /home/airflow/.local/lib/python3.12/site-packages/airflow/example_dags/example_params_trigger_ui.py for tasks to queue
[2025-01-14T02:25:10.648+0000] {logging_mixin.py:190} INFO - [2025-01-14T02:25:10.647+0000] {dagbag.py:588} INFO - Filling up the DagBag from /home/airflow/.local/lib/python3.12/site-packages/airflow/example_dags/example_params_trigger_ui.py
[2025-01-14T02:25:10.664+0000] {processor.py:925} INFO - DAG(s) 'example_params_trigger_ui' retrieved from /home/airflow/.local/lib/python3.12/site-packages/airflow/example_dags/example_params_trigger_ui.py
[2025-01-14T02:25:10.731+0000] {logging_mixin.py:190} INFO - [2025-01-14T02:25:10.731+0000] {dag.py:3239} INFO - Sync 1 DAGs
[2025-01-14T02:25:10.747+0000] {logging_mixin.py:190} INFO - [2025-01-14T02:25:10.747+0000] {dag.py:4180} INFO - Setting next_dagrun for example_params_trigger_ui to None, run_after=None
[2025-01-14T02:25:10.773+0000] {processor.py:208} INFO - Processing /home/airflow/.local/lib/python3.12/site-packages/airflow/example_dags/example_params_trigger_ui.py took 0.139 seconds
[2025-01-14T02:25:41.745+0000] {processor.py:186} INFO - Started process (PID=2854) to work on /home/airflow/.local/lib/python3.12/site-packages/airflow/example_dags/example_params_trigger_ui.py
[2025-01-14T02:25:41.746+0000] {processor.py:914} INFO - Processing file /home/airflow/.local/lib/python3.12/site-packages/airflow/example_dags/example_params_trigger_ui.py for tasks to queue
[2025-01-14T02:25:41.757+0000] {logging_mixin.py:190} INFO - [2025-01-14T02:25:41.756+0000] {dagbag.py:588} INFO - Filling up the DagBag from /home/airflow/.local/lib/python3.12/site-packages/airflow/example_dags/example_params_trigger_ui.py
[2025-01-14T02:25:41.776+0000] {processor.py:925} INFO - DAG(s) 'example_params_trigger_ui' retrieved from /home/airflow/.local/lib/python3.12/site-packages/airflow/example_dags/example_params_trigger_ui.py
[2025-01-14T02:25:41.823+0000] {logging_mixin.py:190} INFO - [2025-01-14T02:25:41.823+0000] {dag.py:3239} INFO - Sync 1 DAGs
[2025-01-14T02:25:41.839+0000] {logging_mixin.py:190} INFO - [2025-01-14T02:25:41.839+0000] {dag.py:4180} INFO - Setting next_dagrun for example_params_trigger_ui to None, run_after=None
[2025-01-14T02:25:41.866+0000] {processor.py:208} INFO - Processing /home/airflow/.local/lib/python3.12/site-packages/airflow/example_dags/example_params_trigger_ui.py took 0.126 seconds
[2025-01-14T02:27:10.515+0000] {processor.py:186} INFO - Started process (PID=3181) to work on /home/airflow/.local/lib/python3.12/site-packages/airflow/example_dags/example_params_trigger_ui.py
[2025-01-14T02:27:10.516+0000] {processor.py:914} INFO - Processing file /home/airflow/.local/lib/python3.12/site-packages/airflow/example_dags/example_params_trigger_ui.py for tasks to queue
[2025-01-14T02:27:10.520+0000] {logging_mixin.py:190} INFO - [2025-01-14T02:27:10.519+0000] {dagbag.py:588} INFO - Filling up the DagBag from /home/airflow/.local/lib/python3.12/site-packages/airflow/example_dags/example_params_trigger_ui.py
[2025-01-14T02:27:10.559+0000] {processor.py:925} INFO - DAG(s) 'example_params_trigger_ui' retrieved from /home/airflow/.local/lib/python3.12/site-packages/airflow/example_dags/example_params_trigger_ui.py
[2025-01-14T02:27:10.632+0000] {logging_mixin.py:190} INFO - [2025-01-14T02:27:10.632+0000] {dag.py:3239} INFO - Sync 1 DAGs
[2025-01-14T02:27:10.650+0000] {logging_mixin.py:190} INFO - [2025-01-14T02:27:10.649+0000] {dag.py:4180} INFO - Setting next_dagrun for example_params_trigger_ui to None, run_after=None
[2025-01-14T02:27:10.681+0000] {processor.py:208} INFO - Processing /home/airflow/.local/lib/python3.12/site-packages/airflow/example_dags/example_params_trigger_ui.py took 0.174 seconds
[2025-01-14T02:27:41.169+0000] {processor.py:186} INFO - Started process (PID=3472) to work on /home/airflow/.local/lib/python3.12/site-packages/airflow/example_dags/example_params_trigger_ui.py
[2025-01-14T02:27:41.170+0000] {processor.py:914} INFO - Processing file /home/airflow/.local/lib/python3.12/site-packages/airflow/example_dags/example_params_trigger_ui.py for tasks to queue
[2025-01-14T02:27:41.173+0000] {logging_mixin.py:190} INFO - [2025-01-14T02:27:41.173+0000] {dagbag.py:588} INFO - Filling up the DagBag from /home/airflow/.local/lib/python3.12/site-packages/airflow/example_dags/example_params_trigger_ui.py
[2025-01-14T02:27:41.184+0000] {processor.py:925} INFO - DAG(s) 'example_params_trigger_ui' retrieved from /home/airflow/.local/lib/python3.12/site-packages/airflow/example_dags/example_params_trigger_ui.py
[2025-01-14T02:27:41.226+0000] {logging_mixin.py:190} INFO - [2025-01-14T02:27:41.226+0000] {dag.py:3239} INFO - Sync 1 DAGs
[2025-01-14T02:27:41.240+0000] {logging_mixin.py:190} INFO - [2025-01-14T02:27:41.240+0000] {dag.py:4180} INFO - Setting next_dagrun for example_params_trigger_ui to None, run_after=None
[2025-01-14T02:27:41.261+0000] {processor.py:208} INFO - Processing /home/airflow/.local/lib/python3.12/site-packages/airflow/example_dags/example_params_trigger_ui.py took 0.099 seconds
[2025-01-14T02:28:11.742+0000] {processor.py:186} INFO - Started process (PID=3763) to work on /home/airflow/.local/lib/python3.12/site-packages/airflow/example_dags/example_params_trigger_ui.py
[2025-01-14T02:28:11.743+0000] {processor.py:914} INFO - Processing file /home/airflow/.local/lib/python3.12/site-packages/airflow/example_dags/example_params_trigger_ui.py for tasks to queue
[2025-01-14T02:28:11.746+0000] {logging_mixin.py:190} INFO - [2025-01-14T02:28:11.746+0000] {dagbag.py:588} INFO - Filling up the DagBag from /home/airflow/.local/lib/python3.12/site-packages/airflow/example_dags/example_params_trigger_ui.py
[2025-01-14T02:28:11.755+0000] {processor.py:925} INFO - DAG(s) 'example_params_trigger_ui' retrieved from /home/airflow/.local/lib/python3.12/site-packages/airflow/example_dags/example_params_trigger_ui.py
[2025-01-14T02:28:11.791+0000] {logging_mixin.py:190} INFO - [2025-01-14T02:28:11.790+0000] {dag.py:3239} INFO - Sync 1 DAGs
[2025-01-14T02:28:11.801+0000] {logging_mixin.py:190} INFO - [2025-01-14T02:28:11.801+0000] {dag.py:4180} INFO - Setting next_dagrun for example_params_trigger_ui to None, run_after=None
[2025-01-14T02:28:11.822+0000] {processor.py:208} INFO - Processing /home/airflow/.local/lib/python3.12/site-packages/airflow/example_dags/example_params_trigger_ui.py took 0.085 seconds
[2025-01-14T02:28:42.399+0000] {processor.py:186} INFO - Started process (PID=4056) to work on /home/airflow/.local/lib/python3.12/site-packages/airflow/example_dags/example_params_trigger_ui.py
[2025-01-14T02:28:42.400+0000] {processor.py:914} INFO - Processing file /home/airflow/.local/lib/python3.12/site-packages/airflow/example_dags/example_params_trigger_ui.py for tasks to queue
[2025-01-14T02:28:42.403+0000] {logging_mixin.py:190} INFO - [2025-01-14T02:28:42.402+0000] {dagbag.py:588} INFO - Filling up the DagBag from /home/airflow/.local/lib/python3.12/site-packages/airflow/example_dags/example_params_trigger_ui.py
[2025-01-14T02:28:42.413+0000] {processor.py:925} INFO - DAG(s) 'example_params_trigger_ui' retrieved from /home/airflow/.local/lib/python3.12/site-packages/airflow/example_dags/example_params_trigger_ui.py
[2025-01-14T02:28:42.452+0000] {logging_mixin.py:190} INFO - [2025-01-14T02:28:42.451+0000] {dag.py:3239} INFO - Sync 1 DAGs
[2025-01-14T02:28:42.465+0000] {logging_mixin.py:190} INFO - [2025-01-14T02:28:42.465+0000] {dag.py:4180} INFO - Setting next_dagrun for example_params_trigger_ui to None, run_after=None
[2025-01-14T02:28:42.483+0000] {processor.py:208} INFO - Processing /home/airflow/.local/lib/python3.12/site-packages/airflow/example_dags/example_params_trigger_ui.py took 0.090 seconds
