[2025-01-14T02:21:11.402+0000] {processor.py:186} INFO - Started process (PID=385) to work on /home/airflow/.local/lib/python3.12/site-packages/airflow/example_dags/example_inlet_event_extra.py
[2025-01-14T02:21:11.403+0000] {processor.py:914} INFO - Processing file /home/airflow/.local/lib/python3.12/site-packages/airflow/example_dags/example_inlet_event_extra.py for tasks to queue
[2025-01-14T02:21:11.406+0000] {logging_mixin.py:190} INFO - [2025-01-14T02:21:11.405+0000] {dagbag.py:588} INFO - Filling up the DagBag from /home/airflow/.local/lib/python3.12/site-packages/airflow/example_dags/example_inlet_event_extra.py
[2025-01-14T02:21:11.854+0000] {processor.py:925} INFO - DAG(s) 'read_dataset_event_from_classic', 'read_dataset_event' retrieved from /home/airflow/.local/lib/python3.12/site-packages/airflow/example_dags/example_inlet_event_extra.py
[2025-01-14T02:21:11.930+0000] {logging_mixin.py:190} INFO - [2025-01-14T02:21:11.930+0000] {override.py:1911} INFO - Created Permission View: can read on DAG:read_dataset_event_from_classic
[2025-01-14T02:21:11.947+0000] {logging_mixin.py:190} INFO - [2025-01-14T02:21:11.947+0000] {override.py:1911} INFO - Created Permission View: can delete on DAG:read_dataset_event_from_classic
[2025-01-14T02:21:11.960+0000] {logging_mixin.py:190} INFO - [2025-01-14T02:21:11.959+0000] {override.py:1911} INFO - Created Permission View: can edit on DAG:read_dataset_event_from_classic
[2025-01-14T02:21:11.974+0000] {logging_mixin.py:190} INFO - [2025-01-14T02:21:11.974+0000] {override.py:1911} INFO - Created Permission View: can read on DAG Run:read_dataset_event_from_classic
[2025-01-14T02:21:11.989+0000] {logging_mixin.py:190} INFO - [2025-01-14T02:21:11.989+0000] {override.py:1911} INFO - Created Permission View: menu access on DAG Run:read_dataset_event_from_classic
[2025-01-14T02:21:11.997+0000] {logging_mixin.py:190} INFO - [2025-01-14T02:21:11.997+0000] {override.py:1911} INFO - Created Permission View: can create on DAG Run:read_dataset_event_from_classic
[2025-01-14T02:21:12.004+0000] {logging_mixin.py:190} INFO - [2025-01-14T02:21:12.004+0000] {override.py:1911} INFO - Created Permission View: can delete on DAG Run:read_dataset_event_from_classic
[2025-01-14T02:21:12.020+0000] {logging_mixin.py:190} INFO - [2025-01-14T02:21:12.020+0000] {override.py:1911} INFO - Created Permission View: can read on DAG:read_dataset_event
[2025-01-14T02:21:12.029+0000] {logging_mixin.py:190} INFO - [2025-01-14T02:21:12.028+0000] {override.py:1911} INFO - Created Permission View: can delete on DAG:read_dataset_event
[2025-01-14T02:21:12.037+0000] {logging_mixin.py:190} INFO - [2025-01-14T02:21:12.037+0000] {override.py:1911} INFO - Created Permission View: can edit on DAG:read_dataset_event
[2025-01-14T02:21:12.047+0000] {logging_mixin.py:190} INFO - [2025-01-14T02:21:12.046+0000] {override.py:1911} INFO - Created Permission View: can read on DAG Run:read_dataset_event
[2025-01-14T02:21:12.053+0000] {logging_mixin.py:190} INFO - [2025-01-14T02:21:12.053+0000] {override.py:1911} INFO - Created Permission View: menu access on DAG Run:read_dataset_event
[2025-01-14T02:21:12.062+0000] {logging_mixin.py:190} INFO - [2025-01-14T02:21:12.061+0000] {override.py:1911} INFO - Created Permission View: can create on DAG Run:read_dataset_event
[2025-01-14T02:21:12.070+0000] {logging_mixin.py:190} INFO - [2025-01-14T02:21:12.070+0000] {override.py:1911} INFO - Created Permission View: can delete on DAG Run:read_dataset_event
[2025-01-14T02:21:12.071+0000] {logging_mixin.py:190} INFO - [2025-01-14T02:21:12.071+0000] {dag.py:3239} INFO - Sync 2 DAGs
[2025-01-14T02:21:12.084+0000] {logging_mixin.py:190} INFO - [2025-01-14T02:21:12.083+0000] {dag.py:3262} INFO - Creating ORM DAG for read_dataset_event
[2025-01-14T02:21:12.085+0000] {logging_mixin.py:190} INFO - [2025-01-14T02:21:12.084+0000] {dag.py:3262} INFO - Creating ORM DAG for read_dataset_event_from_classic
[2025-01-14T02:21:12.094+0000] {logging_mixin.py:190} INFO - [2025-01-14T02:21:12.094+0000] {dag.py:4180} INFO - Setting next_dagrun for read_dataset_event to 2025-01-13 00:00:00+00:00, run_after=2025-01-14 00:00:00+00:00
[2025-01-14T02:21:12.096+0000] {logging_mixin.py:190} INFO - [2025-01-14T02:21:12.096+0000] {dag.py:4180} INFO - Setting next_dagrun for read_dataset_event_from_classic to 2025-01-13 00:00:00+00:00, run_after=2025-01-14 00:00:00+00:00
[2025-01-14T02:21:12.115+0000] {processor.py:208} INFO - Processing /home/airflow/.local/lib/python3.12/site-packages/airflow/example_dags/example_inlet_event_extra.py took 0.718 seconds
[2025-01-14T02:21:42.741+0000] {processor.py:186} INFO - Started process (PID=678) to work on /home/airflow/.local/lib/python3.12/site-packages/airflow/example_dags/example_inlet_event_extra.py
[2025-01-14T02:21:42.742+0000] {processor.py:914} INFO - Processing file /home/airflow/.local/lib/python3.12/site-packages/airflow/example_dags/example_inlet_event_extra.py for tasks to queue
[2025-01-14T02:21:42.744+0000] {logging_mixin.py:190} INFO - [2025-01-14T02:21:42.744+0000] {dagbag.py:588} INFO - Filling up the DagBag from /home/airflow/.local/lib/python3.12/site-packages/airflow/example_dags/example_inlet_event_extra.py
[2025-01-14T02:21:43.196+0000] {processor.py:925} INFO - DAG(s) 'read_dataset_event', 'read_dataset_event_from_classic' retrieved from /home/airflow/.local/lib/python3.12/site-packages/airflow/example_dags/example_inlet_event_extra.py
[2025-01-14T02:21:43.213+0000] {logging_mixin.py:190} INFO - [2025-01-14T02:21:43.213+0000] {dag.py:3239} INFO - Sync 2 DAGs
[2025-01-14T02:21:43.234+0000] {logging_mixin.py:190} INFO - [2025-01-14T02:21:43.234+0000] {dag.py:4180} INFO - Setting next_dagrun for read_dataset_event to 2025-01-13 00:00:00+00:00, run_after=2025-01-14 00:00:00+00:00
[2025-01-14T02:21:43.240+0000] {logging_mixin.py:190} INFO - [2025-01-14T02:21:43.239+0000] {dag.py:4180} INFO - Setting next_dagrun for read_dataset_event_from_classic to 2025-01-13 00:00:00+00:00, run_after=2025-01-14 00:00:00+00:00
[2025-01-14T02:21:43.257+0000] {processor.py:208} INFO - Processing /home/airflow/.local/lib/python3.12/site-packages/airflow/example_dags/example_inlet_event_extra.py took 0.521 seconds
[2025-01-14T02:22:13.326+0000] {processor.py:186} INFO - Started process (PID=969) to work on /home/airflow/.local/lib/python3.12/site-packages/airflow/example_dags/example_inlet_event_extra.py
[2025-01-14T02:22:13.327+0000] {processor.py:914} INFO - Processing file /home/airflow/.local/lib/python3.12/site-packages/airflow/example_dags/example_inlet_event_extra.py for tasks to queue
[2025-01-14T02:22:13.329+0000] {logging_mixin.py:190} INFO - [2025-01-14T02:22:13.329+0000] {dagbag.py:588} INFO - Filling up the DagBag from /home/airflow/.local/lib/python3.12/site-packages/airflow/example_dags/example_inlet_event_extra.py
[2025-01-14T02:22:13.766+0000] {processor.py:925} INFO - DAG(s) 'read_dataset_event_from_classic', 'read_dataset_event' retrieved from /home/airflow/.local/lib/python3.12/site-packages/airflow/example_dags/example_inlet_event_extra.py
[2025-01-14T02:22:13.780+0000] {logging_mixin.py:190} INFO - [2025-01-14T02:22:13.780+0000] {dag.py:3239} INFO - Sync 2 DAGs
[2025-01-14T02:22:13.800+0000] {logging_mixin.py:190} INFO - [2025-01-14T02:22:13.800+0000] {dag.py:4180} INFO - Setting next_dagrun for read_dataset_event to 2025-01-13 00:00:00+00:00, run_after=2025-01-14 00:00:00+00:00
[2025-01-14T02:22:13.804+0000] {logging_mixin.py:190} INFO - [2025-01-14T02:22:13.804+0000] {dag.py:4180} INFO - Setting next_dagrun for read_dataset_event_from_classic to 2025-01-13 00:00:00+00:00, run_after=2025-01-14 00:00:00+00:00
[2025-01-14T02:22:13.821+0000] {processor.py:208} INFO - Processing /home/airflow/.local/lib/python3.12/site-packages/airflow/example_dags/example_inlet_event_extra.py took 0.500 seconds
[2025-01-14T02:22:44.043+0000] {processor.py:186} INFO - Started process (PID=1260) to work on /home/airflow/.local/lib/python3.12/site-packages/airflow/example_dags/example_inlet_event_extra.py
[2025-01-14T02:22:44.045+0000] {processor.py:914} INFO - Processing file /home/airflow/.local/lib/python3.12/site-packages/airflow/example_dags/example_inlet_event_extra.py for tasks to queue
[2025-01-14T02:22:44.048+0000] {logging_mixin.py:190} INFO - [2025-01-14T02:22:44.048+0000] {dagbag.py:588} INFO - Filling up the DagBag from /home/airflow/.local/lib/python3.12/site-packages/airflow/example_dags/example_inlet_event_extra.py
[2025-01-14T02:22:44.531+0000] {processor.py:925} INFO - DAG(s) 'read_dataset_event', 'read_dataset_event_from_classic' retrieved from /home/airflow/.local/lib/python3.12/site-packages/airflow/example_dags/example_inlet_event_extra.py
[2025-01-14T02:22:44.553+0000] {logging_mixin.py:190} INFO - [2025-01-14T02:22:44.553+0000] {dag.py:3239} INFO - Sync 2 DAGs
[2025-01-14T02:22:44.579+0000] {logging_mixin.py:190} INFO - [2025-01-14T02:22:44.578+0000] {dag.py:4180} INFO - Setting next_dagrun for read_dataset_event to 2025-01-13 00:00:00+00:00, run_after=2025-01-14 00:00:00+00:00
[2025-01-14T02:22:44.583+0000] {logging_mixin.py:190} INFO - [2025-01-14T02:22:44.583+0000] {dag.py:4180} INFO - Setting next_dagrun for read_dataset_event_from_classic to 2025-01-13 00:00:00+00:00, run_after=2025-01-14 00:00:00+00:00
[2025-01-14T02:22:44.606+0000] {processor.py:208} INFO - Processing /home/airflow/.local/lib/python3.12/site-packages/airflow/example_dags/example_inlet_event_extra.py took 0.570 seconds
[2025-01-14T02:23:14.781+0000] {processor.py:186} INFO - Started process (PID=1571) to work on /home/airflow/.local/lib/python3.12/site-packages/airflow/example_dags/example_inlet_event_extra.py
[2025-01-14T02:23:14.783+0000] {processor.py:914} INFO - Processing file /home/airflow/.local/lib/python3.12/site-packages/airflow/example_dags/example_inlet_event_extra.py for tasks to queue
[2025-01-14T02:23:14.785+0000] {logging_mixin.py:190} INFO - [2025-01-14T02:23:14.785+0000] {dagbag.py:588} INFO - Filling up the DagBag from /home/airflow/.local/lib/python3.12/site-packages/airflow/example_dags/example_inlet_event_extra.py
[2025-01-14T02:23:15.225+0000] {processor.py:925} INFO - DAG(s) 'read_dataset_event', 'read_dataset_event_from_classic' retrieved from /home/airflow/.local/lib/python3.12/site-packages/airflow/example_dags/example_inlet_event_extra.py
[2025-01-14T02:23:15.248+0000] {logging_mixin.py:190} INFO - [2025-01-14T02:23:15.248+0000] {dag.py:3239} INFO - Sync 2 DAGs
[2025-01-14T02:23:15.270+0000] {logging_mixin.py:190} INFO - [2025-01-14T02:23:15.270+0000] {dag.py:4180} INFO - Setting next_dagrun for read_dataset_event to 2025-01-13 00:00:00+00:00, run_after=2025-01-14 00:00:00+00:00
[2025-01-14T02:23:15.275+0000] {logging_mixin.py:190} INFO - [2025-01-14T02:23:15.275+0000] {dag.py:4180} INFO - Setting next_dagrun for read_dataset_event_from_classic to 2025-01-13 00:00:00+00:00, run_after=2025-01-14 00:00:00+00:00
[2025-01-14T02:23:15.294+0000] {processor.py:208} INFO - Processing /home/airflow/.local/lib/python3.12/site-packages/airflow/example_dags/example_inlet_event_extra.py took 0.519 seconds
[2025-01-14T02:23:45.807+0000] {processor.py:186} INFO - Started process (PID=1860) to work on /home/airflow/.local/lib/python3.12/site-packages/airflow/example_dags/example_inlet_event_extra.py
[2025-01-14T02:23:45.825+0000] {processor.py:914} INFO - Processing file /home/airflow/.local/lib/python3.12/site-packages/airflow/example_dags/example_inlet_event_extra.py for tasks to queue
[2025-01-14T02:23:45.848+0000] {logging_mixin.py:190} INFO - [2025-01-14T02:23:45.847+0000] {dagbag.py:588} INFO - Filling up the DagBag from /home/airflow/.local/lib/python3.12/site-packages/airflow/example_dags/example_inlet_event_extra.py
[2025-01-14T02:23:46.377+0000] {processor.py:925} INFO - DAG(s) 'read_dataset_event', 'read_dataset_event_from_classic' retrieved from /home/airflow/.local/lib/python3.12/site-packages/airflow/example_dags/example_inlet_event_extra.py
[2025-01-14T02:23:46.393+0000] {logging_mixin.py:190} INFO - [2025-01-14T02:23:46.393+0000] {dag.py:3239} INFO - Sync 2 DAGs
[2025-01-14T02:23:46.416+0000] {logging_mixin.py:190} INFO - [2025-01-14T02:23:46.416+0000] {dag.py:4180} INFO - Setting next_dagrun for read_dataset_event to 2025-01-13 00:00:00+00:00, run_after=2025-01-14 00:00:00+00:00
[2025-01-14T02:23:46.421+0000] {logging_mixin.py:190} INFO - [2025-01-14T02:23:46.421+0000] {dag.py:4180} INFO - Setting next_dagrun for read_dataset_event_from_classic to 2025-01-13 00:00:00+00:00, run_after=2025-01-14 00:00:00+00:00
[2025-01-14T02:23:46.437+0000] {processor.py:208} INFO - Processing /home/airflow/.local/lib/python3.12/site-packages/airflow/example_dags/example_inlet_event_extra.py took 0.638 seconds
[2025-01-14T02:24:17.669+0000] {processor.py:186} INFO - Started process (PID=2131) to work on /home/airflow/.local/lib/python3.12/site-packages/airflow/example_dags/example_inlet_event_extra.py
[2025-01-14T02:24:17.671+0000] {processor.py:914} INFO - Processing file /home/airflow/.local/lib/python3.12/site-packages/airflow/example_dags/example_inlet_event_extra.py for tasks to queue
[2025-01-14T02:24:17.675+0000] {logging_mixin.py:190} INFO - [2025-01-14T02:24:17.674+0000] {dagbag.py:588} INFO - Filling up the DagBag from /home/airflow/.local/lib/python3.12/site-packages/airflow/example_dags/example_inlet_event_extra.py
[2025-01-14T02:24:18.719+0000] {processor.py:925} INFO - DAG(s) 'read_dataset_event_from_classic', 'read_dataset_event' retrieved from /home/airflow/.local/lib/python3.12/site-packages/airflow/example_dags/example_inlet_event_extra.py
[2025-01-14T02:24:18.759+0000] {logging_mixin.py:190} INFO - [2025-01-14T02:24:18.758+0000] {dag.py:3239} INFO - Sync 2 DAGs
[2025-01-14T02:24:18.803+0000] {logging_mixin.py:190} INFO - [2025-01-14T02:24:18.803+0000] {dag.py:4180} INFO - Setting next_dagrun for read_dataset_event to 2025-01-13 00:00:00+00:00, run_after=2025-01-14 00:00:00+00:00
[2025-01-14T02:24:18.813+0000] {logging_mixin.py:190} INFO - [2025-01-14T02:24:18.813+0000] {dag.py:4180} INFO - Setting next_dagrun for read_dataset_event_from_classic to 2025-01-13 00:00:00+00:00, run_after=2025-01-14 00:00:00+00:00
[2025-01-14T02:24:18.834+0000] {processor.py:208} INFO - Processing /home/airflow/.local/lib/python3.12/site-packages/airflow/example_dags/example_inlet_event_extra.py took 1.174 seconds
[2025-01-14T02:24:49.217+0000] {processor.py:186} INFO - Started process (PID=2428) to work on /home/airflow/.local/lib/python3.12/site-packages/airflow/example_dags/example_inlet_event_extra.py
[2025-01-14T02:24:49.219+0000] {processor.py:914} INFO - Processing file /home/airflow/.local/lib/python3.12/site-packages/airflow/example_dags/example_inlet_event_extra.py for tasks to queue
[2025-01-14T02:24:49.223+0000] {logging_mixin.py:190} INFO - [2025-01-14T02:24:49.222+0000] {dagbag.py:588} INFO - Filling up the DagBag from /home/airflow/.local/lib/python3.12/site-packages/airflow/example_dags/example_inlet_event_extra.py
[2025-01-14T02:24:49.848+0000] {processor.py:925} INFO - DAG(s) 'read_dataset_event', 'read_dataset_event_from_classic' retrieved from /home/airflow/.local/lib/python3.12/site-packages/airflow/example_dags/example_inlet_event_extra.py
[2025-01-14T02:24:49.878+0000] {logging_mixin.py:190} INFO - [2025-01-14T02:24:49.877+0000] {dag.py:3239} INFO - Sync 2 DAGs
[2025-01-14T02:24:49.912+0000] {logging_mixin.py:190} INFO - [2025-01-14T02:24:49.911+0000] {dag.py:4180} INFO - Setting next_dagrun for read_dataset_event to 2025-01-13 00:00:00+00:00, run_after=2025-01-14 00:00:00+00:00
[2025-01-14T02:24:49.919+0000] {logging_mixin.py:190} INFO - [2025-01-14T02:24:49.919+0000] {dag.py:4180} INFO - Setting next_dagrun for read_dataset_event_from_classic to 2025-01-13 00:00:00+00:00, run_after=2025-01-14 00:00:00+00:00
[2025-01-14T02:24:49.962+0000] {processor.py:208} INFO - Processing /home/airflow/.local/lib/python3.12/site-packages/airflow/example_dags/example_inlet_event_extra.py took 0.754 seconds
[2025-01-14T02:25:20.470+0000] {processor.py:186} INFO - Started process (PID=2719) to work on /home/airflow/.local/lib/python3.12/site-packages/airflow/example_dags/example_inlet_event_extra.py
[2025-01-14T02:25:20.503+0000] {processor.py:914} INFO - Processing file /home/airflow/.local/lib/python3.12/site-packages/airflow/example_dags/example_inlet_event_extra.py for tasks to queue
[2025-01-14T02:25:20.547+0000] {logging_mixin.py:190} INFO - [2025-01-14T02:25:20.547+0000] {dagbag.py:588} INFO - Filling up the DagBag from /home/airflow/.local/lib/python3.12/site-packages/airflow/example_dags/example_inlet_event_extra.py
[2025-01-14T02:25:21.316+0000] {processor.py:925} INFO - DAG(s) 'read_dataset_event_from_classic', 'read_dataset_event' retrieved from /home/airflow/.local/lib/python3.12/site-packages/airflow/example_dags/example_inlet_event_extra.py
[2025-01-14T02:25:21.352+0000] {logging_mixin.py:190} INFO - [2025-01-14T02:25:21.351+0000] {dag.py:3239} INFO - Sync 2 DAGs
[2025-01-14T02:25:21.381+0000] {logging_mixin.py:190} INFO - [2025-01-14T02:25:21.381+0000] {dag.py:4180} INFO - Setting next_dagrun for read_dataset_event to 2025-01-13 00:00:00+00:00, run_after=2025-01-14 00:00:00+00:00
[2025-01-14T02:25:21.399+0000] {logging_mixin.py:190} INFO - [2025-01-14T02:25:21.398+0000] {dag.py:4180} INFO - Setting next_dagrun for read_dataset_event_from_classic to 2025-01-13 00:00:00+00:00, run_after=2025-01-14 00:00:00+00:00
[2025-01-14T02:25:21.464+0000] {processor.py:208} INFO - Processing /home/airflow/.local/lib/python3.12/site-packages/airflow/example_dags/example_inlet_event_extra.py took 1.005 seconds
[2025-01-14T02:25:51.951+0000] {processor.py:186} INFO - Started process (PID=3011) to work on /home/airflow/.local/lib/python3.12/site-packages/airflow/example_dags/example_inlet_event_extra.py
[2025-01-14T02:25:51.952+0000] {processor.py:914} INFO - Processing file /home/airflow/.local/lib/python3.12/site-packages/airflow/example_dags/example_inlet_event_extra.py for tasks to queue
[2025-01-14T02:25:51.956+0000] {logging_mixin.py:190} INFO - [2025-01-14T02:25:51.956+0000] {dagbag.py:588} INFO - Filling up the DagBag from /home/airflow/.local/lib/python3.12/site-packages/airflow/example_dags/example_inlet_event_extra.py
[2025-01-14T02:25:52.497+0000] {processor.py:925} INFO - DAG(s) 'read_dataset_event', 'read_dataset_event_from_classic' retrieved from /home/airflow/.local/lib/python3.12/site-packages/airflow/example_dags/example_inlet_event_extra.py
[2025-01-14T02:25:52.519+0000] {logging_mixin.py:190} INFO - [2025-01-14T02:25:52.519+0000] {dag.py:3239} INFO - Sync 2 DAGs
[2025-01-14T02:25:52.541+0000] {logging_mixin.py:190} INFO - [2025-01-14T02:25:52.541+0000] {dag.py:4180} INFO - Setting next_dagrun for read_dataset_event to 2025-01-13 00:00:00+00:00, run_after=2025-01-14 00:00:00+00:00
[2025-01-14T02:25:52.546+0000] {logging_mixin.py:190} INFO - [2025-01-14T02:25:52.546+0000] {dag.py:4180} INFO - Setting next_dagrun for read_dataset_event_from_classic to 2025-01-13 00:00:00+00:00, run_after=2025-01-14 00:00:00+00:00
[2025-01-14T02:25:52.564+0000] {processor.py:208} INFO - Processing /home/airflow/.local/lib/python3.12/site-packages/airflow/example_dags/example_inlet_event_extra.py took 0.621 seconds
[2025-01-14T02:27:13.792+0000] {processor.py:186} INFO - Started process (PID=3296) to work on /home/airflow/.local/lib/python3.12/site-packages/airflow/example_dags/example_inlet_event_extra.py
[2025-01-14T02:27:13.794+0000] {processor.py:914} INFO - Processing file /home/airflow/.local/lib/python3.12/site-packages/airflow/example_dags/example_inlet_event_extra.py for tasks to queue
[2025-01-14T02:27:13.796+0000] {logging_mixin.py:190} INFO - [2025-01-14T02:27:13.796+0000] {dagbag.py:588} INFO - Filling up the DagBag from /home/airflow/.local/lib/python3.12/site-packages/airflow/example_dags/example_inlet_event_extra.py
[2025-01-14T02:27:14.429+0000] {processor.py:925} INFO - DAG(s) 'read_dataset_event_from_classic', 'read_dataset_event' retrieved from /home/airflow/.local/lib/python3.12/site-packages/airflow/example_dags/example_inlet_event_extra.py
[2025-01-14T02:27:14.457+0000] {logging_mixin.py:190} INFO - [2025-01-14T02:27:14.456+0000] {dag.py:3239} INFO - Sync 2 DAGs
[2025-01-14T02:27:14.497+0000] {logging_mixin.py:190} INFO - [2025-01-14T02:27:14.496+0000] {dag.py:4180} INFO - Setting next_dagrun for read_dataset_event to 2025-01-13 00:00:00+00:00, run_after=2025-01-14 00:00:00+00:00
[2025-01-14T02:27:14.504+0000] {logging_mixin.py:190} INFO - [2025-01-14T02:27:14.504+0000] {dag.py:4180} INFO - Setting next_dagrun for read_dataset_event_from_classic to 2025-01-13 00:00:00+00:00, run_after=2025-01-14 00:00:00+00:00
[2025-01-14T02:27:14.530+0000] {processor.py:208} INFO - Processing /home/airflow/.local/lib/python3.12/site-packages/airflow/example_dags/example_inlet_event_extra.py took 0.745 seconds
[2025-01-14T02:27:44.695+0000] {processor.py:186} INFO - Started process (PID=3604) to work on /home/airflow/.local/lib/python3.12/site-packages/airflow/example_dags/example_inlet_event_extra.py
[2025-01-14T02:27:44.696+0000] {processor.py:914} INFO - Processing file /home/airflow/.local/lib/python3.12/site-packages/airflow/example_dags/example_inlet_event_extra.py for tasks to queue
[2025-01-14T02:27:44.698+0000] {logging_mixin.py:190} INFO - [2025-01-14T02:27:44.698+0000] {dagbag.py:588} INFO - Filling up the DagBag from /home/airflow/.local/lib/python3.12/site-packages/airflow/example_dags/example_inlet_event_extra.py
[2025-01-14T02:27:45.185+0000] {processor.py:925} INFO - DAG(s) 'read_dataset_event_from_classic', 'read_dataset_event' retrieved from /home/airflow/.local/lib/python3.12/site-packages/airflow/example_dags/example_inlet_event_extra.py
[2025-01-14T02:27:45.200+0000] {logging_mixin.py:190} INFO - [2025-01-14T02:27:45.200+0000] {dag.py:3239} INFO - Sync 2 DAGs
[2025-01-14T02:27:45.219+0000] {logging_mixin.py:190} INFO - [2025-01-14T02:27:45.218+0000] {dag.py:4180} INFO - Setting next_dagrun for read_dataset_event to 2025-01-13 00:00:00+00:00, run_after=2025-01-14 00:00:00+00:00
[2025-01-14T02:27:45.223+0000] {logging_mixin.py:190} INFO - [2025-01-14T02:27:45.223+0000] {dag.py:4180} INFO - Setting next_dagrun for read_dataset_event_from_classic to 2025-01-13 00:00:00+00:00, run_after=2025-01-14 00:00:00+00:00
[2025-01-14T02:27:45.240+0000] {processor.py:208} INFO - Processing /home/airflow/.local/lib/python3.12/site-packages/airflow/example_dags/example_inlet_event_extra.py took 0.550 seconds
[2025-01-14T02:28:15.459+0000] {processor.py:186} INFO - Started process (PID=3888) to work on /home/airflow/.local/lib/python3.12/site-packages/airflow/example_dags/example_inlet_event_extra.py
[2025-01-14T02:28:15.461+0000] {processor.py:914} INFO - Processing file /home/airflow/.local/lib/python3.12/site-packages/airflow/example_dags/example_inlet_event_extra.py for tasks to queue
[2025-01-14T02:28:15.463+0000] {logging_mixin.py:190} INFO - [2025-01-14T02:28:15.463+0000] {dagbag.py:588} INFO - Filling up the DagBag from /home/airflow/.local/lib/python3.12/site-packages/airflow/example_dags/example_inlet_event_extra.py
[2025-01-14T02:28:15.909+0000] {processor.py:925} INFO - DAG(s) 'read_dataset_event_from_classic', 'read_dataset_event' retrieved from /home/airflow/.local/lib/python3.12/site-packages/airflow/example_dags/example_inlet_event_extra.py
[2025-01-14T02:28:15.924+0000] {logging_mixin.py:190} INFO - [2025-01-14T02:28:15.924+0000] {dag.py:3239} INFO - Sync 2 DAGs
[2025-01-14T02:28:15.943+0000] {logging_mixin.py:190} INFO - [2025-01-14T02:28:15.942+0000] {dag.py:4180} INFO - Setting next_dagrun for read_dataset_event to 2025-01-13 00:00:00+00:00, run_after=2025-01-14 00:00:00+00:00
[2025-01-14T02:28:15.947+0000] {logging_mixin.py:190} INFO - [2025-01-14T02:28:15.947+0000] {dag.py:4180} INFO - Setting next_dagrun for read_dataset_event_from_classic to 2025-01-13 00:00:00+00:00, run_after=2025-01-14 00:00:00+00:00
[2025-01-14T02:28:15.965+0000] {processor.py:208} INFO - Processing /home/airflow/.local/lib/python3.12/site-packages/airflow/example_dags/example_inlet_event_extra.py took 0.511 seconds
[2025-01-14T02:28:47.235+0000] {processor.py:186} INFO - Started process (PID=4171) to work on /home/airflow/.local/lib/python3.12/site-packages/airflow/example_dags/example_inlet_event_extra.py
[2025-01-14T02:28:47.251+0000] {processor.py:914} INFO - Processing file /home/airflow/.local/lib/python3.12/site-packages/airflow/example_dags/example_inlet_event_extra.py for tasks to queue
[2025-01-14T02:28:47.266+0000] {logging_mixin.py:190} INFO - [2025-01-14T02:28:47.265+0000] {dagbag.py:588} INFO - Filling up the DagBag from /home/airflow/.local/lib/python3.12/site-packages/airflow/example_dags/example_inlet_event_extra.py
[2025-01-14T02:28:47.820+0000] {processor.py:925} INFO - DAG(s) 'read_dataset_event_from_classic', 'read_dataset_event' retrieved from /home/airflow/.local/lib/python3.12/site-packages/airflow/example_dags/example_inlet_event_extra.py
[2025-01-14T02:28:47.845+0000] {logging_mixin.py:190} INFO - [2025-01-14T02:28:47.845+0000] {dag.py:3239} INFO - Sync 2 DAGs
[2025-01-14T02:28:47.875+0000] {logging_mixin.py:190} INFO - [2025-01-14T02:28:47.875+0000] {dag.py:4180} INFO - Setting next_dagrun for read_dataset_event to 2025-01-13 00:00:00+00:00, run_after=2025-01-14 00:00:00+00:00
[2025-01-14T02:28:47.880+0000] {logging_mixin.py:190} INFO - [2025-01-14T02:28:47.880+0000] {dag.py:4180} INFO - Setting next_dagrun for read_dataset_event_from_classic to 2025-01-13 00:00:00+00:00, run_after=2025-01-14 00:00:00+00:00
[2025-01-14T02:28:47.901+0000] {processor.py:208} INFO - Processing /home/airflow/.local/lib/python3.12/site-packages/airflow/example_dags/example_inlet_event_extra.py took 0.672 seconds
