[2025-01-14T02:21:10.790+0000] {processor.py:186} INFO - Started process (PID=360) to work on /home/airflow/.local/lib/python3.12/site-packages/airflow/example_dags/example_branch_operator.py
[2025-01-14T02:21:10.791+0000] {processor.py:914} INFO - Processing file /home/airflow/.local/lib/python3.12/site-packages/airflow/example_dags/example_branch_operator.py for tasks to queue
[2025-01-14T02:21:10.793+0000] {logging_mixin.py:190} INFO - [2025-01-14T02:21:10.793+0000] {dagbag.py:588} INFO - Filling up the DagBag from /home/airflow/.local/lib/python3.12/site-packages/airflow/example_dags/example_branch_operator.py
[2025-01-14T02:21:10.808+0000] {processor.py:925} INFO - DAG(s) 'example_branch_operator' retrieved from /home/airflow/.local/lib/python3.12/site-packages/airflow/example_dags/example_branch_operator.py
[2025-01-14T02:21:10.899+0000] {logging_mixin.py:190} INFO - [2025-01-14T02:21:10.899+0000] {override.py:1911} INFO - Created Permission View: can read on DAG:example_branch_operator
[2025-01-14T02:21:10.909+0000] {logging_mixin.py:190} INFO - [2025-01-14T02:21:10.909+0000] {override.py:1911} INFO - Created Permission View: can delete on DAG:example_branch_operator
[2025-01-14T02:21:10.916+0000] {logging_mixin.py:190} INFO - [2025-01-14T02:21:10.916+0000] {override.py:1911} INFO - Created Permission View: can edit on DAG:example_branch_operator
[2025-01-14T02:21:10.926+0000] {logging_mixin.py:190} INFO - [2025-01-14T02:21:10.926+0000] {override.py:1911} INFO - Created Permission View: can read on DAG Run:example_branch_operator
[2025-01-14T02:21:10.935+0000] {logging_mixin.py:190} INFO - [2025-01-14T02:21:10.935+0000] {override.py:1911} INFO - Created Permission View: menu access on DAG Run:example_branch_operator
[2025-01-14T02:21:10.949+0000] {logging_mixin.py:190} INFO - [2025-01-14T02:21:10.949+0000] {override.py:1911} INFO - Created Permission View: can create on DAG Run:example_branch_operator
[2025-01-14T02:21:10.956+0000] {logging_mixin.py:190} INFO - [2025-01-14T02:21:10.956+0000] {override.py:1911} INFO - Created Permission View: can delete on DAG Run:example_branch_operator
[2025-01-14T02:21:10.957+0000] {logging_mixin.py:190} INFO - [2025-01-14T02:21:10.957+0000] {dag.py:3239} INFO - Sync 1 DAGs
[2025-01-14T02:21:10.968+0000] {logging_mixin.py:190} INFO - [2025-01-14T02:21:10.967+0000] {dag.py:3262} INFO - Creating ORM DAG for example_branch_operator
[2025-01-14T02:21:10.978+0000] {logging_mixin.py:190} INFO - [2025-01-14T02:21:10.978+0000] {dag.py:4180} INFO - Setting next_dagrun for example_branch_operator to 2025-01-13 00:00:00+00:00, run_after=2025-01-14 00:00:00+00:00
[2025-01-14T02:21:10.996+0000] {processor.py:208} INFO - Processing /home/airflow/.local/lib/python3.12/site-packages/airflow/example_dags/example_branch_operator.py took 0.211 seconds
[2025-01-14T02:21:41.235+0000] {processor.py:186} INFO - Started process (PID=651) to work on /home/airflow/.local/lib/python3.12/site-packages/airflow/example_dags/example_branch_operator.py
[2025-01-14T02:21:41.236+0000] {processor.py:914} INFO - Processing file /home/airflow/.local/lib/python3.12/site-packages/airflow/example_dags/example_branch_operator.py for tasks to queue
[2025-01-14T02:21:41.238+0000] {logging_mixin.py:190} INFO - [2025-01-14T02:21:41.237+0000] {dagbag.py:588} INFO - Filling up the DagBag from /home/airflow/.local/lib/python3.12/site-packages/airflow/example_dags/example_branch_operator.py
[2025-01-14T02:21:41.252+0000] {processor.py:925} INFO - DAG(s) 'example_branch_operator' retrieved from /home/airflow/.local/lib/python3.12/site-packages/airflow/example_dags/example_branch_operator.py
[2025-01-14T02:21:41.279+0000] {logging_mixin.py:190} INFO - [2025-01-14T02:21:41.279+0000] {dag.py:3239} INFO - Sync 1 DAGs
[2025-01-14T02:21:41.303+0000] {logging_mixin.py:190} INFO - [2025-01-14T02:21:41.303+0000] {dag.py:4180} INFO - Setting next_dagrun for example_branch_operator to 2025-01-13 00:00:00+00:00, run_after=2025-01-14 00:00:00+00:00
[2025-01-14T02:21:41.324+0000] {processor.py:208} INFO - Processing /home/airflow/.local/lib/python3.12/site-packages/airflow/example_dags/example_branch_operator.py took 0.094 seconds
[2025-01-14T02:22:12.283+0000] {processor.py:186} INFO - Started process (PID=939) to work on /home/airflow/.local/lib/python3.12/site-packages/airflow/example_dags/example_branch_operator.py
[2025-01-14T02:22:12.284+0000] {processor.py:914} INFO - Processing file /home/airflow/.local/lib/python3.12/site-packages/airflow/example_dags/example_branch_operator.py for tasks to queue
[2025-01-14T02:22:12.286+0000] {logging_mixin.py:190} INFO - [2025-01-14T02:22:12.286+0000] {dagbag.py:588} INFO - Filling up the DagBag from /home/airflow/.local/lib/python3.12/site-packages/airflow/example_dags/example_branch_operator.py
[2025-01-14T02:22:12.300+0000] {processor.py:925} INFO - DAG(s) 'example_branch_operator' retrieved from /home/airflow/.local/lib/python3.12/site-packages/airflow/example_dags/example_branch_operator.py
[2025-01-14T02:22:12.323+0000] {logging_mixin.py:190} INFO - [2025-01-14T02:22:12.323+0000] {dag.py:3239} INFO - Sync 1 DAGs
[2025-01-14T02:22:12.342+0000] {logging_mixin.py:190} INFO - [2025-01-14T02:22:12.342+0000] {dag.py:4180} INFO - Setting next_dagrun for example_branch_operator to 2025-01-13 00:00:00+00:00, run_after=2025-01-14 00:00:00+00:00
[2025-01-14T02:22:12.362+0000] {processor.py:208} INFO - Processing /home/airflow/.local/lib/python3.12/site-packages/airflow/example_dags/example_branch_operator.py took 0.084 seconds
[2025-01-14T02:22:42.641+0000] {processor.py:186} INFO - Started process (PID=1248) to work on /home/airflow/.local/lib/python3.12/site-packages/airflow/example_dags/example_branch_operator.py
[2025-01-14T02:22:42.642+0000] {processor.py:914} INFO - Processing file /home/airflow/.local/lib/python3.12/site-packages/airflow/example_dags/example_branch_operator.py for tasks to queue
[2025-01-14T02:22:42.645+0000] {logging_mixin.py:190} INFO - [2025-01-14T02:22:42.645+0000] {dagbag.py:588} INFO - Filling up the DagBag from /home/airflow/.local/lib/python3.12/site-packages/airflow/example_dags/example_branch_operator.py
[2025-01-14T02:22:42.678+0000] {processor.py:925} INFO - DAG(s) 'example_branch_operator' retrieved from /home/airflow/.local/lib/python3.12/site-packages/airflow/example_dags/example_branch_operator.py
[2025-01-14T02:22:42.732+0000] {logging_mixin.py:190} INFO - [2025-01-14T02:22:42.731+0000] {dag.py:3239} INFO - Sync 1 DAGs
[2025-01-14T02:22:42.783+0000] {logging_mixin.py:190} INFO - [2025-01-14T02:22:42.783+0000] {dag.py:4180} INFO - Setting next_dagrun for example_branch_operator to 2025-01-13 00:00:00+00:00, run_after=2025-01-14 00:00:00+00:00
[2025-01-14T02:22:42.806+0000] {processor.py:208} INFO - Processing /home/airflow/.local/lib/python3.12/site-packages/airflow/example_dags/example_branch_operator.py took 0.172 seconds
[2025-01-14T02:23:13.714+0000] {processor.py:186} INFO - Started process (PID=1539) to work on /home/airflow/.local/lib/python3.12/site-packages/airflow/example_dags/example_branch_operator.py
[2025-01-14T02:23:13.716+0000] {processor.py:914} INFO - Processing file /home/airflow/.local/lib/python3.12/site-packages/airflow/example_dags/example_branch_operator.py for tasks to queue
[2025-01-14T02:23:13.720+0000] {logging_mixin.py:190} INFO - [2025-01-14T02:23:13.719+0000] {dagbag.py:588} INFO - Filling up the DagBag from /home/airflow/.local/lib/python3.12/site-packages/airflow/example_dags/example_branch_operator.py
[2025-01-14T02:23:13.740+0000] {processor.py:925} INFO - DAG(s) 'example_branch_operator' retrieved from /home/airflow/.local/lib/python3.12/site-packages/airflow/example_dags/example_branch_operator.py
[2025-01-14T02:23:13.774+0000] {logging_mixin.py:190} INFO - [2025-01-14T02:23:13.774+0000] {dag.py:3239} INFO - Sync 1 DAGs
[2025-01-14T02:23:13.797+0000] {logging_mixin.py:190} INFO - [2025-01-14T02:23:13.797+0000] {dag.py:4180} INFO - Setting next_dagrun for example_branch_operator to 2025-01-13 00:00:00+00:00, run_after=2025-01-14 00:00:00+00:00
[2025-01-14T02:23:13.814+0000] {processor.py:208} INFO - Processing /home/airflow/.local/lib/python3.12/site-packages/airflow/example_dags/example_branch_operator.py took 0.112 seconds
[2025-01-14T02:23:43.879+0000] {processor.py:186} INFO - Started process (PID=1825) to work on /home/airflow/.local/lib/python3.12/site-packages/airflow/example_dags/example_branch_operator.py
[2025-01-14T02:23:43.885+0000] {processor.py:914} INFO - Processing file /home/airflow/.local/lib/python3.12/site-packages/airflow/example_dags/example_branch_operator.py for tasks to queue
[2025-01-14T02:23:43.888+0000] {logging_mixin.py:190} INFO - [2025-01-14T02:23:43.888+0000] {dagbag.py:588} INFO - Filling up the DagBag from /home/airflow/.local/lib/python3.12/site-packages/airflow/example_dags/example_branch_operator.py
[2025-01-14T02:23:43.903+0000] {processor.py:925} INFO - DAG(s) 'example_branch_operator' retrieved from /home/airflow/.local/lib/python3.12/site-packages/airflow/example_dags/example_branch_operator.py
[2025-01-14T02:23:43.932+0000] {logging_mixin.py:190} INFO - [2025-01-14T02:23:43.932+0000] {dag.py:3239} INFO - Sync 1 DAGs
[2025-01-14T02:23:43.967+0000] {logging_mixin.py:190} INFO - [2025-01-14T02:23:43.967+0000] {dag.py:4180} INFO - Setting next_dagrun for example_branch_operator to 2025-01-13 00:00:00+00:00, run_after=2025-01-14 00:00:00+00:00
[2025-01-14T02:23:43.988+0000] {processor.py:208} INFO - Processing /home/airflow/.local/lib/python3.12/site-packages/airflow/example_dags/example_branch_operator.py took 0.115 seconds
[2025-01-14T02:24:16.518+0000] {processor.py:186} INFO - Started process (PID=2103) to work on /home/airflow/.local/lib/python3.12/site-packages/airflow/example_dags/example_branch_operator.py
[2025-01-14T02:24:16.521+0000] {processor.py:914} INFO - Processing file /home/airflow/.local/lib/python3.12/site-packages/airflow/example_dags/example_branch_operator.py for tasks to queue
[2025-01-14T02:24:16.525+0000] {logging_mixin.py:190} INFO - [2025-01-14T02:24:16.525+0000] {dagbag.py:588} INFO - Filling up the DagBag from /home/airflow/.local/lib/python3.12/site-packages/airflow/example_dags/example_branch_operator.py
[2025-01-14T02:24:16.545+0000] {processor.py:925} INFO - DAG(s) 'example_branch_operator' retrieved from /home/airflow/.local/lib/python3.12/site-packages/airflow/example_dags/example_branch_operator.py
[2025-01-14T02:24:16.581+0000] {logging_mixin.py:190} INFO - [2025-01-14T02:24:16.581+0000] {dag.py:3239} INFO - Sync 1 DAGs
[2025-01-14T02:24:16.607+0000] {logging_mixin.py:190} INFO - [2025-01-14T02:24:16.607+0000] {dag.py:4180} INFO - Setting next_dagrun for example_branch_operator to 2025-01-13 00:00:00+00:00, run_after=2025-01-14 00:00:00+00:00
[2025-01-14T02:24:16.638+0000] {processor.py:208} INFO - Processing /home/airflow/.local/lib/python3.12/site-packages/airflow/example_dags/example_branch_operator.py took 0.126 seconds
[2025-01-14T02:24:47.440+0000] {processor.py:186} INFO - Started process (PID=2394) to work on /home/airflow/.local/lib/python3.12/site-packages/airflow/example_dags/example_branch_operator.py
[2025-01-14T02:24:47.441+0000] {processor.py:914} INFO - Processing file /home/airflow/.local/lib/python3.12/site-packages/airflow/example_dags/example_branch_operator.py for tasks to queue
[2025-01-14T02:24:47.444+0000] {logging_mixin.py:190} INFO - [2025-01-14T02:24:47.443+0000] {dagbag.py:588} INFO - Filling up the DagBag from /home/airflow/.local/lib/python3.12/site-packages/airflow/example_dags/example_branch_operator.py
[2025-01-14T02:24:47.463+0000] {processor.py:925} INFO - DAG(s) 'example_branch_operator' retrieved from /home/airflow/.local/lib/python3.12/site-packages/airflow/example_dags/example_branch_operator.py
[2025-01-14T02:24:47.494+0000] {logging_mixin.py:190} INFO - [2025-01-14T02:24:47.494+0000] {dag.py:3239} INFO - Sync 1 DAGs
[2025-01-14T02:24:47.519+0000] {logging_mixin.py:190} INFO - [2025-01-14T02:24:47.519+0000] {dag.py:4180} INFO - Setting next_dagrun for example_branch_operator to 2025-01-13 00:00:00+00:00, run_after=2025-01-14 00:00:00+00:00
[2025-01-14T02:24:47.543+0000] {processor.py:208} INFO - Processing /home/airflow/.local/lib/python3.12/site-packages/airflow/example_dags/example_branch_operator.py took 0.110 seconds
[2025-01-14T02:25:18.211+0000] {processor.py:186} INFO - Started process (PID=2689) to work on /home/airflow/.local/lib/python3.12/site-packages/airflow/example_dags/example_branch_operator.py
[2025-01-14T02:25:18.213+0000] {processor.py:914} INFO - Processing file /home/airflow/.local/lib/python3.12/site-packages/airflow/example_dags/example_branch_operator.py for tasks to queue
[2025-01-14T02:25:18.217+0000] {logging_mixin.py:190} INFO - [2025-01-14T02:25:18.217+0000] {dagbag.py:588} INFO - Filling up the DagBag from /home/airflow/.local/lib/python3.12/site-packages/airflow/example_dags/example_branch_operator.py
[2025-01-14T02:25:18.239+0000] {processor.py:925} INFO - DAG(s) 'example_branch_operator' retrieved from /home/airflow/.local/lib/python3.12/site-packages/airflow/example_dags/example_branch_operator.py
[2025-01-14T02:25:18.269+0000] {logging_mixin.py:190} INFO - [2025-01-14T02:25:18.269+0000] {dag.py:3239} INFO - Sync 1 DAGs
[2025-01-14T02:25:18.295+0000] {logging_mixin.py:190} INFO - [2025-01-14T02:25:18.295+0000] {dag.py:4180} INFO - Setting next_dagrun for example_branch_operator to 2025-01-13 00:00:00+00:00, run_after=2025-01-14 00:00:00+00:00
[2025-01-14T02:25:18.318+0000] {processor.py:208} INFO - Processing /home/airflow/.local/lib/python3.12/site-packages/airflow/example_dags/example_branch_operator.py took 0.114 seconds
[2025-01-14T02:25:48.372+0000] {processor.py:186} INFO - Started process (PID=2978) to work on /home/airflow/.local/lib/python3.12/site-packages/airflow/example_dags/example_branch_operator.py
[2025-01-14T02:25:48.373+0000] {processor.py:914} INFO - Processing file /home/airflow/.local/lib/python3.12/site-packages/airflow/example_dags/example_branch_operator.py for tasks to queue
[2025-01-14T02:25:48.375+0000] {logging_mixin.py:190} INFO - [2025-01-14T02:25:48.375+0000] {dagbag.py:588} INFO - Filling up the DagBag from /home/airflow/.local/lib/python3.12/site-packages/airflow/example_dags/example_branch_operator.py
[2025-01-14T02:25:48.395+0000] {processor.py:925} INFO - DAG(s) 'example_branch_operator' retrieved from /home/airflow/.local/lib/python3.12/site-packages/airflow/example_dags/example_branch_operator.py
[2025-01-14T02:25:48.426+0000] {logging_mixin.py:190} INFO - [2025-01-14T02:25:48.426+0000] {dag.py:3239} INFO - Sync 1 DAGs
[2025-01-14T02:25:48.449+0000] {logging_mixin.py:190} INFO - [2025-01-14T02:25:48.449+0000] {dag.py:4180} INFO - Setting next_dagrun for example_branch_operator to 2025-01-13 00:00:00+00:00, run_after=2025-01-14 00:00:00+00:00
[2025-01-14T02:25:48.475+0000] {processor.py:208} INFO - Processing /home/airflow/.local/lib/python3.12/site-packages/airflow/example_dags/example_branch_operator.py took 0.109 seconds
[2025-01-14T02:27:13.168+0000] {processor.py:186} INFO - Started process (PID=3271) to work on /home/airflow/.local/lib/python3.12/site-packages/airflow/example_dags/example_branch_operator.py
[2025-01-14T02:27:13.170+0000] {processor.py:914} INFO - Processing file /home/airflow/.local/lib/python3.12/site-packages/airflow/example_dags/example_branch_operator.py for tasks to queue
[2025-01-14T02:27:13.174+0000] {logging_mixin.py:190} INFO - [2025-01-14T02:27:13.173+0000] {dagbag.py:588} INFO - Filling up the DagBag from /home/airflow/.local/lib/python3.12/site-packages/airflow/example_dags/example_branch_operator.py
[2025-01-14T02:27:13.193+0000] {processor.py:925} INFO - DAG(s) 'example_branch_operator' retrieved from /home/airflow/.local/lib/python3.12/site-packages/airflow/example_dags/example_branch_operator.py
[2025-01-14T02:27:13.235+0000] {logging_mixin.py:190} INFO - [2025-01-14T02:27:13.234+0000] {dag.py:3239} INFO - Sync 1 DAGs
[2025-01-14T02:27:13.289+0000] {logging_mixin.py:190} INFO - [2025-01-14T02:27:13.289+0000] {dag.py:4180} INFO - Setting next_dagrun for example_branch_operator to 2025-01-13 00:00:00+00:00, run_after=2025-01-14 00:00:00+00:00
[2025-01-14T02:27:13.320+0000] {processor.py:208} INFO - Processing /home/airflow/.local/lib/python3.12/site-packages/airflow/example_dags/example_branch_operator.py took 0.160 seconds
[2025-01-14T02:27:43.565+0000] {processor.py:186} INFO - Started process (PID=3557) to work on /home/airflow/.local/lib/python3.12/site-packages/airflow/example_dags/example_branch_operator.py
[2025-01-14T02:27:43.567+0000] {processor.py:914} INFO - Processing file /home/airflow/.local/lib/python3.12/site-packages/airflow/example_dags/example_branch_operator.py for tasks to queue
[2025-01-14T02:27:43.569+0000] {logging_mixin.py:190} INFO - [2025-01-14T02:27:43.569+0000] {dagbag.py:588} INFO - Filling up the DagBag from /home/airflow/.local/lib/python3.12/site-packages/airflow/example_dags/example_branch_operator.py
[2025-01-14T02:27:43.587+0000] {processor.py:925} INFO - DAG(s) 'example_branch_operator' retrieved from /home/airflow/.local/lib/python3.12/site-packages/airflow/example_dags/example_branch_operator.py
[2025-01-14T02:27:43.646+0000] {logging_mixin.py:190} INFO - [2025-01-14T02:27:43.646+0000] {dag.py:3239} INFO - Sync 1 DAGs
[2025-01-14T02:27:43.668+0000] {logging_mixin.py:190} INFO - [2025-01-14T02:27:43.667+0000] {dag.py:4180} INFO - Setting next_dagrun for example_branch_operator to 2025-01-13 00:00:00+00:00, run_after=2025-01-14 00:00:00+00:00
[2025-01-14T02:27:43.694+0000] {processor.py:208} INFO - Processing /home/airflow/.local/lib/python3.12/site-packages/airflow/example_dags/example_branch_operator.py took 0.134 seconds
[2025-01-14T02:28:15.118+0000] {processor.py:186} INFO - Started process (PID=3855) to work on /home/airflow/.local/lib/python3.12/site-packages/airflow/example_dags/example_branch_operator.py
[2025-01-14T02:28:15.119+0000] {processor.py:914} INFO - Processing file /home/airflow/.local/lib/python3.12/site-packages/airflow/example_dags/example_branch_operator.py for tasks to queue
[2025-01-14T02:28:15.121+0000] {logging_mixin.py:190} INFO - [2025-01-14T02:28:15.121+0000] {dagbag.py:588} INFO - Filling up the DagBag from /home/airflow/.local/lib/python3.12/site-packages/airflow/example_dags/example_branch_operator.py
[2025-01-14T02:28:15.134+0000] {processor.py:925} INFO - DAG(s) 'example_branch_operator' retrieved from /home/airflow/.local/lib/python3.12/site-packages/airflow/example_dags/example_branch_operator.py
[2025-01-14T02:28:15.156+0000] {logging_mixin.py:190} INFO - [2025-01-14T02:28:15.156+0000] {dag.py:3239} INFO - Sync 1 DAGs
[2025-01-14T02:28:15.174+0000] {logging_mixin.py:190} INFO - [2025-01-14T02:28:15.173+0000] {dag.py:4180} INFO - Setting next_dagrun for example_branch_operator to 2025-01-13 00:00:00+00:00, run_after=2025-01-14 00:00:00+00:00
[2025-01-14T02:28:15.191+0000] {processor.py:208} INFO - Processing /home/airflow/.local/lib/python3.12/site-packages/airflow/example_dags/example_branch_operator.py took 0.078 seconds
[2025-01-14T02:28:46.849+0000] {processor.py:186} INFO - Started process (PID=4144) to work on /home/airflow/.local/lib/python3.12/site-packages/airflow/example_dags/example_branch_operator.py
[2025-01-14T02:28:46.851+0000] {processor.py:914} INFO - Processing file /home/airflow/.local/lib/python3.12/site-packages/airflow/example_dags/example_branch_operator.py for tasks to queue
[2025-01-14T02:28:46.853+0000] {logging_mixin.py:190} INFO - [2025-01-14T02:28:46.853+0000] {dagbag.py:588} INFO - Filling up the DagBag from /home/airflow/.local/lib/python3.12/site-packages/airflow/example_dags/example_branch_operator.py
[2025-01-14T02:28:46.868+0000] {processor.py:925} INFO - DAG(s) 'example_branch_operator' retrieved from /home/airflow/.local/lib/python3.12/site-packages/airflow/example_dags/example_branch_operator.py
[2025-01-14T02:28:46.889+0000] {logging_mixin.py:190} INFO - [2025-01-14T02:28:46.889+0000] {dag.py:3239} INFO - Sync 1 DAGs
[2025-01-14T02:28:46.909+0000] {logging_mixin.py:190} INFO - [2025-01-14T02:28:46.909+0000] {dag.py:4180} INFO - Setting next_dagrun for example_branch_operator to 2025-01-13 00:00:00+00:00, run_after=2025-01-14 00:00:00+00:00
[2025-01-14T02:28:46.927+0000] {processor.py:208} INFO - Processing /home/airflow/.local/lib/python3.12/site-packages/airflow/example_dags/example_branch_operator.py took 0.082 seconds
