[2025-01-14T02:21:10.565+0000] {processor.py:186} INFO - Started process (PID=355) to work on /home/airflow/.local/lib/python3.12/site-packages/airflow/example_dags/tutorial.py
[2025-01-14T02:21:10.567+0000] {processor.py:914} INFO - Processing file /home/airflow/.local/lib/python3.12/site-packages/airflow/example_dags/tutorial.py for tasks to queue
[2025-01-14T02:21:10.569+0000] {logging_mixin.py:190} INFO - [2025-01-14T02:21:10.569+0000] {dagbag.py:588} INFO - Filling up the DagBag from /home/airflow/.local/lib/python3.12/site-packages/airflow/example_dags/tutorial.py
[2025-01-14T02:21:10.576+0000] {processor.py:925} INFO - DAG(s) 'tutorial' retrieved from /home/airflow/.local/lib/python3.12/site-packages/airflow/example_dags/tutorial.py
[2025-01-14T02:21:10.655+0000] {logging_mixin.py:190} INFO - [2025-01-14T02:21:10.654+0000] {override.py:1911} INFO - Created Permission View: can read on DAG:tutorial
[2025-01-14T02:21:10.665+0000] {logging_mixin.py:190} INFO - [2025-01-14T02:21:10.664+0000] {override.py:1911} INFO - Created Permission View: can delete on DAG:tutorial
[2025-01-14T02:21:10.672+0000] {logging_mixin.py:190} INFO - [2025-01-14T02:21:10.672+0000] {override.py:1911} INFO - Created Permission View: can edit on DAG:tutorial
[2025-01-14T02:21:10.681+0000] {logging_mixin.py:190} INFO - [2025-01-14T02:21:10.680+0000] {override.py:1911} INFO - Created Permission View: can read on DAG Run:tutorial
[2025-01-14T02:21:10.687+0000] {logging_mixin.py:190} INFO - [2025-01-14T02:21:10.687+0000] {override.py:1911} INFO - Created Permission View: menu access on DAG Run:tutorial
[2025-01-14T02:21:10.693+0000] {logging_mixin.py:190} INFO - [2025-01-14T02:21:10.693+0000] {override.py:1911} INFO - Created Permission View: can create on DAG Run:tutorial
[2025-01-14T02:21:10.700+0000] {logging_mixin.py:190} INFO - [2025-01-14T02:21:10.699+0000] {override.py:1911} INFO - Created Permission View: can delete on DAG Run:tutorial
[2025-01-14T02:21:10.700+0000] {logging_mixin.py:190} INFO - [2025-01-14T02:21:10.700+0000] {dag.py:3239} INFO - Sync 1 DAGs
[2025-01-14T02:21:10.709+0000] {logging_mixin.py:190} INFO - [2025-01-14T02:21:10.709+0000] {dag.py:3262} INFO - Creating ORM DAG for tutorial
[2025-01-14T02:21:10.724+0000] {logging_mixin.py:190} INFO - [2025-01-14T02:21:10.724+0000] {dag.py:4180} INFO - Setting next_dagrun for tutorial to 2025-01-13 00:00:00+00:00, run_after=2025-01-14 00:00:00+00:00
[2025-01-14T02:21:10.739+0000] {processor.py:208} INFO - Processing /home/airflow/.local/lib/python3.12/site-packages/airflow/example_dags/tutorial.py took 0.178 seconds
[2025-01-14T02:21:41.136+0000] {processor.py:186} INFO - Started process (PID=646) to work on /home/airflow/.local/lib/python3.12/site-packages/airflow/example_dags/tutorial.py
[2025-01-14T02:21:41.137+0000] {processor.py:914} INFO - Processing file /home/airflow/.local/lib/python3.12/site-packages/airflow/example_dags/tutorial.py for tasks to queue
[2025-01-14T02:21:41.140+0000] {logging_mixin.py:190} INFO - [2025-01-14T02:21:41.139+0000] {dagbag.py:588} INFO - Filling up the DagBag from /home/airflow/.local/lib/python3.12/site-packages/airflow/example_dags/tutorial.py
[2025-01-14T02:21:41.148+0000] {processor.py:925} INFO - DAG(s) 'tutorial' retrieved from /home/airflow/.local/lib/python3.12/site-packages/airflow/example_dags/tutorial.py
[2025-01-14T02:21:41.165+0000] {logging_mixin.py:190} INFO - [2025-01-14T02:21:41.165+0000] {dag.py:3239} INFO - Sync 1 DAGs
[2025-01-14T02:21:41.184+0000] {logging_mixin.py:190} INFO - [2025-01-14T02:21:41.184+0000] {dag.py:4180} INFO - Setting next_dagrun for tutorial to 2025-01-13 00:00:00+00:00, run_after=2025-01-14 00:00:00+00:00
[2025-01-14T02:21:41.202+0000] {processor.py:208} INFO - Processing /home/airflow/.local/lib/python3.12/site-packages/airflow/example_dags/tutorial.py took 0.071 seconds
[2025-01-14T02:22:12.182+0000] {processor.py:186} INFO - Started process (PID=932) to work on /home/airflow/.local/lib/python3.12/site-packages/airflow/example_dags/tutorial.py
[2025-01-14T02:22:12.183+0000] {processor.py:914} INFO - Processing file /home/airflow/.local/lib/python3.12/site-packages/airflow/example_dags/tutorial.py for tasks to queue
[2025-01-14T02:22:12.186+0000] {logging_mixin.py:190} INFO - [2025-01-14T02:22:12.186+0000] {dagbag.py:588} INFO - Filling up the DagBag from /home/airflow/.local/lib/python3.12/site-packages/airflow/example_dags/tutorial.py
[2025-01-14T02:22:12.192+0000] {processor.py:925} INFO - DAG(s) 'tutorial' retrieved from /home/airflow/.local/lib/python3.12/site-packages/airflow/example_dags/tutorial.py
[2025-01-14T02:22:12.210+0000] {logging_mixin.py:190} INFO - [2025-01-14T02:22:12.209+0000] {dag.py:3239} INFO - Sync 1 DAGs
[2025-01-14T02:22:12.227+0000] {logging_mixin.py:190} INFO - [2025-01-14T02:22:12.227+0000] {dag.py:4180} INFO - Setting next_dagrun for tutorial to 2025-01-13 00:00:00+00:00, run_after=2025-01-14 00:00:00+00:00
[2025-01-14T02:22:12.248+0000] {processor.py:208} INFO - Processing /home/airflow/.local/lib/python3.12/site-packages/airflow/example_dags/tutorial.py took 0.071 seconds
[2025-01-14T02:22:42.519+0000] {processor.py:186} INFO - Started process (PID=1243) to work on /home/airflow/.local/lib/python3.12/site-packages/airflow/example_dags/tutorial.py
[2025-01-14T02:22:42.521+0000] {processor.py:914} INFO - Processing file /home/airflow/.local/lib/python3.12/site-packages/airflow/example_dags/tutorial.py for tasks to queue
[2025-01-14T02:22:42.523+0000] {logging_mixin.py:190} INFO - [2025-01-14T02:22:42.523+0000] {dagbag.py:588} INFO - Filling up the DagBag from /home/airflow/.local/lib/python3.12/site-packages/airflow/example_dags/tutorial.py
[2025-01-14T02:22:42.530+0000] {processor.py:925} INFO - DAG(s) 'tutorial' retrieved from /home/airflow/.local/lib/python3.12/site-packages/airflow/example_dags/tutorial.py
[2025-01-14T02:22:42.549+0000] {logging_mixin.py:190} INFO - [2025-01-14T02:22:42.549+0000] {dag.py:3239} INFO - Sync 1 DAGs
[2025-01-14T02:22:42.570+0000] {logging_mixin.py:190} INFO - [2025-01-14T02:22:42.570+0000] {dag.py:4180} INFO - Setting next_dagrun for tutorial to 2025-01-13 00:00:00+00:00, run_after=2025-01-14 00:00:00+00:00
[2025-01-14T02:22:42.591+0000] {processor.py:208} INFO - Processing /home/airflow/.local/lib/python3.12/site-packages/airflow/example_dags/tutorial.py took 0.076 seconds
[2025-01-14T02:23:13.081+0000] {processor.py:186} INFO - Started process (PID=1514) to work on /home/airflow/.local/lib/python3.12/site-packages/airflow/example_dags/tutorial.py
[2025-01-14T02:23:13.082+0000] {processor.py:914} INFO - Processing file /home/airflow/.local/lib/python3.12/site-packages/airflow/example_dags/tutorial.py for tasks to queue
[2025-01-14T02:23:13.085+0000] {logging_mixin.py:190} INFO - [2025-01-14T02:23:13.085+0000] {dagbag.py:588} INFO - Filling up the DagBag from /home/airflow/.local/lib/python3.12/site-packages/airflow/example_dags/tutorial.py
[2025-01-14T02:23:13.091+0000] {processor.py:925} INFO - DAG(s) 'tutorial' retrieved from /home/airflow/.local/lib/python3.12/site-packages/airflow/example_dags/tutorial.py
[2025-01-14T02:23:13.113+0000] {logging_mixin.py:190} INFO - [2025-01-14T02:23:13.112+0000] {dag.py:3239} INFO - Sync 1 DAGs
[2025-01-14T02:23:13.133+0000] {logging_mixin.py:190} INFO - [2025-01-14T02:23:13.132+0000] {dag.py:4180} INFO - Setting next_dagrun for tutorial to 2025-01-13 00:00:00+00:00, run_after=2025-01-14 00:00:00+00:00
[2025-01-14T02:23:13.152+0000] {processor.py:208} INFO - Processing /home/airflow/.local/lib/python3.12/site-packages/airflow/example_dags/tutorial.py took 0.076 seconds
[2025-01-14T02:23:43.312+0000] {processor.py:186} INFO - Started process (PID=1800) to work on /home/airflow/.local/lib/python3.12/site-packages/airflow/example_dags/tutorial.py
[2025-01-14T02:23:43.313+0000] {processor.py:914} INFO - Processing file /home/airflow/.local/lib/python3.12/site-packages/airflow/example_dags/tutorial.py for tasks to queue
[2025-01-14T02:23:43.317+0000] {logging_mixin.py:190} INFO - [2025-01-14T02:23:43.316+0000] {dagbag.py:588} INFO - Filling up the DagBag from /home/airflow/.local/lib/python3.12/site-packages/airflow/example_dags/tutorial.py
[2025-01-14T02:23:43.326+0000] {processor.py:925} INFO - DAG(s) 'tutorial' retrieved from /home/airflow/.local/lib/python3.12/site-packages/airflow/example_dags/tutorial.py
[2025-01-14T02:23:43.349+0000] {logging_mixin.py:190} INFO - [2025-01-14T02:23:43.349+0000] {dag.py:3239} INFO - Sync 1 DAGs
[2025-01-14T02:23:43.382+0000] {logging_mixin.py:190} INFO - [2025-01-14T02:23:43.382+0000] {dag.py:4180} INFO - Setting next_dagrun for tutorial to 2025-01-13 00:00:00+00:00, run_after=2025-01-14 00:00:00+00:00
[2025-01-14T02:23:43.414+0000] {processor.py:208} INFO - Processing /home/airflow/.local/lib/python3.12/site-packages/airflow/example_dags/tutorial.py took 0.110 seconds
[2025-01-14T02:24:15.923+0000] {processor.py:186} INFO - Started process (PID=2096) to work on /home/airflow/.local/lib/python3.12/site-packages/airflow/example_dags/tutorial.py
[2025-01-14T02:24:15.927+0000] {processor.py:914} INFO - Processing file /home/airflow/.local/lib/python3.12/site-packages/airflow/example_dags/tutorial.py for tasks to queue
[2025-01-14T02:24:15.932+0000] {logging_mixin.py:190} INFO - [2025-01-14T02:24:15.931+0000] {dagbag.py:588} INFO - Filling up the DagBag from /home/airflow/.local/lib/python3.12/site-packages/airflow/example_dags/tutorial.py
[2025-01-14T02:24:15.940+0000] {processor.py:925} INFO - DAG(s) 'tutorial' retrieved from /home/airflow/.local/lib/python3.12/site-packages/airflow/example_dags/tutorial.py
[2025-01-14T02:24:15.962+0000] {logging_mixin.py:190} INFO - [2025-01-14T02:24:15.962+0000] {dag.py:3239} INFO - Sync 1 DAGs
[2025-01-14T02:24:15.987+0000] {logging_mixin.py:190} INFO - [2025-01-14T02:24:15.986+0000] {dag.py:4180} INFO - Setting next_dagrun for tutorial to 2025-01-13 00:00:00+00:00, run_after=2025-01-14 00:00:00+00:00
[2025-01-14T02:24:16.012+0000] {processor.py:208} INFO - Processing /home/airflow/.local/lib/python3.12/site-packages/airflow/example_dags/tutorial.py took 0.095 seconds
[2025-01-14T02:24:46.373+0000] {processor.py:186} INFO - Started process (PID=2387) to work on /home/airflow/.local/lib/python3.12/site-packages/airflow/example_dags/tutorial.py
[2025-01-14T02:24:46.375+0000] {processor.py:914} INFO - Processing file /home/airflow/.local/lib/python3.12/site-packages/airflow/example_dags/tutorial.py for tasks to queue
[2025-01-14T02:24:46.379+0000] {logging_mixin.py:190} INFO - [2025-01-14T02:24:46.378+0000] {dagbag.py:588} INFO - Filling up the DagBag from /home/airflow/.local/lib/python3.12/site-packages/airflow/example_dags/tutorial.py
[2025-01-14T02:24:46.387+0000] {processor.py:925} INFO - DAG(s) 'tutorial' retrieved from /home/airflow/.local/lib/python3.12/site-packages/airflow/example_dags/tutorial.py
[2025-01-14T02:24:46.408+0000] {logging_mixin.py:190} INFO - [2025-01-14T02:24:46.408+0000] {dag.py:3239} INFO - Sync 1 DAGs
[2025-01-14T02:24:46.430+0000] {logging_mixin.py:190} INFO - [2025-01-14T02:24:46.430+0000] {dag.py:4180} INFO - Setting next_dagrun for tutorial to 2025-01-13 00:00:00+00:00, run_after=2025-01-14 00:00:00+00:00
[2025-01-14T02:24:46.462+0000] {processor.py:208} INFO - Processing /home/airflow/.local/lib/python3.12/site-packages/airflow/example_dags/tutorial.py took 0.094 seconds
[2025-01-14T02:25:16.995+0000] {processor.py:186} INFO - Started process (PID=2673) to work on /home/airflow/.local/lib/python3.12/site-packages/airflow/example_dags/tutorial.py
[2025-01-14T02:25:16.997+0000] {processor.py:914} INFO - Processing file /home/airflow/.local/lib/python3.12/site-packages/airflow/example_dags/tutorial.py for tasks to queue
[2025-01-14T02:25:17.001+0000] {logging_mixin.py:190} INFO - [2025-01-14T02:25:17.001+0000] {dagbag.py:588} INFO - Filling up the DagBag from /home/airflow/.local/lib/python3.12/site-packages/airflow/example_dags/tutorial.py
[2025-01-14T02:25:17.012+0000] {processor.py:925} INFO - DAG(s) 'tutorial' retrieved from /home/airflow/.local/lib/python3.12/site-packages/airflow/example_dags/tutorial.py
[2025-01-14T02:25:17.033+0000] {logging_mixin.py:190} INFO - [2025-01-14T02:25:17.033+0000] {dag.py:3239} INFO - Sync 1 DAGs
[2025-01-14T02:25:17.062+0000] {logging_mixin.py:190} INFO - [2025-01-14T02:25:17.062+0000] {dag.py:4180} INFO - Setting next_dagrun for tutorial to 2025-01-13 00:00:00+00:00, run_after=2025-01-14 00:00:00+00:00
[2025-01-14T02:25:17.095+0000] {processor.py:208} INFO - Processing /home/airflow/.local/lib/python3.12/site-packages/airflow/example_dags/tutorial.py took 0.108 seconds
[2025-01-14T02:25:47.251+0000] {processor.py:186} INFO - Started process (PID=2971) to work on /home/airflow/.local/lib/python3.12/site-packages/airflow/example_dags/tutorial.py
[2025-01-14T02:25:47.252+0000] {processor.py:914} INFO - Processing file /home/airflow/.local/lib/python3.12/site-packages/airflow/example_dags/tutorial.py for tasks to queue
[2025-01-14T02:25:47.255+0000] {logging_mixin.py:190} INFO - [2025-01-14T02:25:47.254+0000] {dagbag.py:588} INFO - Filling up the DagBag from /home/airflow/.local/lib/python3.12/site-packages/airflow/example_dags/tutorial.py
[2025-01-14T02:25:47.264+0000] {processor.py:925} INFO - DAG(s) 'tutorial' retrieved from /home/airflow/.local/lib/python3.12/site-packages/airflow/example_dags/tutorial.py
[2025-01-14T02:25:47.286+0000] {logging_mixin.py:190} INFO - [2025-01-14T02:25:47.285+0000] {dag.py:3239} INFO - Sync 1 DAGs
[2025-01-14T02:25:47.310+0000] {logging_mixin.py:190} INFO - [2025-01-14T02:25:47.310+0000] {dag.py:4180} INFO - Setting next_dagrun for tutorial to 2025-01-13 00:00:00+00:00, run_after=2025-01-14 00:00:00+00:00
[2025-01-14T02:25:47.334+0000] {processor.py:208} INFO - Processing /home/airflow/.local/lib/python3.12/site-packages/airflow/example_dags/tutorial.py took 0.089 seconds
[2025-01-14T02:27:12.964+0000] {processor.py:186} INFO - Started process (PID=3266) to work on /home/airflow/.local/lib/python3.12/site-packages/airflow/example_dags/tutorial.py
[2025-01-14T02:27:12.965+0000] {processor.py:914} INFO - Processing file /home/airflow/.local/lib/python3.12/site-packages/airflow/example_dags/tutorial.py for tasks to queue
[2025-01-14T02:27:12.968+0000] {logging_mixin.py:190} INFO - [2025-01-14T02:27:12.968+0000] {dagbag.py:588} INFO - Filling up the DagBag from /home/airflow/.local/lib/python3.12/site-packages/airflow/example_dags/tutorial.py
[2025-01-14T02:27:12.979+0000] {processor.py:925} INFO - DAG(s) 'tutorial' retrieved from /home/airflow/.local/lib/python3.12/site-packages/airflow/example_dags/tutorial.py
[2025-01-14T02:27:13.005+0000] {logging_mixin.py:190} INFO - [2025-01-14T02:27:13.005+0000] {dag.py:3239} INFO - Sync 1 DAGs
[2025-01-14T02:27:13.035+0000] {logging_mixin.py:190} INFO - [2025-01-14T02:27:13.035+0000] {dag.py:4180} INFO - Setting next_dagrun for tutorial to 2025-01-13 00:00:00+00:00, run_after=2025-01-14 00:00:00+00:00
[2025-01-14T02:27:13.085+0000] {processor.py:208} INFO - Processing /home/airflow/.local/lib/python3.12/site-packages/airflow/example_dags/tutorial.py took 0.129 seconds
[2025-01-14T02:27:43.454+0000] {processor.py:186} INFO - Started process (PID=3552) to work on /home/airflow/.local/lib/python3.12/site-packages/airflow/example_dags/tutorial.py
[2025-01-14T02:27:43.455+0000] {processor.py:914} INFO - Processing file /home/airflow/.local/lib/python3.12/site-packages/airflow/example_dags/tutorial.py for tasks to queue
[2025-01-14T02:27:43.457+0000] {logging_mixin.py:190} INFO - [2025-01-14T02:27:43.457+0000] {dagbag.py:588} INFO - Filling up the DagBag from /home/airflow/.local/lib/python3.12/site-packages/airflow/example_dags/tutorial.py
[2025-01-14T02:27:43.464+0000] {processor.py:925} INFO - DAG(s) 'tutorial' retrieved from /home/airflow/.local/lib/python3.12/site-packages/airflow/example_dags/tutorial.py
[2025-01-14T02:27:43.488+0000] {logging_mixin.py:190} INFO - [2025-01-14T02:27:43.488+0000] {dag.py:3239} INFO - Sync 1 DAGs
[2025-01-14T02:27:43.510+0000] {logging_mixin.py:190} INFO - [2025-01-14T02:27:43.510+0000] {dag.py:4180} INFO - Setting next_dagrun for tutorial to 2025-01-13 00:00:00+00:00, run_after=2025-01-14 00:00:00+00:00
[2025-01-14T02:27:43.531+0000] {processor.py:208} INFO - Processing /home/airflow/.local/lib/python3.12/site-packages/airflow/example_dags/tutorial.py took 0.082 seconds
[2025-01-14T02:28:13.585+0000] {processor.py:186} INFO - Started process (PID=3840) to work on /home/airflow/.local/lib/python3.12/site-packages/airflow/example_dags/tutorial.py
[2025-01-14T02:28:13.586+0000] {processor.py:914} INFO - Processing file /home/airflow/.local/lib/python3.12/site-packages/airflow/example_dags/tutorial.py for tasks to queue
[2025-01-14T02:28:13.588+0000] {logging_mixin.py:190} INFO - [2025-01-14T02:28:13.588+0000] {dagbag.py:588} INFO - Filling up the DagBag from /home/airflow/.local/lib/python3.12/site-packages/airflow/example_dags/tutorial.py
[2025-01-14T02:28:13.595+0000] {processor.py:925} INFO - DAG(s) 'tutorial' retrieved from /home/airflow/.local/lib/python3.12/site-packages/airflow/example_dags/tutorial.py
[2025-01-14T02:28:13.610+0000] {logging_mixin.py:190} INFO - [2025-01-14T02:28:13.610+0000] {dag.py:3239} INFO - Sync 1 DAGs
[2025-01-14T02:28:13.627+0000] {logging_mixin.py:190} INFO - [2025-01-14T02:28:13.627+0000] {dag.py:4180} INFO - Setting next_dagrun for tutorial to 2025-01-13 00:00:00+00:00, run_after=2025-01-14 00:00:00+00:00
[2025-01-14T02:28:13.646+0000] {processor.py:208} INFO - Processing /home/airflow/.local/lib/python3.12/site-packages/airflow/example_dags/tutorial.py took 0.065 seconds
[2025-01-14T02:28:43.832+0000] {processor.py:186} INFO - Started process (PID=4129) to work on /home/airflow/.local/lib/python3.12/site-packages/airflow/example_dags/tutorial.py
[2025-01-14T02:28:43.863+0000] {processor.py:914} INFO - Processing file /home/airflow/.local/lib/python3.12/site-packages/airflow/example_dags/tutorial.py for tasks to queue
[2025-01-14T02:28:43.901+0000] {logging_mixin.py:190} INFO - [2025-01-14T02:28:43.900+0000] {dagbag.py:588} INFO - Filling up the DagBag from /home/airflow/.local/lib/python3.12/site-packages/airflow/example_dags/tutorial.py
[2025-01-14T02:28:43.908+0000] {processor.py:925} INFO - DAG(s) 'tutorial' retrieved from /home/airflow/.local/lib/python3.12/site-packages/airflow/example_dags/tutorial.py
[2025-01-14T02:28:43.925+0000] {logging_mixin.py:190} INFO - [2025-01-14T02:28:43.925+0000] {dag.py:3239} INFO - Sync 1 DAGs
[2025-01-14T02:28:43.954+0000] {logging_mixin.py:190} INFO - [2025-01-14T02:28:43.954+0000] {dag.py:4180} INFO - Setting next_dagrun for tutorial to 2025-01-13 00:00:00+00:00, run_after=2025-01-14 00:00:00+00:00
[2025-01-14T02:28:43.974+0000] {processor.py:208} INFO - Processing /home/airflow/.local/lib/python3.12/site-packages/airflow/example_dags/tutorial.py took 0.147 seconds
