[2025-01-14T02:21:12.603+0000] {processor.py:186} INFO - Started process (PID=420) to work on /home/airflow/.local/lib/python3.12/site-packages/airflow/example_dags/tutorial_objectstorage.py
[2025-01-14T02:21:12.605+0000] {processor.py:914} INFO - Processing file /home/airflow/.local/lib/python3.12/site-packages/airflow/example_dags/tutorial_objectstorage.py for tasks to queue
[2025-01-14T02:21:12.610+0000] {logging_mixin.py:190} INFO - [2025-01-14T02:21:12.610+0000] {dagbag.py:588} INFO - Filling up the DagBag from /home/airflow/.local/lib/python3.12/site-packages/airflow/example_dags/tutorial_objectstorage.py
[2025-01-14T02:21:12.625+0000] {processor.py:925} INFO - DAG(s) 'tutorial_objectstorage' retrieved from /home/airflow/.local/lib/python3.12/site-packages/airflow/example_dags/tutorial_objectstorage.py
[2025-01-14T02:21:12.741+0000] {logging_mixin.py:190} INFO - [2025-01-14T02:21:12.740+0000] {override.py:1911} INFO - Created Permission View: can read on DAG:tutorial_objectstorage
[2025-01-14T02:21:12.755+0000] {logging_mixin.py:190} INFO - [2025-01-14T02:21:12.755+0000] {override.py:1911} INFO - Created Permission View: can delete on DAG:tutorial_objectstorage
[2025-01-14T02:21:12.765+0000] {logging_mixin.py:190} INFO - [2025-01-14T02:21:12.764+0000] {override.py:1911} INFO - Created Permission View: can edit on DAG:tutorial_objectstorage
[2025-01-14T02:21:12.777+0000] {logging_mixin.py:190} INFO - [2025-01-14T02:21:12.777+0000] {override.py:1911} INFO - Created Permission View: can read on DAG Run:tutorial_objectstorage
[2025-01-14T02:21:12.787+0000] {logging_mixin.py:190} INFO - [2025-01-14T02:21:12.786+0000] {override.py:1911} INFO - Created Permission View: menu access on DAG Run:tutorial_objectstorage
[2025-01-14T02:21:12.795+0000] {logging_mixin.py:190} INFO - [2025-01-14T02:21:12.795+0000] {override.py:1911} INFO - Created Permission View: can create on DAG Run:tutorial_objectstorage
[2025-01-14T02:21:12.803+0000] {logging_mixin.py:190} INFO - [2025-01-14T02:21:12.803+0000] {override.py:1911} INFO - Created Permission View: can delete on DAG Run:tutorial_objectstorage
[2025-01-14T02:21:12.804+0000] {logging_mixin.py:190} INFO - [2025-01-14T02:21:12.804+0000] {dag.py:3239} INFO - Sync 1 DAGs
[2025-01-14T02:21:12.817+0000] {logging_mixin.py:190} INFO - [2025-01-14T02:21:12.817+0000] {dag.py:3262} INFO - Creating ORM DAG for tutorial_objectstorage
[2025-01-14T02:21:12.818+0000] {logging_mixin.py:190} INFO - [2025-01-14T02:21:12.818+0000] {dag.py:4180} INFO - Setting next_dagrun for tutorial_objectstorage to None, run_after=None
[2025-01-14T02:21:12.836+0000] {processor.py:208} INFO - Processing /home/airflow/.local/lib/python3.12/site-packages/airflow/example_dags/tutorial_objectstorage.py took 0.241 seconds
[2025-01-14T02:21:43.323+0000] {processor.py:186} INFO - Started process (PID=711) to work on /home/airflow/.local/lib/python3.12/site-packages/airflow/example_dags/tutorial_objectstorage.py
[2025-01-14T02:21:43.324+0000] {processor.py:914} INFO - Processing file /home/airflow/.local/lib/python3.12/site-packages/airflow/example_dags/tutorial_objectstorage.py for tasks to queue
[2025-01-14T02:21:43.326+0000] {logging_mixin.py:190} INFO - [2025-01-14T02:21:43.326+0000] {dagbag.py:588} INFO - Filling up the DagBag from /home/airflow/.local/lib/python3.12/site-packages/airflow/example_dags/tutorial_objectstorage.py
[2025-01-14T02:21:43.335+0000] {processor.py:925} INFO - DAG(s) 'tutorial_objectstorage' retrieved from /home/airflow/.local/lib/python3.12/site-packages/airflow/example_dags/tutorial_objectstorage.py
[2025-01-14T02:21:43.351+0000] {logging_mixin.py:190} INFO - [2025-01-14T02:21:43.351+0000] {dag.py:3239} INFO - Sync 1 DAGs
[2025-01-14T02:21:43.364+0000] {logging_mixin.py:190} INFO - [2025-01-14T02:21:43.364+0000] {dag.py:4180} INFO - Setting next_dagrun for tutorial_objectstorage to None, run_after=None
[2025-01-14T02:21:43.385+0000] {processor.py:208} INFO - Processing /home/airflow/.local/lib/python3.12/site-packages/airflow/example_dags/tutorial_objectstorage.py took 0.069 seconds
[2025-01-14T02:22:14.244+0000] {processor.py:186} INFO - Started process (PID=1002) to work on /home/airflow/.local/lib/python3.12/site-packages/airflow/example_dags/tutorial_objectstorage.py
[2025-01-14T02:22:14.246+0000] {processor.py:914} INFO - Processing file /home/airflow/.local/lib/python3.12/site-packages/airflow/example_dags/tutorial_objectstorage.py for tasks to queue
[2025-01-14T02:22:14.248+0000] {logging_mixin.py:190} INFO - [2025-01-14T02:22:14.248+0000] {dagbag.py:588} INFO - Filling up the DagBag from /home/airflow/.local/lib/python3.12/site-packages/airflow/example_dags/tutorial_objectstorage.py
[2025-01-14T02:22:14.256+0000] {processor.py:925} INFO - DAG(s) 'tutorial_objectstorage' retrieved from /home/airflow/.local/lib/python3.12/site-packages/airflow/example_dags/tutorial_objectstorage.py
[2025-01-14T02:22:14.275+0000] {logging_mixin.py:190} INFO - [2025-01-14T02:22:14.275+0000] {dag.py:3239} INFO - Sync 1 DAGs
[2025-01-14T02:22:14.290+0000] {logging_mixin.py:190} INFO - [2025-01-14T02:22:14.290+0000] {dag.py:4180} INFO - Setting next_dagrun for tutorial_objectstorage to None, run_after=None
[2025-01-14T02:22:14.312+0000] {processor.py:208} INFO - Processing /home/airflow/.local/lib/python3.12/site-packages/airflow/example_dags/tutorial_objectstorage.py took 0.074 seconds
[2025-01-14T02:22:44.699+0000] {processor.py:186} INFO - Started process (PID=1293) to work on /home/airflow/.local/lib/python3.12/site-packages/airflow/example_dags/tutorial_objectstorage.py
[2025-01-14T02:22:44.700+0000] {processor.py:914} INFO - Processing file /home/airflow/.local/lib/python3.12/site-packages/airflow/example_dags/tutorial_objectstorage.py for tasks to queue
[2025-01-14T02:22:44.702+0000] {logging_mixin.py:190} INFO - [2025-01-14T02:22:44.701+0000] {dagbag.py:588} INFO - Filling up the DagBag from /home/airflow/.local/lib/python3.12/site-packages/airflow/example_dags/tutorial_objectstorage.py
[2025-01-14T02:22:44.709+0000] {processor.py:925} INFO - DAG(s) 'tutorial_objectstorage' retrieved from /home/airflow/.local/lib/python3.12/site-packages/airflow/example_dags/tutorial_objectstorage.py
[2025-01-14T02:22:44.726+0000] {logging_mixin.py:190} INFO - [2025-01-14T02:22:44.726+0000] {dag.py:3239} INFO - Sync 1 DAGs
[2025-01-14T02:22:44.738+0000] {logging_mixin.py:190} INFO - [2025-01-14T02:22:44.737+0000] {dag.py:4180} INFO - Setting next_dagrun for tutorial_objectstorage to None, run_after=None
[2025-01-14T02:22:44.755+0000] {processor.py:208} INFO - Processing /home/airflow/.local/lib/python3.12/site-packages/airflow/example_dags/tutorial_objectstorage.py took 0.061 seconds
[2025-01-14T02:23:15.547+0000] {processor.py:186} INFO - Started process (PID=1584) to work on /home/airflow/.local/lib/python3.12/site-packages/airflow/example_dags/tutorial_objectstorage.py
[2025-01-14T02:23:15.548+0000] {processor.py:914} INFO - Processing file /home/airflow/.local/lib/python3.12/site-packages/airflow/example_dags/tutorial_objectstorage.py for tasks to queue
[2025-01-14T02:23:15.554+0000] {logging_mixin.py:190} INFO - [2025-01-14T02:23:15.553+0000] {dagbag.py:588} INFO - Filling up the DagBag from /home/airflow/.local/lib/python3.12/site-packages/airflow/example_dags/tutorial_objectstorage.py
[2025-01-14T02:23:15.572+0000] {processor.py:925} INFO - DAG(s) 'tutorial_objectstorage' retrieved from /home/airflow/.local/lib/python3.12/site-packages/airflow/example_dags/tutorial_objectstorage.py
[2025-01-14T02:23:15.603+0000] {logging_mixin.py:190} INFO - [2025-01-14T02:23:15.603+0000] {dag.py:3239} INFO - Sync 1 DAGs
[2025-01-14T02:23:15.628+0000] {logging_mixin.py:190} INFO - [2025-01-14T02:23:15.628+0000] {dag.py:4180} INFO - Setting next_dagrun for tutorial_objectstorage to None, run_after=None
[2025-01-14T02:23:15.665+0000] {processor.py:208} INFO - Processing /home/airflow/.local/lib/python3.12/site-packages/airflow/example_dags/tutorial_objectstorage.py took 0.131 seconds
[2025-01-14T02:23:46.229+0000] {processor.py:186} INFO - Started process (PID=1875) to work on /home/airflow/.local/lib/python3.12/site-packages/airflow/example_dags/tutorial_objectstorage.py
[2025-01-14T02:23:46.231+0000] {processor.py:914} INFO - Processing file /home/airflow/.local/lib/python3.12/site-packages/airflow/example_dags/tutorial_objectstorage.py for tasks to queue
[2025-01-14T02:23:46.233+0000] {logging_mixin.py:190} INFO - [2025-01-14T02:23:46.232+0000] {dagbag.py:588} INFO - Filling up the DagBag from /home/airflow/.local/lib/python3.12/site-packages/airflow/example_dags/tutorial_objectstorage.py
[2025-01-14T02:23:46.241+0000] {processor.py:925} INFO - DAG(s) 'tutorial_objectstorage' retrieved from /home/airflow/.local/lib/python3.12/site-packages/airflow/example_dags/tutorial_objectstorage.py
[2025-01-14T02:23:46.256+0000] {logging_mixin.py:190} INFO - [2025-01-14T02:23:46.256+0000] {dag.py:3239} INFO - Sync 1 DAGs
[2025-01-14T02:23:46.268+0000] {logging_mixin.py:190} INFO - [2025-01-14T02:23:46.268+0000] {dag.py:4180} INFO - Setting next_dagrun for tutorial_objectstorage to None, run_after=None
[2025-01-14T02:23:46.287+0000] {processor.py:208} INFO - Processing /home/airflow/.local/lib/python3.12/site-packages/airflow/example_dags/tutorial_objectstorage.py took 0.062 seconds
[2025-01-14T02:24:20.409+0000] {processor.py:186} INFO - Started process (PID=2166) to work on /home/airflow/.local/lib/python3.12/site-packages/airflow/example_dags/tutorial_objectstorage.py
[2025-01-14T02:24:20.425+0000] {processor.py:914} INFO - Processing file /home/airflow/.local/lib/python3.12/site-packages/airflow/example_dags/tutorial_objectstorage.py for tasks to queue
[2025-01-14T02:24:20.432+0000] {logging_mixin.py:190} INFO - [2025-01-14T02:24:20.432+0000] {dagbag.py:588} INFO - Filling up the DagBag from /home/airflow/.local/lib/python3.12/site-packages/airflow/example_dags/tutorial_objectstorage.py
[2025-01-14T02:24:20.456+0000] {processor.py:925} INFO - DAG(s) 'tutorial_objectstorage' retrieved from /home/airflow/.local/lib/python3.12/site-packages/airflow/example_dags/tutorial_objectstorage.py
[2025-01-14T02:24:20.520+0000] {logging_mixin.py:190} INFO - [2025-01-14T02:24:20.520+0000] {dag.py:3239} INFO - Sync 1 DAGs
[2025-01-14T02:24:20.547+0000] {logging_mixin.py:190} INFO - [2025-01-14T02:24:20.546+0000] {dag.py:4180} INFO - Setting next_dagrun for tutorial_objectstorage to None, run_after=None
[2025-01-14T02:24:20.613+0000] {processor.py:208} INFO - Processing /home/airflow/.local/lib/python3.12/site-packages/airflow/example_dags/tutorial_objectstorage.py took 0.211 seconds
[2025-01-14T02:24:51.523+0000] {processor.py:186} INFO - Started process (PID=2465) to work on /home/airflow/.local/lib/python3.12/site-packages/airflow/example_dags/tutorial_objectstorage.py
[2025-01-14T02:24:51.525+0000] {processor.py:914} INFO - Processing file /home/airflow/.local/lib/python3.12/site-packages/airflow/example_dags/tutorial_objectstorage.py for tasks to queue
[2025-01-14T02:24:51.528+0000] {logging_mixin.py:190} INFO - [2025-01-14T02:24:51.527+0000] {dagbag.py:588} INFO - Filling up the DagBag from /home/airflow/.local/lib/python3.12/site-packages/airflow/example_dags/tutorial_objectstorage.py
[2025-01-14T02:24:51.537+0000] {processor.py:925} INFO - DAG(s) 'tutorial_objectstorage' retrieved from /home/airflow/.local/lib/python3.12/site-packages/airflow/example_dags/tutorial_objectstorage.py
[2025-01-14T02:24:51.554+0000] {logging_mixin.py:190} INFO - [2025-01-14T02:24:51.554+0000] {dag.py:3239} INFO - Sync 1 DAGs
[2025-01-14T02:24:51.567+0000] {logging_mixin.py:190} INFO - [2025-01-14T02:24:51.567+0000] {dag.py:4180} INFO - Setting next_dagrun for tutorial_objectstorage to None, run_after=None
[2025-01-14T02:24:51.591+0000] {processor.py:208} INFO - Processing /home/airflow/.local/lib/python3.12/site-packages/airflow/example_dags/tutorial_objectstorage.py took 0.076 seconds
[2025-01-14T02:25:21.981+0000] {processor.py:186} INFO - Started process (PID=2754) to work on /home/airflow/.local/lib/python3.12/site-packages/airflow/example_dags/tutorial_objectstorage.py
[2025-01-14T02:25:21.982+0000] {processor.py:914} INFO - Processing file /home/airflow/.local/lib/python3.12/site-packages/airflow/example_dags/tutorial_objectstorage.py for tasks to queue
[2025-01-14T02:25:21.985+0000] {logging_mixin.py:190} INFO - [2025-01-14T02:25:21.984+0000] {dagbag.py:588} INFO - Filling up the DagBag from /home/airflow/.local/lib/python3.12/site-packages/airflow/example_dags/tutorial_objectstorage.py
[2025-01-14T02:25:21.996+0000] {processor.py:925} INFO - DAG(s) 'tutorial_objectstorage' retrieved from /home/airflow/.local/lib/python3.12/site-packages/airflow/example_dags/tutorial_objectstorage.py
[2025-01-14T02:25:22.015+0000] {logging_mixin.py:190} INFO - [2025-01-14T02:25:22.015+0000] {dag.py:3239} INFO - Sync 1 DAGs
[2025-01-14T02:25:22.031+0000] {logging_mixin.py:190} INFO - [2025-01-14T02:25:22.031+0000] {dag.py:4180} INFO - Setting next_dagrun for tutorial_objectstorage to None, run_after=None
[2025-01-14T02:25:22.057+0000] {processor.py:208} INFO - Processing /home/airflow/.local/lib/python3.12/site-packages/airflow/example_dags/tutorial_objectstorage.py took 0.082 seconds
[2025-01-14T02:25:53.114+0000] {processor.py:186} INFO - Started process (PID=3046) to work on /home/airflow/.local/lib/python3.12/site-packages/airflow/example_dags/tutorial_objectstorage.py
[2025-01-14T02:25:53.115+0000] {processor.py:914} INFO - Processing file /home/airflow/.local/lib/python3.12/site-packages/airflow/example_dags/tutorial_objectstorage.py for tasks to queue
[2025-01-14T02:25:53.117+0000] {logging_mixin.py:190} INFO - [2025-01-14T02:25:53.117+0000] {dagbag.py:588} INFO - Filling up the DagBag from /home/airflow/.local/lib/python3.12/site-packages/airflow/example_dags/tutorial_objectstorage.py
[2025-01-14T02:25:53.126+0000] {processor.py:925} INFO - DAG(s) 'tutorial_objectstorage' retrieved from /home/airflow/.local/lib/python3.12/site-packages/airflow/example_dags/tutorial_objectstorage.py
[2025-01-14T02:25:53.143+0000] {logging_mixin.py:190} INFO - [2025-01-14T02:25:53.143+0000] {dag.py:3239} INFO - Sync 1 DAGs
[2025-01-14T02:25:53.157+0000] {logging_mixin.py:190} INFO - [2025-01-14T02:25:53.156+0000] {dag.py:4180} INFO - Setting next_dagrun for tutorial_objectstorage to None, run_after=None
[2025-01-14T02:25:53.176+0000] {processor.py:208} INFO - Processing /home/airflow/.local/lib/python3.12/site-packages/airflow/example_dags/tutorial_objectstorage.py took 0.068 seconds
[2025-01-14T02:27:14.725+0000] {processor.py:186} INFO - Started process (PID=3331) to work on /home/airflow/.local/lib/python3.12/site-packages/airflow/example_dags/tutorial_objectstorage.py
[2025-01-14T02:27:14.730+0000] {processor.py:914} INFO - Processing file /home/airflow/.local/lib/python3.12/site-packages/airflow/example_dags/tutorial_objectstorage.py for tasks to queue
[2025-01-14T02:27:14.734+0000] {logging_mixin.py:190} INFO - [2025-01-14T02:27:14.734+0000] {dagbag.py:588} INFO - Filling up the DagBag from /home/airflow/.local/lib/python3.12/site-packages/airflow/example_dags/tutorial_objectstorage.py
[2025-01-14T02:27:14.753+0000] {processor.py:925} INFO - DAG(s) 'tutorial_objectstorage' retrieved from /home/airflow/.local/lib/python3.12/site-packages/airflow/example_dags/tutorial_objectstorage.py
[2025-01-14T02:27:14.775+0000] {logging_mixin.py:190} INFO - [2025-01-14T02:27:14.775+0000] {dag.py:3239} INFO - Sync 1 DAGs
[2025-01-14T02:27:14.791+0000] {logging_mixin.py:190} INFO - [2025-01-14T02:27:14.791+0000] {dag.py:4180} INFO - Setting next_dagrun for tutorial_objectstorage to None, run_after=None
[2025-01-14T02:27:14.821+0000] {processor.py:208} INFO - Processing /home/airflow/.local/lib/python3.12/site-packages/airflow/example_dags/tutorial_objectstorage.py took 0.108 seconds
[2025-01-14T02:27:45.072+0000] {processor.py:186} INFO - Started process (PID=3622) to work on /home/airflow/.local/lib/python3.12/site-packages/airflow/example_dags/tutorial_objectstorage.py
[2025-01-14T02:27:45.073+0000] {processor.py:914} INFO - Processing file /home/airflow/.local/lib/python3.12/site-packages/airflow/example_dags/tutorial_objectstorage.py for tasks to queue
[2025-01-14T02:27:45.075+0000] {logging_mixin.py:190} INFO - [2025-01-14T02:27:45.075+0000] {dagbag.py:588} INFO - Filling up the DagBag from /home/airflow/.local/lib/python3.12/site-packages/airflow/example_dags/tutorial_objectstorage.py
[2025-01-14T02:27:45.083+0000] {processor.py:925} INFO - DAG(s) 'tutorial_objectstorage' retrieved from /home/airflow/.local/lib/python3.12/site-packages/airflow/example_dags/tutorial_objectstorage.py
[2025-01-14T02:27:45.102+0000] {logging_mixin.py:190} INFO - [2025-01-14T02:27:45.102+0000] {dag.py:3239} INFO - Sync 1 DAGs
[2025-01-14T02:27:45.113+0000] {logging_mixin.py:190} INFO - [2025-01-14T02:27:45.113+0000] {dag.py:4180} INFO - Setting next_dagrun for tutorial_objectstorage to None, run_after=None
[2025-01-14T02:27:45.133+0000] {processor.py:208} INFO - Processing /home/airflow/.local/lib/python3.12/site-packages/airflow/example_dags/tutorial_objectstorage.py took 0.066 seconds
[2025-01-14T02:28:15.924+0000] {processor.py:186} INFO - Started process (PID=3913) to work on /home/airflow/.local/lib/python3.12/site-packages/airflow/example_dags/tutorial_objectstorage.py
[2025-01-14T02:28:15.925+0000] {processor.py:914} INFO - Processing file /home/airflow/.local/lib/python3.12/site-packages/airflow/example_dags/tutorial_objectstorage.py for tasks to queue
[2025-01-14T02:28:15.927+0000] {logging_mixin.py:190} INFO - [2025-01-14T02:28:15.927+0000] {dagbag.py:588} INFO - Filling up the DagBag from /home/airflow/.local/lib/python3.12/site-packages/airflow/example_dags/tutorial_objectstorage.py
[2025-01-14T02:28:15.934+0000] {processor.py:925} INFO - DAG(s) 'tutorial_objectstorage' retrieved from /home/airflow/.local/lib/python3.12/site-packages/airflow/example_dags/tutorial_objectstorage.py
[2025-01-14T02:28:15.950+0000] {logging_mixin.py:190} INFO - [2025-01-14T02:28:15.950+0000] {dag.py:3239} INFO - Sync 1 DAGs
[2025-01-14T02:28:15.961+0000] {logging_mixin.py:190} INFO - [2025-01-14T02:28:15.960+0000] {dag.py:4180} INFO - Setting next_dagrun for tutorial_objectstorage to None, run_after=None
[2025-01-14T02:28:15.977+0000] {processor.py:208} INFO - Processing /home/airflow/.local/lib/python3.12/site-packages/airflow/example_dags/tutorial_objectstorage.py took 0.058 seconds
[2025-01-14T02:28:48.048+0000] {processor.py:186} INFO - Started process (PID=4254) to work on /home/airflow/.local/lib/python3.12/site-packages/airflow/example_dags/tutorial_objectstorage.py
[2025-01-14T02:28:48.049+0000] {processor.py:914} INFO - Processing file /home/airflow/.local/lib/python3.12/site-packages/airflow/example_dags/tutorial_objectstorage.py for tasks to queue
[2025-01-14T02:28:48.052+0000] {logging_mixin.py:190} INFO - [2025-01-14T02:28:48.051+0000] {dagbag.py:588} INFO - Filling up the DagBag from /home/airflow/.local/lib/python3.12/site-packages/airflow/example_dags/tutorial_objectstorage.py
[2025-01-14T02:28:48.062+0000] {processor.py:925} INFO - DAG(s) 'tutorial_objectstorage' retrieved from /home/airflow/.local/lib/python3.12/site-packages/airflow/example_dags/tutorial_objectstorage.py
[2025-01-14T02:28:48.085+0000] {logging_mixin.py:190} INFO - [2025-01-14T02:28:48.084+0000] {dag.py:3239} INFO - Sync 1 DAGs
[2025-01-14T02:28:48.097+0000] {logging_mixin.py:190} INFO - [2025-01-14T02:28:48.097+0000] {dag.py:4180} INFO - Setting next_dagrun for tutorial_objectstorage to None, run_after=None
[2025-01-14T02:28:48.125+0000] {processor.py:208} INFO - Processing /home/airflow/.local/lib/python3.12/site-packages/airflow/example_dags/tutorial_objectstorage.py took 0.083 seconds
