[2025-01-15T01:17:21.963+0000] {processor.py:186} INFO - Started process (PID=183) to work on /opt/airflow/dags/forex_ml_pipeline.py
[2025-01-15T01:17:21.964+0000] {processor.py:914} INFO - Processing file /opt/airflow/dags/forex_ml_pipeline.py for tasks to queue
[2025-01-15T01:17:21.966+0000] {logging_mixin.py:190} INFO - [2025-01-15T01:17:21.966+0000] {dagbag.py:588} INFO - Filling up the DagBag from /opt/airflow/dags/forex_ml_pipeline.py
[2025-01-15T01:17:23.772+0000] {processor.py:925} INFO - DAG(s) 'forex_ml_pipeline' retrieved from /opt/airflow/dags/forex_ml_pipeline.py
[2025-01-15T01:17:24.083+0000] {logging_mixin.py:190} INFO - [2025-01-15T01:17:24.083+0000] {dag.py:3239} INFO - Sync 1 DAGs
[2025-01-15T01:17:24.329+0000] {logging_mixin.py:190} INFO - [2025-01-15T01:17:24.328+0000] {dag.py:4180} INFO - Setting next_dagrun for forex_ml_pipeline to 2025-01-12 12:00:00+00:00, run_after=2025-01-19 12:00:00+00:00
[2025-01-15T01:17:24.461+0000] {processor.py:208} INFO - Processing /opt/airflow/dags/forex_ml_pipeline.py took 2.502 seconds
[2025-01-15T01:17:54.976+0000] {processor.py:186} INFO - Started process (PID=200) to work on /opt/airflow/dags/forex_ml_pipeline.py
[2025-01-15T01:17:54.977+0000] {processor.py:914} INFO - Processing file /opt/airflow/dags/forex_ml_pipeline.py for tasks to queue
[2025-01-15T01:17:54.980+0000] {logging_mixin.py:190} INFO - [2025-01-15T01:17:54.980+0000] {dagbag.py:588} INFO - Filling up the DagBag from /opt/airflow/dags/forex_ml_pipeline.py
[2025-01-15T01:17:55.459+0000] {processor.py:925} INFO - DAG(s) 'forex_ml_pipeline' retrieved from /opt/airflow/dags/forex_ml_pipeline.py
[2025-01-15T01:17:55.551+0000] {logging_mixin.py:190} INFO - [2025-01-15T01:17:55.550+0000] {dag.py:3239} INFO - Sync 1 DAGs
[2025-01-15T01:17:55.568+0000] {logging_mixin.py:190} INFO - [2025-01-15T01:17:55.568+0000] {dag.py:4180} INFO - Setting next_dagrun for forex_ml_pipeline to 2025-01-12 12:00:00+00:00, run_after=2025-01-19 12:00:00+00:00
[2025-01-15T01:17:55.598+0000] {processor.py:208} INFO - Processing /opt/airflow/dags/forex_ml_pipeline.py took 0.627 seconds
[2025-01-15T01:18:49.789+0000] {processor.py:186} INFO - Started process (PID=183) to work on /opt/airflow/dags/forex_ml_pipeline.py
[2025-01-15T01:18:49.810+0000] {processor.py:914} INFO - Processing file /opt/airflow/dags/forex_ml_pipeline.py for tasks to queue
[2025-01-15T01:18:49.982+0000] {logging_mixin.py:190} INFO - [2025-01-15T01:18:49.982+0000] {dagbag.py:588} INFO - Filling up the DagBag from /opt/airflow/dags/forex_ml_pipeline.py
[2025-01-15T01:18:50.857+0000] {processor.py:925} INFO - DAG(s) 'forex_ml_pipeline' retrieved from /opt/airflow/dags/forex_ml_pipeline.py
[2025-01-15T01:18:50.928+0000] {logging_mixin.py:190} INFO - [2025-01-15T01:18:50.928+0000] {dag.py:3239} INFO - Sync 1 DAGs
[2025-01-15T01:18:50.941+0000] {logging_mixin.py:190} INFO - [2025-01-15T01:18:50.941+0000] {dag.py:4180} INFO - Setting next_dagrun for forex_ml_pipeline to 2025-01-12 12:00:00+00:00, run_after=2025-01-19 12:00:00+00:00
[2025-01-15T01:18:50.960+0000] {processor.py:208} INFO - Processing /opt/airflow/dags/forex_ml_pipeline.py took 1.176 seconds
[2025-01-15T01:19:21.157+0000] {processor.py:186} INFO - Started process (PID=195) to work on /opt/airflow/dags/forex_ml_pipeline.py
[2025-01-15T01:19:21.158+0000] {processor.py:914} INFO - Processing file /opt/airflow/dags/forex_ml_pipeline.py for tasks to queue
[2025-01-15T01:19:21.161+0000] {logging_mixin.py:190} INFO - [2025-01-15T01:19:21.161+0000] {dagbag.py:588} INFO - Filling up the DagBag from /opt/airflow/dags/forex_ml_pipeline.py
[2025-01-15T01:19:21.686+0000] {processor.py:925} INFO - DAG(s) 'forex_ml_pipeline' retrieved from /opt/airflow/dags/forex_ml_pipeline.py
[2025-01-15T01:19:21.770+0000] {logging_mixin.py:190} INFO - [2025-01-15T01:19:21.770+0000] {dag.py:3239} INFO - Sync 1 DAGs
[2025-01-15T01:19:21.787+0000] {logging_mixin.py:190} INFO - [2025-01-15T01:19:21.786+0000] {dag.py:4180} INFO - Setting next_dagrun for forex_ml_pipeline to 2025-01-12 12:00:00+00:00, run_after=2025-01-19 12:00:00+00:00
[2025-01-15T01:19:21.805+0000] {processor.py:208} INFO - Processing /opt/airflow/dags/forex_ml_pipeline.py took 0.652 seconds
[2025-01-15T01:19:51.991+0000] {processor.py:186} INFO - Started process (PID=207) to work on /opt/airflow/dags/forex_ml_pipeline.py
[2025-01-15T01:19:51.992+0000] {processor.py:914} INFO - Processing file /opt/airflow/dags/forex_ml_pipeline.py for tasks to queue
[2025-01-15T01:19:51.994+0000] {logging_mixin.py:190} INFO - [2025-01-15T01:19:51.994+0000] {dagbag.py:588} INFO - Filling up the DagBag from /opt/airflow/dags/forex_ml_pipeline.py
[2025-01-15T01:19:52.448+0000] {processor.py:925} INFO - DAG(s) 'forex_ml_pipeline' retrieved from /opt/airflow/dags/forex_ml_pipeline.py
[2025-01-15T01:19:52.542+0000] {logging_mixin.py:190} INFO - [2025-01-15T01:19:52.541+0000] {dag.py:3239} INFO - Sync 1 DAGs
[2025-01-15T01:19:52.561+0000] {logging_mixin.py:190} INFO - [2025-01-15T01:19:52.561+0000] {dag.py:4180} INFO - Setting next_dagrun for forex_ml_pipeline to 2025-01-12 12:00:00+00:00, run_after=2025-01-19 12:00:00+00:00
[2025-01-15T01:19:52.581+0000] {processor.py:208} INFO - Processing /opt/airflow/dags/forex_ml_pipeline.py took 0.595 seconds
[2025-01-15T01:20:22.758+0000] {processor.py:186} INFO - Started process (PID=225) to work on /opt/airflow/dags/forex_ml_pipeline.py
[2025-01-15T01:20:22.759+0000] {processor.py:914} INFO - Processing file /opt/airflow/dags/forex_ml_pipeline.py for tasks to queue
[2025-01-15T01:20:22.762+0000] {logging_mixin.py:190} INFO - [2025-01-15T01:20:22.761+0000] {dagbag.py:588} INFO - Filling up the DagBag from /opt/airflow/dags/forex_ml_pipeline.py
[2025-01-15T01:20:23.270+0000] {processor.py:925} INFO - DAG(s) 'forex_ml_pipeline' retrieved from /opt/airflow/dags/forex_ml_pipeline.py
[2025-01-15T01:20:23.371+0000] {logging_mixin.py:190} INFO - [2025-01-15T01:20:23.370+0000] {dag.py:3239} INFO - Sync 1 DAGs
[2025-01-15T01:20:23.387+0000] {logging_mixin.py:190} INFO - [2025-01-15T01:20:23.387+0000] {dag.py:4180} INFO - Setting next_dagrun for forex_ml_pipeline to 2025-01-12 12:00:00+00:00, run_after=2025-01-19 12:00:00+00:00
[2025-01-15T01:20:23.407+0000] {processor.py:208} INFO - Processing /opt/airflow/dags/forex_ml_pipeline.py took 0.654 seconds
[2025-01-15T01:20:53.990+0000] {processor.py:186} INFO - Started process (PID=241) to work on /opt/airflow/dags/forex_ml_pipeline.py
[2025-01-15T01:20:53.991+0000] {processor.py:914} INFO - Processing file /opt/airflow/dags/forex_ml_pipeline.py for tasks to queue
[2025-01-15T01:20:53.994+0000] {logging_mixin.py:190} INFO - [2025-01-15T01:20:53.994+0000] {dagbag.py:588} INFO - Filling up the DagBag from /opt/airflow/dags/forex_ml_pipeline.py
[2025-01-15T01:20:54.552+0000] {processor.py:925} INFO - DAG(s) 'forex_ml_pipeline' retrieved from /opt/airflow/dags/forex_ml_pipeline.py
[2025-01-15T01:20:54.571+0000] {logging_mixin.py:190} INFO - [2025-01-15T01:20:54.571+0000] {dag.py:3239} INFO - Sync 1 DAGs
[2025-01-15T01:20:54.591+0000] {logging_mixin.py:190} INFO - [2025-01-15T01:20:54.591+0000] {dag.py:4180} INFO - Setting next_dagrun for forex_ml_pipeline to 2025-01-12 12:00:00+00:00, run_after=2025-01-19 12:00:00+00:00
[2025-01-15T01:20:54.615+0000] {processor.py:208} INFO - Processing /opt/airflow/dags/forex_ml_pipeline.py took 0.630 seconds
[2025-01-15T01:21:25.190+0000] {processor.py:186} INFO - Started process (PID=253) to work on /opt/airflow/dags/forex_ml_pipeline.py
[2025-01-15T01:21:25.192+0000] {processor.py:914} INFO - Processing file /opt/airflow/dags/forex_ml_pipeline.py for tasks to queue
[2025-01-15T01:21:25.195+0000] {logging_mixin.py:190} INFO - [2025-01-15T01:21:25.195+0000] {dagbag.py:588} INFO - Filling up the DagBag from /opt/airflow/dags/forex_ml_pipeline.py
[2025-01-15T01:21:25.851+0000] {processor.py:925} INFO - DAG(s) 'forex_ml_pipeline' retrieved from /opt/airflow/dags/forex_ml_pipeline.py
[2025-01-15T01:21:25.961+0000] {logging_mixin.py:190} INFO - [2025-01-15T01:21:25.961+0000] {dag.py:3239} INFO - Sync 1 DAGs
[2025-01-15T01:21:25.986+0000] {logging_mixin.py:190} INFO - [2025-01-15T01:21:25.985+0000] {dag.py:4180} INFO - Setting next_dagrun for forex_ml_pipeline to 2025-01-12 12:00:00+00:00, run_after=2025-01-19 12:00:00+00:00
[2025-01-15T01:21:26.012+0000] {processor.py:208} INFO - Processing /opt/airflow/dags/forex_ml_pipeline.py took 0.827 seconds
[2025-01-15T01:21:56.370+0000] {processor.py:186} INFO - Started process (PID=266) to work on /opt/airflow/dags/forex_ml_pipeline.py
[2025-01-15T01:21:56.371+0000] {processor.py:914} INFO - Processing file /opt/airflow/dags/forex_ml_pipeline.py for tasks to queue
[2025-01-15T01:21:56.374+0000] {logging_mixin.py:190} INFO - [2025-01-15T01:21:56.373+0000] {dagbag.py:588} INFO - Filling up the DagBag from /opt/airflow/dags/forex_ml_pipeline.py
[2025-01-15T01:21:56.883+0000] {processor.py:925} INFO - DAG(s) 'forex_ml_pipeline' retrieved from /opt/airflow/dags/forex_ml_pipeline.py
[2025-01-15T01:21:56.900+0000] {logging_mixin.py:190} INFO - [2025-01-15T01:21:56.900+0000] {dag.py:3239} INFO - Sync 1 DAGs
[2025-01-15T01:21:56.917+0000] {logging_mixin.py:190} INFO - [2025-01-15T01:21:56.917+0000] {dag.py:4180} INFO - Setting next_dagrun for forex_ml_pipeline to 2025-01-12 12:00:00+00:00, run_after=2025-01-19 12:00:00+00:00
[2025-01-15T01:21:56.937+0000] {processor.py:208} INFO - Processing /opt/airflow/dags/forex_ml_pipeline.py took 0.573 seconds
[2025-01-15T01:22:27.520+0000] {processor.py:186} INFO - Started process (PID=278) to work on /opt/airflow/dags/forex_ml_pipeline.py
[2025-01-15T01:22:27.521+0000] {processor.py:914} INFO - Processing file /opt/airflow/dags/forex_ml_pipeline.py for tasks to queue
[2025-01-15T01:22:27.524+0000] {logging_mixin.py:190} INFO - [2025-01-15T01:22:27.524+0000] {dagbag.py:588} INFO - Filling up the DagBag from /opt/airflow/dags/forex_ml_pipeline.py
[2025-01-15T01:22:28.038+0000] {processor.py:925} INFO - DAG(s) 'forex_ml_pipeline' retrieved from /opt/airflow/dags/forex_ml_pipeline.py
[2025-01-15T01:22:28.057+0000] {logging_mixin.py:190} INFO - [2025-01-15T01:22:28.057+0000] {dag.py:3239} INFO - Sync 1 DAGs
[2025-01-15T01:22:28.078+0000] {logging_mixin.py:190} INFO - [2025-01-15T01:22:28.078+0000] {dag.py:4180} INFO - Setting next_dagrun for forex_ml_pipeline to 2025-01-12 12:00:00+00:00, run_after=2025-01-19 12:00:00+00:00
[2025-01-15T01:22:28.100+0000] {processor.py:208} INFO - Processing /opt/airflow/dags/forex_ml_pipeline.py took 0.585 seconds
[2025-01-15T01:22:58.384+0000] {processor.py:186} INFO - Started process (PID=290) to work on /opt/airflow/dags/forex_ml_pipeline.py
[2025-01-15T01:22:58.385+0000] {processor.py:914} INFO - Processing file /opt/airflow/dags/forex_ml_pipeline.py for tasks to queue
[2025-01-15T01:22:58.388+0000] {logging_mixin.py:190} INFO - [2025-01-15T01:22:58.388+0000] {dagbag.py:588} INFO - Filling up the DagBag from /opt/airflow/dags/forex_ml_pipeline.py
[2025-01-15T01:22:58.951+0000] {processor.py:925} INFO - DAG(s) 'forex_ml_pipeline' retrieved from /opt/airflow/dags/forex_ml_pipeline.py
[2025-01-15T01:22:59.053+0000] {logging_mixin.py:190} INFO - [2025-01-15T01:22:59.052+0000] {dag.py:3239} INFO - Sync 1 DAGs
[2025-01-15T01:22:59.074+0000] {logging_mixin.py:190} INFO - [2025-01-15T01:22:59.074+0000] {dag.py:4180} INFO - Setting next_dagrun for forex_ml_pipeline to 2025-01-12 12:00:00+00:00, run_after=2025-01-19 12:00:00+00:00
[2025-01-15T01:22:59.102+0000] {processor.py:208} INFO - Processing /opt/airflow/dags/forex_ml_pipeline.py took 0.723 seconds
[2025-01-15T01:23:29.887+0000] {processor.py:186} INFO - Started process (PID=306) to work on /opt/airflow/dags/forex_ml_pipeline.py
[2025-01-15T01:23:29.889+0000] {processor.py:914} INFO - Processing file /opt/airflow/dags/forex_ml_pipeline.py for tasks to queue
[2025-01-15T01:23:29.891+0000] {logging_mixin.py:190} INFO - [2025-01-15T01:23:29.891+0000] {dagbag.py:588} INFO - Filling up the DagBag from /opt/airflow/dags/forex_ml_pipeline.py
[2025-01-15T01:23:30.361+0000] {processor.py:925} INFO - DAG(s) 'forex_ml_pipeline' retrieved from /opt/airflow/dags/forex_ml_pipeline.py
[2025-01-15T01:23:30.377+0000] {logging_mixin.py:190} INFO - [2025-01-15T01:23:30.377+0000] {dag.py:3239} INFO - Sync 1 DAGs
[2025-01-15T01:23:30.395+0000] {logging_mixin.py:190} INFO - [2025-01-15T01:23:30.395+0000] {dag.py:4180} INFO - Setting next_dagrun for forex_ml_pipeline to 2025-01-12 12:00:00+00:00, run_after=2025-01-19 12:00:00+00:00
[2025-01-15T01:23:30.415+0000] {processor.py:208} INFO - Processing /opt/airflow/dags/forex_ml_pipeline.py took 0.533 seconds
[2025-01-15T01:23:47.530+0000] {processor.py:186} INFO - Started process (PID=318) to work on /opt/airflow/dags/forex_ml_pipeline.py
[2025-01-15T01:23:47.531+0000] {processor.py:914} INFO - Processing file /opt/airflow/dags/forex_ml_pipeline.py for tasks to queue
[2025-01-15T01:23:47.533+0000] {logging_mixin.py:190} INFO - [2025-01-15T01:23:47.533+0000] {dagbag.py:588} INFO - Filling up the DagBag from /opt/airflow/dags/forex_ml_pipeline.py
[2025-01-15T01:23:48.012+0000] {processor.py:925} INFO - DAG(s) 'forex_ml_pipeline' retrieved from /opt/airflow/dags/forex_ml_pipeline.py
[2025-01-15T01:23:48.103+0000] {logging_mixin.py:190} INFO - [2025-01-15T01:23:48.103+0000] {dag.py:3239} INFO - Sync 1 DAGs
[2025-01-15T01:23:48.118+0000] {logging_mixin.py:190} INFO - [2025-01-15T01:23:48.118+0000] {dag.py:4180} INFO - Setting next_dagrun for forex_ml_pipeline to 2025-01-12 12:00:00+00:00, run_after=2025-01-19 12:00:00+00:00
[2025-01-15T01:23:48.152+0000] {processor.py:208} INFO - Processing /opt/airflow/dags/forex_ml_pipeline.py took 0.627 seconds
[2025-01-15T01:24:16.006+0000] {processor.py:186} INFO - Started process (PID=334) to work on /opt/airflow/dags/forex_ml_pipeline.py
[2025-01-15T01:24:16.007+0000] {processor.py:914} INFO - Processing file /opt/airflow/dags/forex_ml_pipeline.py for tasks to queue
[2025-01-15T01:24:16.010+0000] {logging_mixin.py:190} INFO - [2025-01-15T01:24:16.010+0000] {dagbag.py:588} INFO - Filling up the DagBag from /opt/airflow/dags/forex_ml_pipeline.py
[2025-01-15T01:24:16.047+0000] {logging_mixin.py:190} INFO - [2025-01-15T01:24:16.045+0000] {dagbag.py:387} ERROR - Failed to import: /opt/airflow/dags/forex_ml_pipeline.py
Traceback (most recent call last):
  File "/home/airflow/.local/lib/python3.12/site-packages/airflow/models/dagbag.py", line 383, in parse
    loader.exec_module(new_module)
  File "<frozen importlib._bootstrap_external>", line 995, in exec_module
  File "<frozen importlib._bootstrap_external>", line 1133, in get_code
  File "<frozen importlib._bootstrap_external>", line 1063, in source_to_code
  File "<frozen importlib._bootstrap>", line 488, in _call_with_frames_removed
  File "/opt/airflow/dags/forex_ml_pipeline.py", line 32
    print(env])
             ^
SyntaxError: closing parenthesis ']' does not match opening parenthesis '('
[2025-01-15T01:24:16.048+0000] {processor.py:927} WARNING - No viable dags retrieved from /opt/airflow/dags/forex_ml_pipeline.py
[2025-01-15T01:24:16.070+0000] {processor.py:208} INFO - Processing /opt/airflow/dags/forex_ml_pipeline.py took 0.071 seconds
[2025-01-15T01:24:16.105+0000] {processor.py:186} INFO - Started process (PID=339) to work on /opt/airflow/dags/forex_ml_pipeline.py
[2025-01-15T01:24:16.106+0000] {processor.py:914} INFO - Processing file /opt/airflow/dags/forex_ml_pipeline.py for tasks to queue
[2025-01-15T01:24:16.109+0000] {logging_mixin.py:190} INFO - [2025-01-15T01:24:16.108+0000] {dagbag.py:588} INFO - Filling up the DagBag from /opt/airflow/dags/forex_ml_pipeline.py
[2025-01-15T01:24:16.609+0000] {logging_mixin.py:190} INFO - /opt/airflow
[2025-01-15T01:24:16.614+0000] {processor.py:925} INFO - DAG(s) 'forex_ml_pipeline' retrieved from /opt/airflow/dags/forex_ml_pipeline.py
[2025-01-15T01:24:16.623+0000] {logging_mixin.py:190} INFO - [2025-01-15T01:24:16.623+0000] {dag.py:3239} INFO - Sync 1 DAGs
[2025-01-15T01:24:16.641+0000] {logging_mixin.py:190} INFO - [2025-01-15T01:24:16.641+0000] {dag.py:4180} INFO - Setting next_dagrun for forex_ml_pipeline to 2025-01-12 12:00:00+00:00, run_after=2025-01-19 12:00:00+00:00
[2025-01-15T01:24:16.679+0000] {processor.py:208} INFO - Processing /opt/airflow/dags/forex_ml_pipeline.py took 0.579 seconds
[2025-01-15T01:24:16.728+0000] {processor.py:186} INFO - Started process (PID=345) to work on /opt/airflow/dags/forex_ml_pipeline.py
[2025-01-15T01:24:16.729+0000] {processor.py:914} INFO - Processing file /opt/airflow/dags/forex_ml_pipeline.py for tasks to queue
[2025-01-15T01:24:16.732+0000] {logging_mixin.py:190} INFO - [2025-01-15T01:24:16.731+0000] {dagbag.py:588} INFO - Filling up the DagBag from /opt/airflow/dags/forex_ml_pipeline.py
[2025-01-15T01:24:17.174+0000] {logging_mixin.py:190} INFO - /opt/airflow
[2025-01-15T01:24:17.180+0000] {processor.py:925} INFO - DAG(s) 'forex_ml_pipeline' retrieved from /opt/airflow/dags/forex_ml_pipeline.py
[2025-01-15T01:24:17.190+0000] {logging_mixin.py:190} INFO - [2025-01-15T01:24:17.189+0000] {dag.py:3239} INFO - Sync 1 DAGs
[2025-01-15T01:24:17.206+0000] {logging_mixin.py:190} INFO - [2025-01-15T01:24:17.206+0000] {dag.py:4180} INFO - Setting next_dagrun for forex_ml_pipeline to 2025-01-12 12:00:00+00:00, run_after=2025-01-19 12:00:00+00:00
[2025-01-15T01:24:17.230+0000] {processor.py:208} INFO - Processing /opt/airflow/dags/forex_ml_pipeline.py took 0.507 seconds
[2025-01-15T01:24:47.807+0000] {processor.py:186} INFO - Started process (PID=362) to work on /opt/airflow/dags/forex_ml_pipeline.py
[2025-01-15T01:24:47.809+0000] {processor.py:914} INFO - Processing file /opt/airflow/dags/forex_ml_pipeline.py for tasks to queue
[2025-01-15T01:24:47.812+0000] {logging_mixin.py:190} INFO - [2025-01-15T01:24:47.812+0000] {dagbag.py:588} INFO - Filling up the DagBag from /opt/airflow/dags/forex_ml_pipeline.py
[2025-01-15T01:24:48.371+0000] {logging_mixin.py:190} INFO - /opt/airflow
[2025-01-15T01:24:48.377+0000] {processor.py:925} INFO - DAG(s) 'forex_ml_pipeline' retrieved from /opt/airflow/dags/forex_ml_pipeline.py
[2025-01-15T01:24:48.397+0000] {logging_mixin.py:190} INFO - [2025-01-15T01:24:48.397+0000] {dag.py:3239} INFO - Sync 1 DAGs
[2025-01-15T01:24:48.414+0000] {logging_mixin.py:190} INFO - [2025-01-15T01:24:48.414+0000] {dag.py:4180} INFO - Setting next_dagrun for forex_ml_pipeline to 2025-01-12 12:00:00+00:00, run_after=2025-01-19 12:00:00+00:00
[2025-01-15T01:24:48.434+0000] {processor.py:208} INFO - Processing /opt/airflow/dags/forex_ml_pipeline.py took 0.632 seconds
[2025-01-15T01:25:18.556+0000] {processor.py:186} INFO - Started process (PID=378) to work on /opt/airflow/dags/forex_ml_pipeline.py
[2025-01-15T01:25:18.558+0000] {processor.py:914} INFO - Processing file /opt/airflow/dags/forex_ml_pipeline.py for tasks to queue
[2025-01-15T01:25:18.562+0000] {logging_mixin.py:190} INFO - [2025-01-15T01:25:18.562+0000] {dagbag.py:588} INFO - Filling up the DagBag from /opt/airflow/dags/forex_ml_pipeline.py
[2025-01-15T01:25:19.082+0000] {logging_mixin.py:190} INFO - /opt/airflow
[2025-01-15T01:25:19.088+0000] {processor.py:925} INFO - DAG(s) 'forex_ml_pipeline' retrieved from /opt/airflow/dags/forex_ml_pipeline.py
[2025-01-15T01:25:19.186+0000] {logging_mixin.py:190} INFO - [2025-01-15T01:25:19.185+0000] {dag.py:3239} INFO - Sync 1 DAGs
[2025-01-15T01:25:19.202+0000] {logging_mixin.py:190} INFO - [2025-01-15T01:25:19.202+0000] {dag.py:4180} INFO - Setting next_dagrun for forex_ml_pipeline to 2025-01-12 12:00:00+00:00, run_after=2025-01-19 12:00:00+00:00
[2025-01-15T01:25:19.222+0000] {processor.py:208} INFO - Processing /opt/airflow/dags/forex_ml_pipeline.py took 0.674 seconds
[2025-01-15T01:25:49.992+0000] {processor.py:186} INFO - Started process (PID=390) to work on /opt/airflow/dags/forex_ml_pipeline.py
[2025-01-15T01:25:49.993+0000] {processor.py:914} INFO - Processing file /opt/airflow/dags/forex_ml_pipeline.py for tasks to queue
[2025-01-15T01:25:49.996+0000] {logging_mixin.py:190} INFO - [2025-01-15T01:25:49.996+0000] {dagbag.py:588} INFO - Filling up the DagBag from /opt/airflow/dags/forex_ml_pipeline.py
[2025-01-15T01:25:50.431+0000] {logging_mixin.py:190} INFO - /opt/airflow
[2025-01-15T01:25:50.436+0000] {processor.py:925} INFO - DAG(s) 'forex_ml_pipeline' retrieved from /opt/airflow/dags/forex_ml_pipeline.py
[2025-01-15T01:25:50.452+0000] {logging_mixin.py:190} INFO - [2025-01-15T01:25:50.452+0000] {dag.py:3239} INFO - Sync 1 DAGs
[2025-01-15T01:25:50.467+0000] {logging_mixin.py:190} INFO - [2025-01-15T01:25:50.467+0000] {dag.py:4180} INFO - Setting next_dagrun for forex_ml_pipeline to 2025-01-12 12:00:00+00:00, run_after=2025-01-19 12:00:00+00:00
[2025-01-15T01:25:50.490+0000] {processor.py:208} INFO - Processing /opt/airflow/dags/forex_ml_pipeline.py took 0.504 seconds
[2025-01-15T01:26:20.601+0000] {processor.py:186} INFO - Started process (PID=402) to work on /opt/airflow/dags/forex_ml_pipeline.py
[2025-01-15T01:26:20.602+0000] {processor.py:914} INFO - Processing file /opt/airflow/dags/forex_ml_pipeline.py for tasks to queue
[2025-01-15T01:26:20.607+0000] {logging_mixin.py:190} INFO - [2025-01-15T01:26:20.606+0000] {dagbag.py:588} INFO - Filling up the DagBag from /opt/airflow/dags/forex_ml_pipeline.py
[2025-01-15T01:26:21.102+0000] {logging_mixin.py:190} INFO - /opt/airflow
[2025-01-15T01:26:21.109+0000] {processor.py:925} INFO - DAG(s) 'forex_ml_pipeline' retrieved from /opt/airflow/dags/forex_ml_pipeline.py
[2025-01-15T01:26:21.131+0000] {logging_mixin.py:190} INFO - [2025-01-15T01:26:21.130+0000] {dag.py:3239} INFO - Sync 1 DAGs
[2025-01-15T01:26:21.153+0000] {logging_mixin.py:190} INFO - [2025-01-15T01:26:21.153+0000] {dag.py:4180} INFO - Setting next_dagrun for forex_ml_pipeline to 2025-01-12 12:00:00+00:00, run_after=2025-01-19 12:00:00+00:00
[2025-01-15T01:26:21.172+0000] {processor.py:208} INFO - Processing /opt/airflow/dags/forex_ml_pipeline.py took 0.575 seconds
[2025-01-15T01:26:28.321+0000] {processor.py:186} INFO - Started process (PID=414) to work on /opt/airflow/dags/forex_ml_pipeline.py
[2025-01-15T01:26:28.322+0000] {processor.py:914} INFO - Processing file /opt/airflow/dags/forex_ml_pipeline.py for tasks to queue
[2025-01-15T01:26:28.327+0000] {logging_mixin.py:190} INFO - [2025-01-15T01:26:28.326+0000] {dagbag.py:588} INFO - Filling up the DagBag from /opt/airflow/dags/forex_ml_pipeline.py
[2025-01-15T01:26:28.939+0000] {processor.py:925} INFO - DAG(s) 'forex_ml_pipeline' retrieved from /opt/airflow/dags/forex_ml_pipeline.py
[2025-01-15T01:26:28.957+0000] {logging_mixin.py:190} INFO - [2025-01-15T01:26:28.957+0000] {dag.py:3239} INFO - Sync 1 DAGs
[2025-01-15T01:26:28.976+0000] {logging_mixin.py:190} INFO - [2025-01-15T01:26:28.975+0000] {dag.py:4180} INFO - Setting next_dagrun for forex_ml_pipeline to 2025-01-12 12:00:00+00:00, run_after=2025-01-19 12:00:00+00:00
[2025-01-15T01:26:29.001+0000] {processor.py:208} INFO - Processing /opt/airflow/dags/forex_ml_pipeline.py took 0.687 seconds
[2025-01-15T01:26:49.294+0000] {processor.py:186} INFO - Started process (PID=420) to work on /opt/airflow/dags/forex_ml_pipeline.py
[2025-01-15T01:26:49.295+0000] {processor.py:914} INFO - Processing file /opt/airflow/dags/forex_ml_pipeline.py for tasks to queue
[2025-01-15T01:26:49.298+0000] {logging_mixin.py:190} INFO - [2025-01-15T01:26:49.298+0000] {dagbag.py:588} INFO - Filling up the DagBag from /opt/airflow/dags/forex_ml_pipeline.py
[2025-01-15T01:26:49.910+0000] {processor.py:925} INFO - DAG(s) 'forex_ml_pipeline' retrieved from /opt/airflow/dags/forex_ml_pipeline.py
[2025-01-15T01:26:49.929+0000] {logging_mixin.py:190} INFO - [2025-01-15T01:26:49.929+0000] {dag.py:3239} INFO - Sync 1 DAGs
[2025-01-15T01:26:49.950+0000] {logging_mixin.py:190} INFO - [2025-01-15T01:26:49.950+0000] {dag.py:4180} INFO - Setting next_dagrun for forex_ml_pipeline to 2025-01-12 12:00:00+00:00, run_after=2025-01-19 12:00:00+00:00
[2025-01-15T01:26:49.977+0000] {processor.py:208} INFO - Processing /opt/airflow/dags/forex_ml_pipeline.py took 0.689 seconds
[2025-01-15T01:27:20.885+0000] {processor.py:186} INFO - Started process (PID=436) to work on /opt/airflow/dags/forex_ml_pipeline.py
[2025-01-15T01:27:20.887+0000] {processor.py:914} INFO - Processing file /opt/airflow/dags/forex_ml_pipeline.py for tasks to queue
[2025-01-15T01:27:20.889+0000] {logging_mixin.py:190} INFO - [2025-01-15T01:27:20.889+0000] {dagbag.py:588} INFO - Filling up the DagBag from /opt/airflow/dags/forex_ml_pipeline.py
[2025-01-15T01:27:21.340+0000] {processor.py:925} INFO - DAG(s) 'forex_ml_pipeline' retrieved from /opt/airflow/dags/forex_ml_pipeline.py
[2025-01-15T01:27:21.359+0000] {logging_mixin.py:190} INFO - [2025-01-15T01:27:21.359+0000] {dag.py:3239} INFO - Sync 1 DAGs
[2025-01-15T01:27:21.380+0000] {logging_mixin.py:190} INFO - [2025-01-15T01:27:21.380+0000] {dag.py:4180} INFO - Setting next_dagrun for forex_ml_pipeline to 2025-01-12 12:00:00+00:00, run_after=2025-01-19 12:00:00+00:00
[2025-01-15T01:27:21.401+0000] {processor.py:208} INFO - Processing /opt/airflow/dags/forex_ml_pipeline.py took 0.521 seconds
[2025-01-15T01:27:51.996+0000] {processor.py:186} INFO - Started process (PID=448) to work on /opt/airflow/dags/forex_ml_pipeline.py
[2025-01-15T01:27:51.997+0000] {processor.py:914} INFO - Processing file /opt/airflow/dags/forex_ml_pipeline.py for tasks to queue
[2025-01-15T01:27:52.000+0000] {logging_mixin.py:190} INFO - [2025-01-15T01:27:51.999+0000] {dagbag.py:588} INFO - Filling up the DagBag from /opt/airflow/dags/forex_ml_pipeline.py
[2025-01-15T01:27:52.414+0000] {processor.py:925} INFO - DAG(s) 'forex_ml_pipeline' retrieved from /opt/airflow/dags/forex_ml_pipeline.py
[2025-01-15T01:27:52.434+0000] {logging_mixin.py:190} INFO - [2025-01-15T01:27:52.434+0000] {dag.py:3239} INFO - Sync 1 DAGs
[2025-01-15T01:27:52.451+0000] {logging_mixin.py:190} INFO - [2025-01-15T01:27:52.451+0000] {dag.py:4180} INFO - Setting next_dagrun for forex_ml_pipeline to 2025-01-12 12:00:00+00:00, run_after=2025-01-19 12:00:00+00:00
[2025-01-15T01:27:52.471+0000] {processor.py:208} INFO - Processing /opt/airflow/dags/forex_ml_pipeline.py took 0.481 seconds
[2025-01-15T01:27:59.652+0000] {processor.py:186} INFO - Started process (PID=460) to work on /opt/airflow/dags/forex_ml_pipeline.py
[2025-01-15T01:27:59.654+0000] {processor.py:914} INFO - Processing file /opt/airflow/dags/forex_ml_pipeline.py for tasks to queue
[2025-01-15T01:27:59.656+0000] {logging_mixin.py:190} INFO - [2025-01-15T01:27:59.656+0000] {dagbag.py:588} INFO - Filling up the DagBag from /opt/airflow/dags/forex_ml_pipeline.py
[2025-01-15T01:28:00.084+0000] {processor.py:925} INFO - DAG(s) 'forex_ml_pipeline' retrieved from /opt/airflow/dags/forex_ml_pipeline.py
[2025-01-15T01:28:00.217+0000] {logging_mixin.py:190} INFO - [2025-01-15T01:28:00.217+0000] {dag.py:3239} INFO - Sync 1 DAGs
[2025-01-15T01:28:00.241+0000] {logging_mixin.py:190} INFO - [2025-01-15T01:28:00.241+0000] {dag.py:4180} INFO - Setting next_dagrun for forex_ml_pipeline to 2025-01-12 12:00:00+00:00, run_after=2025-01-19 12:00:00+00:00
[2025-01-15T01:28:00.274+0000] {processor.py:208} INFO - Processing /opt/airflow/dags/forex_ml_pipeline.py took 0.629 seconds
[2025-01-15T01:28:30.463+0000] {processor.py:186} INFO - Started process (PID=476) to work on /opt/airflow/dags/forex_ml_pipeline.py
[2025-01-15T01:28:30.464+0000] {processor.py:914} INFO - Processing file /opt/airflow/dags/forex_ml_pipeline.py for tasks to queue
[2025-01-15T01:28:30.467+0000] {logging_mixin.py:190} INFO - [2025-01-15T01:28:30.467+0000] {dagbag.py:588} INFO - Filling up the DagBag from /opt/airflow/dags/forex_ml_pipeline.py
[2025-01-15T01:28:30.929+0000] {processor.py:925} INFO - DAG(s) 'forex_ml_pipeline' retrieved from /opt/airflow/dags/forex_ml_pipeline.py
[2025-01-15T01:28:30.950+0000] {logging_mixin.py:190} INFO - [2025-01-15T01:28:30.950+0000] {dag.py:3239} INFO - Sync 1 DAGs
[2025-01-15T01:28:30.970+0000] {logging_mixin.py:190} INFO - [2025-01-15T01:28:30.970+0000] {dag.py:4180} INFO - Setting next_dagrun for forex_ml_pipeline to 2025-01-12 12:00:00+00:00, run_after=2025-01-19 12:00:00+00:00
[2025-01-15T01:28:30.992+0000] {processor.py:208} INFO - Processing /opt/airflow/dags/forex_ml_pipeline.py took 0.535 seconds
[2025-01-15T01:28:48.521+0000] {processor.py:186} INFO - Started process (PID=482) to work on /opt/airflow/dags/forex_ml_pipeline.py
[2025-01-15T01:28:48.523+0000] {processor.py:914} INFO - Processing file /opt/airflow/dags/forex_ml_pipeline.py for tasks to queue
[2025-01-15T01:28:48.526+0000] {logging_mixin.py:190} INFO - [2025-01-15T01:28:48.526+0000] {dagbag.py:588} INFO - Filling up the DagBag from /opt/airflow/dags/forex_ml_pipeline.py
[2025-01-15T01:28:48.994+0000] {processor.py:925} INFO - DAG(s) 'forex_ml_pipeline' retrieved from /opt/airflow/dags/forex_ml_pipeline.py
[2025-01-15T01:28:49.014+0000] {logging_mixin.py:190} INFO - [2025-01-15T01:28:49.014+0000] {dag.py:3239} INFO - Sync 1 DAGs
[2025-01-15T01:28:49.034+0000] {logging_mixin.py:190} INFO - [2025-01-15T01:28:49.034+0000] {dag.py:4180} INFO - Setting next_dagrun for forex_ml_pipeline to 2025-01-12 12:00:00+00:00, run_after=2025-01-19 12:00:00+00:00
[2025-01-15T01:28:49.063+0000] {processor.py:208} INFO - Processing /opt/airflow/dags/forex_ml_pipeline.py took 0.548 seconds
[2025-01-15T01:29:01.540+0000] {processor.py:186} INFO - Started process (PID=494) to work on /opt/airflow/dags/forex_ml_pipeline.py
[2025-01-15T01:29:01.541+0000] {processor.py:914} INFO - Processing file /opt/airflow/dags/forex_ml_pipeline.py for tasks to queue
[2025-01-15T01:29:01.544+0000] {logging_mixin.py:190} INFO - [2025-01-15T01:29:01.543+0000] {dagbag.py:588} INFO - Filling up the DagBag from /opt/airflow/dags/forex_ml_pipeline.py
[2025-01-15T01:29:02.042+0000] {processor.py:925} INFO - DAG(s) 'forex_ml_pipeline' retrieved from /opt/airflow/dags/forex_ml_pipeline.py
[2025-01-15T01:29:02.062+0000] {logging_mixin.py:190} INFO - [2025-01-15T01:29:02.061+0000] {dag.py:3239} INFO - Sync 1 DAGs
[2025-01-15T01:29:02.082+0000] {logging_mixin.py:190} INFO - [2025-01-15T01:29:02.081+0000] {dag.py:4180} INFO - Setting next_dagrun for forex_ml_pipeline to 2025-01-12 12:00:00+00:00, run_after=2025-01-19 12:00:00+00:00
[2025-01-15T01:29:02.108+0000] {processor.py:208} INFO - Processing /opt/airflow/dags/forex_ml_pipeline.py took 0.573 seconds
[2025-01-15T01:29:02.175+0000] {processor.py:186} INFO - Started process (PID=500) to work on /opt/airflow/dags/forex_ml_pipeline.py
[2025-01-15T01:29:02.176+0000] {processor.py:914} INFO - Processing file /opt/airflow/dags/forex_ml_pipeline.py for tasks to queue
[2025-01-15T01:29:02.179+0000] {logging_mixin.py:190} INFO - [2025-01-15T01:29:02.179+0000] {dagbag.py:588} INFO - Filling up the DagBag from /opt/airflow/dags/forex_ml_pipeline.py
[2025-01-15T01:29:02.789+0000] {processor.py:925} INFO - DAG(s) 'forex_ml_pipeline' retrieved from /opt/airflow/dags/forex_ml_pipeline.py
[2025-01-15T01:29:02.818+0000] {logging_mixin.py:190} INFO - [2025-01-15T01:29:02.817+0000] {dag.py:3239} INFO - Sync 1 DAGs
[2025-01-15T01:29:02.838+0000] {logging_mixin.py:190} INFO - [2025-01-15T01:29:02.838+0000] {dag.py:4180} INFO - Setting next_dagrun for forex_ml_pipeline to 2025-01-12 12:00:00+00:00, run_after=2025-01-19 12:00:00+00:00
[2025-01-15T01:29:02.860+0000] {processor.py:208} INFO - Processing /opt/airflow/dags/forex_ml_pipeline.py took 0.691 seconds
[2025-01-15T01:29:18.408+0000] {processor.py:186} INFO - Started process (PID=512) to work on /opt/airflow/dags/forex_ml_pipeline.py
[2025-01-15T01:29:18.409+0000] {processor.py:914} INFO - Processing file /opt/airflow/dags/forex_ml_pipeline.py for tasks to queue
[2025-01-15T01:29:18.411+0000] {logging_mixin.py:190} INFO - [2025-01-15T01:29:18.411+0000] {dagbag.py:588} INFO - Filling up the DagBag from /opt/airflow/dags/forex_ml_pipeline.py
[2025-01-15T01:29:18.882+0000] {processor.py:925} INFO - DAG(s) 'forex_ml_pipeline' retrieved from /opt/airflow/dags/forex_ml_pipeline.py
[2025-01-15T01:29:18.967+0000] {logging_mixin.py:190} INFO - [2025-01-15T01:29:18.967+0000] {dag.py:3239} INFO - Sync 1 DAGs
[2025-01-15T01:29:18.983+0000] {logging_mixin.py:190} INFO - [2025-01-15T01:29:18.982+0000] {dag.py:4180} INFO - Setting next_dagrun for forex_ml_pipeline to 2025-01-12 12:00:00+00:00, run_after=2025-01-19 12:00:00+00:00
[2025-01-15T01:29:19.013+0000] {processor.py:208} INFO - Processing /opt/airflow/dags/forex_ml_pipeline.py took 0.611 seconds
[2025-01-15T01:29:49.737+0000] {processor.py:186} INFO - Started process (PID=528) to work on /opt/airflow/dags/forex_ml_pipeline.py
[2025-01-15T01:29:49.738+0000] {processor.py:914} INFO - Processing file /opt/airflow/dags/forex_ml_pipeline.py for tasks to queue
[2025-01-15T01:29:49.740+0000] {logging_mixin.py:190} INFO - [2025-01-15T01:29:49.740+0000] {dagbag.py:588} INFO - Filling up the DagBag from /opt/airflow/dags/forex_ml_pipeline.py
[2025-01-15T01:29:50.264+0000] {processor.py:925} INFO - DAG(s) 'forex_ml_pipeline' retrieved from /opt/airflow/dags/forex_ml_pipeline.py
[2025-01-15T01:29:50.284+0000] {logging_mixin.py:190} INFO - [2025-01-15T01:29:50.284+0000] {dag.py:3239} INFO - Sync 1 DAGs
[2025-01-15T01:29:50.302+0000] {logging_mixin.py:190} INFO - [2025-01-15T01:29:50.301+0000] {dag.py:4180} INFO - Setting next_dagrun for forex_ml_pipeline to 2025-01-12 12:00:00+00:00, run_after=2025-01-19 12:00:00+00:00
[2025-01-15T01:29:50.331+0000] {processor.py:208} INFO - Processing /opt/airflow/dags/forex_ml_pipeline.py took 0.600 seconds
[2025-01-15T01:30:20.742+0000] {processor.py:186} INFO - Started process (PID=540) to work on /opt/airflow/dags/forex_ml_pipeline.py
[2025-01-15T01:30:20.743+0000] {processor.py:914} INFO - Processing file /opt/airflow/dags/forex_ml_pipeline.py for tasks to queue
[2025-01-15T01:30:20.746+0000] {logging_mixin.py:190} INFO - [2025-01-15T01:30:20.745+0000] {dagbag.py:588} INFO - Filling up the DagBag from /opt/airflow/dags/forex_ml_pipeline.py
[2025-01-15T01:30:21.127+0000] {processor.py:925} INFO - DAG(s) 'forex_ml_pipeline' retrieved from /opt/airflow/dags/forex_ml_pipeline.py
[2025-01-15T01:30:21.207+0000] {logging_mixin.py:190} INFO - [2025-01-15T01:30:21.207+0000] {dag.py:3239} INFO - Sync 1 DAGs
[2025-01-15T01:30:21.223+0000] {logging_mixin.py:190} INFO - [2025-01-15T01:30:21.222+0000] {dag.py:4180} INFO - Setting next_dagrun for forex_ml_pipeline to 2025-01-12 12:00:00+00:00, run_after=2025-01-19 12:00:00+00:00
[2025-01-15T01:30:21.253+0000] {processor.py:208} INFO - Processing /opt/airflow/dags/forex_ml_pipeline.py took 0.521 seconds
[2025-01-15T01:30:51.532+0000] {processor.py:186} INFO - Started process (PID=552) to work on /opt/airflow/dags/forex_ml_pipeline.py
[2025-01-15T01:30:51.534+0000] {processor.py:914} INFO - Processing file /opt/airflow/dags/forex_ml_pipeline.py for tasks to queue
[2025-01-15T01:30:51.537+0000] {logging_mixin.py:190} INFO - [2025-01-15T01:30:51.537+0000] {dagbag.py:588} INFO - Filling up the DagBag from /opt/airflow/dags/forex_ml_pipeline.py
[2025-01-15T01:30:52.002+0000] {processor.py:925} INFO - DAG(s) 'forex_ml_pipeline' retrieved from /opt/airflow/dags/forex_ml_pipeline.py
[2025-01-15T01:30:52.018+0000] {logging_mixin.py:190} INFO - [2025-01-15T01:30:52.018+0000] {dag.py:3239} INFO - Sync 1 DAGs
[2025-01-15T01:30:52.035+0000] {logging_mixin.py:190} INFO - [2025-01-15T01:30:52.035+0000] {dag.py:4180} INFO - Setting next_dagrun for forex_ml_pipeline to 2025-01-12 12:00:00+00:00, run_after=2025-01-19 12:00:00+00:00
[2025-01-15T01:30:52.060+0000] {processor.py:208} INFO - Processing /opt/airflow/dags/forex_ml_pipeline.py took 0.536 seconds
[2025-01-15T01:31:12.488+0000] {processor.py:186} INFO - Started process (PID=564) to work on /opt/airflow/dags/forex_ml_pipeline.py
[2025-01-15T01:31:12.489+0000] {processor.py:914} INFO - Processing file /opt/airflow/dags/forex_ml_pipeline.py for tasks to queue
[2025-01-15T01:31:12.492+0000] {logging_mixin.py:190} INFO - [2025-01-15T01:31:12.491+0000] {dagbag.py:588} INFO - Filling up the DagBag from /opt/airflow/dags/forex_ml_pipeline.py
[2025-01-15T01:31:12.536+0000] {logging_mixin.py:190} INFO - [2025-01-15T01:31:12.530+0000] {dagbag.py:387} ERROR - Failed to import: /opt/airflow/dags/forex_ml_pipeline.py
Traceback (most recent call last):
  File "/home/airflow/.local/lib/python3.12/site-packages/airflow/models/dagbag.py", line 383, in parse
    loader.exec_module(new_module)
  File "<frozen importlib._bootstrap_external>", line 999, in exec_module
  File "<frozen importlib._bootstrap>", line 488, in _call_with_frames_removed
  File "/opt/airflow/dags/forex_ml_pipeline.py", line 31, in <module>
    env_dir = Path('./').parent.resolve()
              ^^^^
NameError: name 'Path' is not defined
[2025-01-15T01:31:12.539+0000] {processor.py:927} WARNING - No viable dags retrieved from /opt/airflow/dags/forex_ml_pipeline.py
[2025-01-15T01:31:12.567+0000] {processor.py:208} INFO - Processing /opt/airflow/dags/forex_ml_pipeline.py took 0.085 seconds
[2025-01-15T01:31:23.099+0000] {processor.py:186} INFO - Started process (PID=569) to work on /opt/airflow/dags/forex_ml_pipeline.py
[2025-01-15T01:31:23.101+0000] {processor.py:914} INFO - Processing file /opt/airflow/dags/forex_ml_pipeline.py for tasks to queue
[2025-01-15T01:31:23.103+0000] {logging_mixin.py:190} INFO - [2025-01-15T01:31:23.103+0000] {dagbag.py:588} INFO - Filling up the DagBag from /opt/airflow/dags/forex_ml_pipeline.py
[2025-01-15T01:31:23.454+0000] {processor.py:927} WARNING - No viable dags retrieved from /opt/airflow/dags/forex_ml_pipeline.py
[2025-01-15T01:31:23.470+0000] {processor.py:208} INFO - Processing /opt/airflow/dags/forex_ml_pipeline.py took 0.376 seconds
[2025-01-15T01:31:30.234+0000] {processor.py:186} INFO - Started process (PID=575) to work on /opt/airflow/dags/forex_ml_pipeline.py
[2025-01-15T01:31:30.235+0000] {processor.py:914} INFO - Processing file /opt/airflow/dags/forex_ml_pipeline.py for tasks to queue
[2025-01-15T01:31:30.238+0000] {logging_mixin.py:190} INFO - [2025-01-15T01:31:30.238+0000] {dagbag.py:588} INFO - Filling up the DagBag from /opt/airflow/dags/forex_ml_pipeline.py
[2025-01-15T01:31:30.283+0000] {processor.py:927} WARNING - No viable dags retrieved from /opt/airflow/dags/forex_ml_pipeline.py
[2025-01-15T01:31:30.297+0000] {processor.py:208} INFO - Processing /opt/airflow/dags/forex_ml_pipeline.py took 0.068 seconds
[2025-01-15T01:31:30.355+0000] {processor.py:186} INFO - Started process (PID=580) to work on /opt/airflow/dags/forex_ml_pipeline.py
[2025-01-15T01:31:30.356+0000] {processor.py:914} INFO - Processing file /opt/airflow/dags/forex_ml_pipeline.py for tasks to queue
[2025-01-15T01:31:30.358+0000] {logging_mixin.py:190} INFO - [2025-01-15T01:31:30.358+0000] {dagbag.py:588} INFO - Filling up the DagBag from /opt/airflow/dags/forex_ml_pipeline.py
[2025-01-15T01:31:30.387+0000] {processor.py:927} WARNING - No viable dags retrieved from /opt/airflow/dags/forex_ml_pipeline.py
[2025-01-15T01:31:30.401+0000] {processor.py:208} INFO - Processing /opt/airflow/dags/forex_ml_pipeline.py took 0.051 seconds
[2025-01-15T01:31:45.618+0000] {processor.py:186} INFO - Started process (PID=591) to work on /opt/airflow/dags/forex_ml_pipeline.py
[2025-01-15T01:31:45.619+0000] {processor.py:914} INFO - Processing file /opt/airflow/dags/forex_ml_pipeline.py for tasks to queue
[2025-01-15T01:31:45.622+0000] {logging_mixin.py:190} INFO - [2025-01-15T01:31:45.622+0000] {dagbag.py:588} INFO - Filling up the DagBag from /opt/airflow/dags/forex_ml_pipeline.py
[2025-01-15T01:31:45.659+0000] {logging_mixin.py:190} INFO - None
[2025-01-15T01:31:45.660+0000] {processor.py:927} WARNING - No viable dags retrieved from /opt/airflow/dags/forex_ml_pipeline.py
[2025-01-15T01:31:45.673+0000] {processor.py:208} INFO - Processing /opt/airflow/dags/forex_ml_pipeline.py took 0.061 seconds
[2025-01-15T01:31:49.891+0000] {processor.py:186} INFO - Started process (PID=596) to work on /opt/airflow/dags/forex_ml_pipeline.py
[2025-01-15T01:31:49.892+0000] {processor.py:914} INFO - Processing file /opt/airflow/dags/forex_ml_pipeline.py for tasks to queue
[2025-01-15T01:31:49.896+0000] {logging_mixin.py:190} INFO - [2025-01-15T01:31:49.895+0000] {dagbag.py:588} INFO - Filling up the DagBag from /opt/airflow/dags/forex_ml_pipeline.py
[2025-01-15T01:31:49.929+0000] {logging_mixin.py:190} INFO - None
[2025-01-15T01:31:49.930+0000] {processor.py:927} WARNING - No viable dags retrieved from /opt/airflow/dags/forex_ml_pipeline.py
[2025-01-15T01:31:49.941+0000] {processor.py:208} INFO - Processing /opt/airflow/dags/forex_ml_pipeline.py took 0.056 seconds
[2025-01-15T01:31:49.980+0000] {processor.py:186} INFO - Started process (PID=601) to work on /opt/airflow/dags/forex_ml_pipeline.py
[2025-01-15T01:31:49.981+0000] {processor.py:914} INFO - Processing file /opt/airflow/dags/forex_ml_pipeline.py for tasks to queue
[2025-01-15T01:31:49.983+0000] {logging_mixin.py:190} INFO - [2025-01-15T01:31:49.983+0000] {dagbag.py:588} INFO - Filling up the DagBag from /opt/airflow/dags/forex_ml_pipeline.py
[2025-01-15T01:31:50.007+0000] {logging_mixin.py:190} INFO - None
[2025-01-15T01:31:50.008+0000] {processor.py:927} WARNING - No viable dags retrieved from /opt/airflow/dags/forex_ml_pipeline.py
[2025-01-15T01:31:50.021+0000] {processor.py:208} INFO - Processing /opt/airflow/dags/forex_ml_pipeline.py took 0.046 seconds
[2025-01-15T01:31:50.090+0000] {processor.py:186} INFO - Started process (PID=606) to work on /opt/airflow/dags/forex_ml_pipeline.py
[2025-01-15T01:31:50.092+0000] {processor.py:914} INFO - Processing file /opt/airflow/dags/forex_ml_pipeline.py for tasks to queue
[2025-01-15T01:31:50.095+0000] {logging_mixin.py:190} INFO - [2025-01-15T01:31:50.094+0000] {dagbag.py:588} INFO - Filling up the DagBag from /opt/airflow/dags/forex_ml_pipeline.py
[2025-01-15T01:31:50.128+0000] {logging_mixin.py:190} INFO - None
[2025-01-15T01:31:50.129+0000] {processor.py:927} WARNING - No viable dags retrieved from /opt/airflow/dags/forex_ml_pipeline.py
[2025-01-15T01:31:50.142+0000] {processor.py:208} INFO - Processing /opt/airflow/dags/forex_ml_pipeline.py took 0.057 seconds
[2025-01-15T01:31:50.199+0000] {processor.py:186} INFO - Started process (PID=611) to work on /opt/airflow/dags/forex_ml_pipeline.py
[2025-01-15T01:31:50.200+0000] {processor.py:914} INFO - Processing file /opt/airflow/dags/forex_ml_pipeline.py for tasks to queue
[2025-01-15T01:31:50.202+0000] {logging_mixin.py:190} INFO - [2025-01-15T01:31:50.202+0000] {dagbag.py:588} INFO - Filling up the DagBag from /opt/airflow/dags/forex_ml_pipeline.py
[2025-01-15T01:31:50.238+0000] {logging_mixin.py:190} INFO - None
[2025-01-15T01:31:50.238+0000] {processor.py:927} WARNING - No viable dags retrieved from /opt/airflow/dags/forex_ml_pipeline.py
[2025-01-15T01:31:50.251+0000] {processor.py:208} INFO - Processing /opt/airflow/dags/forex_ml_pipeline.py took 0.057 seconds
[2025-01-15T01:31:50.310+0000] {processor.py:186} INFO - Started process (PID=616) to work on /opt/airflow/dags/forex_ml_pipeline.py
[2025-01-15T01:31:50.311+0000] {processor.py:914} INFO - Processing file /opt/airflow/dags/forex_ml_pipeline.py for tasks to queue
[2025-01-15T01:31:50.314+0000] {logging_mixin.py:190} INFO - [2025-01-15T01:31:50.313+0000] {dagbag.py:588} INFO - Filling up the DagBag from /opt/airflow/dags/forex_ml_pipeline.py
[2025-01-15T01:31:50.351+0000] {logging_mixin.py:190} INFO - None
[2025-01-15T01:31:50.352+0000] {processor.py:927} WARNING - No viable dags retrieved from /opt/airflow/dags/forex_ml_pipeline.py
[2025-01-15T01:31:50.367+0000] {processor.py:208} INFO - Processing /opt/airflow/dags/forex_ml_pipeline.py took 0.062 seconds
[2025-01-15T01:31:50.425+0000] {processor.py:186} INFO - Started process (PID=621) to work on /opt/airflow/dags/forex_ml_pipeline.py
[2025-01-15T01:31:50.426+0000] {processor.py:914} INFO - Processing file /opt/airflow/dags/forex_ml_pipeline.py for tasks to queue
[2025-01-15T01:31:50.429+0000] {logging_mixin.py:190} INFO - [2025-01-15T01:31:50.428+0000] {dagbag.py:588} INFO - Filling up the DagBag from /opt/airflow/dags/forex_ml_pipeline.py
[2025-01-15T01:31:50.455+0000] {logging_mixin.py:190} INFO - None
[2025-01-15T01:31:50.456+0000] {processor.py:927} WARNING - No viable dags retrieved from /opt/airflow/dags/forex_ml_pipeline.py
[2025-01-15T01:31:50.478+0000] {processor.py:208} INFO - Processing /opt/airflow/dags/forex_ml_pipeline.py took 0.058 seconds
[2025-01-15T01:31:50.536+0000] {processor.py:186} INFO - Started process (PID=626) to work on /opt/airflow/dags/forex_ml_pipeline.py
[2025-01-15T01:31:50.537+0000] {processor.py:914} INFO - Processing file /opt/airflow/dags/forex_ml_pipeline.py for tasks to queue
[2025-01-15T01:31:50.540+0000] {logging_mixin.py:190} INFO - [2025-01-15T01:31:50.539+0000] {dagbag.py:588} INFO - Filling up the DagBag from /opt/airflow/dags/forex_ml_pipeline.py
[2025-01-15T01:31:50.567+0000] {logging_mixin.py:190} INFO - None
[2025-01-15T01:31:50.568+0000] {processor.py:927} WARNING - No viable dags retrieved from /opt/airflow/dags/forex_ml_pipeline.py
[2025-01-15T01:31:50.580+0000] {processor.py:208} INFO - Processing /opt/airflow/dags/forex_ml_pipeline.py took 0.049 seconds
[2025-01-15T01:31:57.708+0000] {processor.py:186} INFO - Started process (PID=631) to work on /opt/airflow/dags/forex_ml_pipeline.py
[2025-01-15T01:31:57.709+0000] {processor.py:914} INFO - Processing file /opt/airflow/dags/forex_ml_pipeline.py for tasks to queue
[2025-01-15T01:31:57.711+0000] {logging_mixin.py:190} INFO - [2025-01-15T01:31:57.710+0000] {dagbag.py:588} INFO - Filling up the DagBag from /opt/airflow/dags/forex_ml_pipeline.py
[2025-01-15T01:31:57.735+0000] {logging_mixin.py:190} INFO - None
[2025-01-15T01:31:57.735+0000] {processor.py:927} WARNING - No viable dags retrieved from /opt/airflow/dags/forex_ml_pipeline.py
[2025-01-15T01:31:57.746+0000] {processor.py:208} INFO - Processing /opt/airflow/dags/forex_ml_pipeline.py took 0.043 seconds
[2025-01-15T01:32:03.851+0000] {processor.py:186} INFO - Started process (PID=636) to work on /opt/airflow/dags/forex_ml_pipeline.py
[2025-01-15T01:32:03.853+0000] {processor.py:914} INFO - Processing file /opt/airflow/dags/forex_ml_pipeline.py for tasks to queue
[2025-01-15T01:32:03.854+0000] {logging_mixin.py:190} INFO - [2025-01-15T01:32:03.854+0000] {dagbag.py:588} INFO - Filling up the DagBag from /opt/airflow/dags/forex_ml_pipeline.py
[2025-01-15T01:32:03.916+0000] {logging_mixin.py:190} INFO - None
[2025-01-15T01:32:03.916+0000] {processor.py:927} WARNING - No viable dags retrieved from /opt/airflow/dags/forex_ml_pipeline.py
[2025-01-15T01:32:03.928+0000] {processor.py:208} INFO - Processing /opt/airflow/dags/forex_ml_pipeline.py took 0.081 seconds
[2025-01-15T01:32:26.388+0000] {processor.py:186} INFO - Started process (PID=646) to work on /opt/airflow/dags/forex_ml_pipeline.py
[2025-01-15T01:32:26.389+0000] {processor.py:914} INFO - Processing file /opt/airflow/dags/forex_ml_pipeline.py for tasks to queue
[2025-01-15T01:32:26.390+0000] {logging_mixin.py:190} INFO - [2025-01-15T01:32:26.390+0000] {dagbag.py:588} INFO - Filling up the DagBag from /opt/airflow/dags/forex_ml_pipeline.py
[2025-01-15T01:32:26.432+0000] {logging_mixin.py:190} INFO - /opt/airflow
[2025-01-15T01:32:26.433+0000] {logging_mixin.py:190} INFO - None
[2025-01-15T01:32:26.434+0000] {processor.py:927} WARNING - No viable dags retrieved from /opt/airflow/dags/forex_ml_pipeline.py
[2025-01-15T01:32:26.448+0000] {processor.py:208} INFO - Processing /opt/airflow/dags/forex_ml_pipeline.py took 0.066 seconds
[2025-01-15T01:32:26.498+0000] {processor.py:186} INFO - Started process (PID=651) to work on /opt/airflow/dags/forex_ml_pipeline.py
[2025-01-15T01:32:26.500+0000] {processor.py:914} INFO - Processing file /opt/airflow/dags/forex_ml_pipeline.py for tasks to queue
[2025-01-15T01:32:26.501+0000] {logging_mixin.py:190} INFO - [2025-01-15T01:32:26.501+0000] {dagbag.py:588} INFO - Filling up the DagBag from /opt/airflow/dags/forex_ml_pipeline.py
[2025-01-15T01:32:26.521+0000] {logging_mixin.py:190} INFO - /opt/airflow
[2025-01-15T01:32:26.521+0000] {logging_mixin.py:190} INFO - None
[2025-01-15T01:32:26.522+0000] {processor.py:927} WARNING - No viable dags retrieved from /opt/airflow/dags/forex_ml_pipeline.py
[2025-01-15T01:32:26.535+0000] {processor.py:208} INFO - Processing /opt/airflow/dags/forex_ml_pipeline.py took 0.044 seconds
[2025-01-15T01:32:26.580+0000] {processor.py:186} INFO - Started process (PID=656) to work on /opt/airflow/dags/forex_ml_pipeline.py
[2025-01-15T01:32:26.581+0000] {processor.py:914} INFO - Processing file /opt/airflow/dags/forex_ml_pipeline.py for tasks to queue
[2025-01-15T01:32:26.583+0000] {logging_mixin.py:190} INFO - [2025-01-15T01:32:26.582+0000] {dagbag.py:588} INFO - Filling up the DagBag from /opt/airflow/dags/forex_ml_pipeline.py
[2025-01-15T01:32:26.601+0000] {logging_mixin.py:190} INFO - /opt/airflow
[2025-01-15T01:32:26.602+0000] {logging_mixin.py:190} INFO - None
[2025-01-15T01:32:26.602+0000] {processor.py:927} WARNING - No viable dags retrieved from /opt/airflow/dags/forex_ml_pipeline.py
[2025-01-15T01:32:26.615+0000] {processor.py:208} INFO - Processing /opt/airflow/dags/forex_ml_pipeline.py took 0.042 seconds
[2025-01-15T01:32:26.655+0000] {processor.py:186} INFO - Started process (PID=661) to work on /opt/airflow/dags/forex_ml_pipeline.py
[2025-01-15T01:32:26.656+0000] {processor.py:914} INFO - Processing file /opt/airflow/dags/forex_ml_pipeline.py for tasks to queue
[2025-01-15T01:32:26.658+0000] {logging_mixin.py:190} INFO - [2025-01-15T01:32:26.657+0000] {dagbag.py:588} INFO - Filling up the DagBag from /opt/airflow/dags/forex_ml_pipeline.py
[2025-01-15T01:32:26.676+0000] {logging_mixin.py:190} INFO - /opt/airflow
[2025-01-15T01:32:26.676+0000] {logging_mixin.py:190} INFO - None
[2025-01-15T01:32:26.677+0000] {processor.py:927} WARNING - No viable dags retrieved from /opt/airflow/dags/forex_ml_pipeline.py
[2025-01-15T01:32:26.688+0000] {processor.py:208} INFO - Processing /opt/airflow/dags/forex_ml_pipeline.py took 0.038 seconds
[2025-01-15T01:32:26.750+0000] {processor.py:186} INFO - Started process (PID=666) to work on /opt/airflow/dags/forex_ml_pipeline.py
[2025-01-15T01:32:26.751+0000] {processor.py:914} INFO - Processing file /opt/airflow/dags/forex_ml_pipeline.py for tasks to queue
[2025-01-15T01:32:26.752+0000] {logging_mixin.py:190} INFO - [2025-01-15T01:32:26.752+0000] {dagbag.py:588} INFO - Filling up the DagBag from /opt/airflow/dags/forex_ml_pipeline.py
[2025-01-15T01:32:26.779+0000] {logging_mixin.py:190} INFO - /opt/airflow
[2025-01-15T01:32:26.780+0000] {logging_mixin.py:190} INFO - None
[2025-01-15T01:32:26.781+0000] {processor.py:927} WARNING - No viable dags retrieved from /opt/airflow/dags/forex_ml_pipeline.py
[2025-01-15T01:32:26.794+0000] {processor.py:208} INFO - Processing /opt/airflow/dags/forex_ml_pipeline.py took 0.050 seconds
[2025-01-15T01:32:26.857+0000] {processor.py:186} INFO - Started process (PID=671) to work on /opt/airflow/dags/forex_ml_pipeline.py
[2025-01-15T01:32:26.858+0000] {processor.py:914} INFO - Processing file /opt/airflow/dags/forex_ml_pipeline.py for tasks to queue
[2025-01-15T01:32:26.860+0000] {logging_mixin.py:190} INFO - [2025-01-15T01:32:26.859+0000] {dagbag.py:588} INFO - Filling up the DagBag from /opt/airflow/dags/forex_ml_pipeline.py
[2025-01-15T01:32:26.879+0000] {logging_mixin.py:190} INFO - /opt/airflow
[2025-01-15T01:32:26.880+0000] {logging_mixin.py:190} INFO - None
[2025-01-15T01:32:26.880+0000] {processor.py:927} WARNING - No viable dags retrieved from /opt/airflow/dags/forex_ml_pipeline.py
[2025-01-15T01:32:26.893+0000] {processor.py:208} INFO - Processing /opt/airflow/dags/forex_ml_pipeline.py took 0.042 seconds
[2025-01-15T01:32:37.008+0000] {processor.py:186} INFO - Started process (PID=681) to work on /opt/airflow/dags/forex_ml_pipeline.py
[2025-01-15T01:32:37.009+0000] {processor.py:914} INFO - Processing file /opt/airflow/dags/forex_ml_pipeline.py for tasks to queue
[2025-01-15T01:32:37.011+0000] {logging_mixin.py:190} INFO - [2025-01-15T01:32:37.011+0000] {dagbag.py:588} INFO - Filling up the DagBag from /opt/airflow/dags/forex_ml_pipeline.py
[2025-01-15T01:32:37.065+0000] {logging_mixin.py:190} INFO - /opt/airflow
[2025-01-15T01:32:37.066+0000] {logging_mixin.py:190} INFO - None
[2025-01-15T01:32:37.067+0000] {processor.py:927} WARNING - No viable dags retrieved from /opt/airflow/dags/forex_ml_pipeline.py
[2025-01-15T01:32:37.082+0000] {processor.py:208} INFO - Processing /opt/airflow/dags/forex_ml_pipeline.py took 0.080 seconds
[2025-01-15T01:32:44.484+0000] {processor.py:186} INFO - Started process (PID=686) to work on /opt/airflow/dags/forex_ml_pipeline.py
[2025-01-15T01:32:44.485+0000] {processor.py:914} INFO - Processing file /opt/airflow/dags/forex_ml_pipeline.py for tasks to queue
[2025-01-15T01:32:44.487+0000] {logging_mixin.py:190} INFO - [2025-01-15T01:32:44.487+0000] {dagbag.py:588} INFO - Filling up the DagBag from /opt/airflow/dags/forex_ml_pipeline.py
[2025-01-15T01:32:44.540+0000] {logging_mixin.py:190} INFO - /
[2025-01-15T01:32:44.541+0000] {logging_mixin.py:190} INFO - None
[2025-01-15T01:32:44.542+0000] {processor.py:927} WARNING - No viable dags retrieved from /opt/airflow/dags/forex_ml_pipeline.py
[2025-01-15T01:32:44.554+0000] {processor.py:208} INFO - Processing /opt/airflow/dags/forex_ml_pipeline.py took 0.076 seconds
[2025-01-15T01:32:44.612+0000] {processor.py:186} INFO - Started process (PID=691) to work on /opt/airflow/dags/forex_ml_pipeline.py
[2025-01-15T01:32:44.613+0000] {processor.py:914} INFO - Processing file /opt/airflow/dags/forex_ml_pipeline.py for tasks to queue
[2025-01-15T01:32:44.615+0000] {logging_mixin.py:190} INFO - [2025-01-15T01:32:44.614+0000] {dagbag.py:588} INFO - Filling up the DagBag from /opt/airflow/dags/forex_ml_pipeline.py
[2025-01-15T01:32:44.642+0000] {logging_mixin.py:190} INFO - /
[2025-01-15T01:32:44.643+0000] {logging_mixin.py:190} INFO - None
[2025-01-15T01:32:44.643+0000] {processor.py:927} WARNING - No viable dags retrieved from /opt/airflow/dags/forex_ml_pipeline.py
[2025-01-15T01:32:44.658+0000] {processor.py:208} INFO - Processing /opt/airflow/dags/forex_ml_pipeline.py took 0.053 seconds
[2025-01-15T01:32:44.710+0000] {processor.py:186} INFO - Started process (PID=696) to work on /opt/airflow/dags/forex_ml_pipeline.py
[2025-01-15T01:32:44.711+0000] {processor.py:914} INFO - Processing file /opt/airflow/dags/forex_ml_pipeline.py for tasks to queue
[2025-01-15T01:32:44.713+0000] {logging_mixin.py:190} INFO - [2025-01-15T01:32:44.712+0000] {dagbag.py:588} INFO - Filling up the DagBag from /opt/airflow/dags/forex_ml_pipeline.py
[2025-01-15T01:32:44.734+0000] {logging_mixin.py:190} INFO - /
[2025-01-15T01:32:44.735+0000] {logging_mixin.py:190} INFO - None
[2025-01-15T01:32:44.735+0000] {processor.py:927} WARNING - No viable dags retrieved from /opt/airflow/dags/forex_ml_pipeline.py
[2025-01-15T01:32:44.749+0000] {processor.py:208} INFO - Processing /opt/airflow/dags/forex_ml_pipeline.py took 0.045 seconds
[2025-01-15T01:32:44.798+0000] {processor.py:186} INFO - Started process (PID=701) to work on /opt/airflow/dags/forex_ml_pipeline.py
[2025-01-15T01:32:44.800+0000] {processor.py:914} INFO - Processing file /opt/airflow/dags/forex_ml_pipeline.py for tasks to queue
[2025-01-15T01:32:44.801+0000] {logging_mixin.py:190} INFO - [2025-01-15T01:32:44.801+0000] {dagbag.py:588} INFO - Filling up the DagBag from /opt/airflow/dags/forex_ml_pipeline.py
[2025-01-15T01:32:44.826+0000] {logging_mixin.py:190} INFO - /
[2025-01-15T01:32:44.826+0000] {logging_mixin.py:190} INFO - None
[2025-01-15T01:32:44.827+0000] {processor.py:927} WARNING - No viable dags retrieved from /opt/airflow/dags/forex_ml_pipeline.py
[2025-01-15T01:32:44.840+0000] {processor.py:208} INFO - Processing /opt/airflow/dags/forex_ml_pipeline.py took 0.047 seconds
[2025-01-15T01:32:49.867+0000] {processor.py:186} INFO - Started process (PID=706) to work on /opt/airflow/dags/forex_ml_pipeline.py
[2025-01-15T01:32:49.868+0000] {processor.py:914} INFO - Processing file /opt/airflow/dags/forex_ml_pipeline.py for tasks to queue
[2025-01-15T01:32:49.870+0000] {logging_mixin.py:190} INFO - [2025-01-15T01:32:49.870+0000] {dagbag.py:588} INFO - Filling up the DagBag from /opt/airflow/dags/forex_ml_pipeline.py
[2025-01-15T01:32:49.919+0000] {logging_mixin.py:190} INFO - /opt/airflow
[2025-01-15T01:32:49.920+0000] {logging_mixin.py:190} INFO - None
[2025-01-15T01:32:49.920+0000] {processor.py:927} WARNING - No viable dags retrieved from /opt/airflow/dags/forex_ml_pipeline.py
[2025-01-15T01:32:49.935+0000] {processor.py:208} INFO - Processing /opt/airflow/dags/forex_ml_pipeline.py took 0.072 seconds
[2025-01-15T01:32:49.991+0000] {processor.py:186} INFO - Started process (PID=711) to work on /opt/airflow/dags/forex_ml_pipeline.py
[2025-01-15T01:32:49.992+0000] {processor.py:914} INFO - Processing file /opt/airflow/dags/forex_ml_pipeline.py for tasks to queue
[2025-01-15T01:32:49.994+0000] {logging_mixin.py:190} INFO - [2025-01-15T01:32:49.994+0000] {dagbag.py:588} INFO - Filling up the DagBag from /opt/airflow/dags/forex_ml_pipeline.py
[2025-01-15T01:32:50.020+0000] {logging_mixin.py:190} INFO - /opt/airflow
[2025-01-15T01:32:50.021+0000] {logging_mixin.py:190} INFO - None
[2025-01-15T01:32:50.021+0000] {processor.py:927} WARNING - No viable dags retrieved from /opt/airflow/dags/forex_ml_pipeline.py
[2025-01-15T01:32:50.036+0000] {processor.py:208} INFO - Processing /opt/airflow/dags/forex_ml_pipeline.py took 0.051 seconds
[2025-01-15T01:32:50.100+0000] {processor.py:186} INFO - Started process (PID=716) to work on /opt/airflow/dags/forex_ml_pipeline.py
[2025-01-15T01:32:50.101+0000] {processor.py:914} INFO - Processing file /opt/airflow/dags/forex_ml_pipeline.py for tasks to queue
[2025-01-15T01:32:50.102+0000] {logging_mixin.py:190} INFO - [2025-01-15T01:32:50.102+0000] {dagbag.py:588} INFO - Filling up the DagBag from /opt/airflow/dags/forex_ml_pipeline.py
[2025-01-15T01:32:50.123+0000] {logging_mixin.py:190} INFO - /opt/airflow
[2025-01-15T01:32:50.124+0000] {logging_mixin.py:190} INFO - None
[2025-01-15T01:32:50.125+0000] {processor.py:927} WARNING - No viable dags retrieved from /opt/airflow/dags/forex_ml_pipeline.py
[2025-01-15T01:32:50.139+0000] {processor.py:208} INFO - Processing /opt/airflow/dags/forex_ml_pipeline.py took 0.044 seconds
[2025-01-15T01:32:52.174+0000] {processor.py:186} INFO - Started process (PID=721) to work on /opt/airflow/dags/forex_ml_pipeline.py
[2025-01-15T01:32:52.175+0000] {processor.py:914} INFO - Processing file /opt/airflow/dags/forex_ml_pipeline.py for tasks to queue
[2025-01-15T01:32:52.178+0000] {logging_mixin.py:190} INFO - [2025-01-15T01:32:52.177+0000] {dagbag.py:588} INFO - Filling up the DagBag from /opt/airflow/dags/forex_ml_pipeline.py
[2025-01-15T01:32:52.208+0000] {logging_mixin.py:190} INFO - /opt/airflow
[2025-01-15T01:32:52.209+0000] {logging_mixin.py:190} INFO - None
[2025-01-15T01:32:52.210+0000] {processor.py:927} WARNING - No viable dags retrieved from /opt/airflow/dags/forex_ml_pipeline.py
[2025-01-15T01:32:52.222+0000] {processor.py:208} INFO - Processing /opt/airflow/dags/forex_ml_pipeline.py took 0.054 seconds
[2025-01-15T01:32:52.260+0000] {processor.py:186} INFO - Started process (PID=726) to work on /opt/airflow/dags/forex_ml_pipeline.py
[2025-01-15T01:32:52.261+0000] {processor.py:914} INFO - Processing file /opt/airflow/dags/forex_ml_pipeline.py for tasks to queue
[2025-01-15T01:32:52.263+0000] {logging_mixin.py:190} INFO - [2025-01-15T01:32:52.263+0000] {dagbag.py:588} INFO - Filling up the DagBag from /opt/airflow/dags/forex_ml_pipeline.py
[2025-01-15T01:32:52.278+0000] {logging_mixin.py:190} INFO - /opt/airflow
[2025-01-15T01:32:52.279+0000] {logging_mixin.py:190} INFO - None
[2025-01-15T01:32:52.279+0000] {processor.py:927} WARNING - No viable dags retrieved from /opt/airflow/dags/forex_ml_pipeline.py
[2025-01-15T01:32:52.291+0000] {processor.py:208} INFO - Processing /opt/airflow/dags/forex_ml_pipeline.py took 0.036 seconds
[2025-01-15T01:32:52.328+0000] {processor.py:186} INFO - Started process (PID=731) to work on /opt/airflow/dags/forex_ml_pipeline.py
[2025-01-15T01:32:52.329+0000] {processor.py:914} INFO - Processing file /opt/airflow/dags/forex_ml_pipeline.py for tasks to queue
[2025-01-15T01:32:52.331+0000] {logging_mixin.py:190} INFO - [2025-01-15T01:32:52.330+0000] {dagbag.py:588} INFO - Filling up the DagBag from /opt/airflow/dags/forex_ml_pipeline.py
[2025-01-15T01:32:52.347+0000] {logging_mixin.py:190} INFO - /opt/airflow
[2025-01-15T01:32:52.348+0000] {logging_mixin.py:190} INFO - None
[2025-01-15T01:32:52.348+0000] {processor.py:927} WARNING - No viable dags retrieved from /opt/airflow/dags/forex_ml_pipeline.py
[2025-01-15T01:32:52.359+0000] {processor.py:208} INFO - Processing /opt/airflow/dags/forex_ml_pipeline.py took 0.035 seconds
[2025-01-15T01:32:52.406+0000] {processor.py:186} INFO - Started process (PID=736) to work on /opt/airflow/dags/forex_ml_pipeline.py
[2025-01-15T01:32:52.407+0000] {processor.py:914} INFO - Processing file /opt/airflow/dags/forex_ml_pipeline.py for tasks to queue
[2025-01-15T01:32:52.409+0000] {logging_mixin.py:190} INFO - [2025-01-15T01:32:52.408+0000] {dagbag.py:588} INFO - Filling up the DagBag from /opt/airflow/dags/forex_ml_pipeline.py
[2025-01-15T01:32:52.426+0000] {logging_mixin.py:190} INFO - /opt/airflow
[2025-01-15T01:32:52.427+0000] {logging_mixin.py:190} INFO - None
[2025-01-15T01:32:52.427+0000] {processor.py:927} WARNING - No viable dags retrieved from /opt/airflow/dags/forex_ml_pipeline.py
[2025-01-15T01:32:52.442+0000] {processor.py:208} INFO - Processing /opt/airflow/dags/forex_ml_pipeline.py took 0.042 seconds
[2025-01-15T01:32:52.488+0000] {processor.py:186} INFO - Started process (PID=741) to work on /opt/airflow/dags/forex_ml_pipeline.py
[2025-01-15T01:32:52.489+0000] {processor.py:914} INFO - Processing file /opt/airflow/dags/forex_ml_pipeline.py for tasks to queue
[2025-01-15T01:32:52.491+0000] {logging_mixin.py:190} INFO - [2025-01-15T01:32:52.491+0000] {dagbag.py:588} INFO - Filling up the DagBag from /opt/airflow/dags/forex_ml_pipeline.py
[2025-01-15T01:32:52.507+0000] {logging_mixin.py:190} INFO - /opt/airflow
[2025-01-15T01:32:52.508+0000] {logging_mixin.py:190} INFO - None
[2025-01-15T01:32:52.508+0000] {processor.py:927} WARNING - No viable dags retrieved from /opt/airflow/dags/forex_ml_pipeline.py
[2025-01-15T01:32:52.522+0000] {processor.py:208} INFO - Processing /opt/airflow/dags/forex_ml_pipeline.py took 0.039 seconds
[2025-01-15T01:32:52.562+0000] {processor.py:186} INFO - Started process (PID=746) to work on /opt/airflow/dags/forex_ml_pipeline.py
[2025-01-15T01:32:52.563+0000] {processor.py:914} INFO - Processing file /opt/airflow/dags/forex_ml_pipeline.py for tasks to queue
[2025-01-15T01:32:52.565+0000] {logging_mixin.py:190} INFO - [2025-01-15T01:32:52.564+0000] {dagbag.py:588} INFO - Filling up the DagBag from /opt/airflow/dags/forex_ml_pipeline.py
[2025-01-15T01:32:52.579+0000] {logging_mixin.py:190} INFO - /opt/airflow
[2025-01-15T01:32:52.580+0000] {logging_mixin.py:190} INFO - None
[2025-01-15T01:32:52.581+0000] {processor.py:927} WARNING - No viable dags retrieved from /opt/airflow/dags/forex_ml_pipeline.py
[2025-01-15T01:32:52.592+0000] {processor.py:208} INFO - Processing /opt/airflow/dags/forex_ml_pipeline.py took 0.036 seconds
[2025-01-15T01:32:52.636+0000] {processor.py:186} INFO - Started process (PID=751) to work on /opt/airflow/dags/forex_ml_pipeline.py
[2025-01-15T01:32:52.637+0000] {processor.py:914} INFO - Processing file /opt/airflow/dags/forex_ml_pipeline.py for tasks to queue
[2025-01-15T01:32:52.638+0000] {logging_mixin.py:190} INFO - [2025-01-15T01:32:52.638+0000] {dagbag.py:588} INFO - Filling up the DagBag from /opt/airflow/dags/forex_ml_pipeline.py
[2025-01-15T01:32:52.656+0000] {logging_mixin.py:190} INFO - /opt/airflow
[2025-01-15T01:32:52.657+0000] {logging_mixin.py:190} INFO - None
[2025-01-15T01:32:52.658+0000] {processor.py:927} WARNING - No viable dags retrieved from /opt/airflow/dags/forex_ml_pipeline.py
[2025-01-15T01:32:52.670+0000] {processor.py:208} INFO - Processing /opt/airflow/dags/forex_ml_pipeline.py took 0.039 seconds
[2025-01-15T01:32:52.711+0000] {processor.py:186} INFO - Started process (PID=756) to work on /opt/airflow/dags/forex_ml_pipeline.py
[2025-01-15T01:32:52.712+0000] {processor.py:914} INFO - Processing file /opt/airflow/dags/forex_ml_pipeline.py for tasks to queue
[2025-01-15T01:32:52.713+0000] {logging_mixin.py:190} INFO - [2025-01-15T01:32:52.713+0000] {dagbag.py:588} INFO - Filling up the DagBag from /opt/airflow/dags/forex_ml_pipeline.py
[2025-01-15T01:32:52.729+0000] {logging_mixin.py:190} INFO - /opt/airflow
[2025-01-15T01:32:52.729+0000] {logging_mixin.py:190} INFO - None
[2025-01-15T01:32:52.730+0000] {processor.py:927} WARNING - No viable dags retrieved from /opt/airflow/dags/forex_ml_pipeline.py
[2025-01-15T01:32:52.742+0000] {processor.py:208} INFO - Processing /opt/airflow/dags/forex_ml_pipeline.py took 0.036 seconds
[2025-01-15T01:32:52.791+0000] {processor.py:186} INFO - Started process (PID=761) to work on /opt/airflow/dags/forex_ml_pipeline.py
[2025-01-15T01:32:52.792+0000] {processor.py:914} INFO - Processing file /opt/airflow/dags/forex_ml_pipeline.py for tasks to queue
[2025-01-15T01:32:52.793+0000] {logging_mixin.py:190} INFO - [2025-01-15T01:32:52.793+0000] {dagbag.py:588} INFO - Filling up the DagBag from /opt/airflow/dags/forex_ml_pipeline.py
[2025-01-15T01:32:52.809+0000] {logging_mixin.py:190} INFO - /opt/airflow
[2025-01-15T01:32:52.810+0000] {logging_mixin.py:190} INFO - None
[2025-01-15T01:32:52.810+0000] {processor.py:927} WARNING - No viable dags retrieved from /opt/airflow/dags/forex_ml_pipeline.py
[2025-01-15T01:32:52.821+0000] {processor.py:208} INFO - Processing /opt/airflow/dags/forex_ml_pipeline.py took 0.036 seconds
[2025-01-15T01:32:52.867+0000] {processor.py:186} INFO - Started process (PID=766) to work on /opt/airflow/dags/forex_ml_pipeline.py
[2025-01-15T01:32:52.868+0000] {processor.py:914} INFO - Processing file /opt/airflow/dags/forex_ml_pipeline.py for tasks to queue
[2025-01-15T01:32:52.870+0000] {logging_mixin.py:190} INFO - [2025-01-15T01:32:52.869+0000] {dagbag.py:588} INFO - Filling up the DagBag from /opt/airflow/dags/forex_ml_pipeline.py
[2025-01-15T01:32:52.898+0000] {logging_mixin.py:190} INFO - /opt/airflow
[2025-01-15T01:32:52.899+0000] {logging_mixin.py:190} INFO - None
[2025-01-15T01:32:52.899+0000] {processor.py:927} WARNING - No viable dags retrieved from /opt/airflow/dags/forex_ml_pipeline.py
[2025-01-15T01:32:52.912+0000] {processor.py:208} INFO - Processing /opt/airflow/dags/forex_ml_pipeline.py took 0.051 seconds
[2025-01-15T01:32:54.956+0000] {processor.py:186} INFO - Started process (PID=771) to work on /opt/airflow/dags/forex_ml_pipeline.py
[2025-01-15T01:32:54.958+0000] {processor.py:914} INFO - Processing file /opt/airflow/dags/forex_ml_pipeline.py for tasks to queue
[2025-01-15T01:32:54.962+0000] {logging_mixin.py:190} INFO - [2025-01-15T01:32:54.961+0000] {dagbag.py:588} INFO - Filling up the DagBag from /opt/airflow/dags/forex_ml_pipeline.py
[2025-01-15T01:32:55.045+0000] {logging_mixin.py:190} INFO - /opt/airflow
[2025-01-15T01:32:55.048+0000] {logging_mixin.py:190} INFO - None
[2025-01-15T01:32:55.050+0000] {processor.py:927} WARNING - No viable dags retrieved from /opt/airflow/dags/forex_ml_pipeline.py
[2025-01-15T01:32:55.068+0000] {processor.py:208} INFO - Processing /opt/airflow/dags/forex_ml_pipeline.py took 0.119 seconds
[2025-01-15T01:33:08.322+0000] {processor.py:186} INFO - Started process (PID=782) to work on /opt/airflow/dags/forex_ml_pipeline.py
[2025-01-15T01:33:08.323+0000] {processor.py:914} INFO - Processing file /opt/airflow/dags/forex_ml_pipeline.py for tasks to queue
[2025-01-15T01:33:08.325+0000] {logging_mixin.py:190} INFO - [2025-01-15T01:33:08.325+0000] {dagbag.py:588} INFO - Filling up the DagBag from /opt/airflow/dags/forex_ml_pipeline.py
[2025-01-15T01:33:08.374+0000] {logging_mixin.py:190} INFO - .
[2025-01-15T01:33:08.375+0000] {logging_mixin.py:190} INFO - None
[2025-01-15T01:33:08.376+0000] {processor.py:927} WARNING - No viable dags retrieved from /opt/airflow/dags/forex_ml_pipeline.py
[2025-01-15T01:33:08.391+0000] {processor.py:208} INFO - Processing /opt/airflow/dags/forex_ml_pipeline.py took 0.075 seconds
[2025-01-15T01:33:13.586+0000] {processor.py:186} INFO - Started process (PID=787) to work on /opt/airflow/dags/forex_ml_pipeline.py
[2025-01-15T01:33:13.587+0000] {processor.py:914} INFO - Processing file /opt/airflow/dags/forex_ml_pipeline.py for tasks to queue
[2025-01-15T01:33:13.588+0000] {logging_mixin.py:190} INFO - [2025-01-15T01:33:13.588+0000] {dagbag.py:588} INFO - Filling up the DagBag from /opt/airflow/dags/forex_ml_pipeline.py
[2025-01-15T01:33:13.628+0000] {logging_mixin.py:190} INFO - /opt/airflow
[2025-01-15T01:33:13.629+0000] {logging_mixin.py:190} INFO - None
[2025-01-15T01:33:13.629+0000] {processor.py:927} WARNING - No viable dags retrieved from /opt/airflow/dags/forex_ml_pipeline.py
[2025-01-15T01:33:13.640+0000] {processor.py:208} INFO - Processing /opt/airflow/dags/forex_ml_pipeline.py took 0.059 seconds
[2025-01-15T01:33:13.696+0000] {processor.py:186} INFO - Started process (PID=792) to work on /opt/airflow/dags/forex_ml_pipeline.py
[2025-01-15T01:33:13.698+0000] {processor.py:914} INFO - Processing file /opt/airflow/dags/forex_ml_pipeline.py for tasks to queue
[2025-01-15T01:33:13.700+0000] {logging_mixin.py:190} INFO - [2025-01-15T01:33:13.700+0000] {dagbag.py:588} INFO - Filling up the DagBag from /opt/airflow/dags/forex_ml_pipeline.py
[2025-01-15T01:33:13.733+0000] {logging_mixin.py:190} INFO - /opt/airflow
[2025-01-15T01:33:13.733+0000] {logging_mixin.py:190} INFO - None
[2025-01-15T01:33:13.734+0000] {processor.py:927} WARNING - No viable dags retrieved from /opt/airflow/dags/forex_ml_pipeline.py
[2025-01-15T01:33:13.746+0000] {processor.py:208} INFO - Processing /opt/airflow/dags/forex_ml_pipeline.py took 0.055 seconds
[2025-01-15T01:33:13.799+0000] {processor.py:186} INFO - Started process (PID=797) to work on /opt/airflow/dags/forex_ml_pipeline.py
[2025-01-15T01:33:13.801+0000] {processor.py:914} INFO - Processing file /opt/airflow/dags/forex_ml_pipeline.py for tasks to queue
[2025-01-15T01:33:13.803+0000] {logging_mixin.py:190} INFO - [2025-01-15T01:33:13.802+0000] {dagbag.py:588} INFO - Filling up the DagBag from /opt/airflow/dags/forex_ml_pipeline.py
[2025-01-15T01:33:13.825+0000] {logging_mixin.py:190} INFO - /opt/airflow
[2025-01-15T01:33:13.826+0000] {logging_mixin.py:190} INFO - None
[2025-01-15T01:33:13.827+0000] {processor.py:927} WARNING - No viable dags retrieved from /opt/airflow/dags/forex_ml_pipeline.py
[2025-01-15T01:33:13.838+0000] {processor.py:208} INFO - Processing /opt/airflow/dags/forex_ml_pipeline.py took 0.044 seconds
[2025-01-15T01:33:13.896+0000] {processor.py:186} INFO - Started process (PID=802) to work on /opt/airflow/dags/forex_ml_pipeline.py
[2025-01-15T01:33:13.897+0000] {processor.py:914} INFO - Processing file /opt/airflow/dags/forex_ml_pipeline.py for tasks to queue
[2025-01-15T01:33:13.899+0000] {logging_mixin.py:190} INFO - [2025-01-15T01:33:13.899+0000] {dagbag.py:588} INFO - Filling up the DagBag from /opt/airflow/dags/forex_ml_pipeline.py
[2025-01-15T01:33:13.922+0000] {logging_mixin.py:190} INFO - /opt/airflow
[2025-01-15T01:33:13.923+0000] {logging_mixin.py:190} INFO - None
[2025-01-15T01:33:13.924+0000] {processor.py:927} WARNING - No viable dags retrieved from /opt/airflow/dags/forex_ml_pipeline.py
[2025-01-15T01:33:13.938+0000] {processor.py:208} INFO - Processing /opt/airflow/dags/forex_ml_pipeline.py took 0.048 seconds
[2025-01-15T01:33:13.992+0000] {processor.py:186} INFO - Started process (PID=807) to work on /opt/airflow/dags/forex_ml_pipeline.py
[2025-01-15T01:33:13.995+0000] {processor.py:914} INFO - Processing file /opt/airflow/dags/forex_ml_pipeline.py for tasks to queue
[2025-01-15T01:33:13.997+0000] {logging_mixin.py:190} INFO - [2025-01-15T01:33:13.997+0000] {dagbag.py:588} INFO - Filling up the DagBag from /opt/airflow/dags/forex_ml_pipeline.py
[2025-01-15T01:33:14.016+0000] {logging_mixin.py:190} INFO - /opt/airflow
[2025-01-15T01:33:14.017+0000] {logging_mixin.py:190} INFO - None
[2025-01-15T01:33:14.018+0000] {processor.py:927} WARNING - No viable dags retrieved from /opt/airflow/dags/forex_ml_pipeline.py
[2025-01-15T01:33:14.031+0000] {processor.py:208} INFO - Processing /opt/airflow/dags/forex_ml_pipeline.py took 0.048 seconds
[2025-01-15T01:33:14.072+0000] {processor.py:186} INFO - Started process (PID=812) to work on /opt/airflow/dags/forex_ml_pipeline.py
[2025-01-15T01:33:14.073+0000] {processor.py:914} INFO - Processing file /opt/airflow/dags/forex_ml_pipeline.py for tasks to queue
[2025-01-15T01:33:14.075+0000] {logging_mixin.py:190} INFO - [2025-01-15T01:33:14.075+0000] {dagbag.py:588} INFO - Filling up the DagBag from /opt/airflow/dags/forex_ml_pipeline.py
[2025-01-15T01:33:14.097+0000] {logging_mixin.py:190} INFO - /opt/airflow
[2025-01-15T01:33:14.098+0000] {logging_mixin.py:190} INFO - None
[2025-01-15T01:33:14.099+0000] {processor.py:927} WARNING - No viable dags retrieved from /opt/airflow/dags/forex_ml_pipeline.py
[2025-01-15T01:33:14.112+0000] {processor.py:208} INFO - Processing /opt/airflow/dags/forex_ml_pipeline.py took 0.046 seconds
[2025-01-15T01:33:14.158+0000] {processor.py:186} INFO - Started process (PID=817) to work on /opt/airflow/dags/forex_ml_pipeline.py
[2025-01-15T01:33:14.160+0000] {processor.py:914} INFO - Processing file /opt/airflow/dags/forex_ml_pipeline.py for tasks to queue
[2025-01-15T01:33:14.161+0000] {logging_mixin.py:190} INFO - [2025-01-15T01:33:14.161+0000] {dagbag.py:588} INFO - Filling up the DagBag from /opt/airflow/dags/forex_ml_pipeline.py
[2025-01-15T01:33:14.181+0000] {logging_mixin.py:190} INFO - /opt/airflow
[2025-01-15T01:33:14.182+0000] {logging_mixin.py:190} INFO - None
[2025-01-15T01:33:14.183+0000] {processor.py:927} WARNING - No viable dags retrieved from /opt/airflow/dags/forex_ml_pipeline.py
[2025-01-15T01:33:14.196+0000] {processor.py:208} INFO - Processing /opt/airflow/dags/forex_ml_pipeline.py took 0.043 seconds
[2025-01-15T01:33:14.248+0000] {processor.py:186} INFO - Started process (PID=822) to work on /opt/airflow/dags/forex_ml_pipeline.py
[2025-01-15T01:33:14.250+0000] {processor.py:914} INFO - Processing file /opt/airflow/dags/forex_ml_pipeline.py for tasks to queue
[2025-01-15T01:33:14.251+0000] {logging_mixin.py:190} INFO - [2025-01-15T01:33:14.251+0000] {dagbag.py:588} INFO - Filling up the DagBag from /opt/airflow/dags/forex_ml_pipeline.py
[2025-01-15T01:33:14.269+0000] {logging_mixin.py:190} INFO - /opt/airflow
[2025-01-15T01:33:14.270+0000] {logging_mixin.py:190} INFO - None
[2025-01-15T01:33:14.270+0000] {processor.py:927} WARNING - No viable dags retrieved from /opt/airflow/dags/forex_ml_pipeline.py
[2025-01-15T01:33:14.283+0000] {processor.py:208} INFO - Processing /opt/airflow/dags/forex_ml_pipeline.py took 0.041 seconds
[2025-01-15T01:33:14.326+0000] {processor.py:186} INFO - Started process (PID=827) to work on /opt/airflow/dags/forex_ml_pipeline.py
[2025-01-15T01:33:14.327+0000] {processor.py:914} INFO - Processing file /opt/airflow/dags/forex_ml_pipeline.py for tasks to queue
[2025-01-15T01:33:14.329+0000] {logging_mixin.py:190} INFO - [2025-01-15T01:33:14.328+0000] {dagbag.py:588} INFO - Filling up the DagBag from /opt/airflow/dags/forex_ml_pipeline.py
[2025-01-15T01:33:14.346+0000] {logging_mixin.py:190} INFO - /opt/airflow
[2025-01-15T01:33:14.346+0000] {logging_mixin.py:190} INFO - None
[2025-01-15T01:33:14.347+0000] {processor.py:927} WARNING - No viable dags retrieved from /opt/airflow/dags/forex_ml_pipeline.py
[2025-01-15T01:33:14.358+0000] {processor.py:208} INFO - Processing /opt/airflow/dags/forex_ml_pipeline.py took 0.039 seconds
[2025-01-15T01:33:14.401+0000] {processor.py:186} INFO - Started process (PID=832) to work on /opt/airflow/dags/forex_ml_pipeline.py
[2025-01-15T01:33:14.402+0000] {processor.py:914} INFO - Processing file /opt/airflow/dags/forex_ml_pipeline.py for tasks to queue
[2025-01-15T01:33:14.403+0000] {logging_mixin.py:190} INFO - [2025-01-15T01:33:14.403+0000] {dagbag.py:588} INFO - Filling up the DagBag from /opt/airflow/dags/forex_ml_pipeline.py
[2025-01-15T01:33:14.418+0000] {logging_mixin.py:190} INFO - /opt/airflow
[2025-01-15T01:33:14.419+0000] {logging_mixin.py:190} INFO - None
[2025-01-15T01:33:14.420+0000] {processor.py:927} WARNING - No viable dags retrieved from /opt/airflow/dags/forex_ml_pipeline.py
[2025-01-15T01:33:14.433+0000] {processor.py:208} INFO - Processing /opt/airflow/dags/forex_ml_pipeline.py took 0.037 seconds
[2025-01-15T01:33:14.474+0000] {processor.py:186} INFO - Started process (PID=837) to work on /opt/airflow/dags/forex_ml_pipeline.py
[2025-01-15T01:33:14.475+0000] {processor.py:914} INFO - Processing file /opt/airflow/dags/forex_ml_pipeline.py for tasks to queue
[2025-01-15T01:33:14.476+0000] {logging_mixin.py:190} INFO - [2025-01-15T01:33:14.476+0000] {dagbag.py:588} INFO - Filling up the DagBag from /opt/airflow/dags/forex_ml_pipeline.py
[2025-01-15T01:33:14.492+0000] {logging_mixin.py:190} INFO - /opt/airflow
[2025-01-15T01:33:14.492+0000] {logging_mixin.py:190} INFO - None
[2025-01-15T01:33:14.493+0000] {processor.py:927} WARNING - No viable dags retrieved from /opt/airflow/dags/forex_ml_pipeline.py
[2025-01-15T01:33:14.503+0000] {processor.py:208} INFO - Processing /opt/airflow/dags/forex_ml_pipeline.py took 0.035 seconds
[2025-01-15T01:33:14.556+0000] {processor.py:186} INFO - Started process (PID=842) to work on /opt/airflow/dags/forex_ml_pipeline.py
[2025-01-15T01:33:14.558+0000] {processor.py:914} INFO - Processing file /opt/airflow/dags/forex_ml_pipeline.py for tasks to queue
[2025-01-15T01:33:14.559+0000] {logging_mixin.py:190} INFO - [2025-01-15T01:33:14.559+0000] {dagbag.py:588} INFO - Filling up the DagBag from /opt/airflow/dags/forex_ml_pipeline.py
[2025-01-15T01:33:14.587+0000] {logging_mixin.py:190} INFO - /opt/airflow
[2025-01-15T01:33:14.588+0000] {logging_mixin.py:190} INFO - None
[2025-01-15T01:33:14.588+0000] {processor.py:927} WARNING - No viable dags retrieved from /opt/airflow/dags/forex_ml_pipeline.py
[2025-01-15T01:33:14.601+0000] {processor.py:208} INFO - Processing /opt/airflow/dags/forex_ml_pipeline.py took 0.050 seconds
[2025-01-15T01:33:14.663+0000] {processor.py:186} INFO - Started process (PID=847) to work on /opt/airflow/dags/forex_ml_pipeline.py
[2025-01-15T01:33:14.665+0000] {processor.py:914} INFO - Processing file /opt/airflow/dags/forex_ml_pipeline.py for tasks to queue
[2025-01-15T01:33:14.667+0000] {logging_mixin.py:190} INFO - [2025-01-15T01:33:14.667+0000] {dagbag.py:588} INFO - Filling up the DagBag from /opt/airflow/dags/forex_ml_pipeline.py
[2025-01-15T01:33:14.699+0000] {logging_mixin.py:190} INFO - /opt/airflow
[2025-01-15T01:33:14.700+0000] {logging_mixin.py:190} INFO - None
[2025-01-15T01:33:14.701+0000] {processor.py:927} WARNING - No viable dags retrieved from /opt/airflow/dags/forex_ml_pipeline.py
[2025-01-15T01:33:14.717+0000] {processor.py:208} INFO - Processing /opt/airflow/dags/forex_ml_pipeline.py took 0.059 seconds
[2025-01-15T01:33:36.171+0000] {processor.py:186} INFO - Started process (PID=858) to work on /opt/airflow/dags/forex_ml_pipeline.py
[2025-01-15T01:33:36.172+0000] {processor.py:914} INFO - Processing file /opt/airflow/dags/forex_ml_pipeline.py for tasks to queue
[2025-01-15T01:33:36.174+0000] {logging_mixin.py:190} INFO - [2025-01-15T01:33:36.173+0000] {dagbag.py:588} INFO - Filling up the DagBag from /opt/airflow/dags/forex_ml_pipeline.py
[2025-01-15T01:33:36.244+0000] {logging_mixin.py:190} INFO - /opt/airflow
[2025-01-15T01:33:36.244+0000] {logging_mixin.py:190} INFO - None
[2025-01-15T01:33:36.245+0000] {processor.py:927} WARNING - No viable dags retrieved from /opt/airflow/dags/forex_ml_pipeline.py
[2025-01-15T01:33:36.259+0000] {processor.py:208} INFO - Processing /opt/airflow/dags/forex_ml_pipeline.py took 0.093 seconds
[2025-01-15T01:34:06.777+0000] {processor.py:186} INFO - Started process (PID=869) to work on /opt/airflow/dags/forex_ml_pipeline.py
[2025-01-15T01:34:06.786+0000] {processor.py:914} INFO - Processing file /opt/airflow/dags/forex_ml_pipeline.py for tasks to queue
[2025-01-15T01:34:06.789+0000] {logging_mixin.py:190} INFO - [2025-01-15T01:34:06.788+0000] {dagbag.py:588} INFO - Filling up the DagBag from /opt/airflow/dags/forex_ml_pipeline.py
[2025-01-15T01:34:06.838+0000] {logging_mixin.py:190} INFO - /opt/airflow
[2025-01-15T01:34:06.839+0000] {logging_mixin.py:190} INFO - None
[2025-01-15T01:34:06.840+0000] {processor.py:927} WARNING - No viable dags retrieved from /opt/airflow/dags/forex_ml_pipeline.py
[2025-01-15T01:34:06.862+0000] {processor.py:208} INFO - Processing /opt/airflow/dags/forex_ml_pipeline.py took 0.094 seconds
[2025-01-15T01:34:08.929+0000] {processor.py:186} INFO - Started process (PID=874) to work on /opt/airflow/dags/forex_ml_pipeline.py
[2025-01-15T01:34:08.930+0000] {processor.py:914} INFO - Processing file /opt/airflow/dags/forex_ml_pipeline.py for tasks to queue
[2025-01-15T01:34:08.932+0000] {logging_mixin.py:190} INFO - [2025-01-15T01:34:08.931+0000] {dagbag.py:588} INFO - Filling up the DagBag from /opt/airflow/dags/forex_ml_pipeline.py
[2025-01-15T01:34:08.979+0000] {logging_mixin.py:190} INFO - /opt
[2025-01-15T01:34:08.980+0000] {logging_mixin.py:190} INFO - None
[2025-01-15T01:34:08.981+0000] {processor.py:927} WARNING - No viable dags retrieved from /opt/airflow/dags/forex_ml_pipeline.py
[2025-01-15T01:34:08.991+0000] {processor.py:208} INFO - Processing /opt/airflow/dags/forex_ml_pipeline.py took 0.068 seconds
[2025-01-15T01:34:09.054+0000] {processor.py:186} INFO - Started process (PID=879) to work on /opt/airflow/dags/forex_ml_pipeline.py
[2025-01-15T01:34:09.056+0000] {processor.py:914} INFO - Processing file /opt/airflow/dags/forex_ml_pipeline.py for tasks to queue
[2025-01-15T01:34:09.058+0000] {logging_mixin.py:190} INFO - [2025-01-15T01:34:09.057+0000] {dagbag.py:588} INFO - Filling up the DagBag from /opt/airflow/dags/forex_ml_pipeline.py
[2025-01-15T01:34:09.083+0000] {logging_mixin.py:190} INFO - /opt
[2025-01-15T01:34:09.084+0000] {logging_mixin.py:190} INFO - None
[2025-01-15T01:34:09.084+0000] {processor.py:927} WARNING - No viable dags retrieved from /opt/airflow/dags/forex_ml_pipeline.py
[2025-01-15T01:34:09.096+0000] {processor.py:208} INFO - Processing /opt/airflow/dags/forex_ml_pipeline.py took 0.049 seconds
[2025-01-15T01:34:09.189+0000] {processor.py:186} INFO - Started process (PID=884) to work on /opt/airflow/dags/forex_ml_pipeline.py
[2025-01-15T01:34:09.195+0000] {processor.py:914} INFO - Processing file /opt/airflow/dags/forex_ml_pipeline.py for tasks to queue
[2025-01-15T01:34:09.201+0000] {logging_mixin.py:190} INFO - [2025-01-15T01:34:09.200+0000] {dagbag.py:588} INFO - Filling up the DagBag from /opt/airflow/dags/forex_ml_pipeline.py
[2025-01-15T01:34:09.246+0000] {logging_mixin.py:190} INFO - /opt
[2025-01-15T01:34:09.247+0000] {logging_mixin.py:190} INFO - None
[2025-01-15T01:34:09.248+0000] {processor.py:927} WARNING - No viable dags retrieved from /opt/airflow/dags/forex_ml_pipeline.py
[2025-01-15T01:34:09.265+0000] {processor.py:208} INFO - Processing /opt/airflow/dags/forex_ml_pipeline.py took 0.088 seconds
[2025-01-15T01:34:09.317+0000] {processor.py:186} INFO - Started process (PID=889) to work on /opt/airflow/dags/forex_ml_pipeline.py
[2025-01-15T01:34:09.319+0000] {processor.py:914} INFO - Processing file /opt/airflow/dags/forex_ml_pipeline.py for tasks to queue
[2025-01-15T01:34:09.320+0000] {logging_mixin.py:190} INFO - [2025-01-15T01:34:09.320+0000] {dagbag.py:588} INFO - Filling up the DagBag from /opt/airflow/dags/forex_ml_pipeline.py
[2025-01-15T01:34:09.339+0000] {logging_mixin.py:190} INFO - /opt
[2025-01-15T01:34:09.340+0000] {logging_mixin.py:190} INFO - None
[2025-01-15T01:34:09.340+0000] {processor.py:927} WARNING - No viable dags retrieved from /opt/airflow/dags/forex_ml_pipeline.py
[2025-01-15T01:34:09.357+0000] {processor.py:208} INFO - Processing /opt/airflow/dags/forex_ml_pipeline.py took 0.045 seconds
[2025-01-15T01:34:09.414+0000] {processor.py:186} INFO - Started process (PID=894) to work on /opt/airflow/dags/forex_ml_pipeline.py
[2025-01-15T01:34:09.416+0000] {processor.py:914} INFO - Processing file /opt/airflow/dags/forex_ml_pipeline.py for tasks to queue
[2025-01-15T01:34:09.418+0000] {logging_mixin.py:190} INFO - [2025-01-15T01:34:09.418+0000] {dagbag.py:588} INFO - Filling up the DagBag from /opt/airflow/dags/forex_ml_pipeline.py
[2025-01-15T01:34:09.439+0000] {logging_mixin.py:190} INFO - /opt
[2025-01-15T01:34:09.440+0000] {logging_mixin.py:190} INFO - None
[2025-01-15T01:34:09.440+0000] {processor.py:927} WARNING - No viable dags retrieved from /opt/airflow/dags/forex_ml_pipeline.py
[2025-01-15T01:34:09.453+0000] {processor.py:208} INFO - Processing /opt/airflow/dags/forex_ml_pipeline.py took 0.044 seconds
[2025-01-15T01:34:19.592+0000] {processor.py:186} INFO - Started process (PID=899) to work on /opt/airflow/dags/forex_ml_pipeline.py
[2025-01-15T01:34:19.593+0000] {processor.py:914} INFO - Processing file /opt/airflow/dags/forex_ml_pipeline.py for tasks to queue
[2025-01-15T01:34:19.594+0000] {logging_mixin.py:190} INFO - [2025-01-15T01:34:19.594+0000] {dagbag.py:588} INFO - Filling up the DagBag from /opt/airflow/dags/forex_ml_pipeline.py
[2025-01-15T01:34:19.634+0000] {logging_mixin.py:190} INFO - None
[2025-01-15T01:34:19.635+0000] {processor.py:927} WARNING - No viable dags retrieved from /opt/airflow/dags/forex_ml_pipeline.py
[2025-01-15T01:34:19.652+0000] {processor.py:208} INFO - Processing /opt/airflow/dags/forex_ml_pipeline.py took 0.067 seconds
[2025-01-15T01:34:23.772+0000] {processor.py:186} INFO - Started process (PID=904) to work on /opt/airflow/dags/forex_ml_pipeline.py
[2025-01-15T01:34:23.773+0000] {processor.py:914} INFO - Processing file /opt/airflow/dags/forex_ml_pipeline.py for tasks to queue
[2025-01-15T01:34:23.776+0000] {logging_mixin.py:190} INFO - [2025-01-15T01:34:23.775+0000] {dagbag.py:588} INFO - Filling up the DagBag from /opt/airflow/dags/forex_ml_pipeline.py
[2025-01-15T01:34:23.811+0000] {processor.py:927} WARNING - No viable dags retrieved from /opt/airflow/dags/forex_ml_pipeline.py
[2025-01-15T01:34:23.823+0000] {processor.py:208} INFO - Processing /opt/airflow/dags/forex_ml_pipeline.py took 0.057 seconds
[2025-01-15T01:34:34.106+0000] {processor.py:186} INFO - Started process (PID=915) to work on /opt/airflow/dags/forex_ml_pipeline.py
[2025-01-15T01:34:34.107+0000] {processor.py:914} INFO - Processing file /opt/airflow/dags/forex_ml_pipeline.py for tasks to queue
[2025-01-15T01:34:34.109+0000] {logging_mixin.py:190} INFO - [2025-01-15T01:34:34.109+0000] {dagbag.py:588} INFO - Filling up the DagBag from /opt/airflow/dags/forex_ml_pipeline.py
[2025-01-15T01:34:34.520+0000] {processor.py:925} INFO - DAG(s) 'forex_ml_pipeline' retrieved from /opt/airflow/dags/forex_ml_pipeline.py
[2025-01-15T01:34:34.615+0000] {logging_mixin.py:190} INFO - [2025-01-15T01:34:34.615+0000] {dag.py:3239} INFO - Sync 1 DAGs
[2025-01-15T01:34:34.638+0000] {logging_mixin.py:190} INFO - [2025-01-15T01:34:34.638+0000] {dag.py:4180} INFO - Setting next_dagrun for forex_ml_pipeline to 2025-01-12 12:00:00+00:00, run_after=2025-01-19 12:00:00+00:00
[2025-01-15T01:34:34.670+0000] {processor.py:208} INFO - Processing /opt/airflow/dags/forex_ml_pipeline.py took 0.570 seconds
[2025-01-15T01:34:34.726+0000] {processor.py:186} INFO - Started process (PID=921) to work on /opt/airflow/dags/forex_ml_pipeline.py
[2025-01-15T01:34:34.728+0000] {processor.py:914} INFO - Processing file /opt/airflow/dags/forex_ml_pipeline.py for tasks to queue
[2025-01-15T01:34:34.729+0000] {logging_mixin.py:190} INFO - [2025-01-15T01:34:34.729+0000] {dagbag.py:588} INFO - Filling up the DagBag from /opt/airflow/dags/forex_ml_pipeline.py
[2025-01-15T01:34:35.059+0000] {processor.py:925} INFO - DAG(s) 'forex_ml_pipeline' retrieved from /opt/airflow/dags/forex_ml_pipeline.py
[2025-01-15T01:34:35.070+0000] {logging_mixin.py:190} INFO - [2025-01-15T01:34:35.069+0000] {dag.py:3239} INFO - Sync 1 DAGs
[2025-01-15T01:34:35.091+0000] {logging_mixin.py:190} INFO - [2025-01-15T01:34:35.091+0000] {dag.py:4180} INFO - Setting next_dagrun for forex_ml_pipeline to 2025-01-12 12:00:00+00:00, run_after=2025-01-19 12:00:00+00:00
[2025-01-15T01:34:35.115+0000] {processor.py:208} INFO - Processing /opt/airflow/dags/forex_ml_pipeline.py took 0.394 seconds
[2025-01-15T01:34:35.169+0000] {processor.py:186} INFO - Started process (PID=927) to work on /opt/airflow/dags/forex_ml_pipeline.py
[2025-01-15T01:34:35.170+0000] {processor.py:914} INFO - Processing file /opt/airflow/dags/forex_ml_pipeline.py for tasks to queue
[2025-01-15T01:34:35.171+0000] {logging_mixin.py:190} INFO - [2025-01-15T01:34:35.171+0000] {dagbag.py:588} INFO - Filling up the DagBag from /opt/airflow/dags/forex_ml_pipeline.py
[2025-01-15T01:34:35.486+0000] {processor.py:925} INFO - DAG(s) 'forex_ml_pipeline' retrieved from /opt/airflow/dags/forex_ml_pipeline.py
[2025-01-15T01:34:35.499+0000] {logging_mixin.py:190} INFO - [2025-01-15T01:34:35.498+0000] {dag.py:3239} INFO - Sync 1 DAGs
[2025-01-15T01:34:35.526+0000] {logging_mixin.py:190} INFO - [2025-01-15T01:34:35.526+0000] {dag.py:4180} INFO - Setting next_dagrun for forex_ml_pipeline to 2025-01-12 12:00:00+00:00, run_after=2025-01-19 12:00:00+00:00
[2025-01-15T01:34:35.546+0000] {processor.py:208} INFO - Processing /opt/airflow/dags/forex_ml_pipeline.py took 0.383 seconds
