[2025-01-27T01:11:44.400+0000] {processor.py:186} INFO - Started process (PID=199) to work on /opt/airflow/dags/forex_ml_pipeline.py
[2025-01-27T01:11:44.401+0000] {processor.py:914} INFO - Processing file /opt/airflow/dags/forex_ml_pipeline.py for tasks to queue
[2025-01-27T01:11:44.404+0000] {logging_mixin.py:190} INFO - [2025-01-27T01:11:44.403+0000] {dagbag.py:588} INFO - Filling up the DagBag from /opt/airflow/dags/forex_ml_pipeline.py
[2025-01-27T01:11:45.482+0000] {processor.py:925} INFO - DAG(s) 'forex_ml_pipeline' retrieved from /opt/airflow/dags/forex_ml_pipeline.py
[2025-01-27T01:11:45.785+0000] {logging_mixin.py:190} INFO - [2025-01-27T01:11:45.784+0000] {dag.py:3239} INFO - Sync 1 DAGs
[2025-01-27T01:11:45.819+0000] {logging_mixin.py:190} INFO - [2025-01-27T01:11:45.818+0000] {dag.py:4180} INFO - Setting next_dagrun for forex_ml_pipeline to 2025-01-26 12:00:00+00:00, run_after=2025-02-02 12:00:00+00:00
[2025-01-27T01:11:45.855+0000] {processor.py:208} INFO - Processing /opt/airflow/dags/forex_ml_pipeline.py took 1.462 seconds
[2025-01-27T01:12:16.396+0000] {processor.py:186} INFO - Started process (PID=244) to work on /opt/airflow/dags/forex_ml_pipeline.py
[2025-01-27T01:12:16.399+0000] {processor.py:914} INFO - Processing file /opt/airflow/dags/forex_ml_pipeline.py for tasks to queue
[2025-01-27T01:12:16.404+0000] {logging_mixin.py:190} INFO - [2025-01-27T01:12:16.403+0000] {dagbag.py:588} INFO - Filling up the DagBag from /opt/airflow/dags/forex_ml_pipeline.py
[2025-01-27T01:12:17.444+0000] {processor.py:925} INFO - DAG(s) 'forex_ml_pipeline' retrieved from /opt/airflow/dags/forex_ml_pipeline.py
[2025-01-27T01:12:17.466+0000] {logging_mixin.py:190} INFO - [2025-01-27T01:12:17.465+0000] {dag.py:3239} INFO - Sync 1 DAGs
[2025-01-27T01:12:17.503+0000] {logging_mixin.py:190} INFO - [2025-01-27T01:12:17.502+0000] {dag.py:4180} INFO - Setting next_dagrun for forex_ml_pipeline to 2025-01-26 12:00:00+00:00, run_after=2025-02-02 12:00:00+00:00
[2025-01-27T01:12:17.558+0000] {processor.py:208} INFO - Processing /opt/airflow/dags/forex_ml_pipeline.py took 1.173 seconds
[2025-01-27T01:12:47.942+0000] {processor.py:186} INFO - Started process (PID=261) to work on /opt/airflow/dags/forex_ml_pipeline.py
[2025-01-27T01:12:47.944+0000] {processor.py:914} INFO - Processing file /opt/airflow/dags/forex_ml_pipeline.py for tasks to queue
[2025-01-27T01:12:47.948+0000] {logging_mixin.py:190} INFO - [2025-01-27T01:12:47.948+0000] {dagbag.py:588} INFO - Filling up the DagBag from /opt/airflow/dags/forex_ml_pipeline.py
[2025-01-27T01:12:48.962+0000] {processor.py:925} INFO - DAG(s) 'forex_ml_pipeline' retrieved from /opt/airflow/dags/forex_ml_pipeline.py
[2025-01-27T01:12:48.984+0000] {logging_mixin.py:190} INFO - [2025-01-27T01:12:48.984+0000] {dag.py:3239} INFO - Sync 1 DAGs
[2025-01-27T01:12:49.025+0000] {logging_mixin.py:190} INFO - [2025-01-27T01:12:49.024+0000] {dag.py:4180} INFO - Setting next_dagrun for forex_ml_pipeline to 2025-01-26 12:00:00+00:00, run_after=2025-02-02 12:00:00+00:00
[2025-01-27T01:12:49.071+0000] {processor.py:208} INFO - Processing /opt/airflow/dags/forex_ml_pipeline.py took 1.140 seconds
[2025-01-27T01:13:19.741+0000] {processor.py:186} INFO - Started process (PID=273) to work on /opt/airflow/dags/forex_ml_pipeline.py
[2025-01-27T01:13:19.743+0000] {processor.py:914} INFO - Processing file /opt/airflow/dags/forex_ml_pipeline.py for tasks to queue
[2025-01-27T01:13:19.747+0000] {logging_mixin.py:190} INFO - [2025-01-27T01:13:19.746+0000] {dagbag.py:588} INFO - Filling up the DagBag from /opt/airflow/dags/forex_ml_pipeline.py
[2025-01-27T01:13:20.772+0000] {processor.py:925} INFO - DAG(s) 'forex_ml_pipeline' retrieved from /opt/airflow/dags/forex_ml_pipeline.py
[2025-01-27T01:13:20.796+0000] {logging_mixin.py:190} INFO - [2025-01-27T01:13:20.795+0000] {dag.py:3239} INFO - Sync 1 DAGs
[2025-01-27T01:13:20.829+0000] {logging_mixin.py:190} INFO - [2025-01-27T01:13:20.829+0000] {dag.py:4180} INFO - Setting next_dagrun for forex_ml_pipeline to 2025-01-26 12:00:00+00:00, run_after=2025-02-02 12:00:00+00:00
[2025-01-27T01:13:20.859+0000] {processor.py:208} INFO - Processing /opt/airflow/dags/forex_ml_pipeline.py took 1.126 seconds
[2025-01-27T01:13:51.149+0000] {processor.py:186} INFO - Started process (PID=313) to work on /opt/airflow/dags/forex_ml_pipeline.py
[2025-01-27T01:13:51.151+0000] {processor.py:914} INFO - Processing file /opt/airflow/dags/forex_ml_pipeline.py for tasks to queue
[2025-01-27T01:13:51.158+0000] {logging_mixin.py:190} INFO - [2025-01-27T01:13:51.157+0000] {dagbag.py:588} INFO - Filling up the DagBag from /opt/airflow/dags/forex_ml_pipeline.py
[2025-01-27T01:13:52.154+0000] {processor.py:925} INFO - DAG(s) 'forex_ml_pipeline' retrieved from /opt/airflow/dags/forex_ml_pipeline.py
[2025-01-27T01:13:52.178+0000] {logging_mixin.py:190} INFO - [2025-01-27T01:13:52.177+0000] {dag.py:3239} INFO - Sync 1 DAGs
[2025-01-27T01:13:52.204+0000] {logging_mixin.py:190} INFO - [2025-01-27T01:13:52.204+0000] {dag.py:4180} INFO - Setting next_dagrun for forex_ml_pipeline to 2025-01-26 12:00:00+00:00, run_after=2025-02-02 12:00:00+00:00
[2025-01-27T01:13:52.230+0000] {processor.py:208} INFO - Processing /opt/airflow/dags/forex_ml_pipeline.py took 1.090 seconds
[2025-01-27T01:14:23.022+0000] {processor.py:186} INFO - Started process (PID=325) to work on /opt/airflow/dags/forex_ml_pipeline.py
[2025-01-27T01:14:23.023+0000] {processor.py:914} INFO - Processing file /opt/airflow/dags/forex_ml_pipeline.py for tasks to queue
[2025-01-27T01:14:23.026+0000] {logging_mixin.py:190} INFO - [2025-01-27T01:14:23.026+0000] {dagbag.py:588} INFO - Filling up the DagBag from /opt/airflow/dags/forex_ml_pipeline.py
[2025-01-27T01:14:24.011+0000] {processor.py:925} INFO - DAG(s) 'forex_ml_pipeline' retrieved from /opt/airflow/dags/forex_ml_pipeline.py
[2025-01-27T01:14:24.043+0000] {logging_mixin.py:190} INFO - [2025-01-27T01:14:24.042+0000] {dag.py:3239} INFO - Sync 1 DAGs
[2025-01-27T01:14:24.076+0000] {logging_mixin.py:190} INFO - [2025-01-27T01:14:24.075+0000] {dag.py:4180} INFO - Setting next_dagrun for forex_ml_pipeline to 2025-01-26 12:00:00+00:00, run_after=2025-02-02 12:00:00+00:00
[2025-01-27T01:14:24.119+0000] {processor.py:208} INFO - Processing /opt/airflow/dags/forex_ml_pipeline.py took 1.108 seconds
[2025-01-27T01:14:54.547+0000] {processor.py:186} INFO - Started process (PID=337) to work on /opt/airflow/dags/forex_ml_pipeline.py
[2025-01-27T01:14:54.550+0000] {processor.py:914} INFO - Processing file /opt/airflow/dags/forex_ml_pipeline.py for tasks to queue
[2025-01-27T01:14:54.554+0000] {logging_mixin.py:190} INFO - [2025-01-27T01:14:54.553+0000] {dagbag.py:588} INFO - Filling up the DagBag from /opt/airflow/dags/forex_ml_pipeline.py
[2025-01-27T01:14:55.086+0000] {processor.py:925} INFO - DAG(s) 'forex_ml_pipeline' retrieved from /opt/airflow/dags/forex_ml_pipeline.py
[2025-01-27T01:14:55.106+0000] {logging_mixin.py:190} INFO - [2025-01-27T01:14:55.105+0000] {dag.py:3239} INFO - Sync 1 DAGs
[2025-01-27T01:14:54.474+0000] {logging_mixin.py:190} INFO - [2025-01-27T01:14:54.474+0000] {dag.py:4180} INFO - Setting next_dagrun for forex_ml_pipeline to 2025-01-26 12:00:00+00:00, run_after=2025-02-02 12:00:00+00:00
[2025-01-27T01:14:54.502+0000] {processor.py:208} INFO - Processing /opt/airflow/dags/forex_ml_pipeline.py took 1.025 seconds
[2025-01-27T01:15:25.034+0000] {processor.py:186} INFO - Started process (PID=350) to work on /opt/airflow/dags/forex_ml_pipeline.py
[2025-01-27T01:15:25.035+0000] {processor.py:914} INFO - Processing file /opt/airflow/dags/forex_ml_pipeline.py for tasks to queue
[2025-01-27T01:15:25.038+0000] {logging_mixin.py:190} INFO - [2025-01-27T01:15:25.037+0000] {dagbag.py:588} INFO - Filling up the DagBag from /opt/airflow/dags/forex_ml_pipeline.py
[2025-01-27T01:15:25.539+0000] {processor.py:925} INFO - DAG(s) 'forex_ml_pipeline' retrieved from /opt/airflow/dags/forex_ml_pipeline.py
[2025-01-27T01:15:25.550+0000] {logging_mixin.py:190} INFO - [2025-01-27T01:15:25.550+0000] {dag.py:3239} INFO - Sync 1 DAGs
[2025-01-27T01:15:25.568+0000] {logging_mixin.py:190} INFO - [2025-01-27T01:15:25.568+0000] {dag.py:4180} INFO - Setting next_dagrun for forex_ml_pipeline to 2025-01-26 12:00:00+00:00, run_after=2025-02-02 12:00:00+00:00
[2025-01-27T01:15:25.587+0000] {processor.py:208} INFO - Processing /opt/airflow/dags/forex_ml_pipeline.py took 0.557 seconds
[2025-01-27T01:15:56.016+0000] {processor.py:186} INFO - Started process (PID=391) to work on /opt/airflow/dags/forex_ml_pipeline.py
[2025-01-27T01:15:56.018+0000] {processor.py:914} INFO - Processing file /opt/airflow/dags/forex_ml_pipeline.py for tasks to queue
[2025-01-27T01:15:56.021+0000] {logging_mixin.py:190} INFO - [2025-01-27T01:15:56.021+0000] {dagbag.py:588} INFO - Filling up the DagBag from /opt/airflow/dags/forex_ml_pipeline.py
[2025-01-27T01:15:56.656+0000] {processor.py:925} INFO - DAG(s) 'forex_ml_pipeline' retrieved from /opt/airflow/dags/forex_ml_pipeline.py
[2025-01-27T01:15:56.669+0000] {logging_mixin.py:190} INFO - [2025-01-27T01:15:56.668+0000] {dag.py:3239} INFO - Sync 1 DAGs
[2025-01-27T01:15:56.688+0000] {logging_mixin.py:190} INFO - [2025-01-27T01:15:56.687+0000] {dag.py:4180} INFO - Setting next_dagrun for forex_ml_pipeline to 2025-01-26 12:00:00+00:00, run_after=2025-02-02 12:00:00+00:00
[2025-01-27T01:15:56.709+0000] {processor.py:208} INFO - Processing /opt/airflow/dags/forex_ml_pipeline.py took 0.698 seconds
[2025-01-27T01:16:26.873+0000] {processor.py:186} INFO - Started process (PID=402) to work on /opt/airflow/dags/forex_ml_pipeline.py
[2025-01-27T01:16:26.875+0000] {processor.py:914} INFO - Processing file /opt/airflow/dags/forex_ml_pipeline.py for tasks to queue
[2025-01-27T01:16:26.878+0000] {logging_mixin.py:190} INFO - [2025-01-27T01:16:26.878+0000] {dagbag.py:588} INFO - Filling up the DagBag from /opt/airflow/dags/forex_ml_pipeline.py
[2025-01-27T01:16:27.416+0000] {processor.py:925} INFO - DAG(s) 'forex_ml_pipeline' retrieved from /opt/airflow/dags/forex_ml_pipeline.py
[2025-01-27T01:16:27.430+0000] {logging_mixin.py:190} INFO - [2025-01-27T01:16:27.430+0000] {dag.py:3239} INFO - Sync 1 DAGs
[2025-01-27T01:16:27.451+0000] {logging_mixin.py:190} INFO - [2025-01-27T01:16:27.451+0000] {dag.py:4180} INFO - Setting next_dagrun for forex_ml_pipeline to 2025-01-26 12:00:00+00:00, run_after=2025-02-02 12:00:00+00:00
[2025-01-27T01:16:27.475+0000] {processor.py:208} INFO - Processing /opt/airflow/dags/forex_ml_pipeline.py took 0.606 seconds
