[2025-01-15T08:06:26.484+0000] {manager.py:483} INFO - Processing files using up to 2 processes at a time 
[2025-01-15T08:06:26.485+0000] {manager.py:484} INFO - Process each file at most once every 30 seconds
[2025-01-15T08:06:26.485+0000] {manager.py:485} INFO - Checking for new files in /opt/airflow/dags every 300 seconds
[2025-01-15T08:06:26.486+0000] {manager.py:821} INFO - Searching for files in /opt/airflow/dags
[2025-01-15T08:06:26.619+0000] {manager.py:824} INFO - There are 1 files in /opt/airflow/dags
[2025-01-15T08:06:26.708+0000] {manager.py:997} INFO - 
================================================================================
DAG File Processing Stats

File Path                                 PID  Runtime      # DAGs    # Errors  Last Runtime    Last Run      Last # of DB Queries
--------------------------------------  -----  ---------  --------  ----------  --------------  ----------  ----------------------
/opt/airflow/dags/forex_ml_pipeline.py    187  0.02s             0           0                                                   0
================================================================================
[2025-01-15T08:06:56.946+0000] {manager.py:997} INFO - 
================================================================================
DAG File Processing Stats

File Path                               PID    Runtime      # DAGs    # Errors  Last Runtime    Last Run               Last # of DB Queries
--------------------------------------  -----  ---------  --------  ----------  --------------  -------------------  ----------------------
/opt/airflow/dags/forex_ml_pipeline.py                           1           0  2.28s           2025-01-15T08:06:28                      35
================================================================================
[2025-01-15T08:07:27.069+0000] {manager.py:997} INFO - 
================================================================================
DAG File Processing Stats

File Path                               PID    Runtime      # DAGs    # Errors  Last Runtime    Last Run               Last # of DB Queries
--------------------------------------  -----  ---------  --------  ----------  --------------  -------------------  ----------------------
/opt/airflow/dags/forex_ml_pipeline.py                           1           0  0.73s           2025-01-15T08:06:59                      35
================================================================================
[2025-01-15T08:07:57.658+0000] {manager.py:997} INFO - 
================================================================================
DAG File Processing Stats

File Path                               PID    Runtime      # DAGs    # Errors  Last Runtime    Last Run               Last # of DB Queries
--------------------------------------  -----  ---------  --------  ----------  --------------  -------------------  ----------------------
/opt/airflow/dags/forex_ml_pipeline.py                           1           0  0.67s           2025-01-15T08:07:30                      35
================================================================================
[2025-01-15T08:08:27.910+0000] {manager.py:997} INFO - 
================================================================================
DAG File Processing Stats

File Path                               PID    Runtime      # DAGs    # Errors  Last Runtime    Last Run               Last # of DB Queries
--------------------------------------  -----  ---------  --------  ----------  --------------  -------------------  ----------------------
/opt/airflow/dags/forex_ml_pipeline.py                           1           0  0.60s           2025-01-15T08:08:11                      12
================================================================================
[2025-01-15T08:08:57.939+0000] {manager.py:997} INFO - 
================================================================================
DAG File Processing Stats

File Path                               PID    Runtime      # DAGs    # Errors  Last Runtime    Last Run               Last # of DB Queries
--------------------------------------  -----  ---------  --------  ----------  --------------  -------------------  ----------------------
/opt/airflow/dags/forex_ml_pipeline.py                           1           0  0.73s           2025-01-15T08:08:42                      35
================================================================================
[2025-01-15T08:09:28.833+0000] {manager.py:997} INFO - 
================================================================================
DAG File Processing Stats

File Path                               PID    Runtime      # DAGs    # Errors  Last Runtime    Last Run               Last # of DB Queries
--------------------------------------  -----  ---------  --------  ----------  --------------  -------------------  ----------------------
/opt/airflow/dags/forex_ml_pipeline.py                           1           0  0.65s           2025-01-15T08:09:13                      35
================================================================================
[2025-01-15T08:09:58.778+0000] {manager.py:997} INFO - 
================================================================================
DAG File Processing Stats

File Path                               PID    Runtime      # DAGs    # Errors  Last Runtime    Last Run               Last # of DB Queries
--------------------------------------  -----  ---------  --------  ----------  --------------  -------------------  ----------------------
/opt/airflow/dags/forex_ml_pipeline.py                           1           0  0.68s           2025-01-15T08:09:44                      13
================================================================================
[2025-01-15T08:10:28.994+0000] {manager.py:997} INFO - 
================================================================================
DAG File Processing Stats

File Path                               PID    Runtime      # DAGs    # Errors  Last Runtime    Last Run               Last # of DB Queries
--------------------------------------  -----  ---------  --------  ----------  --------------  -------------------  ----------------------
/opt/airflow/dags/forex_ml_pipeline.py                           1           0  0.72s           2025-01-15T08:10:15                      13
================================================================================
[2025-01-15T08:10:59.129+0000] {manager.py:997} INFO - 
================================================================================
DAG File Processing Stats

File Path                               PID    Runtime      # DAGs    # Errors  Last Runtime    Last Run               Last # of DB Queries
--------------------------------------  -----  ---------  --------  ----------  --------------  -------------------  ----------------------
/opt/airflow/dags/forex_ml_pipeline.py                           1           0  0.70s           2025-01-15T08:10:46                      13
================================================================================
[2025-01-15T08:11:26.928+0000] {manager.py:821} INFO - Searching for files in /opt/airflow/dags
[2025-01-15T08:11:27.087+0000] {manager.py:824} INFO - There are 1 files in /opt/airflow/dags
[2025-01-15T08:11:29.127+0000] {manager.py:997} INFO - 
================================================================================
DAG File Processing Stats

File Path                               PID    Runtime      # DAGs    # Errors  Last Runtime    Last Run               Last # of DB Queries
--------------------------------------  -----  ---------  --------  ----------  --------------  -------------------  ----------------------
/opt/airflow/dags/forex_ml_pipeline.py                           1           0  0.75s           2025-01-15T08:11:17                      35
================================================================================
[2025-01-15T08:11:59.521+0000] {manager.py:997} INFO - 
================================================================================
DAG File Processing Stats

File Path                               PID    Runtime      # DAGs    # Errors  Last Runtime    Last Run               Last # of DB Queries
--------------------------------------  -----  ---------  --------  ----------  --------------  -------------------  ----------------------
/opt/airflow/dags/forex_ml_pipeline.py                           1           0  0.64s           2025-01-15T08:11:48                      35
================================================================================
[2025-01-15T08:12:29.794+0000] {manager.py:997} INFO - 
================================================================================
DAG File Processing Stats

File Path                               PID    Runtime      # DAGs    # Errors  Last Runtime    Last Run               Last # of DB Queries
--------------------------------------  -----  ---------  --------  ----------  --------------  -------------------  ----------------------
/opt/airflow/dags/forex_ml_pipeline.py                           1           0  0.66s           2025-01-15T08:12:19                      35
================================================================================
[2025-01-15T08:13:00.246+0000] {manager.py:997} INFO - 
================================================================================
DAG File Processing Stats

File Path                               PID    Runtime      # DAGs    # Errors  Last Runtime    Last Run               Last # of DB Queries
--------------------------------------  -----  ---------  --------  ----------  --------------  -------------------  ----------------------
/opt/airflow/dags/forex_ml_pipeline.py                           1           0  0.58s           2025-01-15T08:12:50                      13
================================================================================
[2025-01-15T08:13:30.487+0000] {manager.py:997} INFO - 
================================================================================
DAG File Processing Stats

File Path                               PID    Runtime      # DAGs    # Errors  Last Runtime    Last Run               Last # of DB Queries
--------------------------------------  -----  ---------  --------  ----------  --------------  -------------------  ----------------------
/opt/airflow/dags/forex_ml_pipeline.py                           1           0  0.68s           2025-01-15T08:13:21                      35
================================================================================
[2025-01-15T08:14:00.411+0000] {manager.py:997} INFO - 
================================================================================
DAG File Processing Stats

File Path                               PID    Runtime      # DAGs    # Errors  Last Runtime    Last Run               Last # of DB Queries
--------------------------------------  -----  ---------  --------  ----------  --------------  -------------------  ----------------------
/opt/airflow/dags/forex_ml_pipeline.py                           1           0  0.74s           2025-01-15T08:13:52                      35
================================================================================
[2025-01-15T08:14:30.748+0000] {manager.py:997} INFO - 
================================================================================
DAG File Processing Stats

File Path                               PID    Runtime      # DAGs    # Errors  Last Runtime    Last Run               Last # of DB Queries
--------------------------------------  -----  ---------  --------  ----------  --------------  -------------------  ----------------------
/opt/airflow/dags/forex_ml_pipeline.py                           1           0  0.62s           2025-01-15T08:14:23                      13
================================================================================
[2025-01-15T08:15:00.953+0000] {manager.py:997} INFO - 
================================================================================
DAG File Processing Stats

File Path                               PID    Runtime      # DAGs    # Errors  Last Runtime    Last Run               Last # of DB Queries
--------------------------------------  -----  ---------  --------  ----------  --------------  -------------------  ----------------------
/opt/airflow/dags/forex_ml_pipeline.py                           1           0  0.71s           2025-01-15T08:14:54                      13
================================================================================
[2025-01-15T08:15:31.272+0000] {manager.py:997} INFO - 
================================================================================
DAG File Processing Stats

File Path                               PID    Runtime      # DAGs    # Errors  Last Runtime    Last Run               Last # of DB Queries
--------------------------------------  -----  ---------  --------  ----------  --------------  -------------------  ----------------------
/opt/airflow/dags/forex_ml_pipeline.py                           1           0  0.61s           2025-01-15T08:15:24                      13
================================================================================
[2025-01-15T08:16:01.427+0000] {manager.py:997} INFO - 
================================================================================
DAG File Processing Stats

File Path                               PID    Runtime      # DAGs    # Errors  Last Runtime    Last Run               Last # of DB Queries
--------------------------------------  -----  ---------  --------  ----------  --------------  -------------------  ----------------------
/opt/airflow/dags/forex_ml_pipeline.py                           1           0  0.73s           2025-01-15T08:15:55                      35
================================================================================
[2025-01-15T08:16:27.708+0000] {manager.py:821} INFO - Searching for files in /opt/airflow/dags
[2025-01-15T08:16:27.929+0000] {manager.py:824} INFO - There are 1 files in /opt/airflow/dags
[2025-01-15T08:16:31.912+0000] {manager.py:997} INFO - 
================================================================================
DAG File Processing Stats

File Path                               PID    Runtime      # DAGs    # Errors  Last Runtime    Last Run               Last # of DB Queries
--------------------------------------  -----  ---------  --------  ----------  --------------  -------------------  ----------------------
/opt/airflow/dags/forex_ml_pipeline.py                           1           0  0.70s           2025-01-15T08:16:26                      35
================================================================================
[2025-01-15T08:17:02.309+0000] {manager.py:997} INFO - 
================================================================================
DAG File Processing Stats

File Path                               PID    Runtime      # DAGs    # Errors  Last Runtime    Last Run               Last # of DB Queries
--------------------------------------  -----  ---------  --------  ----------  --------------  -------------------  ----------------------
/opt/airflow/dags/forex_ml_pipeline.py                           1           0  0.56s           2025-01-15T08:16:57                      13
================================================================================
[2025-01-15T08:17:32.655+0000] {manager.py:997} INFO - 
================================================================================
DAG File Processing Stats

File Path                               PID    Runtime      # DAGs    # Errors  Last Runtime    Last Run               Last # of DB Queries
--------------------------------------  -----  ---------  --------  ----------  --------------  -------------------  ----------------------
/opt/airflow/dags/forex_ml_pipeline.py                           1           0  0.53s           2025-01-15T08:17:28                      13
================================================================================
[2025-01-15T08:18:02.677+0000] {manager.py:997} INFO - 
================================================================================
DAG File Processing Stats

File Path                               PID    Runtime      # DAGs    # Errors  Last Runtime    Last Run               Last # of DB Queries
--------------------------------------  -----  ---------  --------  ----------  --------------  -------------------  ----------------------
/opt/airflow/dags/forex_ml_pipeline.py                           1           0  0.54s           2025-01-15T08:17:59                      13
================================================================================
[2025-01-15T08:18:32.684+0000] {manager.py:997} INFO - 
================================================================================
DAG File Processing Stats

File Path                               PID    Runtime      # DAGs    # Errors  Last Runtime    Last Run               Last # of DB Queries
--------------------------------------  -----  ---------  --------  ----------  --------------  -------------------  ----------------------
/opt/airflow/dags/forex_ml_pipeline.py                           1           0  0.61s           2025-01-15T08:18:30                      13
================================================================================
[2025-01-15T08:19:02.970+0000] {manager.py:997} INFO - 
================================================================================
DAG File Processing Stats

File Path                               PID    Runtime      # DAGs    # Errors  Last Runtime    Last Run               Last # of DB Queries
--------------------------------------  -----  ---------  --------  ----------  --------------  -------------------  ----------------------
/opt/airflow/dags/forex_ml_pipeline.py                           1           0  0.60s           2025-01-15T08:19:01                      35
================================================================================
[2025-01-15T08:19:33.243+0000] {manager.py:997} INFO - 
================================================================================
DAG File Processing Stats

File Path                               PID    Runtime      # DAGs    # Errors  Last Runtime    Last Run               Last # of DB Queries
--------------------------------------  -----  ---------  --------  ----------  --------------  -------------------  ----------------------
/opt/airflow/dags/forex_ml_pipeline.py                           1           0  0.74s           2025-01-15T08:19:32                      35
================================================================================
[2025-01-15T08:20:03.265+0000] {manager.py:997} INFO - 
================================================================================
DAG File Processing Stats

File Path                               PID    Runtime      # DAGs    # Errors  Last Runtime    Last Run               Last # of DB Queries
--------------------------------------  -----  ---------  --------  ----------  --------------  -------------------  ----------------------
/opt/airflow/dags/forex_ml_pipeline.py                           1           0  0.70s           2025-01-15T08:20:03                      13
================================================================================
[2025-01-15T08:20:33.187+0000] {manager.py:997} INFO - 
================================================================================
DAG File Processing Stats

File Path                               PID    Runtime      # DAGs    # Errors  Last Runtime    Last Run               Last # of DB Queries
--------------------------------------  -----  ---------  --------  ----------  --------------  -------------------  ----------------------
/opt/airflow/dags/forex_ml_pipeline.py                           1           0  0.70s           2025-01-15T08:20:03                      13
================================================================================
[2025-01-15T08:21:03.491+0000] {manager.py:997} INFO - 
================================================================================
DAG File Processing Stats

File Path                               PID    Runtime      # DAGs    # Errors  Last Runtime    Last Run               Last # of DB Queries
--------------------------------------  -----  ---------  --------  ----------  --------------  -------------------  ----------------------
/opt/airflow/dags/forex_ml_pipeline.py                           1           0  0.54s           2025-01-15T08:20:34                      13
================================================================================
[2025-01-15T08:21:28.256+0000] {manager.py:821} INFO - Searching for files in /opt/airflow/dags
[2025-01-15T08:21:28.402+0000] {manager.py:824} INFO - There are 1 files in /opt/airflow/dags
[2025-01-15T08:21:33.483+0000] {manager.py:997} INFO - 
================================================================================
DAG File Processing Stats

File Path                               PID    Runtime      # DAGs    # Errors  Last Runtime    Last Run               Last # of DB Queries
--------------------------------------  -----  ---------  --------  ----------  --------------  -------------------  ----------------------
/opt/airflow/dags/forex_ml_pipeline.py                           1           0  0.58s           2025-01-15T08:21:05                      13
================================================================================
[2025-01-15T08:22:03.750+0000] {manager.py:997} INFO - 
================================================================================
DAG File Processing Stats

File Path                               PID    Runtime      # DAGs    # Errors  Last Runtime    Last Run               Last # of DB Queries
--------------------------------------  -----  ---------  --------  ----------  --------------  -------------------  ----------------------
/opt/airflow/dags/forex_ml_pipeline.py                           1           0  0.60s           2025-01-15T08:21:35                      13
================================================================================
[2025-01-15T08:22:34.075+0000] {manager.py:997} INFO - 
================================================================================
DAG File Processing Stats

File Path                               PID    Runtime      # DAGs    # Errors  Last Runtime    Last Run               Last # of DB Queries
--------------------------------------  -----  ---------  --------  ----------  --------------  -------------------  ----------------------
/opt/airflow/dags/forex_ml_pipeline.py                           1           0  0.64s           2025-01-15T08:22:06                      35
================================================================================
[2025-01-15T08:23:04.115+0000] {manager.py:997} INFO - 
================================================================================
DAG File Processing Stats

File Path                               PID    Runtime      # DAGs    # Errors  Last Runtime    Last Run               Last # of DB Queries
--------------------------------------  -----  ---------  --------  ----------  --------------  -------------------  ----------------------
/opt/airflow/dags/forex_ml_pipeline.py                           1           0  0.69s           2025-01-15T08:22:37                      35
================================================================================
[2025-01-15T08:23:34.841+0000] {manager.py:997} INFO - 
================================================================================
DAG File Processing Stats

File Path                               PID    Runtime      # DAGs    # Errors  Last Runtime    Last Run               Last # of DB Queries
--------------------------------------  -----  ---------  --------  ----------  --------------  -------------------  ----------------------
/opt/airflow/dags/forex_ml_pipeline.py                           1           0  0.56s           2025-01-15T08:23:08                      13
================================================================================
[2025-01-15T08:24:04.828+0000] {manager.py:997} INFO - 
================================================================================
DAG File Processing Stats

File Path                               PID    Runtime      # DAGs    # Errors  Last Runtime    Last Run               Last # of DB Queries
--------------------------------------  -----  ---------  --------  ----------  --------------  -------------------  ----------------------
/opt/airflow/dags/forex_ml_pipeline.py                           1           0  0.63s           2025-01-15T08:23:39                      13
================================================================================
[2025-01-15T08:24:34.793+0000] {manager.py:997} INFO - 
================================================================================
DAG File Processing Stats

File Path                               PID    Runtime      # DAGs    # Errors  Last Runtime    Last Run               Last # of DB Queries
--------------------------------------  -----  ---------  --------  ----------  --------------  -------------------  ----------------------
/opt/airflow/dags/forex_ml_pipeline.py                           1           0  0.65s           2025-01-15T08:24:10                      13
================================================================================
[2025-01-15T08:25:04.784+0000] {manager.py:997} INFO - 
================================================================================
DAG File Processing Stats

File Path                               PID    Runtime      # DAGs    # Errors  Last Runtime    Last Run               Last # of DB Queries
--------------------------------------  -----  ---------  --------  ----------  --------------  -------------------  ----------------------
/opt/airflow/dags/forex_ml_pipeline.py                           1           0  0.63s           2025-01-15T08:24:41                      13
================================================================================
[2025-01-15T08:25:34.730+0000] {manager.py:997} INFO - 
================================================================================
DAG File Processing Stats

File Path                               PID    Runtime      # DAGs    # Errors  Last Runtime    Last Run               Last # of DB Queries
--------------------------------------  -----  ---------  --------  ----------  --------------  -------------------  ----------------------
/opt/airflow/dags/forex_ml_pipeline.py                           1           0  0.52s           2025-01-15T08:25:12                      13
================================================================================
[2025-01-15T08:26:05.413+0000] {manager.py:997} INFO - 
================================================================================
DAG File Processing Stats

File Path                                 PID  Runtime      # DAGs    # Errors  Last Runtime    Last Run               Last # of DB Queries
--------------------------------------  -----  ---------  --------  ----------  --------------  -------------------  ----------------------
/opt/airflow/dags/forex_ml_pipeline.py    688  0.00s             1           0  0.66s           2025-01-15T08:25:43                      13
================================================================================
[2025-01-15T08:26:28.899+0000] {manager.py:821} INFO - Searching for files in /opt/airflow/dags
[2025-01-15T08:26:29.118+0000] {manager.py:824} INFO - There are 1 files in /opt/airflow/dags
[2025-01-15T08:26:36.267+0000] {manager.py:997} INFO - 
================================================================================
DAG File Processing Stats

File Path                                 PID  Runtime      # DAGs    # Errors  Last Runtime    Last Run               Last # of DB Queries
--------------------------------------  -----  ---------  --------  ----------  --------------  -------------------  ----------------------
/opt/airflow/dags/forex_ml_pipeline.py    700  0.00s             0           1  0.53s           2025-01-15T08:26:05                       3
================================================================================
[2025-01-15T08:27:06.671+0000] {manager.py:997} INFO - 
================================================================================
DAG File Processing Stats

File Path                               PID    Runtime      # DAGs    # Errors  Last Runtime    Last Run               Last # of DB Queries
--------------------------------------  -----  ---------  --------  ----------  --------------  -------------------  ----------------------
/opt/airflow/dags/forex_ml_pipeline.py                           0           1  0.54s           2025-01-15T08:26:36                       5
================================================================================
[2025-01-15T08:27:37.179+0000] {manager.py:997} INFO - 
================================================================================
DAG File Processing Stats

File Path                               PID    Runtime      # DAGs    # Errors  Last Runtime    Last Run               Last # of DB Queries
--------------------------------------  -----  ---------  --------  ----------  --------------  -------------------  ----------------------
/opt/airflow/dags/forex_ml_pipeline.py                           0           1  0.57s           2025-01-15T08:27:07                       5
================================================================================
[2025-01-15T08:28:07.157+0000] {manager.py:997} INFO - 
================================================================================
DAG File Processing Stats

File Path                               PID    Runtime      # DAGs    # Errors  Last Runtime    Last Run               Last # of DB Queries
--------------------------------------  -----  ---------  --------  ----------  --------------  -------------------  ----------------------
/opt/airflow/dags/forex_ml_pipeline.py                           0           1  0.63s           2025-01-15T08:27:38                       5
================================================================================
[2025-01-15T08:28:37.069+0000] {manager.py:997} INFO - 
================================================================================
DAG File Processing Stats

File Path                               PID    Runtime      # DAGs    # Errors  Last Runtime    Last Run               Last # of DB Queries
--------------------------------------  -----  ---------  --------  ----------  --------------  -------------------  ----------------------
/opt/airflow/dags/forex_ml_pipeline.py                           0           1  0.48s           2025-01-15T08:28:16                       5
================================================================================
[2025-01-15T08:29:07.100+0000] {manager.py:997} INFO - 
================================================================================
DAG File Processing Stats

File Path                               PID    Runtime      # DAGs    # Errors  Last Runtime    Last Run               Last # of DB Queries
--------------------------------------  -----  ---------  --------  ----------  --------------  -------------------  ----------------------
/opt/airflow/dags/forex_ml_pipeline.py                           0           1  0.53s           2025-01-15T08:29:05                       5
================================================================================
[2025-01-15T08:29:37.297+0000] {manager.py:997} INFO - 
================================================================================
DAG File Processing Stats

File Path                               PID    Runtime      # DAGs    # Errors  Last Runtime    Last Run               Last # of DB Queries
--------------------------------------  -----  ---------  --------  ----------  --------------  -------------------  ----------------------
/opt/airflow/dags/forex_ml_pipeline.py                           0           1  0.50s           2025-01-15T08:29:35                       5
================================================================================
[2025-01-15T08:30:07.578+0000] {manager.py:997} INFO - 
================================================================================
DAG File Processing Stats

File Path                               PID    Runtime      # DAGs    # Errors  Last Runtime    Last Run               Last # of DB Queries
--------------------------------------  -----  ---------  --------  ----------  --------------  -------------------  ----------------------
/opt/airflow/dags/forex_ml_pipeline.py                           0           1  0.67s           2025-01-15T08:30:06                       5
================================================================================
[2025-01-15T08:30:38.050+0000] {manager.py:997} INFO - 
================================================================================
DAG File Processing Stats

File Path                               PID    Runtime      # DAGs    # Errors  Last Runtime    Last Run               Last # of DB Queries
--------------------------------------  -----  ---------  --------  ----------  --------------  -------------------  ----------------------
/opt/airflow/dags/forex_ml_pipeline.py                           0           1  0.53s           2025-01-15T08:30:37                       5
================================================================================
[2025-01-15T08:31:08.060+0000] {manager.py:997} INFO - 
================================================================================
DAG File Processing Stats

File Path                               PID    Runtime      # DAGs    # Errors  Last Runtime    Last Run               Last # of DB Queries
--------------------------------------  -----  ---------  --------  ----------  --------------  -------------------  ----------------------
/opt/airflow/dags/forex_ml_pipeline.py                           0           1  0.60s           2025-01-15T08:30:44                       5
================================================================================
[2025-01-15T08:31:29.157+0000] {manager.py:821} INFO - Searching for files in /opt/airflow/dags
[2025-01-15T08:31:29.462+0000] {manager.py:824} INFO - There are 1 files in /opt/airflow/dags
[2025-01-15T08:31:38.584+0000] {manager.py:997} INFO - 
================================================================================
DAG File Processing Stats

File Path                               PID    Runtime      # DAGs    # Errors  Last Runtime    Last Run               Last # of DB Queries
--------------------------------------  -----  ---------  --------  ----------  --------------  -------------------  ----------------------
/opt/airflow/dags/forex_ml_pipeline.py                           0           1  0.55s           2025-01-15T08:31:15                       5
================================================================================
[2025-01-15T08:32:08.667+0000] {manager.py:997} INFO - 
================================================================================
DAG File Processing Stats

File Path                               PID    Runtime      # DAGs    # Errors  Last Runtime    Last Run               Last # of DB Queries
--------------------------------------  -----  ---------  --------  ----------  --------------  -------------------  ----------------------
/opt/airflow/dags/forex_ml_pipeline.py                           0           1  0.56s           2025-01-15T08:31:46                       5
================================================================================
[2025-01-15T08:32:38.617+0000] {manager.py:997} INFO - 
================================================================================
DAG File Processing Stats

File Path                               PID    Runtime      # DAGs    # Errors  Last Runtime    Last Run               Last # of DB Queries
--------------------------------------  -----  ---------  --------  ----------  --------------  -------------------  ----------------------
/opt/airflow/dags/forex_ml_pipeline.py                           0           1  0.62s           2025-01-15T08:32:17                       5
================================================================================
[2025-01-15T08:33:08.948+0000] {manager.py:997} INFO - 
================================================================================
DAG File Processing Stats

File Path                               PID    Runtime      # DAGs    # Errors  Last Runtime    Last Run               Last # of DB Queries
--------------------------------------  -----  ---------  --------  ----------  --------------  -------------------  ----------------------
/opt/airflow/dags/forex_ml_pipeline.py                           0           1  0.69s           2025-01-15T08:32:48                       5
================================================================================
[2025-01-15T08:33:39.158+0000] {manager.py:997} INFO - 
================================================================================
DAG File Processing Stats

File Path                               PID    Runtime      # DAGs    # Errors  Last Runtime    Last Run               Last # of DB Queries
--------------------------------------  -----  ---------  --------  ----------  --------------  -------------------  ----------------------
/opt/airflow/dags/forex_ml_pipeline.py                           0           1  0.54s           2025-01-15T08:33:18                       5
================================================================================
[2025-01-15T08:34:09.105+0000] {manager.py:997} INFO - 
================================================================================
DAG File Processing Stats

File Path                               PID    Runtime      # DAGs    # Errors  Last Runtime    Last Run               Last # of DB Queries
--------------------------------------  -----  ---------  --------  ----------  --------------  -------------------  ----------------------
/opt/airflow/dags/forex_ml_pipeline.py                           0           1  0.67s           2025-01-15T08:33:50                       5
================================================================================
[2025-01-15T08:34:39.120+0000] {manager.py:997} INFO - 
================================================================================
DAG File Processing Stats

File Path                               PID    Runtime      # DAGs    # Errors  Last Runtime    Last Run               Last # of DB Queries
--------------------------------------  -----  ---------  --------  ----------  --------------  -------------------  ----------------------
/opt/airflow/dags/forex_ml_pipeline.py                           0           1  0.71s           2025-01-15T08:34:20                       5
================================================================================
[2025-01-15T08:35:09.100+0000] {manager.py:997} INFO - 
================================================================================
DAG File Processing Stats

File Path                               PID    Runtime      # DAGs    # Errors  Last Runtime    Last Run               Last # of DB Queries
--------------------------------------  -----  ---------  --------  ----------  --------------  -------------------  ----------------------
/opt/airflow/dags/forex_ml_pipeline.py                           0           1  0.67s           2025-01-15T08:34:51                       5
================================================================================
[2025-01-15T08:35:39.469+0000] {manager.py:997} INFO - 
================================================================================
DAG File Processing Stats

File Path                               PID    Runtime      # DAGs    # Errors  Last Runtime    Last Run               Last # of DB Queries
--------------------------------------  -----  ---------  --------  ----------  --------------  -------------------  ----------------------
/opt/airflow/dags/forex_ml_pipeline.py                           0           1  0.64s           2025-01-15T08:35:14                       5
================================================================================
[2025-01-15T08:36:09.611+0000] {manager.py:997} INFO - 
================================================================================
DAG File Processing Stats

File Path                               PID    Runtime      # DAGs    # Errors  Last Runtime    Last Run               Last # of DB Queries
--------------------------------------  -----  ---------  --------  ----------  --------------  -------------------  ----------------------
/opt/airflow/dags/forex_ml_pipeline.py                           0           1  0.57s           2025-01-15T08:35:45                       5
================================================================================
[2025-01-15T08:36:29.292+0000] {manager.py:821} INFO - Searching for files in /opt/airflow/dags
[2025-01-15T08:36:29.448+0000] {manager.py:824} INFO - There are 1 files in /opt/airflow/dags
[2025-01-15T08:36:39.600+0000] {manager.py:997} INFO - 
================================================================================
DAG File Processing Stats

File Path                               PID    Runtime      # DAGs    # Errors  Last Runtime    Last Run               Last # of DB Queries
--------------------------------------  -----  ---------  --------  ----------  --------------  -------------------  ----------------------
/opt/airflow/dags/forex_ml_pipeline.py                           0           1  0.54s           2025-01-15T08:36:16                       5
================================================================================
[2025-01-15T08:37:09.852+0000] {manager.py:997} INFO - 
================================================================================
DAG File Processing Stats

File Path                               PID    Runtime      # DAGs    # Errors  Last Runtime    Last Run               Last # of DB Queries
--------------------------------------  -----  ---------  --------  ----------  --------------  -------------------  ----------------------
/opt/airflow/dags/forex_ml_pipeline.py                           0           1  0.54s           2025-01-15T08:36:46                       5
================================================================================
[2025-01-15T08:37:39.795+0000] {manager.py:997} INFO - 
================================================================================
DAG File Processing Stats

File Path                               PID    Runtime      # DAGs    # Errors  Last Runtime    Last Run               Last # of DB Queries
--------------------------------------  -----  ---------  --------  ----------  --------------  -------------------  ----------------------
/opt/airflow/dags/forex_ml_pipeline.py                           0           1  0.70s           2025-01-15T08:37:17                       5
================================================================================
[2025-01-15T08:38:09.817+0000] {manager.py:997} INFO - 
================================================================================
DAG File Processing Stats

File Path                               PID    Runtime      # DAGs    # Errors  Last Runtime    Last Run               Last # of DB Queries
--------------------------------------  -----  ---------  --------  ----------  --------------  -------------------  ----------------------
/opt/airflow/dags/forex_ml_pipeline.py                           0           1  0.71s           2025-01-15T08:37:48                       5
================================================================================
[2025-01-15T08:38:40.135+0000] {manager.py:997} INFO - 
================================================================================
DAG File Processing Stats

File Path                               PID    Runtime      # DAGs    # Errors  Last Runtime    Last Run               Last # of DB Queries
--------------------------------------  -----  ---------  --------  ----------  --------------  -------------------  ----------------------
/opt/airflow/dags/forex_ml_pipeline.py                           0           1  0.54s           2025-01-15T08:38:19                       5
================================================================================
[2025-01-15T08:39:10.322+0000] {manager.py:997} INFO - 
================================================================================
DAG File Processing Stats

File Path                               PID    Runtime      # DAGs    # Errors  Last Runtime    Last Run               Last # of DB Queries
--------------------------------------  -----  ---------  --------  ----------  --------------  -------------------  ----------------------
/opt/airflow/dags/forex_ml_pipeline.py                           1           0  0.74s           2025-01-15T08:38:50                      35
================================================================================
[2025-01-15T08:39:40.530+0000] {manager.py:997} INFO - 
================================================================================
DAG File Processing Stats

File Path                               PID    Runtime      # DAGs    # Errors  Last Runtime    Last Run               Last # of DB Queries
--------------------------------------  -----  ---------  --------  ----------  --------------  -------------------  ----------------------
/opt/airflow/dags/forex_ml_pipeline.py                           1           0  0.65s           2025-01-15T08:39:21                      13
================================================================================
[2025-01-15T08:40:10.749+0000] {manager.py:997} INFO - 
================================================================================
DAG File Processing Stats

File Path                               PID    Runtime      # DAGs    # Errors  Last Runtime    Last Run               Last # of DB Queries
--------------------------------------  -----  ---------  --------  ----------  --------------  -------------------  ----------------------
/opt/airflow/dags/forex_ml_pipeline.py                           1           0  0.60s           2025-01-15T08:39:51                      13
================================================================================
[2025-01-15T08:40:40.868+0000] {manager.py:997} INFO - 
================================================================================
DAG File Processing Stats

File Path                               PID    Runtime      # DAGs    # Errors  Last Runtime    Last Run               Last # of DB Queries
--------------------------------------  -----  ---------  --------  ----------  --------------  -------------------  ----------------------
/opt/airflow/dags/forex_ml_pipeline.py                           1           0  0.69s           2025-01-15T08:40:22                      13
================================================================================
[2025-01-15T08:41:10.922+0000] {manager.py:997} INFO - 
================================================================================
DAG File Processing Stats

File Path                               PID    Runtime      # DAGs    # Errors  Last Runtime    Last Run               Last # of DB Queries
--------------------------------------  -----  ---------  --------  ----------  --------------  -------------------  ----------------------
/opt/airflow/dags/forex_ml_pipeline.py                           1           0  0.68s           2025-01-15T08:40:53                      13
================================================================================
[2025-01-15T08:41:29.479+0000] {manager.py:821} INFO - Searching for files in /opt/airflow/dags
[2025-01-15T08:41:29.643+0000] {manager.py:824} INFO - There are 1 files in /opt/airflow/dags
[2025-01-15T08:41:41.795+0000] {manager.py:997} INFO - 
================================================================================
DAG File Processing Stats

File Path                               PID    Runtime      # DAGs    # Errors  Last Runtime    Last Run               Last # of DB Queries
--------------------------------------  -----  ---------  --------  ----------  --------------  -------------------  ----------------------
/opt/airflow/dags/forex_ml_pipeline.py                           1           0  0.62s           2025-01-15T08:41:24                      13
================================================================================
[2025-01-15T08:42:11.908+0000] {manager.py:997} INFO - 
================================================================================
DAG File Processing Stats

File Path                               PID    Runtime      # DAGs    # Errors  Last Runtime    Last Run               Last # of DB Queries
--------------------------------------  -----  ---------  --------  ----------  --------------  -------------------  ----------------------
/opt/airflow/dags/forex_ml_pipeline.py                           1           0  0.70s           2025-01-15T08:41:55                      13
================================================================================
[2025-01-15T08:42:42.299+0000] {manager.py:997} INFO - 
================================================================================
DAG File Processing Stats

File Path                               PID    Runtime      # DAGs    # Errors  Last Runtime    Last Run               Last # of DB Queries
--------------------------------------  -----  ---------  --------  ----------  --------------  -------------------  ----------------------
/opt/airflow/dags/forex_ml_pipeline.py                           1           0  0.53s           2025-01-15T08:42:26                      13
================================================================================
[2025-01-15T08:43:12.586+0000] {manager.py:997} INFO - 
================================================================================
DAG File Processing Stats

File Path                               PID    Runtime      # DAGs    # Errors  Last Runtime    Last Run               Last # of DB Queries
--------------------------------------  -----  ---------  --------  ----------  --------------  -------------------  ----------------------
/opt/airflow/dags/forex_ml_pipeline.py                           1           0  0.55s           2025-01-15T08:42:57                      13
================================================================================
[2025-01-15T08:43:43.362+0000] {manager.py:997} INFO - 
================================================================================
DAG File Processing Stats

File Path                               PID    Runtime      # DAGs    # Errors  Last Runtime    Last Run               Last # of DB Queries
--------------------------------------  -----  ---------  --------  ----------  --------------  -------------------  ----------------------
/opt/airflow/dags/forex_ml_pipeline.py                           1           0  0.53s           2025-01-15T08:43:28                      13
================================================================================
[2025-01-15T08:44:13.384+0000] {manager.py:997} INFO - 
================================================================================
DAG File Processing Stats

File Path                               PID    Runtime      # DAGs    # Errors  Last Runtime    Last Run               Last # of DB Queries
--------------------------------------  -----  ---------  --------  ----------  --------------  -------------------  ----------------------
/opt/airflow/dags/forex_ml_pipeline.py                           1           0  0.71s           2025-01-15T08:43:59                      13
================================================================================
[2025-01-15T08:44:43.287+0000] {manager.py:997} INFO - 
================================================================================
DAG File Processing Stats

File Path                               PID    Runtime      # DAGs    # Errors  Last Runtime    Last Run               Last # of DB Queries
--------------------------------------  -----  ---------  --------  ----------  --------------  -------------------  ----------------------
/opt/airflow/dags/forex_ml_pipeline.py                           1           0  0.53s           2025-01-15T08:44:30                      13
================================================================================
[2025-01-15T08:45:13.577+0000] {manager.py:997} INFO - 
================================================================================
DAG File Processing Stats

File Path                               PID    Runtime      # DAGs    # Errors  Last Runtime    Last Run               Last # of DB Queries
--------------------------------------  -----  ---------  --------  ----------  --------------  -------------------  ----------------------
/opt/airflow/dags/forex_ml_pipeline.py                           1           0  0.58s           2025-01-15T08:45:00                      13
================================================================================
[2025-01-15T08:45:43.782+0000] {manager.py:997} INFO - 
================================================================================
DAG File Processing Stats

File Path                               PID    Runtime      # DAGs    # Errors  Last Runtime    Last Run               Last # of DB Queries
--------------------------------------  -----  ---------  --------  ----------  --------------  -------------------  ----------------------
/opt/airflow/dags/forex_ml_pipeline.py                           1           0  0.56s           2025-01-15T08:45:31                      13
================================================================================
[2025-01-15T08:46:14.138+0000] {manager.py:997} INFO - 
================================================================================
DAG File Processing Stats

File Path                               PID    Runtime      # DAGs    # Errors  Last Runtime    Last Run               Last # of DB Queries
--------------------------------------  -----  ---------  --------  ----------  --------------  -------------------  ----------------------
/opt/airflow/dags/forex_ml_pipeline.py                           1           0  0.61s           2025-01-15T08:46:02                      13
================================================================================
[2025-01-15T08:46:29.617+0000] {manager.py:821} INFO - Searching for files in /opt/airflow/dags
[2025-01-15T08:46:29.856+0000] {manager.py:824} INFO - There are 1 files in /opt/airflow/dags
[2025-01-15T08:46:44.366+0000] {manager.py:997} INFO - 
================================================================================
DAG File Processing Stats

File Path                               PID    Runtime      # DAGs    # Errors  Last Runtime    Last Run               Last # of DB Queries
--------------------------------------  -----  ---------  --------  ----------  --------------  -------------------  ----------------------
/opt/airflow/dags/forex_ml_pipeline.py                           1           0  0.68s           2025-01-15T08:46:33                      13
================================================================================
[2025-01-15T08:47:14.466+0000] {manager.py:997} INFO - 
================================================================================
DAG File Processing Stats

File Path                               PID    Runtime      # DAGs    # Errors  Last Runtime    Last Run               Last # of DB Queries
--------------------------------------  -----  ---------  --------  ----------  --------------  -------------------  ----------------------
/opt/airflow/dags/forex_ml_pipeline.py                           1           0  0.73s           2025-01-15T08:47:10                      35
================================================================================
[2025-01-15T08:47:45.257+0000] {manager.py:997} INFO - 
================================================================================
DAG File Processing Stats

File Path                               PID    Runtime      # DAGs    # Errors  Last Runtime    Last Run               Last # of DB Queries
--------------------------------------  -----  ---------  --------  ----------  --------------  -------------------  ----------------------
/opt/airflow/dags/forex_ml_pipeline.py                           1           0  0.62s           2025-01-15T08:47:41                      13
================================================================================
[2025-01-15T08:48:15.440+0000] {manager.py:997} INFO - 
================================================================================
DAG File Processing Stats

File Path                               PID    Runtime      # DAGs    # Errors  Last Runtime    Last Run               Last # of DB Queries
--------------------------------------  -----  ---------  --------  ----------  --------------  -------------------  ----------------------
/opt/airflow/dags/forex_ml_pipeline.py                           1           0  0.71s           2025-01-15T08:48:11                      13
================================================================================
[2025-01-15T08:48:45.342+0000] {manager.py:997} INFO - 
================================================================================
DAG File Processing Stats

File Path                               PID    Runtime      # DAGs    # Errors  Last Runtime    Last Run               Last # of DB Queries
--------------------------------------  -----  ---------  --------  ----------  --------------  -------------------  ----------------------
/opt/airflow/dags/forex_ml_pipeline.py                           1           0  0.66s           2025-01-15T08:48:42                      13
================================================================================
[2025-01-15T08:49:15.373+0000] {manager.py:997} INFO - 
================================================================================
DAG File Processing Stats

File Path                               PID    Runtime      # DAGs    # Errors  Last Runtime    Last Run               Last # of DB Queries
--------------------------------------  -----  ---------  --------  ----------  --------------  -------------------  ----------------------
/opt/airflow/dags/forex_ml_pipeline.py                           1           0  0.69s           2025-01-15T08:49:13                      13
================================================================================
[2025-01-15T08:49:45.356+0000] {manager.py:997} INFO - 
================================================================================
DAG File Processing Stats

File Path                               PID    Runtime      # DAGs    # Errors  Last Runtime    Last Run               Last # of DB Queries
--------------------------------------  -----  ---------  --------  ----------  --------------  -------------------  ----------------------
/opt/airflow/dags/forex_ml_pipeline.py                           1           0  0.79s           2025-01-15T08:49:44                      13
================================================================================
[2025-01-15T08:50:15.327+0000] {manager.py:997} INFO - 
================================================================================
DAG File Processing Stats

File Path                               PID    Runtime      # DAGs    # Errors  Last Runtime    Last Run               Last # of DB Queries
--------------------------------------  -----  ---------  --------  ----------  --------------  -------------------  ----------------------
/opt/airflow/dags/forex_ml_pipeline.py                           1           0  0.61s           2025-01-15T08:50:15                      13
================================================================================
[2025-01-15T08:50:45.621+0000] {manager.py:997} INFO - 
================================================================================
DAG File Processing Stats

File Path                                 PID  Runtime      # DAGs    # Errors  Last Runtime    Last Run               Last # of DB Queries
--------------------------------------  -----  ---------  --------  ----------  --------------  -------------------  ----------------------
/opt/airflow/dags/forex_ml_pipeline.py   1325  0.00s             1           0  0.61s           2025-01-15T08:50:15                      13
================================================================================
[2025-01-15T08:51:15.537+0000] {manager.py:997} INFO - 
================================================================================
DAG File Processing Stats

File Path                               PID    Runtime      # DAGs    # Errors  Last Runtime    Last Run               Last # of DB Queries
--------------------------------------  -----  ---------  --------  ----------  --------------  -------------------  ----------------------
/opt/airflow/dags/forex_ml_pipeline.py                           1           0  0.65s           2025-01-15T08:50:46                      13
================================================================================
[2025-01-15T08:51:30.031+0000] {manager.py:821} INFO - Searching for files in /opt/airflow/dags
[2025-01-15T08:51:30.225+0000] {manager.py:824} INFO - There are 1 files in /opt/airflow/dags
[2025-01-15T08:51:45.780+0000] {manager.py:997} INFO - 
================================================================================
DAG File Processing Stats

File Path                               PID    Runtime      # DAGs    # Errors  Last Runtime    Last Run               Last # of DB Queries
--------------------------------------  -----  ---------  --------  ----------  --------------  -------------------  ----------------------
/opt/airflow/dags/forex_ml_pipeline.py                           1           0  0.64s           2025-01-15T08:51:16                      13
================================================================================
[2025-01-15T08:52:16.060+0000] {manager.py:997} INFO - 
================================================================================
DAG File Processing Stats

File Path                               PID    Runtime      # DAGs    # Errors  Last Runtime    Last Run               Last # of DB Queries
--------------------------------------  -----  ---------  --------  ----------  --------------  -------------------  ----------------------
/opt/airflow/dags/forex_ml_pipeline.py                           1           0  0.83s           2025-01-15T08:51:48                      13
================================================================================
[2025-01-15T08:52:46.283+0000] {manager.py:997} INFO - 
================================================================================
DAG File Processing Stats

File Path                               PID    Runtime      # DAGs    # Errors  Last Runtime    Last Run               Last # of DB Queries
--------------------------------------  -----  ---------  --------  ----------  --------------  -------------------  ----------------------
/opt/airflow/dags/forex_ml_pipeline.py                           1           0  0.56s           2025-01-15T08:52:19                      13
================================================================================
[2025-01-15T08:53:16.264+0000] {manager.py:997} INFO - 
================================================================================
DAG File Processing Stats

File Path                               PID    Runtime      # DAGs    # Errors  Last Runtime    Last Run               Last # of DB Queries
--------------------------------------  -----  ---------  --------  ----------  --------------  -------------------  ----------------------
/opt/airflow/dags/forex_ml_pipeline.py                           1           0  0.63s           2025-01-15T08:52:49                      13
================================================================================
[2025-01-15T08:53:46.194+0000] {manager.py:997} INFO - 
================================================================================
DAG File Processing Stats

File Path                               PID    Runtime      # DAGs    # Errors  Last Runtime    Last Run               Last # of DB Queries
--------------------------------------  -----  ---------  --------  ----------  --------------  -------------------  ----------------------
/opt/airflow/dags/forex_ml_pipeline.py                           1           0  0.72s           2025-01-15T08:53:21                      13
================================================================================
[2025-01-15T08:54:16.547+0000] {manager.py:997} INFO - 
================================================================================
DAG File Processing Stats

File Path                               PID    Runtime      # DAGs    # Errors  Last Runtime    Last Run               Last # of DB Queries
--------------------------------------  -----  ---------  --------  ----------  --------------  -------------------  ----------------------
/opt/airflow/dags/forex_ml_pipeline.py                           1           0  0.57s           2025-01-15T08:53:51                      13
================================================================================
[2025-01-15T08:54:46.832+0000] {manager.py:997} INFO - 
================================================================================
DAG File Processing Stats

File Path                               PID    Runtime      # DAGs    # Errors  Last Runtime    Last Run               Last # of DB Queries
--------------------------------------  -----  ---------  --------  ----------  --------------  -------------------  ----------------------
/opt/airflow/dags/forex_ml_pipeline.py                           1           0  0.56s           2025-01-15T08:54:22                      13
================================================================================
[2025-01-15T08:55:17.186+0000] {manager.py:997} INFO - 
================================================================================
DAG File Processing Stats

File Path                               PID    Runtime      # DAGs    # Errors  Last Runtime    Last Run               Last # of DB Queries
--------------------------------------  -----  ---------  --------  ----------  --------------  -------------------  ----------------------
/opt/airflow/dags/forex_ml_pipeline.py                           1           0  0.42s           2025-01-15T08:54:53                      13
================================================================================
[2025-01-15T08:55:47.423+0000] {manager.py:997} INFO - 
================================================================================
DAG File Processing Stats

File Path                               PID    Runtime      # DAGs    # Errors  Last Runtime    Last Run               Last # of DB Queries
--------------------------------------  -----  ---------  --------  ----------  --------------  -------------------  ----------------------
/opt/airflow/dags/forex_ml_pipeline.py                           1           0  0.57s           2025-01-15T08:55:24                      13
================================================================================
[2025-01-15T08:56:17.314+0000] {manager.py:997} INFO - 
================================================================================
DAG File Processing Stats

File Path                               PID    Runtime      # DAGs    # Errors  Last Runtime    Last Run               Last # of DB Queries
--------------------------------------  -----  ---------  --------  ----------  --------------  -------------------  ----------------------
/opt/airflow/dags/forex_ml_pipeline.py                           1           0  0.61s           2025-01-15T08:55:55                      13
================================================================================
[2025-01-15T08:56:30.741+0000] {manager.py:821} INFO - Searching for files in /opt/airflow/dags
[2025-01-15T08:56:30.904+0000] {manager.py:824} INFO - There are 1 files in /opt/airflow/dags
[2025-01-15T08:56:48.107+0000] {manager.py:997} INFO - 
================================================================================
DAG File Processing Stats

File Path                               PID    Runtime      # DAGs    # Errors  Last Runtime    Last Run               Last # of DB Queries
--------------------------------------  -----  ---------  --------  ----------  --------------  -------------------  ----------------------
/opt/airflow/dags/forex_ml_pipeline.py                           1           0  0.58s           2025-01-15T08:56:25                      13
================================================================================
[2025-01-15T08:57:11.428+0000] {manager.py:465} INFO - Exiting gracefully upon receiving signal 15
