[2025-01-15T01:23:19.753+0000] {local_task_job_runner.py:123} INFO - ::group::Pre task execution logs
[2025-01-15T01:23:19.765+0000] {taskinstance.py:2613} INFO - Dependencies all met for dep_context=non-requeueable deps ti=<TaskInstance: forex_ml_pipeline.pull_forex_data manual__2025-01-15T01:23:18.140276+00:00 [queued]>
[2025-01-15T01:23:19.771+0000] {taskinstance.py:2613} INFO - Dependencies all met for dep_context=requeueable deps ti=<TaskInstance: forex_ml_pipeline.pull_forex_data manual__2025-01-15T01:23:18.140276+00:00 [queued]>
[2025-01-15T01:23:19.772+0000] {taskinstance.py:2866} INFO - Starting attempt 1 of 6
[2025-01-15T01:23:19.786+0000] {taskinstance.py:2889} INFO - Executing <Task(PythonOperator): pull_forex_data> on 2025-01-15 01:23:18.140276+00:00
[2025-01-15T01:23:19.793+0000] {standard_task_runner.py:104} INFO - Running: ['***', 'tasks', 'run', 'forex_ml_pipeline', 'pull_forex_data', 'manual__2025-01-15T01:23:18.140276+00:00', '--job-id', '62', '--raw', '--subdir', 'DAGS_FOLDER/forex_ml_pipeline.py', '--cfg-path', '/tmp/tmpwu9tpgy7']
[2025-01-15T01:23:19.795+0000] {logging_mixin.py:190} WARNING - /home/***/.local/lib/python3.12/site-packages/***/task/task_runner/standard_task_runner.py:70 DeprecationWarning: This process (pid=302) is multi-threaded, use of fork() may lead to deadlocks in the child.
[2025-01-15T01:23:19.796+0000] {standard_task_runner.py:105} INFO - Job 62: Subtask pull_forex_data
[2025-01-15T01:23:19.797+0000] {standard_task_runner.py:72} INFO - Started process 304 to run task
[2025-01-15T01:23:19.851+0000] {task_command.py:467} INFO - Running <TaskInstance: forex_ml_pipeline.pull_forex_data manual__2025-01-15T01:23:18.140276+00:00 [running]> on host 81d5d5f5f7ac
[2025-01-15T01:23:19.927+0000] {taskinstance.py:3132} INFO - Exporting env vars: AIRFLOW_CTX_DAG_OWNER='mikhail' AIRFLOW_CTX_DAG_ID='forex_ml_pipeline' AIRFLOW_CTX_TASK_ID='pull_forex_data' AIRFLOW_CTX_EXECUTION_DATE='2025-01-15T01:23:18.140276+00:00' AIRFLOW_CTX_TRY_NUMBER='1' AIRFLOW_CTX_DAG_RUN_ID='manual__2025-01-15T01:23:18.140276+00:00'
[2025-01-15T01:23:19.931+0000] {taskinstance.py:731} INFO - ::endgroup::
[2025-01-15T01:23:19.944+0000] {logging_mixin.py:190} INFO - https://api.polygon.io/v2/aggs/ticker/C:USDPHP/range/4/hour/2024-01-01/2025-01-01
[2025-01-15T01:23:19.945+0000] {logging_mixin.py:190} INFO - {'Authorization': 'Bearer None', 'Content-Type': 'application/json'}
[2025-01-15T01:23:19.945+0000] {python.py:240} INFO - Done. Returned value was: None
[2025-01-15T01:23:19.954+0000] {taskinstance.py:340} INFO - ::group::Post task execution logs
[2025-01-15T01:23:19.955+0000] {taskinstance.py:352} INFO - Marking task as SUCCESS. dag_id=forex_ml_pipeline, task_id=pull_forex_data, run_id=manual__2025-01-15T01:23:18.140276+00:00, execution_date=20250115T012318, start_date=20250115T012319, end_date=20250115T012319
[2025-01-15T01:23:19.979+0000] {local_task_job_runner.py:266} INFO - Task exited with return code 0
[2025-01-15T01:23:19.993+0000] {taskinstance.py:3895} INFO - 0 downstream tasks scheduled from follow-on schedule check
[2025-01-15T01:23:19.999+0000] {local_task_job_runner.py:245} INFO - ::endgroup::
